mode: set
github.com/PenguinTech/MarchProxy/proxy-ailb/cmd/ailb/main.go:36.13,37.30 1 0
github.com/PenguinTech/MarchProxy/proxy-ailb/cmd/ailb/main.go:37.30,40.3 2 0
github.com/PenguinTech/MarchProxy/proxy-ailb/cmd/ailb/main.go:43.18,46.16 2 0
github.com/PenguinTech/MarchProxy/proxy-ailb/cmd/ailb/main.go:46.16,48.3 1 0
github.com/PenguinTech/MarchProxy/proxy-ailb/cmd/ailb/main.go:51.2,68.32 6 0
github.com/PenguinTech/MarchProxy/proxy-ailb/cmd/ailb/main.go:68.32,70.3 1 0
github.com/PenguinTech/MarchProxy/proxy-ailb/cmd/ailb/main.go:73.2,78.43 4 0
github.com/PenguinTech/MarchProxy/proxy-ailb/cmd/ailb/main.go:78.43,80.3 1 0
github.com/PenguinTech/MarchProxy/proxy-ailb/cmd/ailb/main.go:81.2,106.12 12 0
github.com/PenguinTech/MarchProxy/proxy-ailb/cmd/ailb/main.go:106.12,108.3 1 0
github.com/PenguinTech/MarchProxy/proxy-ailb/cmd/ailb/main.go:111.2,120.12 3 0
github.com/PenguinTech/MarchProxy/proxy-ailb/cmd/ailb/main.go:120.12,123.3 2 0
github.com/PenguinTech/MarchProxy/proxy-ailb/cmd/ailb/main.go:126.2,126.9 1 0
github.com/PenguinTech/MarchProxy/proxy-ailb/cmd/ailb/main.go:127.22,128.55 1 0
github.com/PenguinTech/MarchProxy/proxy-ailb/cmd/ailb/main.go:129.26,130.34 1 0
github.com/PenguinTech/MarchProxy/proxy-ailb/cmd/ailb/main.go:130.34,132.4 1 0
github.com/PenguinTech/MarchProxy/proxy-ailb/cmd/ailb/main.go:133.26,134.17 1 0
github.com/PenguinTech/MarchProxy/proxy-ailb/cmd/ailb/main.go:134.17,136.4 1 0
github.com/PenguinTech/MarchProxy/proxy-ailb/cmd/ailb/main.go:140.2,146.57 5 0
github.com/PenguinTech/MarchProxy/proxy-ailb/cmd/ailb/main.go:146.57,148.3 1 0
github.com/PenguinTech/MarchProxy/proxy-ailb/cmd/ailb/main.go:150.2,151.12 2 0
github.com/PenguinTech/MarchProxy/proxy-ailb/cmd/ailb/main.go:163.16,191.2 18 0
github.com/PenguinTech/MarchProxy/proxy-ailb/cmd/ailb/main.go:194.69,195.40 1 0
github.com/PenguinTech/MarchProxy/proxy-ailb/cmd/ailb/main.go:195.40,196.20 1 0
github.com/PenguinTech/MarchProxy/proxy-ailb/cmd/ailb/main.go:196.20,197.12 1 0
github.com/PenguinTech/MarchProxy/proxy-ailb/cmd/ailb/main.go:200.3,200.15 1 0
github.com/PenguinTech/MarchProxy/proxy-ailb/cmd/ailb/main.go:201.17,202.95 1 0
github.com/PenguinTech/MarchProxy/proxy-ailb/cmd/ailb/main.go:203.20,204.74 1 0
github.com/PenguinTech/MarchProxy/proxy-ailb/cmd/ailb/main.go:205.17,206.85 1 0
github.com/PenguinTech/MarchProxy/proxy-ailb/cmd/ailb/main.go:207.17,208.72 1 0
github.com/PenguinTech/MarchProxy/proxy-ailb/cmd/ailb/main.go:209.19,210.74 1 0
github.com/PenguinTech/MarchProxy/proxy-ailb/cmd/ailb/main.go:211.18,212.86 1 0
github.com/PenguinTech/MarchProxy/proxy-ailb/cmd/ailb/main.go:213.19,214.87 1 0
github.com/PenguinTech/MarchProxy/proxy-ailb/cmd/ailb/main.go:215.11,217.26 1 0
github.com/PenguinTech/MarchProxy/proxy-ailb/cmd/ailb/main.go:217.26,219.5 1 0
github.com/PenguinTech/MarchProxy/proxy-ailb/cmd/ailb/main.go:219.10,221.5 1 0
github.com/PenguinTech/MarchProxy/proxy-ailb/cmd/ailb/main.go:224.3,224.49 1 0
github.com/PenguinTech/MarchProxy/proxy-ailb/internal/auth/jwt.go:31.46,32.44 1 1
github.com/PenguinTech/MarchProxy/proxy-ailb/internal/auth/jwt.go:32.44,33.17 1 1
github.com/PenguinTech/MarchProxy/proxy-ailb/internal/auth/jwt.go:33.17,35.4 1 1
github.com/PenguinTech/MarchProxy/proxy-ailb/internal/auth/jwt.go:37.2,37.14 1 1
github.com/PenguinTech/MarchProxy/proxy-ailb/internal/auth/jwt.go:41.35,43.2 1 1
github.com/PenguinTech/MarchProxy/proxy-ailb/internal/auth/jwt.go:61.45,63.2 1 1
github.com/PenguinTech/MarchProxy/proxy-ailb/internal/auth/jwt.go:66.71,68.22 2 1
github.com/PenguinTech/MarchProxy/proxy-ailb/internal/auth/jwt.go:68.22,70.3 1 1
github.com/PenguinTech/MarchProxy/proxy-ailb/internal/auth/jwt.go:72.2,73.63 2 1
github.com/PenguinTech/MarchProxy/proxy-ailb/internal/auth/jwt.go:73.63,75.3 1 1
github.com/PenguinTech/MarchProxy/proxy-ailb/internal/auth/jwt.go:77.2,77.29 1 1
github.com/PenguinTech/MarchProxy/proxy-ailb/internal/auth/jwt.go:81.64,83.21 2 1
github.com/PenguinTech/MarchProxy/proxy-ailb/internal/auth/jwt.go:83.21,85.3 1 1
github.com/PenguinTech/MarchProxy/proxy-ailb/internal/auth/jwt.go:88.2,90.16 3 1
github.com/PenguinTech/MarchProxy/proxy-ailb/internal/auth/jwt.go:90.16,92.3 1 1
github.com/PenguinTech/MarchProxy/proxy-ailb/internal/auth/jwt.go:94.2,95.57 2 1
github.com/PenguinTech/MarchProxy/proxy-ailb/internal/auth/jwt.go:95.57,97.3 1 1
github.com/PenguinTech/MarchProxy/proxy-ailb/internal/auth/jwt.go:100.2,101.16 2 1
github.com/PenguinTech/MarchProxy/proxy-ailb/internal/auth/jwt.go:101.16,103.3 1 0
github.com/PenguinTech/MarchProxy/proxy-ailb/internal/auth/jwt.go:105.2,106.60 2 1
github.com/PenguinTech/MarchProxy/proxy-ailb/internal/auth/jwt.go:106.60,108.3 1 0
github.com/PenguinTech/MarchProxy/proxy-ailb/internal/auth/jwt.go:110.2,110.24 1 1
github.com/PenguinTech/MarchProxy/proxy-ailb/internal/auth/jwt.go:110.24,112.3 1 1
github.com/PenguinTech/MarchProxy/proxy-ailb/internal/auth/jwt.go:114.2,114.21 1 1
github.com/PenguinTech/MarchProxy/proxy-ailb/internal/auth/jwt.go:118.56,119.24 1 1
github.com/PenguinTech/MarchProxy/proxy-ailb/internal/auth/jwt.go:119.24,121.3 1 1
github.com/PenguinTech/MarchProxy/proxy-ailb/internal/auth/jwt.go:122.2,124.64 3 1
github.com/PenguinTech/MarchProxy/proxy-ailb/internal/config/config.go:37.30,51.2 1 1
github.com/PenguinTech/MarchProxy/proxy-ailb/internal/config/config.go:69.37,72.47 2 1
github.com/PenguinTech/MarchProxy/proxy-ailb/internal/config/config.go:72.47,73.63 1 1
github.com/PenguinTech/MarchProxy/proxy-ailb/internal/config/config.go:73.63,75.4 1 1
github.com/PenguinTech/MarchProxy/proxy-ailb/internal/config/config.go:77.2,77.47 1 1
github.com/PenguinTech/MarchProxy/proxy-ailb/internal/config/config.go:77.47,78.63 1 1
github.com/PenguinTech/MarchProxy/proxy-ailb/internal/config/config.go:78.63,80.4 1 0
github.com/PenguinTech/MarchProxy/proxy-ailb/internal/config/config.go:82.2,82.48 1 1
github.com/PenguinTech/MarchProxy/proxy-ailb/internal/config/config.go:82.48,84.3 1 1
github.com/PenguinTech/MarchProxy/proxy-ailb/internal/config/config.go:85.2,85.54 1 1
github.com/PenguinTech/MarchProxy/proxy-ailb/internal/config/config.go:85.54,87.3 1 1
github.com/PenguinTech/MarchProxy/proxy-ailb/internal/config/config.go:88.2,88.54 1 1
github.com/PenguinTech/MarchProxy/proxy-ailb/internal/config/config.go:88.54,90.3 1 1
github.com/PenguinTech/MarchProxy/proxy-ailb/internal/config/config.go:91.2,91.51 1 1
github.com/PenguinTech/MarchProxy/proxy-ailb/internal/config/config.go:91.51,93.3 1 1
github.com/PenguinTech/MarchProxy/proxy-ailb/internal/config/config.go:94.2,94.48 1 1
github.com/PenguinTech/MarchProxy/proxy-ailb/internal/config/config.go:94.48,96.3 1 1
github.com/PenguinTech/MarchProxy/proxy-ailb/internal/config/config.go:97.2,97.53 1 1
github.com/PenguinTech/MarchProxy/proxy-ailb/internal/config/config.go:97.53,99.3 1 1
github.com/PenguinTech/MarchProxy/proxy-ailb/internal/config/config.go:100.2,100.47 1 1
github.com/PenguinTech/MarchProxy/proxy-ailb/internal/config/config.go:100.47,102.3 1 1
github.com/PenguinTech/MarchProxy/proxy-ailb/internal/config/config.go:103.2,103.54 1 1
github.com/PenguinTech/MarchProxy/proxy-ailb/internal/config/config.go:103.54,105.17 2 1
github.com/PenguinTech/MarchProxy/proxy-ailb/internal/config/config.go:105.17,107.4 1 1
github.com/PenguinTech/MarchProxy/proxy-ailb/internal/config/config.go:108.3,108.26 1 1
github.com/PenguinTech/MarchProxy/proxy-ailb/internal/config/config.go:112.2,114.17 2 1
github.com/PenguinTech/MarchProxy/proxy-ailb/internal/config/config.go:118.34,137.30 3 1
github.com/PenguinTech/MarchProxy/proxy-ailb/internal/config/config.go:137.30,147.46 7 1
github.com/PenguinTech/MarchProxy/proxy-ailb/internal/config/config.go:147.46,148.12 1 1
github.com/PenguinTech/MarchProxy/proxy-ailb/internal/config/config.go:151.3,152.22 2 1
github.com/PenguinTech/MarchProxy/proxy-ailb/internal/config/config.go:152.22,153.52 1 1
github.com/PenguinTech/MarchProxy/proxy-ailb/internal/config/config.go:153.52,155.16 2 1
github.com/PenguinTech/MarchProxy/proxy-ailb/internal/config/config.go:155.16,157.6 1 1
github.com/PenguinTech/MarchProxy/proxy-ailb/internal/config/config.go:161.3,167.4 1 1
github.com/PenguinTech/MarchProxy/proxy-ailb/internal/config/config.go:172.41,173.37 1 1
github.com/PenguinTech/MarchProxy/proxy-ailb/internal/config/config.go:174.15,175.25 1 1
github.com/PenguinTech/MarchProxy/proxy-ailb/internal/config/config.go:176.25,177.24 1 1
github.com/PenguinTech/MarchProxy/proxy-ailb/internal/config/config.go:178.15,179.25 1 1
github.com/PenguinTech/MarchProxy/proxy-ailb/internal/config/config.go:180.10,181.24 1 1
github.com/PenguinTech/MarchProxy/proxy-ailb/internal/config/config.go:185.53,186.34 1 1
github.com/PenguinTech/MarchProxy/proxy-ailb/internal/config/config.go:186.34,188.3 1 1
github.com/PenguinTech/MarchProxy/proxy-ailb/internal/config/config.go:189.2,189.19 1 1
github.com/PenguinTech/MarchProxy/proxy-ailb/internal/billing/reporter.go:37.44,39.2 1 0
github.com/PenguinTech/MarchProxy/proxy-ailb/internal/billing/reporter.go:42.36,47.16 2 0
github.com/PenguinTech/MarchProxy/proxy-ailb/internal/billing/reporter.go:47.16,50.3 2 0
github.com/PenguinTech/MarchProxy/proxy-ailb/internal/billing/reporter.go:51.2,55.12 5 0
github.com/PenguinTech/MarchProxy/proxy-ailb/internal/billing/reporter.go:59.28,60.19 1 0
github.com/PenguinTech/MarchProxy/proxy-ailb/internal/billing/reporter.go:60.19,62.3 1 0
github.com/PenguinTech/MarchProxy/proxy-ailb/internal/billing/reporter.go:68.52,69.37 1 0
github.com/PenguinTech/MarchProxy/proxy-ailb/internal/billing/reporter.go:69.37,71.3 1 0
github.com/PenguinTech/MarchProxy/proxy-ailb/internal/billing/reporter.go:73.2,73.12 1 0
github.com/PenguinTech/MarchProxy/proxy-ailb/internal/billing/reporter.go:73.12,92.17 5 0
github.com/PenguinTech/MarchProxy/proxy-ailb/internal/billing/reporter.go:92.17,98.4 2 0
github.com/PenguinTech/MarchProxy/proxy-ailb/internal/billing/reporter.go:100.3,100.29 1 0
github.com/PenguinTech/MarchProxy/proxy-ailb/internal/billing/reporter.go:100.29,102.4 1 0
github.com/PenguinTech/MarchProxy/proxy-ailb/internal/billing/reporter.go:104.3,107.4 1 0
github.com/PenguinTech/MarchProxy/proxy-ailb/internal/billing/tracker.go:55.28,57.35 2 1
github.com/PenguinTech/MarchProxy/proxy-ailb/internal/billing/tracker.go:57.35,59.3 1 1
github.com/PenguinTech/MarchProxy/proxy-ailb/internal/billing/tracker.go:60.2,62.3 1 1
github.com/PenguinTech/MarchProxy/proxy-ailb/internal/billing/tracker.go:66.86,71.9 4 1
github.com/PenguinTech/MarchProxy/proxy-ailb/internal/billing/tracker.go:71.9,74.3 1 1
github.com/PenguinTech/MarchProxy/proxy-ailb/internal/billing/tracker.go:76.2,77.53 1 1
github.com/PenguinTech/MarchProxy/proxy-ailb/internal/billing/tracker.go:81.119,108.2 7 1
github.com/PenguinTech/MarchProxy/proxy-ailb/internal/billing/tracker.go:111.90,119.2 3 1
github.com/PenguinTech/MarchProxy/proxy-ailb/internal/grpc/module_server.go:33.97,35.20 2 1
github.com/PenguinTech/MarchProxy/proxy-ailb/internal/grpc/module_server.go:35.20,37.3 1 1
github.com/PenguinTech/MarchProxy/proxy-ailb/internal/grpc/module_server.go:38.2,44.3 1 1
github.com/PenguinTech/MarchProxy/proxy-ailb/internal/grpc/module_server.go:48.110,72.2 2 1
github.com/PenguinTech/MarchProxy/proxy-ailb/internal/grpc/module_server.go:75.114,83.34 4 1
github.com/PenguinTech/MarchProxy/proxy-ailb/internal/grpc/module_server.go:83.34,86.3 2 1
github.com/PenguinTech/MarchProxy/proxy-ailb/internal/grpc/module_server.go:88.2,93.8 1 1
github.com/PenguinTech/MarchProxy/proxy-ailb/internal/grpc/module_server.go:97.105,101.43 3 1
github.com/PenguinTech/MarchProxy/proxy-ailb/internal/grpc/module_server.go:101.43,102.27 1 0
github.com/PenguinTech/MarchProxy/proxy-ailb/internal/grpc/module_server.go:102.27,104.4 1 0
github.com/PenguinTech/MarchProxy/proxy-ailb/internal/grpc/module_server.go:107.2,113.8 1 1
github.com/PenguinTech/MarchProxy/proxy-ailb/internal/grpc/module_server.go:117.108,139.2 4 1
github.com/PenguinTech/MarchProxy/proxy-ailb/internal/grpc/module_server.go:143.110,145.16 2 0
github.com/PenguinTech/MarchProxy/proxy-ailb/internal/grpc/module_server.go:145.16,147.3 1 0
github.com/PenguinTech/MarchProxy/proxy-ailb/internal/grpc/module_server.go:149.2,163.12 8 0
github.com/PenguinTech/MarchProxy/proxy-ailb/internal/grpc/module_server.go:163.12,167.3 3 0
github.com/PenguinTech/MarchProxy/proxy-ailb/internal/grpc/module_server.go:169.2,169.23 1 0
github.com/PenguinTech/MarchProxy/proxy-ailb/internal/memory/client.go:37.55,38.20 1 1
github.com/PenguinTech/MarchProxy/proxy-ailb/internal/memory/client.go:38.20,40.3 1 1
github.com/PenguinTech/MarchProxy/proxy-ailb/internal/memory/client.go:41.2,47.3 1 1
github.com/PenguinTech/MarchProxy/proxy-ailb/internal/memory/client.go:51.117,52.16 1 1
github.com/PenguinTech/MarchProxy/proxy-ailb/internal/memory/client.go:52.16,54.3 1 1
github.com/PenguinTech/MarchProxy/proxy-ailb/internal/memory/client.go:56.2,56.16 1 0
github.com/PenguinTech/MarchProxy/proxy-ailb/internal/memory/client.go:56.16,58.3 1 0
github.com/PenguinTech/MarchProxy/proxy-ailb/internal/memory/client.go:60.2,69.16 3 0
github.com/PenguinTech/MarchProxy/proxy-ailb/internal/memory/client.go:69.16,71.3 1 0
github.com/PenguinTech/MarchProxy/proxy-ailb/internal/memory/client.go:73.2,74.16 2 0
github.com/PenguinTech/MarchProxy/proxy-ailb/internal/memory/client.go:74.16,76.3 1 0
github.com/PenguinTech/MarchProxy/proxy-ailb/internal/memory/client.go:77.2,80.16 3 0
github.com/PenguinTech/MarchProxy/proxy-ailb/internal/memory/client.go:80.16,83.3 2 0
github.com/PenguinTech/MarchProxy/proxy-ailb/internal/memory/client.go:84.2,86.38 2 0
github.com/PenguinTech/MarchProxy/proxy-ailb/internal/memory/client.go:86.38,89.3 2 0
github.com/PenguinTech/MarchProxy/proxy-ailb/internal/memory/client.go:91.2,98.67 2 0
github.com/PenguinTech/MarchProxy/proxy-ailb/internal/memory/client.go:98.67,100.3 1 0
github.com/PenguinTech/MarchProxy/proxy-ailb/internal/memory/client.go:102.2,103.35 2 0
github.com/PenguinTech/MarchProxy/proxy-ailb/internal/memory/client.go:103.35,109.3 1 0
github.com/PenguinTech/MarchProxy/proxy-ailb/internal/memory/client.go:111.2,115.8 1 0
github.com/PenguinTech/MarchProxy/proxy-ailb/internal/memory/client.go:119.133,120.16 1 1
github.com/PenguinTech/MarchProxy/proxy-ailb/internal/memory/client.go:120.16,122.3 1 1
github.com/PenguinTech/MarchProxy/proxy-ailb/internal/memory/client.go:124.2,135.16 3 0
github.com/PenguinTech/MarchProxy/proxy-ailb/internal/memory/client.go:135.16,137.3 1 0
github.com/PenguinTech/MarchProxy/proxy-ailb/internal/memory/client.go:139.2,140.16 2 0
github.com/PenguinTech/MarchProxy/proxy-ailb/internal/memory/client.go:140.16,142.3 1 0
github.com/PenguinTech/MarchProxy/proxy-ailb/internal/memory/client.go:143.2,146.16 3 0
github.com/PenguinTech/MarchProxy/proxy-ailb/internal/memory/client.go:146.16,149.3 2 0
github.com/PenguinTech/MarchProxy/proxy-ailb/internal/memory/client.go:150.2,152.79 2 0
github.com/PenguinTech/MarchProxy/proxy-ailb/internal/memory/client.go:152.79,154.3 1 0
github.com/PenguinTech/MarchProxy/proxy-ailb/internal/memory/client.go:156.2,156.12 1 0
github.com/PenguinTech/MarchProxy/proxy-ailb/internal/keys/manager.go:40.39,41.24 1 1
github.com/PenguinTech/MarchProxy/proxy-ailb/internal/keys/manager.go:41.24,43.3 1 1
github.com/PenguinTech/MarchProxy/proxy-ailb/internal/keys/manager.go:44.2,44.39 1 1
github.com/PenguinTech/MarchProxy/proxy-ailb/internal/keys/manager.go:48.46,49.22 1 1
github.com/PenguinTech/MarchProxy/proxy-ailb/internal/keys/manager.go:49.22,51.3 1 1
github.com/PenguinTech/MarchProxy/proxy-ailb/internal/keys/manager.go:52.2,52.31 1 1
github.com/PenguinTech/MarchProxy/proxy-ailb/internal/keys/manager.go:71.28,76.2 1 1
github.com/PenguinTech/MarchProxy/proxy-ailb/internal/keys/manager.go:79.173,81.16 2 1
github.com/PenguinTech/MarchProxy/proxy-ailb/internal/keys/manager.go:81.16,83.3 1 0
github.com/PenguinTech/MarchProxy/proxy-ailb/internal/keys/manager.go:85.2,86.16 2 1
github.com/PenguinTech/MarchProxy/proxy-ailb/internal/keys/manager.go:86.16,88.3 1 0
github.com/PenguinTech/MarchProxy/proxy-ailb/internal/keys/manager.go:90.2,94.21 4 1
github.com/PenguinTech/MarchProxy/proxy-ailb/internal/keys/manager.go:94.21,97.3 2 1
github.com/PenguinTech/MarchProxy/proxy-ailb/internal/keys/manager.go:99.2,99.29 1 1
github.com/PenguinTech/MarchProxy/proxy-ailb/internal/keys/manager.go:99.29,101.3 1 1
github.com/PenguinTech/MarchProxy/proxy-ailb/internal/keys/manager.go:103.2,124.24 7 1
github.com/PenguinTech/MarchProxy/proxy-ailb/internal/keys/manager.go:128.63,133.13 4 1
github.com/PenguinTech/MarchProxy/proxy-ailb/internal/keys/manager.go:133.13,136.3 2 1
github.com/PenguinTech/MarchProxy/proxy-ailb/internal/keys/manager.go:138.2,139.13 2 1
github.com/PenguinTech/MarchProxy/proxy-ailb/internal/keys/manager.go:139.13,142.3 2 0
github.com/PenguinTech/MarchProxy/proxy-ailb/internal/keys/manager.go:143.2,145.18 2 1
github.com/PenguinTech/MarchProxy/proxy-ailb/internal/keys/manager.go:145.18,147.3 1 1
github.com/PenguinTech/MarchProxy/proxy-ailb/internal/keys/manager.go:148.2,148.20 1 1
github.com/PenguinTech/MarchProxy/proxy-ailb/internal/keys/manager.go:148.20,150.3 1 1
github.com/PenguinTech/MarchProxy/proxy-ailb/internal/keys/manager.go:151.2,151.27 1 1
github.com/PenguinTech/MarchProxy/proxy-ailb/internal/keys/manager.go:151.27,153.3 1 1
github.com/PenguinTech/MarchProxy/proxy-ailb/internal/keys/manager.go:155.2,155.61 1 1
github.com/PenguinTech/MarchProxy/proxy-ailb/internal/keys/manager.go:159.71,164.13 4 1
github.com/PenguinTech/MarchProxy/proxy-ailb/internal/keys/manager.go:164.13,166.3 1 1
github.com/PenguinTech/MarchProxy/proxy-ailb/internal/keys/manager.go:168.2,171.20 4 1
github.com/PenguinTech/MarchProxy/proxy-ailb/internal/keys/manager.go:175.52,180.13 4 1
github.com/PenguinTech/MarchProxy/proxy-ailb/internal/keys/manager.go:180.13,182.3 1 1
github.com/PenguinTech/MarchProxy/proxy-ailb/internal/keys/manager.go:183.2,184.13 2 1
github.com/PenguinTech/MarchProxy/proxy-ailb/internal/keys/manager.go:187.33,190.2 2 1
github.com/PenguinTech/MarchProxy/proxy-ailb/internal/keys/manager.go:192.39,194.40 2 1
github.com/PenguinTech/MarchProxy/proxy-ailb/internal/keys/manager.go:194.40,196.3 1 0
github.com/PenguinTech/MarchProxy/proxy-ailb/internal/keys/manager.go:197.2,197.35 1 1
github.com/PenguinTech/MarchProxy/proxy-ailb/internal/health/health.go:14.33,15.54 1 1
github.com/PenguinTech/MarchProxy/proxy-ailb/internal/health/health.go:15.54,19.3 3 1
github.com/PenguinTech/MarchProxy/proxy-ailb/internal/providers/anthropic.go:54.78,55.22 1 0
github.com/PenguinTech/MarchProxy/proxy-ailb/internal/providers/anthropic.go:55.22,60.3 1 0
github.com/PenguinTech/MarchProxy/proxy-ailb/internal/providers/anthropic.go:61.2,66.3 1 0
github.com/PenguinTech/MarchProxy/proxy-ailb/internal/providers/anthropic.go:69.54,69.76 1 0
github.com/PenguinTech/MarchProxy/proxy-ailb/internal/providers/anthropic.go:70.55,70.70 1 0
github.com/PenguinTech/MarchProxy/proxy-ailb/internal/providers/anthropic.go:72.96,76.33 3 0
github.com/PenguinTech/MarchProxy/proxy-ailb/internal/providers/anthropic.go:76.33,77.25 1 0
github.com/PenguinTech/MarchProxy/proxy-ailb/internal/providers/anthropic.go:77.25,79.12 2 0
github.com/PenguinTech/MarchProxy/proxy-ailb/internal/providers/anthropic.go:81.3,81.74 1 0
github.com/PenguinTech/MarchProxy/proxy-ailb/internal/providers/anthropic.go:84.2,85.20 2 0
github.com/PenguinTech/MarchProxy/proxy-ailb/internal/providers/anthropic.go:85.20,87.3 1 0
github.com/PenguinTech/MarchProxy/proxy-ailb/internal/providers/anthropic.go:89.2,97.16 3 0
github.com/PenguinTech/MarchProxy/proxy-ailb/internal/providers/anthropic.go:97.16,99.3 1 0
github.com/PenguinTech/MarchProxy/proxy-ailb/internal/providers/anthropic.go:101.2,102.16 2 0
github.com/PenguinTech/MarchProxy/proxy-ailb/internal/providers/anthropic.go:102.16,104.3 1 0
github.com/PenguinTech/MarchProxy/proxy-ailb/internal/providers/anthropic.go:105.2,110.16 5 0
github.com/PenguinTech/MarchProxy/proxy-ailb/internal/providers/anthropic.go:110.16,112.3 1 0
github.com/PenguinTech/MarchProxy/proxy-ailb/internal/providers/anthropic.go:113.2,116.16 3 0
github.com/PenguinTech/MarchProxy/proxy-ailb/internal/providers/anthropic.go:116.16,118.3 1 0
github.com/PenguinTech/MarchProxy/proxy-ailb/internal/providers/anthropic.go:120.2,120.38 1 0
github.com/PenguinTech/MarchProxy/proxy-ailb/internal/providers/anthropic.go:120.38,122.72 2 0
github.com/PenguinTech/MarchProxy/proxy-ailb/internal/providers/anthropic.go:122.72,128.4 1 0
github.com/PenguinTech/MarchProxy/proxy-ailb/internal/providers/anthropic.go:129.3,133.4 1 0
github.com/PenguinTech/MarchProxy/proxy-ailb/internal/providers/anthropic.go:136.2,137.59 2 0
github.com/PenguinTech/MarchProxy/proxy-ailb/internal/providers/anthropic.go:137.59,139.3 1 0
github.com/PenguinTech/MarchProxy/proxy-ailb/internal/providers/anthropic.go:141.2,142.40 2 0
github.com/PenguinTech/MarchProxy/proxy-ailb/internal/providers/anthropic.go:142.40,143.27 1 0
github.com/PenguinTech/MarchProxy/proxy-ailb/internal/providers/anthropic.go:143.27,145.9 2 0
github.com/PenguinTech/MarchProxy/proxy-ailb/internal/providers/anthropic.go:149.2,159.8 1 0
github.com/PenguinTech/MarchProxy/proxy-ailb/internal/providers/anthropic.go:162.72,164.30 2 0
github.com/PenguinTech/MarchProxy/proxy-ailb/internal/providers/anthropic.go:164.30,172.3 1 0
github.com/PenguinTech/MarchProxy/proxy-ailb/internal/providers/anthropic.go:173.2,173.17 1 0
github.com/PenguinTech/MarchProxy/proxy-ailb/internal/providers/gemini.go:67.81,68.19 1 0
github.com/PenguinTech/MarchProxy/proxy-ailb/internal/providers/gemini.go:68.19,70.3 1 0
github.com/PenguinTech/MarchProxy/proxy-ailb/internal/providers/gemini.go:71.2,71.22 1 0
github.com/PenguinTech/MarchProxy/proxy-ailb/internal/providers/gemini.go:71.22,73.3 1 0
github.com/PenguinTech/MarchProxy/proxy-ailb/internal/providers/gemini.go:74.2,79.3 1 0
github.com/PenguinTech/MarchProxy/proxy-ailb/internal/providers/gemini.go:82.51,82.70 1 0
github.com/PenguinTech/MarchProxy/proxy-ailb/internal/providers/gemini.go:83.52,83.67 1 0
github.com/PenguinTech/MarchProxy/proxy-ailb/internal/providers/gemini.go:85.93,89.33 3 0
github.com/PenguinTech/MarchProxy/proxy-ailb/internal/providers/gemini.go:89.33,90.25 1 0
github.com/PenguinTech/MarchProxy/proxy-ailb/internal/providers/gemini.go:90.25,92.12 2 0
github.com/PenguinTech/MarchProxy/proxy-ailb/internal/providers/gemini.go:94.3,95.26 2 0
github.com/PenguinTech/MarchProxy/proxy-ailb/internal/providers/gemini.go:95.26,97.4 1 0
github.com/PenguinTech/MarchProxy/proxy-ailb/internal/providers/gemini.go:98.3,101.5 1 0
github.com/PenguinTech/MarchProxy/proxy-ailb/internal/providers/gemini.go:104.2,104.22 1 0
github.com/PenguinTech/MarchProxy/proxy-ailb/internal/providers/gemini.go:104.22,108.3 1 0
github.com/PenguinTech/MarchProxy/proxy-ailb/internal/providers/gemini.go:110.2,112.25 3 0
github.com/PenguinTech/MarchProxy/proxy-ailb/internal/providers/gemini.go:112.25,116.3 3 0
github.com/PenguinTech/MarchProxy/proxy-ailb/internal/providers/gemini.go:117.2,117.23 1 0
github.com/PenguinTech/MarchProxy/proxy-ailb/internal/providers/gemini.go:117.23,121.3 3 0
github.com/PenguinTech/MarchProxy/proxy-ailb/internal/providers/gemini.go:122.2,122.18 1 0
github.com/PenguinTech/MarchProxy/proxy-ailb/internal/providers/gemini.go:122.18,126.3 3 0
github.com/PenguinTech/MarchProxy/proxy-ailb/internal/providers/gemini.go:127.2,127.23 1 0
github.com/PenguinTech/MarchProxy/proxy-ailb/internal/providers/gemini.go:127.23,130.3 2 0
github.com/PenguinTech/MarchProxy/proxy-ailb/internal/providers/gemini.go:131.2,131.15 1 0
github.com/PenguinTech/MarchProxy/proxy-ailb/internal/providers/gemini.go:131.15,133.3 1 0
github.com/PenguinTech/MarchProxy/proxy-ailb/internal/providers/gemini.go:135.2,136.16 2 0
github.com/PenguinTech/MarchProxy/proxy-ailb/internal/providers/gemini.go:136.16,138.3 1 0
github.com/PenguinTech/MarchProxy/proxy-ailb/internal/providers/gemini.go:140.2,142.16 3 0
github.com/PenguinTech/MarchProxy/proxy-ailb/internal/providers/gemini.go:142.16,144.3 1 0
github.com/PenguinTech/MarchProxy/proxy-ailb/internal/providers/gemini.go:145.2,148.16 3 0
github.com/PenguinTech/MarchProxy/proxy-ailb/internal/providers/gemini.go:148.16,150.3 1 0
github.com/PenguinTech/MarchProxy/proxy-ailb/internal/providers/gemini.go:151.2,154.16 3 0
github.com/PenguinTech/MarchProxy/proxy-ailb/internal/providers/gemini.go:154.16,156.3 1 0
github.com/PenguinTech/MarchProxy/proxy-ailb/internal/providers/gemini.go:158.2,158.38 1 0
github.com/PenguinTech/MarchProxy/proxy-ailb/internal/providers/gemini.go:158.38,160.72 2 0
github.com/PenguinTech/MarchProxy/proxy-ailb/internal/providers/gemini.go:160.72,166.4 1 0
github.com/PenguinTech/MarchProxy/proxy-ailb/internal/providers/gemini.go:167.3,171.4 1 0
github.com/PenguinTech/MarchProxy/proxy-ailb/internal/providers/gemini.go:174.2,175.59 2 0
github.com/PenguinTech/MarchProxy/proxy-ailb/internal/providers/gemini.go:175.59,177.3 1 0
github.com/PenguinTech/MarchProxy/proxy-ailb/internal/providers/gemini.go:179.2,179.83 1 0
github.com/PenguinTech/MarchProxy/proxy-ailb/internal/providers/gemini.go:179.83,181.3 1 0
github.com/PenguinTech/MarchProxy/proxy-ailb/internal/providers/gemini.go:183.2,193.8 1 0
github.com/PenguinTech/MarchProxy/proxy-ailb/internal/providers/gemini.go:196.69,198.30 2 0
github.com/PenguinTech/MarchProxy/proxy-ailb/internal/providers/gemini.go:198.30,206.3 1 0
github.com/PenguinTech/MarchProxy/proxy-ailb/internal/providers/gemini.go:207.2,207.17 1 0
github.com/PenguinTech/MarchProxy/proxy-ailb/internal/providers/llamacpp.go:22.77,23.19 1 0
github.com/PenguinTech/MarchProxy/proxy-ailb/internal/providers/llamacpp.go:23.19,25.3 1 0
github.com/PenguinTech/MarchProxy/proxy-ailb/internal/providers/llamacpp.go:26.2,30.3 1 0
github.com/PenguinTech/MarchProxy/proxy-ailb/internal/providers/llamacpp.go:33.53,33.74 1 0
github.com/PenguinTech/MarchProxy/proxy-ailb/internal/providers/llamacpp.go:34.54,34.69 1 0
github.com/PenguinTech/MarchProxy/proxy-ailb/internal/providers/llamacpp.go:36.95,39.33 2 0
github.com/PenguinTech/MarchProxy/proxy-ailb/internal/providers/llamacpp.go:39.33,41.3 1 0
github.com/PenguinTech/MarchProxy/proxy-ailb/internal/providers/llamacpp.go:43.2,49.25 2 0
github.com/PenguinTech/MarchProxy/proxy-ailb/internal/providers/llamacpp.go:49.25,52.3 2 0
github.com/PenguinTech/MarchProxy/proxy-ailb/internal/providers/llamacpp.go:53.2,53.23 1 0
github.com/PenguinTech/MarchProxy/proxy-ailb/internal/providers/llamacpp.go:53.23,56.3 2 0
github.com/PenguinTech/MarchProxy/proxy-ailb/internal/providers/llamacpp.go:58.2,59.16 2 0
github.com/PenguinTech/MarchProxy/proxy-ailb/internal/providers/llamacpp.go:59.16,61.3 1 0
github.com/PenguinTech/MarchProxy/proxy-ailb/internal/providers/llamacpp.go:63.2,64.16 2 0
github.com/PenguinTech/MarchProxy/proxy-ailb/internal/providers/llamacpp.go:64.16,66.3 1 0
github.com/PenguinTech/MarchProxy/proxy-ailb/internal/providers/llamacpp.go:67.2,70.16 3 0
github.com/PenguinTech/MarchProxy/proxy-ailb/internal/providers/llamacpp.go:70.16,72.3 1 0
github.com/PenguinTech/MarchProxy/proxy-ailb/internal/providers/llamacpp.go:73.2,76.16 3 0
github.com/PenguinTech/MarchProxy/proxy-ailb/internal/providers/llamacpp.go:76.16,78.3 1 0
github.com/PenguinTech/MarchProxy/proxy-ailb/internal/providers/llamacpp.go:80.2,80.38 1 0
github.com/PenguinTech/MarchProxy/proxy-ailb/internal/providers/llamacpp.go:80.38,86.3 1 0
github.com/PenguinTech/MarchProxy/proxy-ailb/internal/providers/llamacpp.go:88.2,89.59 2 0
github.com/PenguinTech/MarchProxy/proxy-ailb/internal/providers/llamacpp.go:89.59,91.3 1 0
github.com/PenguinTech/MarchProxy/proxy-ailb/internal/providers/llamacpp.go:93.2,93.31 1 0
github.com/PenguinTech/MarchProxy/proxy-ailb/internal/providers/llamacpp.go:93.31,95.3 1 0
github.com/PenguinTech/MarchProxy/proxy-ailb/internal/providers/llamacpp.go:97.2,107.8 1 0
github.com/PenguinTech/MarchProxy/proxy-ailb/internal/providers/llamacpp.go:110.71,112.24 2 0
github.com/PenguinTech/MarchProxy/proxy-ailb/internal/providers/llamacpp.go:112.24,114.3 1 0
github.com/PenguinTech/MarchProxy/proxy-ailb/internal/providers/llamacpp.go:115.2,116.30 2 0
github.com/PenguinTech/MarchProxy/proxy-ailb/internal/providers/llamacpp.go:116.30,124.3 1 0
github.com/PenguinTech/MarchProxy/proxy-ailb/internal/providers/llamacpp.go:125.2,125.17 1 0
github.com/PenguinTech/MarchProxy/proxy-ailb/internal/providers/mistral.go:23.83,24.19 1 0
github.com/PenguinTech/MarchProxy/proxy-ailb/internal/providers/mistral.go:24.19,26.3 1 0
github.com/PenguinTech/MarchProxy/proxy-ailb/internal/providers/mistral.go:27.2,27.22 1 0
github.com/PenguinTech/MarchProxy/proxy-ailb/internal/providers/mistral.go:27.22,29.3 1 0
github.com/PenguinTech/MarchProxy/proxy-ailb/internal/providers/mistral.go:30.2,35.3 1 0
github.com/PenguinTech/MarchProxy/proxy-ailb/internal/providers/mistral.go:38.52,38.72 1 0
github.com/PenguinTech/MarchProxy/proxy-ailb/internal/providers/mistral.go:39.53,39.68 1 0
github.com/PenguinTech/MarchProxy/proxy-ailb/internal/providers/mistral.go:41.94,43.33 2 0
github.com/PenguinTech/MarchProxy/proxy-ailb/internal/providers/mistral.go:43.33,45.3 1 0
github.com/PenguinTech/MarchProxy/proxy-ailb/internal/providers/mistral.go:47.2,53.25 2 0
github.com/PenguinTech/MarchProxy/proxy-ailb/internal/providers/mistral.go:53.25,56.3 2 0
github.com/PenguinTech/MarchProxy/proxy-ailb/internal/providers/mistral.go:57.2,57.23 1 0
github.com/PenguinTech/MarchProxy/proxy-ailb/internal/providers/mistral.go:57.23,60.3 2 0
github.com/PenguinTech/MarchProxy/proxy-ailb/internal/providers/mistral.go:61.2,61.18 1 0
github.com/PenguinTech/MarchProxy/proxy-ailb/internal/providers/mistral.go:61.18,64.3 2 0
github.com/PenguinTech/MarchProxy/proxy-ailb/internal/providers/mistral.go:66.2,67.16 2 0
github.com/PenguinTech/MarchProxy/proxy-ailb/internal/providers/mistral.go:67.16,69.3 1 0
github.com/PenguinTech/MarchProxy/proxy-ailb/internal/providers/mistral.go:71.2,72.16 2 0
github.com/PenguinTech/MarchProxy/proxy-ailb/internal/providers/mistral.go:72.16,74.3 1 0
github.com/PenguinTech/MarchProxy/proxy-ailb/internal/providers/mistral.go:75.2,79.16 4 0
github.com/PenguinTech/MarchProxy/proxy-ailb/internal/providers/mistral.go:79.16,81.3 1 0
github.com/PenguinTech/MarchProxy/proxy-ailb/internal/providers/mistral.go:82.2,85.16 3 0
github.com/PenguinTech/MarchProxy/proxy-ailb/internal/providers/mistral.go:85.16,87.3 1 0
github.com/PenguinTech/MarchProxy/proxy-ailb/internal/providers/mistral.go:89.2,89.38 1 0
github.com/PenguinTech/MarchProxy/proxy-ailb/internal/providers/mistral.go:89.38,91.72 2 0
github.com/PenguinTech/MarchProxy/proxy-ailb/internal/providers/mistral.go:91.72,97.4 1 0
github.com/PenguinTech/MarchProxy/proxy-ailb/internal/providers/mistral.go:98.3,102.4 1 0
github.com/PenguinTech/MarchProxy/proxy-ailb/internal/providers/mistral.go:105.2,106.59 2 0
github.com/PenguinTech/MarchProxy/proxy-ailb/internal/providers/mistral.go:106.59,108.3 1 0
github.com/PenguinTech/MarchProxy/proxy-ailb/internal/providers/mistral.go:110.2,110.31 1 0
github.com/PenguinTech/MarchProxy/proxy-ailb/internal/providers/mistral.go:110.31,112.3 1 0
github.com/PenguinTech/MarchProxy/proxy-ailb/internal/providers/mistral.go:114.2,124.8 1 0
github.com/PenguinTech/MarchProxy/proxy-ailb/internal/providers/mistral.go:127.70,129.30 2 0
github.com/PenguinTech/MarchProxy/proxy-ailb/internal/providers/mistral.go:129.30,137.3 1 0
github.com/PenguinTech/MarchProxy/proxy-ailb/internal/providers/mistral.go:138.2,138.17 1 0
github.com/PenguinTech/MarchProxy/proxy-ailb/internal/providers/ollama.go:61.73,62.19 1 0
github.com/PenguinTech/MarchProxy/proxy-ailb/internal/providers/ollama.go:62.19,64.3 1 0
github.com/PenguinTech/MarchProxy/proxy-ailb/internal/providers/ollama.go:65.2,69.3 1 0
github.com/PenguinTech/MarchProxy/proxy-ailb/internal/providers/ollama.go:72.51,72.70 1 0
github.com/PenguinTech/MarchProxy/proxy-ailb/internal/providers/ollama.go:73.52,73.67 1 0
github.com/PenguinTech/MarchProxy/proxy-ailb/internal/providers/ollama.go:75.93,77.33 2 0
github.com/PenguinTech/MarchProxy/proxy-ailb/internal/providers/ollama.go:77.33,79.3 1 0
github.com/PenguinTech/MarchProxy/proxy-ailb/internal/providers/ollama.go:81.2,89.25 4 0
github.com/PenguinTech/MarchProxy/proxy-ailb/internal/providers/ollama.go:89.25,92.3 2 0
github.com/PenguinTech/MarchProxy/proxy-ailb/internal/providers/ollama.go:93.2,93.23 1 0
github.com/PenguinTech/MarchProxy/proxy-ailb/internal/providers/ollama.go:93.23,96.3 2 0
github.com/PenguinTech/MarchProxy/proxy-ailb/internal/providers/ollama.go:97.2,97.18 1 0
github.com/PenguinTech/MarchProxy/proxy-ailb/internal/providers/ollama.go:97.18,100.3 2 0
github.com/PenguinTech/MarchProxy/proxy-ailb/internal/providers/ollama.go:101.2,101.23 1 0
github.com/PenguinTech/MarchProxy/proxy-ailb/internal/providers/ollama.go:101.23,104.3 2 0
github.com/PenguinTech/MarchProxy/proxy-ailb/internal/providers/ollama.go:105.2,105.13 1 0
github.com/PenguinTech/MarchProxy/proxy-ailb/internal/providers/ollama.go:105.13,107.3 1 0
github.com/PenguinTech/MarchProxy/proxy-ailb/internal/providers/ollama.go:109.2,110.16 2 0
github.com/PenguinTech/MarchProxy/proxy-ailb/internal/providers/ollama.go:110.16,112.3 1 0
github.com/PenguinTech/MarchProxy/proxy-ailb/internal/providers/ollama.go:114.2,115.16 2 0
github.com/PenguinTech/MarchProxy/proxy-ailb/internal/providers/ollama.go:115.16,117.3 1 0
github.com/PenguinTech/MarchProxy/proxy-ailb/internal/providers/ollama.go:118.2,121.16 3 0
github.com/PenguinTech/MarchProxy/proxy-ailb/internal/providers/ollama.go:121.16,123.3 1 0
github.com/PenguinTech/MarchProxy/proxy-ailb/internal/providers/ollama.go:124.2,127.16 3 0
github.com/PenguinTech/MarchProxy/proxy-ailb/internal/providers/ollama.go:127.16,129.3 1 0
github.com/PenguinTech/MarchProxy/proxy-ailb/internal/providers/ollama.go:131.2,131.38 1 0
github.com/PenguinTech/MarchProxy/proxy-ailb/internal/providers/ollama.go:131.38,137.3 1 0
github.com/PenguinTech/MarchProxy/proxy-ailb/internal/providers/ollama.go:139.2,140.62 2 0
github.com/PenguinTech/MarchProxy/proxy-ailb/internal/providers/ollama.go:140.62,142.3 1 0
github.com/PenguinTech/MarchProxy/proxy-ailb/internal/providers/ollama.go:144.2,154.8 1 0
github.com/PenguinTech/MarchProxy/proxy-ailb/internal/providers/ollama.go:157.71,159.16 2 0
github.com/PenguinTech/MarchProxy/proxy-ailb/internal/providers/ollama.go:159.16,161.3 1 0
github.com/PenguinTech/MarchProxy/proxy-ailb/internal/providers/ollama.go:163.2,164.16 2 0
github.com/PenguinTech/MarchProxy/proxy-ailb/internal/providers/ollama.go:164.16,166.3 1 0
github.com/PenguinTech/MarchProxy/proxy-ailb/internal/providers/ollama.go:167.2,169.38 2 0
github.com/PenguinTech/MarchProxy/proxy-ailb/internal/providers/ollama.go:169.38,171.3 1 0
github.com/PenguinTech/MarchProxy/proxy-ailb/internal/providers/ollama.go:173.2,174.69 2 0
github.com/PenguinTech/MarchProxy/proxy-ailb/internal/providers/ollama.go:174.69,176.3 1 0
github.com/PenguinTech/MarchProxy/proxy-ailb/internal/providers/ollama.go:178.2,179.36 2 0
github.com/PenguinTech/MarchProxy/proxy-ailb/internal/providers/ollama.go:179.36,187.3 1 0
github.com/PenguinTech/MarchProxy/proxy-ailb/internal/providers/ollama.go:188.2,188.17 1 0
github.com/PenguinTech/MarchProxy/proxy-ailb/internal/providers/ollama.go:191.51,192.24 1 0
github.com/PenguinTech/MarchProxy/proxy-ailb/internal/providers/ollama.go:192.24,194.3 1 0
github.com/PenguinTech/MarchProxy/proxy-ailb/internal/providers/ollama.go:195.2,196.30 2 0
github.com/PenguinTech/MarchProxy/proxy-ailb/internal/providers/ollama.go:196.30,198.3 1 0
github.com/PenguinTech/MarchProxy/proxy-ailb/internal/providers/ollama.go:199.2,199.12 1 0
github.com/PenguinTech/MarchProxy/proxy-ailb/internal/providers/openai.go:84.87,94.2 1 0
github.com/PenguinTech/MarchProxy/proxy-ailb/internal/providers/openai.go:96.51,96.68 1 0
github.com/PenguinTech/MarchProxy/proxy-ailb/internal/providers/openai.go:97.52,97.67 1 0
github.com/PenguinTech/MarchProxy/proxy-ailb/internal/providers/openai.go:99.93,101.33 2 0
github.com/PenguinTech/MarchProxy/proxy-ailb/internal/providers/openai.go:101.33,103.3 1 0
github.com/PenguinTech/MarchProxy/proxy-ailb/internal/providers/openai.go:105.2,112.25 2 0
github.com/PenguinTech/MarchProxy/proxy-ailb/internal/providers/openai.go:112.25,115.3 2 0
github.com/PenguinTech/MarchProxy/proxy-ailb/internal/providers/openai.go:116.2,116.23 1 0
github.com/PenguinTech/MarchProxy/proxy-ailb/internal/providers/openai.go:116.23,119.3 2 0
github.com/PenguinTech/MarchProxy/proxy-ailb/internal/providers/openai.go:120.2,120.18 1 0
github.com/PenguinTech/MarchProxy/proxy-ailb/internal/providers/openai.go:120.18,123.3 2 0
github.com/PenguinTech/MarchProxy/proxy-ailb/internal/providers/openai.go:125.2,126.16 2 0
github.com/PenguinTech/MarchProxy/proxy-ailb/internal/providers/openai.go:126.16,128.3 1 0
github.com/PenguinTech/MarchProxy/proxy-ailb/internal/providers/openai.go:130.2,131.16 2 0
github.com/PenguinTech/MarchProxy/proxy-ailb/internal/providers/openai.go:131.16,133.3 1 0
github.com/PenguinTech/MarchProxy/proxy-ailb/internal/providers/openai.go:134.2,135.20 2 0
github.com/PenguinTech/MarchProxy/proxy-ailb/internal/providers/openai.go:135.20,137.3 1 0
github.com/PenguinTech/MarchProxy/proxy-ailb/internal/providers/openai.go:139.2,140.16 2 0
github.com/PenguinTech/MarchProxy/proxy-ailb/internal/providers/openai.go:140.16,142.3 1 0
github.com/PenguinTech/MarchProxy/proxy-ailb/internal/providers/openai.go:143.2,146.16 3 0
github.com/PenguinTech/MarchProxy/proxy-ailb/internal/providers/openai.go:146.16,148.3 1 0
github.com/PenguinTech/MarchProxy/proxy-ailb/internal/providers/openai.go:150.2,150.38 1 0
github.com/PenguinTech/MarchProxy/proxy-ailb/internal/providers/openai.go:150.38,152.72 2 0
github.com/PenguinTech/MarchProxy/proxy-ailb/internal/providers/openai.go:152.72,158.4 1 0
github.com/PenguinTech/MarchProxy/proxy-ailb/internal/providers/openai.go:159.3,163.4 1 0
github.com/PenguinTech/MarchProxy/proxy-ailb/internal/providers/openai.go:166.2,167.59 2 0
github.com/PenguinTech/MarchProxy/proxy-ailb/internal/providers/openai.go:167.59,169.3 1 0
github.com/PenguinTech/MarchProxy/proxy-ailb/internal/providers/openai.go:171.2,171.31 1 0
github.com/PenguinTech/MarchProxy/proxy-ailb/internal/providers/openai.go:171.31,173.3 1 0
github.com/PenguinTech/MarchProxy/proxy-ailb/internal/providers/openai.go:175.2,185.8 1 0
github.com/PenguinTech/MarchProxy/proxy-ailb/internal/providers/openai.go:188.71,190.23 1 0
github.com/PenguinTech/MarchProxy/proxy-ailb/internal/providers/openai.go:190.23,192.31 2 0
github.com/PenguinTech/MarchProxy/proxy-ailb/internal/providers/openai.go:192.31,200.4 1 0
github.com/PenguinTech/MarchProxy/proxy-ailb/internal/providers/openai.go:201.3,201.18 1 0
github.com/PenguinTech/MarchProxy/proxy-ailb/internal/providers/openai.go:204.2,205.16 2 0
github.com/PenguinTech/MarchProxy/proxy-ailb/internal/providers/openai.go:205.16,207.3 1 0
github.com/PenguinTech/MarchProxy/proxy-ailb/internal/providers/openai.go:208.2,208.20 1 0
github.com/PenguinTech/MarchProxy/proxy-ailb/internal/providers/openai.go:208.20,210.3 1 0
github.com/PenguinTech/MarchProxy/proxy-ailb/internal/providers/openai.go:212.2,213.16 2 0
github.com/PenguinTech/MarchProxy/proxy-ailb/internal/providers/openai.go:213.16,215.3 1 0
github.com/PenguinTech/MarchProxy/proxy-ailb/internal/providers/openai.go:216.2,218.38 2 0
github.com/PenguinTech/MarchProxy/proxy-ailb/internal/providers/openai.go:218.38,220.3 1 0
github.com/PenguinTech/MarchProxy/proxy-ailb/internal/providers/openai.go:222.2,223.71 2 0
github.com/PenguinTech/MarchProxy/proxy-ailb/internal/providers/openai.go:223.71,225.3 1 0
github.com/PenguinTech/MarchProxy/proxy-ailb/internal/providers/openai.go:227.2,228.36 2 0
github.com/PenguinTech/MarchProxy/proxy-ailb/internal/providers/openai.go:228.36,236.3 1 0
github.com/PenguinTech/MarchProxy/proxy-ailb/internal/providers/openai.go:237.2,237.17 1 0
github.com/PenguinTech/MarchProxy/proxy-ailb/internal/providers/openai.go:240.51,242.23 2 0
github.com/PenguinTech/MarchProxy/proxy-ailb/internal/providers/openai.go:242.23,244.3 1 0
github.com/PenguinTech/MarchProxy/proxy-ailb/internal/providers/openai.go:245.2,246.30 2 0
github.com/PenguinTech/MarchProxy/proxy-ailb/internal/providers/openai.go:246.30,248.3 1 0
github.com/PenguinTech/MarchProxy/proxy-ailb/internal/providers/openai.go:249.2,249.12 1 0
github.com/PenguinTech/MarchProxy/proxy-ailb/internal/providers/provider.go:76.40,77.18 1 0
github.com/PenguinTech/MarchProxy/proxy-ailb/internal/providers/provider.go:77.18,79.3 1 0
github.com/PenguinTech/MarchProxy/proxy-ailb/internal/providers/provider.go:80.2,80.38 1 0
github.com/PenguinTech/MarchProxy/proxy-ailb/internal/providers/provider.go:83.40,85.2 1 0
github.com/PenguinTech/MarchProxy/proxy-ailb/internal/providers/registry.go:20.30,25.2 1 1
github.com/PenguinTech/MarchProxy/proxy-ailb/internal/providers/registry.go:28.41,40.16 8 1
github.com/PenguinTech/MarchProxy/proxy-ailb/internal/providers/registry.go:40.16,43.3 2 0
github.com/PenguinTech/MarchProxy/proxy-ailb/internal/providers/registry.go:44.2,44.27 1 1
github.com/PenguinTech/MarchProxy/proxy-ailb/internal/providers/registry.go:44.27,46.3 1 1
github.com/PenguinTech/MarchProxy/proxy-ailb/internal/providers/registry.go:48.2,48.75 1 1
github.com/PenguinTech/MarchProxy/proxy-ailb/internal/providers/registry.go:52.46,56.2 3 1
github.com/PenguinTech/MarchProxy/proxy-ailb/internal/providers/registry.go:60.65,67.45 4 1
github.com/PenguinTech/MarchProxy/proxy-ailb/internal/providers/registry.go:67.45,68.49 1 1
github.com/PenguinTech/MarchProxy/proxy-ailb/internal/providers/registry.go:68.49,70.4 1 1
github.com/PenguinTech/MarchProxy/proxy-ailb/internal/providers/registry.go:74.2,81.48 2 1
github.com/PenguinTech/MarchProxy/proxy-ailb/internal/providers/registry.go:81.48,82.35 1 1
github.com/PenguinTech/MarchProxy/proxy-ailb/internal/providers/registry.go:82.35,83.40 1 1
github.com/PenguinTech/MarchProxy/proxy-ailb/internal/providers/registry.go:83.40,84.51 1 1
github.com/PenguinTech/MarchProxy/proxy-ailb/internal/providers/registry.go:84.51,86.6 1 1
github.com/PenguinTech/MarchProxy/proxy-ailb/internal/providers/registry.go:92.2,92.48 1 1
github.com/PenguinTech/MarchProxy/proxy-ailb/internal/providers/registry.go:92.48,94.3 1 0
github.com/PenguinTech/MarchProxy/proxy-ailb/internal/providers/registry.go:96.2,96.67 1 1
github.com/PenguinTech/MarchProxy/proxy-ailb/internal/providers/registry.go:100.41,105.32 4 1
github.com/PenguinTech/MarchProxy/proxy-ailb/internal/providers/registry.go:105.32,107.3 1 1
github.com/PenguinTech/MarchProxy/proxy-ailb/internal/providers/registry.go:108.2,108.12 1 1
github.com/PenguinTech/MarchProxy/proxy-ailb/internal/providers/registry.go:112.37,117.32 4 1
github.com/PenguinTech/MarchProxy/proxy-ailb/internal/providers/registry.go:117.32,119.3 1 1
github.com/PenguinTech/MarchProxy/proxy-ailb/internal/providers/registry.go:120.2,120.12 1 1
github.com/PenguinTech/MarchProxy/proxy-ailb/internal/providers/registry.go:124.59,129.35 4 1
github.com/PenguinTech/MarchProxy/proxy-ailb/internal/providers/registry.go:129.35,131.17 2 1
github.com/PenguinTech/MarchProxy/proxy-ailb/internal/providers/registry.go:131.17,133.12 2 0
github.com/PenguinTech/MarchProxy/proxy-ailb/internal/providers/registry.go:135.3,135.28 1 1
github.com/PenguinTech/MarchProxy/proxy-ailb/internal/providers/registry.go:135.28,137.4 1 1
github.com/PenguinTech/MarchProxy/proxy-ailb/internal/providers/waddleai.go:24.85,25.19 1 0
github.com/PenguinTech/MarchProxy/proxy-ailb/internal/providers/waddleai.go:25.19,27.3 1 0
github.com/PenguinTech/MarchProxy/proxy-ailb/internal/providers/waddleai.go:28.2,28.22 1 0
github.com/PenguinTech/MarchProxy/proxy-ailb/internal/providers/waddleai.go:28.22,30.3 1 0
github.com/PenguinTech/MarchProxy/proxy-ailb/internal/providers/waddleai.go:31.2,36.3 1 0
github.com/PenguinTech/MarchProxy/proxy-ailb/internal/providers/waddleai.go:39.53,39.74 1 0
github.com/PenguinTech/MarchProxy/proxy-ailb/internal/providers/waddleai.go:40.54,40.70 1 0
github.com/PenguinTech/MarchProxy/proxy-ailb/internal/providers/waddleai.go:42.95,45.33 2 0
github.com/PenguinTech/MarchProxy/proxy-ailb/internal/providers/waddleai.go:45.33,47.3 1 0
github.com/PenguinTech/MarchProxy/proxy-ailb/internal/providers/waddleai.go:49.2,56.25 2 0
github.com/PenguinTech/MarchProxy/proxy-ailb/internal/providers/waddleai.go:56.25,59.3 2 0
github.com/PenguinTech/MarchProxy/proxy-ailb/internal/providers/waddleai.go:60.2,60.23 1 0
github.com/PenguinTech/MarchProxy/proxy-ailb/internal/providers/waddleai.go:60.23,63.3 2 0
github.com/PenguinTech/MarchProxy/proxy-ailb/internal/providers/waddleai.go:65.2,66.16 2 0
github.com/PenguinTech/MarchProxy/proxy-ailb/internal/providers/waddleai.go:66.16,68.3 1 0
github.com/PenguinTech/MarchProxy/proxy-ailb/internal/providers/waddleai.go:70.2,71.16 2 0
github.com/PenguinTech/MarchProxy/proxy-ailb/internal/providers/waddleai.go:71.16,73.3 1 0
github.com/PenguinTech/MarchProxy/proxy-ailb/internal/providers/waddleai.go:74.2,75.20 2 0
github.com/PenguinTech/MarchProxy/proxy-ailb/internal/providers/waddleai.go:75.20,77.3 1 0
github.com/PenguinTech/MarchProxy/proxy-ailb/internal/providers/waddleai.go:79.2,80.16 2 0
github.com/PenguinTech/MarchProxy/proxy-ailb/internal/providers/waddleai.go:80.16,82.3 1 0
github.com/PenguinTech/MarchProxy/proxy-ailb/internal/providers/waddleai.go:83.2,86.16 3 0
github.com/PenguinTech/MarchProxy/proxy-ailb/internal/providers/waddleai.go:86.16,88.3 1 0
github.com/PenguinTech/MarchProxy/proxy-ailb/internal/providers/waddleai.go:90.2,90.38 1 0
github.com/PenguinTech/MarchProxy/proxy-ailb/internal/providers/waddleai.go:90.38,96.3 1 0
github.com/PenguinTech/MarchProxy/proxy-ailb/internal/providers/waddleai.go:98.2,99.59 2 0
github.com/PenguinTech/MarchProxy/proxy-ailb/internal/providers/waddleai.go:99.59,101.3 1 0
github.com/PenguinTech/MarchProxy/proxy-ailb/internal/providers/waddleai.go:103.2,103.31 1 0
github.com/PenguinTech/MarchProxy/proxy-ailb/internal/providers/waddleai.go:103.31,105.3 1 0
github.com/PenguinTech/MarchProxy/proxy-ailb/internal/providers/waddleai.go:107.2,117.8 1 0
github.com/PenguinTech/MarchProxy/proxy-ailb/internal/providers/waddleai.go:120.71,122.30 2 0
github.com/PenguinTech/MarchProxy/proxy-ailb/internal/providers/waddleai.go:122.30,130.3 1 0
github.com/PenguinTech/MarchProxy/proxy-ailb/internal/providers/waddleai.go:131.2,131.17 1 0
github.com/PenguinTech/MarchProxy/proxy-ailb/internal/providers/waddleai_grpc.go:31.78,36.31 2 0
github.com/PenguinTech/MarchProxy/proxy-ailb/internal/providers/waddleai_grpc.go:36.31,38.3 1 0
github.com/PenguinTech/MarchProxy/proxy-ailb/internal/providers/waddleai_grpc.go:40.2,44.16 2 0
github.com/PenguinTech/MarchProxy/proxy-ailb/internal/providers/waddleai_grpc.go:44.16,48.3 2 0
github.com/PenguinTech/MarchProxy/proxy-ailb/internal/providers/waddleai_grpc.go:50.2,53.10 4 0
github.com/PenguinTech/MarchProxy/proxy-ailb/internal/providers/waddleai_grpc.go:57.38,58.19 1 0
github.com/PenguinTech/MarchProxy/proxy-ailb/internal/providers/waddleai_grpc.go:58.19,60.3 1 0
github.com/PenguinTech/MarchProxy/proxy-ailb/internal/providers/waddleai_grpc.go:64.45,66.2 1 0
github.com/PenguinTech/MarchProxy/proxy-ailb/internal/providers/waddleai_grpc.go:70.172,71.18 1 0
github.com/PenguinTech/MarchProxy/proxy-ailb/internal/providers/waddleai_grpc.go:71.18,73.3 1 0
github.com/PenguinTech/MarchProxy/proxy-ailb/internal/providers/waddleai_grpc.go:75.2,86.16 4 0
github.com/PenguinTech/MarchProxy/proxy-ailb/internal/providers/waddleai_grpc.go:86.16,89.3 2 0
github.com/PenguinTech/MarchProxy/proxy-ailb/internal/providers/waddleai_grpc.go:90.2,90.18 1 0
github.com/PenguinTech/MarchProxy/proxy-ailb/internal/providers/waddleai_grpc.go:95.161,96.18 1 0
github.com/PenguinTech/MarchProxy/proxy-ailb/internal/providers/waddleai_grpc.go:96.18,98.3 1 0
github.com/PenguinTech/MarchProxy/proxy-ailb/internal/providers/waddleai_grpc.go:100.2,109.16 4 0
github.com/PenguinTech/MarchProxy/proxy-ailb/internal/providers/waddleai_grpc.go:109.16,112.3 2 0
github.com/PenguinTech/MarchProxy/proxy-ailb/internal/providers/waddleai_grpc.go:113.2,113.18 1 0
github.com/PenguinTech/MarchProxy/proxy-ailb/internal/providers/waddleai_grpc.go:118.164,119.18 1 0
github.com/PenguinTech/MarchProxy/proxy-ailb/internal/providers/waddleai_grpc.go:119.18,121.3 1 0
github.com/PenguinTech/MarchProxy/proxy-ailb/internal/providers/waddleai_grpc.go:123.2,135.16 4 0
github.com/PenguinTech/MarchProxy/proxy-ailb/internal/providers/waddleai_grpc.go:135.16,137.3 1 0
github.com/PenguinTech/MarchProxy/proxy-ailb/internal/providers/waddleai_grpc.go:142.133,143.18 1 0
github.com/PenguinTech/MarchProxy/proxy-ailb/internal/providers/waddleai_grpc.go:143.18,145.3 1 0
github.com/PenguinTech/MarchProxy/proxy-ailb/internal/providers/waddleai_grpc.go:147.2,155.16 4 0
github.com/PenguinTech/MarchProxy/proxy-ailb/internal/providers/waddleai_grpc.go:155.16,158.3 2 0
github.com/PenguinTech/MarchProxy/proxy-ailb/internal/providers/waddleai_grpc.go:159.2,159.18 1 0
github.com/PenguinTech/MarchProxy/proxy-ailb/internal/handler/chat.go:77.127,84.2 1 0
github.com/PenguinTech/MarchProxy/proxy-ailb/internal/handler/chat.go:87.89,90.2 2 0
github.com/PenguinTech/MarchProxy/proxy-ailb/internal/handler/chat.go:92.73,93.33 1 0
github.com/PenguinTech/MarchProxy/proxy-ailb/internal/handler/chat.go:93.33,96.3 2 0
github.com/PenguinTech/MarchProxy/proxy-ailb/internal/handler/chat.go:98.2,99.61 2 0
github.com/PenguinTech/MarchProxy/proxy-ailb/internal/handler/chat.go:99.61,102.3 2 0
github.com/PenguinTech/MarchProxy/proxy-ailb/internal/handler/chat.go:104.2,104.21 1 0
github.com/PenguinTech/MarchProxy/proxy-ailb/internal/handler/chat.go:104.21,107.3 2 0
github.com/PenguinTech/MarchProxy/proxy-ailb/internal/handler/chat.go:108.2,108.28 1 0
github.com/PenguinTech/MarchProxy/proxy-ailb/internal/handler/chat.go:108.28,111.3 2 0
github.com/PenguinTech/MarchProxy/proxy-ailb/internal/handler/chat.go:114.2,116.19 3 0
github.com/PenguinTech/MarchProxy/proxy-ailb/internal/handler/chat.go:116.19,118.3 1 0
github.com/PenguinTech/MarchProxy/proxy-ailb/internal/handler/chat.go:121.2,124.47 2 0
github.com/PenguinTech/MarchProxy/proxy-ailb/internal/handler/chat.go:124.47,126.45 2 0
github.com/PenguinTech/MarchProxy/proxy-ailb/internal/handler/chat.go:126.45,135.4 3 0
github.com/PenguinTech/MarchProxy/proxy-ailb/internal/handler/chat.go:139.2,140.33 2 0
github.com/PenguinTech/MarchProxy/proxy-ailb/internal/handler/chat.go:140.33,142.3 1 0
github.com/PenguinTech/MarchProxy/proxy-ailb/internal/handler/chat.go:144.2,150.28 2 0
github.com/PenguinTech/MarchProxy/proxy-ailb/internal/handler/chat.go:150.28,152.3 1 0
github.com/PenguinTech/MarchProxy/proxy-ailb/internal/handler/chat.go:153.2,153.26 1 0
github.com/PenguinTech/MarchProxy/proxy-ailb/internal/handler/chat.go:153.26,155.3 1 0
github.com/PenguinTech/MarchProxy/proxy-ailb/internal/handler/chat.go:156.2,156.21 1 0
github.com/PenguinTech/MarchProxy/proxy-ailb/internal/handler/chat.go:156.21,158.3 1 0
github.com/PenguinTech/MarchProxy/proxy-ailb/internal/handler/chat.go:161.2,161.21 1 0
github.com/PenguinTech/MarchProxy/proxy-ailb/internal/handler/chat.go:161.21,164.48 3 0
github.com/PenguinTech/MarchProxy/proxy-ailb/internal/handler/chat.go:164.48,166.4 1 0
github.com/PenguinTech/MarchProxy/proxy-ailb/internal/handler/chat.go:166.9,166.55 1 0
github.com/PenguinTech/MarchProxy/proxy-ailb/internal/handler/chat.go:166.55,168.4 1 0
github.com/PenguinTech/MarchProxy/proxy-ailb/internal/handler/chat.go:172.2,172.62 1 0
github.com/PenguinTech/MarchProxy/proxy-ailb/internal/handler/chat.go:172.62,174.64 2 0
github.com/PenguinTech/MarchProxy/proxy-ailb/internal/handler/chat.go:174.64,182.4 2 0
github.com/PenguinTech/MarchProxy/proxy-ailb/internal/handler/chat.go:185.2,191.66 4 0
github.com/PenguinTech/MarchProxy/proxy-ailb/internal/handler/chat.go:191.66,193.9 2 0
github.com/PenguinTech/MarchProxy/proxy-ailb/internal/handler/chat.go:193.9,196.4 2 0
github.com/PenguinTech/MarchProxy/proxy-ailb/internal/handler/chat.go:196.9,198.4 1 0
github.com/PenguinTech/MarchProxy/proxy-ailb/internal/handler/chat.go:199.8,201.3 1 0
github.com/PenguinTech/MarchProxy/proxy-ailb/internal/handler/chat.go:203.2,205.16 2 0
github.com/PenguinTech/MarchProxy/proxy-ailb/internal/handler/chat.go:205.16,210.3 4 0
github.com/PenguinTech/MarchProxy/proxy-ailb/internal/handler/chat.go:213.2,217.23 2 0
github.com/PenguinTech/MarchProxy/proxy-ailb/internal/handler/chat.go:217.23,228.3 1 0
github.com/PenguinTech/MarchProxy/proxy-ailb/internal/handler/chat.go:231.2,231.47 1 0
github.com/PenguinTech/MarchProxy/proxy-ailb/internal/handler/chat.go:231.47,244.3 1 0
github.com/PenguinTech/MarchProxy/proxy-ailb/internal/handler/chat.go:247.2,270.33 3 0
github.com/PenguinTech/MarchProxy/proxy-ailb/internal/handler/chat.go:273.77,283.2 3 1
github.com/PenguinTech/MarchProxy/proxy-ailb/internal/handler/middleware.go:15.56,16.71 1 1
github.com/PenguinTech/MarchProxy/proxy-ailb/internal/handler/middleware.go:16.71,29.3 4 1
github.com/PenguinTech/MarchProxy/proxy-ailb/internal/handler/middleware.go:34.80,35.46 1 1
github.com/PenguinTech/MarchProxy/proxy-ailb/internal/handler/middleware.go:35.46,36.72 1 1
github.com/PenguinTech/MarchProxy/proxy-ailb/internal/handler/middleware.go:36.72,38.60 1 1
github.com/PenguinTech/MarchProxy/proxy-ailb/internal/handler/middleware.go:38.60,41.5 2 1
github.com/PenguinTech/MarchProxy/proxy-ailb/internal/handler/middleware.go:43.4,44.18 2 1
github.com/PenguinTech/MarchProxy/proxy-ailb/internal/handler/middleware.go:44.18,45.36 1 1
github.com/PenguinTech/MarchProxy/proxy-ailb/internal/handler/middleware.go:45.36,48.6 2 1
github.com/PenguinTech/MarchProxy/proxy-ailb/internal/handler/middleware.go:50.5,52.11 3 1
github.com/PenguinTech/MarchProxy/proxy-ailb/internal/handler/middleware.go:55.4,56.41 2 1
github.com/PenguinTech/MarchProxy/proxy-ailb/internal/handler/middleware.go:62.76,63.46 1 0
github.com/PenguinTech/MarchProxy/proxy-ailb/internal/handler/middleware.go:63.46,64.72 1 0
github.com/PenguinTech/MarchProxy/proxy-ailb/internal/handler/middleware.go:64.72,68.4 3 0
github.com/PenguinTech/MarchProxy/proxy-ailb/internal/handler/middleware.go:73.57,74.71 1 1
github.com/PenguinTech/MarchProxy/proxy-ailb/internal/handler/middleware.go:74.71,75.16 1 1
github.com/PenguinTech/MarchProxy/proxy-ailb/internal/handler/middleware.go:75.16,76.36 1 1
github.com/PenguinTech/MarchProxy/proxy-ailb/internal/handler/middleware.go:76.36,79.5 2 1
github.com/PenguinTech/MarchProxy/proxy-ailb/internal/handler/middleware.go:81.3,81.23 1 1
github.com/PenguinTech/MarchProxy/proxy-ailb/internal/handler/middleware.go:91.49,94.2 2 1
github.com/PenguinTech/MarchProxy/proxy-ailb/internal/handler/middleware.go:101.58,104.2 2 1
github.com/PenguinTech/MarchProxy/proxy-ailb/internal/handler/models.go:32.63,34.2 1 1
github.com/PenguinTech/MarchProxy/proxy-ailb/internal/handler/models.go:36.75,37.32 1 1
github.com/PenguinTech/MarchProxy/proxy-ailb/internal/handler/models.go:37.32,40.3 2 1
github.com/PenguinTech/MarchProxy/proxy-ailb/internal/handler/models.go:42.2,43.41 2 1
github.com/PenguinTech/MarchProxy/proxy-ailb/internal/handler/models.go:43.41,45.17 2 1
github.com/PenguinTech/MarchProxy/proxy-ailb/internal/handler/models.go:45.17,47.12 2 1
github.com/PenguinTech/MarchProxy/proxy-ailb/internal/handler/models.go:49.3,49.28 1 1
github.com/PenguinTech/MarchProxy/proxy-ailb/internal/handler/models.go:49.28,57.4 1 1
github.com/PenguinTech/MarchProxy/proxy-ailb/internal/handler/models.go:60.2,66.33 3 1
github.com/PenguinTech/MarchProxy/proxy-ailb/internal/handler/ollama.go:81.103,87.2 1 0
github.com/PenguinTech/MarchProxy/proxy-ailb/internal/handler/ollama.go:90.56,91.54 1 0
github.com/PenguinTech/MarchProxy/proxy-ailb/internal/handler/ollama.go:91.54,92.34 1 0
github.com/PenguinTech/MarchProxy/proxy-ailb/internal/handler/ollama.go:92.34,95.4 2 0
github.com/PenguinTech/MarchProxy/proxy-ailb/internal/handler/ollama.go:97.3,98.62 2 0
github.com/PenguinTech/MarchProxy/proxy-ailb/internal/handler/ollama.go:98.62,101.4 2 0
github.com/PenguinTech/MarchProxy/proxy-ailb/internal/handler/ollama.go:104.3,105.34 2 0
github.com/PenguinTech/MarchProxy/proxy-ailb/internal/handler/ollama.go:105.34,107.4 1 0
github.com/PenguinTech/MarchProxy/proxy-ailb/internal/handler/ollama.go:109.3,113.25 2 0
github.com/PenguinTech/MarchProxy/proxy-ailb/internal/handler/ollama.go:113.25,118.4 4 0
github.com/PenguinTech/MarchProxy/proxy-ailb/internal/handler/ollama.go:120.3,124.17 4 0
github.com/PenguinTech/MarchProxy/proxy-ailb/internal/handler/ollama.go:124.17,129.4 4 0
github.com/PenguinTech/MarchProxy/proxy-ailb/internal/handler/ollama.go:131.3,149.34 4 0
github.com/PenguinTech/MarchProxy/proxy-ailb/internal/handler/ollama.go:154.60,155.54 1 0
github.com/PenguinTech/MarchProxy/proxy-ailb/internal/handler/ollama.go:155.54,156.34 1 0
github.com/PenguinTech/MarchProxy/proxy-ailb/internal/handler/ollama.go:156.34,159.4 2 0
github.com/PenguinTech/MarchProxy/proxy-ailb/internal/handler/ollama.go:161.3,162.62 2 0
github.com/PenguinTech/MarchProxy/proxy-ailb/internal/handler/ollama.go:162.62,165.4 2 0
github.com/PenguinTech/MarchProxy/proxy-ailb/internal/handler/ollama.go:167.3,178.17 5 0
github.com/PenguinTech/MarchProxy/proxy-ailb/internal/handler/ollama.go:178.17,182.4 3 0
github.com/PenguinTech/MarchProxy/proxy-ailb/internal/handler/ollama.go:184.3,199.34 4 0
github.com/PenguinTech/MarchProxy/proxy-ailb/internal/handler/ollama.go:204.56,205.54 1 0
github.com/PenguinTech/MarchProxy/proxy-ailb/internal/handler/ollama.go:205.54,206.33 1 0
github.com/PenguinTech/MarchProxy/proxy-ailb/internal/handler/ollama.go:206.33,209.4 2 0
github.com/PenguinTech/MarchProxy/proxy-ailb/internal/handler/ollama.go:211.3,212.42 2 0
github.com/PenguinTech/MarchProxy/proxy-ailb/internal/handler/ollama.go:212.42,214.18 2 0
github.com/PenguinTech/MarchProxy/proxy-ailb/internal/handler/ollama.go:214.18,216.13 2 0
github.com/PenguinTech/MarchProxy/proxy-ailb/internal/handler/ollama.go:218.4,218.29 1 0
github.com/PenguinTech/MarchProxy/proxy-ailb/internal/handler/ollama.go:218.29,224.5 1 0
github.com/PenguinTech/MarchProxy/proxy-ailb/internal/handler/ollama.go:227.3,228.67 2 0
github.com/PenguinTech/MarchProxy/proxy-ailb/internal/metrics/prometheus.go:21.21,74.2 3 1
github.com/PenguinTech/MarchProxy/proxy-ailb/internal/metrics/prometheus.go:77.29,79.2 1 1
github.com/PenguinTech/MarchProxy/proxy-ailb/internal/metrics/prometheus.go:82.117,86.21 3 1
github.com/PenguinTech/MarchProxy/proxy-ailb/internal/metrics/prometheus.go:86.21,88.3 1 1
github.com/PenguinTech/MarchProxy/proxy-ailb/internal/metrics/prometheus.go:89.2,89.22 1 1
github.com/PenguinTech/MarchProxy/proxy-ailb/internal/metrics/prometheus.go:89.22,91.3 1 1
github.com/PenguinTech/MarchProxy/proxy-ailb/internal/metrics/prometheus.go:95.59,97.2 1 1
github.com/PenguinTech/MarchProxy/proxy-ailb/internal/security/client.go:47.41,83.16 10 1
github.com/PenguinTech/MarchProxy/proxy-ailb/internal/security/client.go:84.16,88.51 4 1
github.com/PenguinTech/MarchProxy/proxy-ailb/internal/security/client.go:89.20,93.51 4 1
github.com/PenguinTech/MarchProxy/proxy-ailb/internal/security/client.go:94.10,98.51 4 1
github.com/PenguinTech/MarchProxy/proxy-ailb/internal/security/client.go:101.2,101.10 1 1
github.com/PenguinTech/MarchProxy/proxy-ailb/internal/security/client.go:104.73,106.29 2 1
github.com/PenguinTech/MarchProxy/proxy-ailb/internal/security/client.go:106.29,108.17 2 1
github.com/PenguinTech/MarchProxy/proxy-ailb/internal/security/client.go:108.17,110.12 2 0
github.com/PenguinTech/MarchProxy/proxy-ailb/internal/security/client.go:112.3,112.34 1 1
github.com/PenguinTech/MarchProxy/proxy-ailb/internal/security/client.go:114.2,114.31 1 1
github.com/PenguinTech/MarchProxy/proxy-ailb/internal/security/client.go:119.95,123.31 3 1
github.com/PenguinTech/MarchProxy/proxy-ailb/internal/security/client.go:123.31,126.26 3 1
github.com/PenguinTech/MarchProxy/proxy-ailb/internal/security/client.go:126.26,127.31 1 1
github.com/PenguinTech/MarchProxy/proxy-ailb/internal/security/client.go:127.31,129.5 1 1
github.com/PenguinTech/MarchProxy/proxy-ailb/internal/security/client.go:133.2,133.32 1 1
github.com/PenguinTech/MarchProxy/proxy-ailb/internal/security/client.go:137.65,140.25 3 1
github.com/PenguinTech/MarchProxy/proxy-ailb/internal/security/client.go:140.25,141.30 1 1
github.com/PenguinTech/MarchProxy/proxy-ailb/internal/security/client.go:141.30,143.4 1 1
github.com/PenguinTech/MarchProxy/proxy-ailb/internal/security/client.go:145.2,145.26 1 1
github.com/PenguinTech/MarchProxy/proxy-ailb/internal/security/client.go:148.53,151.47 2 1
github.com/PenguinTech/MarchProxy/proxy-ailb/internal/security/client.go:151.47,153.31 2 1
github.com/PenguinTech/MarchProxy/proxy-ailb/internal/security/client.go:153.31,154.28 1 1
github.com/PenguinTech/MarchProxy/proxy-ailb/internal/security/client.go:154.28,156.5 1 1
github.com/PenguinTech/MarchProxy/proxy-ailb/internal/security/client.go:159.3,160.31 2 1
github.com/PenguinTech/MarchProxy/proxy-ailb/internal/security/client.go:160.31,162.4 1 1
github.com/PenguinTech/MarchProxy/proxy-ailb/internal/security/client.go:164.3,164.30 1 1
github.com/PenguinTech/MarchProxy/proxy-ailb/internal/security/client.go:164.30,166.24 2 1
github.com/PenguinTech/MarchProxy/proxy-ailb/internal/security/client.go:166.24,168.5 1 0
github.com/PenguinTech/MarchProxy/proxy-ailb/internal/security/client.go:170.4,183.5 3 1
github.com/PenguinTech/MarchProxy/proxy-ailb/internal/security/client.go:187.2,187.19 1 1
github.com/PenguinTech/MarchProxy/proxy-ailb/internal/ratelimit/limiter.go:20.29,27.2 1 1
github.com/PenguinTech/MarchProxy/proxy-ailb/internal/ratelimit/limiter.go:59.43,65.2 1 1
github.com/PenguinTech/MarchProxy/proxy-ailb/internal/ratelimit/limiter.go:68.55,72.2 3 1
github.com/PenguinTech/MarchProxy/proxy-ailb/internal/ratelimit/limiter.go:75.50,78.37 3 1
github.com/PenguinTech/MarchProxy/proxy-ailb/internal/ratelimit/limiter.go:78.37,80.3 1 1
github.com/PenguinTech/MarchProxy/proxy-ailb/internal/ratelimit/limiter.go:81.2,81.19 1 1
github.com/PenguinTech/MarchProxy/proxy-ailb/internal/ratelimit/limiter.go:85.71,87.18 2 1
github.com/PenguinTech/MarchProxy/proxy-ailb/internal/ratelimit/limiter.go:87.18,89.3 1 1
github.com/PenguinTech/MarchProxy/proxy-ailb/internal/ratelimit/limiter.go:91.2,106.17 11 1
github.com/PenguinTech/MarchProxy/proxy-ailb/internal/ratelimit/limiter.go:106.17,108.3 1 1
github.com/PenguinTech/MarchProxy/proxy-ailb/internal/ratelimit/limiter.go:108.8,108.24 1 1
github.com/PenguinTech/MarchProxy/proxy-ailb/internal/ratelimit/limiter.go:108.24,110.3 1 1
github.com/PenguinTech/MarchProxy/proxy-ailb/internal/ratelimit/limiter.go:112.2,113.22 2 1
github.com/PenguinTech/MarchProxy/proxy-ailb/internal/ratelimit/limiter.go:113.22,115.20 2 1
github.com/PenguinTech/MarchProxy/proxy-ailb/internal/ratelimit/limiter.go:115.20,117.4 1 0
github.com/PenguinTech/MarchProxy/proxy-ailb/internal/ratelimit/limiter.go:119.2,120.22 2 1
github.com/PenguinTech/MarchProxy/proxy-ailb/internal/ratelimit/limiter.go:120.22,122.20 2 1
github.com/PenguinTech/MarchProxy/proxy-ailb/internal/ratelimit/limiter.go:122.20,124.4 1 0
github.com/PenguinTech/MarchProxy/proxy-ailb/internal/ratelimit/limiter.go:127.2,127.14 1 1
github.com/PenguinTech/MarchProxy/proxy-ailb/internal/ratelimit/limiter.go:127.14,134.3 1 1
github.com/PenguinTech/MarchProxy/proxy-ailb/internal/ratelimit/limiter.go:136.2,143.3 1 1
github.com/PenguinTech/MarchProxy/proxy-ailb/internal/ratelimit/limiter.go:147.59,149.18 2 1
github.com/PenguinTech/MarchProxy/proxy-ailb/internal/ratelimit/limiter.go:149.18,151.3 1 1
github.com/PenguinTech/MarchProxy/proxy-ailb/internal/ratelimit/limiter.go:153.2,162.15 6 1
github.com/PenguinTech/MarchProxy/proxy-ailb/internal/ratelimit/limiter.go:166.39,170.2 3 1
github.com/PenguinTech/MarchProxy/proxy-ailb/internal/ratelimit/limiter.go:172.63,174.9 2 1
github.com/PenguinTech/MarchProxy/proxy-ailb/internal/ratelimit/limiter.go:174.9,177.3 2 1
github.com/PenguinTech/MarchProxy/proxy-ailb/internal/ratelimit/limiter.go:178.2,178.10 1 1
github.com/PenguinTech/MarchProxy/proxy-ailb/internal/ratelimit/limiter.go:181.65,184.68 3 1
github.com/PenguinTech/MarchProxy/proxy-ailb/internal/ratelimit/limiter.go:184.68,188.3 3 0
github.com/PenguinTech/MarchProxy/proxy-ailb/internal/ratelimit/limiter.go:189.2,189.11 1 1
github.com/PenguinTech/MarchProxy/proxy-ailb/internal/ratelimit/limiter.go:189.11,191.3 1 0
github.com/PenguinTech/MarchProxy/proxy-ailb/internal/ratelimit/limiter.go:195.57,200.34 4 1
github.com/PenguinTech/MarchProxy/proxy-ailb/internal/ratelimit/limiter.go:200.34,201.85 1 1
github.com/PenguinTech/MarchProxy/proxy-ailb/internal/ratelimit/limiter.go:201.85,203.4 1 1
github.com/PenguinTech/MarchProxy/proxy-ailb/internal/router/router.go:38.67,43.2 1 1
github.com/PenguinTech/MarchProxy/proxy-ailb/internal/router/router.go:47.106,49.2 1 1
github.com/PenguinTech/MarchProxy/proxy-ailb/internal/router/router.go:52.137,54.25 2 1
github.com/PenguinTech/MarchProxy/proxy-ailb/internal/router/router.go:54.25,56.3 1 1
github.com/PenguinTech/MarchProxy/proxy-ailb/internal/router/router.go:58.2,59.60 2 1
github.com/PenguinTech/MarchProxy/proxy-ailb/internal/router/router.go:63.137,65.14 2 1
github.com/PenguinTech/MarchProxy/proxy-ailb/internal/router/router.go:65.14,67.3 1 1
github.com/PenguinTech/MarchProxy/proxy-ailb/internal/router/router.go:69.2,73.16 4 1
github.com/PenguinTech/MarchProxy/proxy-ailb/internal/router/router.go:73.16,76.3 2 1
github.com/PenguinTech/MarchProxy/proxy-ailb/internal/router/router.go:78.2,80.18 3 1
github.com/PenguinTech/MarchProxy/proxy-ailb/internal/router/router.go:85.63,87.41 2 1
github.com/PenguinTech/MarchProxy/proxy-ailb/internal/router/router.go:87.41,93.37 4 1
github.com/PenguinTech/MarchProxy/proxy-ailb/internal/router/router.go:93.37,95.84 1 0
github.com/PenguinTech/MarchProxy/proxy-ailb/internal/router/router.go:95.84,97.13 2 0
github.com/PenguinTech/MarchProxy/proxy-ailb/internal/router/router.go:100.3,101.38 2 1
github.com/PenguinTech/MarchProxy/proxy-ailb/internal/router/router.go:104.2,104.25 1 1
github.com/PenguinTech/MarchProxy/proxy-ailb/internal/router/router.go:104.25,106.42 1 1
github.com/PenguinTech/MarchProxy/proxy-ailb/internal/router/router.go:106.42,108.4 1 0
github.com/PenguinTech/MarchProxy/proxy-ailb/internal/router/router.go:111.2,111.18 1 1
github.com/PenguinTech/MarchProxy/proxy-ailb/internal/router/router.go:115.93,116.25 1 1
github.com/PenguinTech/MarchProxy/proxy-ailb/internal/router/router.go:116.25,118.3 1 0
github.com/PenguinTech/MarchProxy/proxy-ailb/internal/router/router.go:119.2,119.25 1 1
github.com/PenguinTech/MarchProxy/proxy-ailb/internal/router/router.go:119.25,121.3 1 1
github.com/PenguinTech/MarchProxy/proxy-ailb/internal/router/router.go:123.2,123.18 1 1
github.com/PenguinTech/MarchProxy/proxy-ailb/internal/router/router.go:124.26,126.47 2 1
github.com/PenguinTech/MarchProxy/proxy-ailb/internal/router/router.go:128.32,129.36 1 1
github.com/PenguinTech/MarchProxy/proxy-ailb/internal/router/router.go:131.28,132.34 1 1
github.com/PenguinTech/MarchProxy/proxy-ailb/internal/router/router.go:134.24,135.36 1 1
github.com/PenguinTech/MarchProxy/proxy-ailb/internal/router/router.go:137.22,138.46 1 1
github.com/PenguinTech/MarchProxy/proxy-ailb/internal/router/router.go:140.29,145.31 3 1
github.com/PenguinTech/MarchProxy/proxy-ailb/internal/router/router.go:145.31,147.4 1 1
github.com/PenguinTech/MarchProxy/proxy-ailb/internal/router/router.go:148.3,148.30 1 1
github.com/PenguinTech/MarchProxy/proxy-ailb/internal/router/router.go:148.30,149.14 1 1
github.com/PenguinTech/MarchProxy/proxy-ailb/internal/router/router.go:149.14,151.5 1 1
github.com/PenguinTech/MarchProxy/proxy-ailb/internal/router/router.go:153.3,153.22 1 0
github.com/PenguinTech/MarchProxy/proxy-ailb/internal/router/router.go:155.10,156.22 1 0
github.com/PenguinTech/MarchProxy/proxy-ailb/internal/router/router.go:160.59,164.33 3 1
github.com/PenguinTech/MarchProxy/proxy-ailb/internal/router/router.go:164.33,171.39 6 1
github.com/PenguinTech/MarchProxy/proxy-ailb/internal/router/router.go:171.39,174.4 2 1
github.com/PenguinTech/MarchProxy/proxy-ailb/internal/router/router.go:176.2,176.13 1 1
github.com/PenguinTech/MarchProxy/proxy-ailb/internal/router/router.go:179.57,183.33 3 1
github.com/PenguinTech/MarchProxy/proxy-ailb/internal/router/router.go:183.33,189.24 5 1
github.com/PenguinTech/MarchProxy/proxy-ailb/internal/router/router.go:189.24,192.4 2 1
github.com/PenguinTech/MarchProxy/proxy-ailb/internal/router/router.go:194.2,194.13 1 1
github.com/PenguinTech/MarchProxy/proxy-ailb/internal/router/router.go:197.59,200.30 3 1
github.com/PenguinTech/MarchProxy/proxy-ailb/internal/router/router.go:200.30,202.3 1 1
github.com/PenguinTech/MarchProxy/proxy-ailb/internal/router/router.go:203.2,203.29 1 1
github.com/PenguinTech/MarchProxy/proxy-ailb/internal/router/router.go:203.29,204.13 1 1
github.com/PenguinTech/MarchProxy/proxy-ailb/internal/router/router.go:204.13,206.4 1 1
github.com/PenguinTech/MarchProxy/proxy-ailb/internal/router/router.go:208.2,208.21 1 0
github.com/PenguinTech/MarchProxy/proxy-ailb/internal/router/router.go:212.156,215.33 3 1
github.com/PenguinTech/MarchProxy/proxy-ailb/internal/router/router.go:215.33,216.22 1 1
github.com/PenguinTech/MarchProxy/proxy-ailb/internal/router/router.go:216.22,218.4 1 1
github.com/PenguinTech/MarchProxy/proxy-ailb/internal/router/router.go:221.2,222.29 2 1
github.com/PenguinTech/MarchProxy/proxy-ailb/internal/router/router.go:222.29,224.15 2 1
github.com/PenguinTech/MarchProxy/proxy-ailb/internal/router/router.go:224.15,225.12 1 0
github.com/PenguinTech/MarchProxy/proxy-ailb/internal/router/router.go:228.3,232.17 4 1
github.com/PenguinTech/MarchProxy/proxy-ailb/internal/router/router.go:232.17,236.12 4 1
github.com/PenguinTech/MarchProxy/proxy-ailb/internal/router/router.go:239.3,242.19 4 1
github.com/PenguinTech/MarchProxy/proxy-ailb/internal/router/router.go:245.2,245.85 1 1
github.com/PenguinTech/MarchProxy/proxy-ailb/internal/router/router.go:248.55,251.2 2 1
github.com/PenguinTech/MarchProxy/proxy-ailb/internal/router/router.go:253.68,264.29 9 1
github.com/PenguinTech/MarchProxy/proxy-ailb/internal/router/router.go:264.29,266.3 1 1
github.com/PenguinTech/MarchProxy/proxy-ailb/internal/router/router.go:266.8,268.3 1 1
github.com/PenguinTech/MarchProxy/proxy-ailb/internal/router/router.go:271.45,280.2 7 1
github.com/PenguinTech/MarchProxy/proxy-ailb/internal/router/router.go:283.52,285.42 2 1
github.com/PenguinTech/MarchProxy/proxy-ailb/internal/router/router.go:285.42,299.3 6 1
github.com/PenguinTech/MarchProxy/proxy-ailb/internal/router/router.go:300.2,300.15 1 1
github.com/PenguinTech/MarchProxy/proxy-ailb/internal/router/selector.go:17.74,19.18 2 1
github.com/PenguinTech/MarchProxy/proxy-ailb/internal/router/selector.go:19.18,21.3 1 1
github.com/PenguinTech/MarchProxy/proxy-ailb/internal/router/selector.go:26.2,27.14 2 1
github.com/PenguinTech/MarchProxy/proxy-ailb/internal/router/selector.go:27.14,30.3 1 1
github.com/PenguinTech/MarchProxy/proxy-ailb/internal/router/selector.go:32.2,35.17 3 1
github.com/PenguinTech/MarchProxy/proxy-ailb/internal/router/selector.go:35.17,37.3 1 1
github.com/PenguinTech/MarchProxy/proxy-ailb/internal/router/selector.go:39.2,39.30 1 1
github.com/PenguinTech/MarchProxy/proxy-ailb/internal/router/strategy.go:16.39,17.21 1 1
github.com/PenguinTech/MarchProxy/proxy-ailb/internal/router/strategy.go:19.58,20.21 1 1
github.com/PenguinTech/MarchProxy/proxy-ailb/internal/router/strategy.go:21.10,22.28 1 1
