mode: set
github.com/PenguinTech/MarchProxy/proxy-ailb/internal/billing/reporter.go:37.44,39.2 1 0
github.com/PenguinTech/MarchProxy/proxy-ailb/internal/billing/reporter.go:42.36,47.16 2 0
github.com/PenguinTech/MarchProxy/proxy-ailb/internal/billing/reporter.go:47.16,50.3 2 0
github.com/PenguinTech/MarchProxy/proxy-ailb/internal/billing/reporter.go:51.2,55.12 5 0
github.com/PenguinTech/MarchProxy/proxy-ailb/internal/billing/reporter.go:59.28,60.19 1 0
github.com/PenguinTech/MarchProxy/proxy-ailb/internal/billing/reporter.go:60.19,62.3 1 0
github.com/PenguinTech/MarchProxy/proxy-ailb/internal/billing/reporter.go:68.52,69.37 1 0
github.com/PenguinTech/MarchProxy/proxy-ailb/internal/billing/reporter.go:69.37,71.3 1 0
github.com/PenguinTech/MarchProxy/proxy-ailb/internal/billing/reporter.go:73.2,73.12 1 0
github.com/PenguinTech/MarchProxy/proxy-ailb/internal/billing/reporter.go:73.12,92.17 5 0
github.com/PenguinTech/MarchProxy/proxy-ailb/internal/billing/reporter.go:92.17,98.4 2 0
github.com/PenguinTech/MarchProxy/proxy-ailb/internal/billing/reporter.go:100.3,100.29 1 0
github.com/PenguinTech/MarchProxy/proxy-ailb/internal/billing/reporter.go:100.29,102.4 1 0
github.com/PenguinTech/MarchProxy/proxy-ailb/internal/billing/reporter.go:104.3,107.4 1 0
github.com/PenguinTech/MarchProxy/proxy-ailb/internal/billing/tracker.go:55.28,57.35 2 1
github.com/PenguinTech/MarchProxy/proxy-ailb/internal/billing/tracker.go:57.35,59.3 1 1
github.com/PenguinTech/MarchProxy/proxy-ailb/internal/billing/tracker.go:60.2,62.3 1 1
github.com/PenguinTech/MarchProxy/proxy-ailb/internal/billing/tracker.go:66.86,71.9 4 1
github.com/PenguinTech/MarchProxy/proxy-ailb/internal/billing/tracker.go:71.9,74.3 1 1
github.com/PenguinTech/MarchProxy/proxy-ailb/internal/billing/tracker.go:76.2,77.53 1 1
github.com/PenguinTech/MarchProxy/proxy-ailb/internal/billing/tracker.go:81.119,108.2 7 1
github.com/PenguinTech/MarchProxy/proxy-ailb/internal/billing/tracker.go:111.90,119.2 3 1
github.com/PenguinTech/MarchProxy/proxy-ailb/internal/handler/chat.go:77.127,84.2 1 0
github.com/PenguinTech/MarchProxy/proxy-ailb/internal/handler/chat.go:87.89,90.2 2 0
github.com/PenguinTech/MarchProxy/proxy-ailb/internal/handler/chat.go:92.73,93.33 1 0
github.com/PenguinTech/MarchProxy/proxy-ailb/internal/handler/chat.go:93.33,96.3 2 0
github.com/PenguinTech/MarchProxy/proxy-ailb/internal/handler/chat.go:98.2,99.61 2 0
github.com/PenguinTech/MarchProxy/proxy-ailb/internal/handler/chat.go:99.61,102.3 2 0
github.com/PenguinTech/MarchProxy/proxy-ailb/internal/handler/chat.go:104.2,104.21 1 0
github.com/PenguinTech/MarchProxy/proxy-ailb/internal/handler/chat.go:104.21,107.3 2 0
github.com/PenguinTech/MarchProxy/proxy-ailb/internal/handler/chat.go:108.2,108.28 1 0
github.com/PenguinTech/MarchProxy/proxy-ailb/internal/handler/chat.go:108.28,111.3 2 0
github.com/PenguinTech/MarchProxy/proxy-ailb/internal/handler/chat.go:114.2,116.19 3 0
github.com/PenguinTech/MarchProxy/proxy-ailb/internal/handler/chat.go:116.19,118.3 1 0
github.com/PenguinTech/MarchProxy/proxy-ailb/internal/handler/chat.go:121.2,124.47 2 0
github.com/PenguinTech/MarchProxy/proxy-ailb/internal/handler/chat.go:124.47,126.45 2 0
github.com/PenguinTech/MarchProxy/proxy-ailb/internal/handler/chat.go:126.45,135.4 3 0
github.com/PenguinTech/MarchProxy/proxy-ailb/internal/handler/chat.go:139.2,140.33 2 0
github.com/PenguinTech/MarchProxy/proxy-ailb/internal/handler/chat.go:140.33,142.3 1 0
github.com/PenguinTech/MarchProxy/proxy-ailb/internal/handler/chat.go:144.2,150.28 2 0
github.com/PenguinTech/MarchProxy/proxy-ailb/internal/handler/chat.go:150.28,152.3 1 0
github.com/PenguinTech/MarchProxy/proxy-ailb/internal/handler/chat.go:153.2,153.26 1 0
github.com/PenguinTech/MarchProxy/proxy-ailb/internal/handler/chat.go:153.26,155.3 1 0
github.com/PenguinTech/MarchProxy/proxy-ailb/internal/handler/chat.go:156.2,156.21 1 0
github.com/PenguinTech/MarchProxy/proxy-ailb/internal/handler/chat.go:156.21,158.3 1 0
github.com/PenguinTech/MarchProxy/proxy-ailb/internal/handler/chat.go:161.2,161.21 1 0
github.com/PenguinTech/MarchProxy/proxy-ailb/internal/handler/chat.go:161.21,164.48 3 0
github.com/PenguinTech/MarchProxy/proxy-ailb/internal/handler/chat.go:164.48,166.4 1 0
github.com/PenguinTech/MarchProxy/proxy-ailb/internal/handler/chat.go:166.9,166.55 1 0
github.com/PenguinTech/MarchProxy/proxy-ailb/internal/handler/chat.go:166.55,168.4 1 0
github.com/PenguinTech/MarchProxy/proxy-ailb/internal/handler/chat.go:172.2,172.62 1 0
github.com/PenguinTech/MarchProxy/proxy-ailb/internal/handler/chat.go:172.62,174.64 2 0
github.com/PenguinTech/MarchProxy/proxy-ailb/internal/handler/chat.go:174.64,182.4 2 0
github.com/PenguinTech/MarchProxy/proxy-ailb/internal/handler/chat.go:185.2,191.66 4 0
github.com/PenguinTech/MarchProxy/proxy-ailb/internal/handler/chat.go:191.66,193.9 2 0
github.com/PenguinTech/MarchProxy/proxy-ailb/internal/handler/chat.go:193.9,196.4 2 0
github.com/PenguinTech/MarchProxy/proxy-ailb/internal/handler/chat.go:196.9,198.4 1 0
github.com/PenguinTech/MarchProxy/proxy-ailb/internal/handler/chat.go:199.8,201.3 1 0
github.com/PenguinTech/MarchProxy/proxy-ailb/internal/handler/chat.go:203.2,205.16 2 0
github.com/PenguinTech/MarchProxy/proxy-ailb/internal/handler/chat.go:205.16,210.3 4 0
github.com/PenguinTech/MarchProxy/proxy-ailb/internal/handler/chat.go:213.2,217.23 2 0
github.com/PenguinTech/MarchProxy/proxy-ailb/internal/handler/chat.go:217.23,228.3 1 0
github.com/PenguinTech/MarchProxy/proxy-ailb/internal/handler/chat.go:231.2,231.47 1 0
github.com/PenguinTech/MarchProxy/proxy-ailb/internal/handler/chat.go:231.47,244.3 1 0
github.com/PenguinTech/MarchProxy/proxy-ailb/internal/handler/chat.go:247.2,270.33 3 0
github.com/PenguinTech/MarchProxy/proxy-ailb/internal/handler/chat.go:273.77,283.2 3 1
github.com/PenguinTech/MarchProxy/proxy-ailb/internal/handler/middleware.go:15.56,16.71 1 1
github.com/PenguinTech/MarchProxy/proxy-ailb/internal/handler/middleware.go:16.71,29.3 4 1
github.com/PenguinTech/MarchProxy/proxy-ailb/internal/handler/middleware.go:34.80,35.46 1 1
github.com/PenguinTech/MarchProxy/proxy-ailb/internal/handler/middleware.go:35.46,36.72 1 1
github.com/PenguinTech/MarchProxy/proxy-ailb/internal/handler/middleware.go:36.72,38.60 1 1
github.com/PenguinTech/MarchProxy/proxy-ailb/internal/handler/middleware.go:38.60,41.5 2 1
github.com/PenguinTech/MarchProxy/proxy-ailb/internal/handler/middleware.go:43.4,44.18 2 1
github.com/PenguinTech/MarchProxy/proxy-ailb/internal/handler/middleware.go:44.18,45.36 1 1
github.com/PenguinTech/MarchProxy/proxy-ailb/internal/handler/middleware.go:45.36,48.6 2 1
github.com/PenguinTech/MarchProxy/proxy-ailb/internal/handler/middleware.go:50.5,52.11 3 1
github.com/PenguinTech/MarchProxy/proxy-ailb/internal/handler/middleware.go:55.4,56.41 2 1
github.com/PenguinTech/MarchProxy/proxy-ailb/internal/handler/middleware.go:62.76,63.46 1 0
github.com/PenguinTech/MarchProxy/proxy-ailb/internal/handler/middleware.go:63.46,64.72 1 0
github.com/PenguinTech/MarchProxy/proxy-ailb/internal/handler/middleware.go:64.72,68.4 3 0
github.com/PenguinTech/MarchProxy/proxy-ailb/internal/handler/middleware.go:73.57,74.71 1 1
github.com/PenguinTech/MarchProxy/proxy-ailb/internal/handler/middleware.go:74.71,75.16 1 1
github.com/PenguinTech/MarchProxy/proxy-ailb/internal/handler/middleware.go:75.16,76.36 1 1
github.com/PenguinTech/MarchProxy/proxy-ailb/internal/handler/middleware.go:76.36,79.5 2 1
github.com/PenguinTech/MarchProxy/proxy-ailb/internal/handler/middleware.go:81.3,81.23 1 1
github.com/PenguinTech/MarchProxy/proxy-ailb/internal/handler/middleware.go:91.49,94.2 2 1
github.com/PenguinTech/MarchProxy/proxy-ailb/internal/handler/middleware.go:101.58,104.2 2 1
github.com/PenguinTech/MarchProxy/proxy-ailb/internal/handler/models.go:32.63,34.2 1 1
github.com/PenguinTech/MarchProxy/proxy-ailb/internal/handler/models.go:36.75,37.32 1 1
github.com/PenguinTech/MarchProxy/proxy-ailb/internal/handler/models.go:37.32,40.3 2 1
github.com/PenguinTech/MarchProxy/proxy-ailb/internal/handler/models.go:42.2,43.41 2 1
github.com/PenguinTech/MarchProxy/proxy-ailb/internal/handler/models.go:43.41,45.17 2 1
github.com/PenguinTech/MarchProxy/proxy-ailb/internal/handler/models.go:45.17,47.12 2 1
github.com/PenguinTech/MarchProxy/proxy-ailb/internal/handler/models.go:49.3,49.28 1 1
github.com/PenguinTech/MarchProxy/proxy-ailb/internal/handler/models.go:49.28,57.4 1 1
github.com/PenguinTech/MarchProxy/proxy-ailb/internal/handler/models.go:60.2,66.33 3 1
github.com/PenguinTech/MarchProxy/proxy-ailb/internal/handler/ollama.go:81.103,87.2 1 0
github.com/PenguinTech/MarchProxy/proxy-ailb/internal/handler/ollama.go:90.56,91.54 1 0
github.com/PenguinTech/MarchProxy/proxy-ailb/internal/handler/ollama.go:91.54,92.34 1 0
github.com/PenguinTech/MarchProxy/proxy-ailb/internal/handler/ollama.go:92.34,95.4 2 0
github.com/PenguinTech/MarchProxy/proxy-ailb/internal/handler/ollama.go:97.3,98.62 2 0
github.com/PenguinTech/MarchProxy/proxy-ailb/internal/handler/ollama.go:98.62,101.4 2 0
github.com/PenguinTech/MarchProxy/proxy-ailb/internal/handler/ollama.go:104.3,105.34 2 0
github.com/PenguinTech/MarchProxy/proxy-ailb/internal/handler/ollama.go:105.34,107.4 1 0
github.com/PenguinTech/MarchProxy/proxy-ailb/internal/handler/ollama.go:109.3,113.25 2 0
github.com/PenguinTech/MarchProxy/proxy-ailb/internal/handler/ollama.go:113.25,118.4 4 0
github.com/PenguinTech/MarchProxy/proxy-ailb/internal/handler/ollama.go:120.3,124.17 4 0
github.com/PenguinTech/MarchProxy/proxy-ailb/internal/handler/ollama.go:124.17,129.4 4 0
github.com/PenguinTech/MarchProxy/proxy-ailb/internal/handler/ollama.go:131.3,149.34 4 0
github.com/PenguinTech/MarchProxy/proxy-ailb/internal/handler/ollama.go:154.60,155.54 1 0
github.com/PenguinTech/MarchProxy/proxy-ailb/internal/handler/ollama.go:155.54,156.34 1 0
github.com/PenguinTech/MarchProxy/proxy-ailb/internal/handler/ollama.go:156.34,159.4 2 0
github.com/PenguinTech/MarchProxy/proxy-ailb/internal/handler/ollama.go:161.3,162.62 2 0
github.com/PenguinTech/MarchProxy/proxy-ailb/internal/handler/ollama.go:162.62,165.4 2 0
github.com/PenguinTech/MarchProxy/proxy-ailb/internal/handler/ollama.go:167.3,178.17 5 0
github.com/PenguinTech/MarchProxy/proxy-ailb/internal/handler/ollama.go:178.17,182.4 3 0
github.com/PenguinTech/MarchProxy/proxy-ailb/internal/handler/ollama.go:184.3,199.34 4 0
github.com/PenguinTech/MarchProxy/proxy-ailb/internal/handler/ollama.go:204.56,205.54 1 0
github.com/PenguinTech/MarchProxy/proxy-ailb/internal/handler/ollama.go:205.54,206.33 1 0
github.com/PenguinTech/MarchProxy/proxy-ailb/internal/handler/ollama.go:206.33,209.4 2 0
github.com/PenguinTech/MarchProxy/proxy-ailb/internal/handler/ollama.go:211.3,212.42 2 0
github.com/PenguinTech/MarchProxy/proxy-ailb/internal/handler/ollama.go:212.42,214.18 2 0
github.com/PenguinTech/MarchProxy/proxy-ailb/internal/handler/ollama.go:214.18,216.13 2 0
github.com/PenguinTech/MarchProxy/proxy-ailb/internal/handler/ollama.go:218.4,218.29 1 0
github.com/PenguinTech/MarchProxy/proxy-ailb/internal/handler/ollama.go:218.29,224.5 1 0
github.com/PenguinTech/MarchProxy/proxy-ailb/internal/handler/ollama.go:227.3,228.67 2 0
github.com/PenguinTech/MarchProxy/proxy-ailb/internal/grpc/module_server.go:33.97,35.20 2 1
github.com/PenguinTech/MarchProxy/proxy-ailb/internal/grpc/module_server.go:35.20,37.3 1 1
github.com/PenguinTech/MarchProxy/proxy-ailb/internal/grpc/module_server.go:38.2,44.3 1 1
github.com/PenguinTech/MarchProxy/proxy-ailb/internal/grpc/module_server.go:48.110,72.2 2 1
github.com/PenguinTech/MarchProxy/proxy-ailb/internal/grpc/module_server.go:75.114,83.34 4 1
github.com/PenguinTech/MarchProxy/proxy-ailb/internal/grpc/module_server.go:83.34,86.3 2 1
github.com/PenguinTech/MarchProxy/proxy-ailb/internal/grpc/module_server.go:88.2,93.8 1 1
github.com/PenguinTech/MarchProxy/proxy-ailb/internal/grpc/module_server.go:97.105,101.43 3 1
github.com/PenguinTech/MarchProxy/proxy-ailb/internal/grpc/module_server.go:101.43,102.27 1 0
github.com/PenguinTech/MarchProxy/proxy-ailb/internal/grpc/module_server.go:102.27,104.4 1 0
github.com/PenguinTech/MarchProxy/proxy-ailb/internal/grpc/module_server.go:107.2,113.8 1 1
github.com/PenguinTech/MarchProxy/proxy-ailb/internal/grpc/module_server.go:117.108,139.2 4 1
github.com/PenguinTech/MarchProxy/proxy-ailb/internal/grpc/module_server.go:143.110,145.16 2 0
github.com/PenguinTech/MarchProxy/proxy-ailb/internal/grpc/module_server.go:145.16,147.3 1 0
github.com/PenguinTech/MarchProxy/proxy-ailb/internal/grpc/module_server.go:149.2,163.12 8 0
github.com/PenguinTech/MarchProxy/proxy-ailb/internal/grpc/module_server.go:163.12,167.3 3 0
github.com/PenguinTech/MarchProxy/proxy-ailb/internal/grpc/module_server.go:169.2,169.23 1 0
github.com/PenguinTech/MarchProxy/proxy-ailb/internal/router/router.go:38.67,43.2 1 1
github.com/PenguinTech/MarchProxy/proxy-ailb/internal/router/router.go:47.106,49.2 1 1
github.com/PenguinTech/MarchProxy/proxy-ailb/internal/router/router.go:52.137,54.25 2 1
github.com/PenguinTech/MarchProxy/proxy-ailb/internal/router/router.go:54.25,56.3 1 1
github.com/PenguinTech/MarchProxy/proxy-ailb/internal/router/router.go:58.2,59.60 2 1
github.com/PenguinTech/MarchProxy/proxy-ailb/internal/router/router.go:63.137,65.14 2 1
github.com/PenguinTech/MarchProxy/proxy-ailb/internal/router/router.go:65.14,67.3 1 1
github.com/PenguinTech/MarchProxy/proxy-ailb/internal/router/router.go:69.2,73.16 4 1
github.com/PenguinTech/MarchProxy/proxy-ailb/internal/router/router.go:73.16,76.3 2 1
github.com/PenguinTech/MarchProxy/proxy-ailb/internal/router/router.go:78.2,80.18 3 1
github.com/PenguinTech/MarchProxy/proxy-ailb/internal/router/router.go:85.63,87.41 2 1
github.com/PenguinTech/MarchProxy/proxy-ailb/internal/router/router.go:87.41,93.37 4 1
github.com/PenguinTech/MarchProxy/proxy-ailb/internal/router/router.go:93.37,95.84 1 0
github.com/PenguinTech/MarchProxy/proxy-ailb/internal/router/router.go:95.84,97.13 2 0
github.com/PenguinTech/MarchProxy/proxy-ailb/internal/router/router.go:100.3,101.38 2 1
github.com/PenguinTech/MarchProxy/proxy-ailb/internal/router/router.go:104.2,104.25 1 1
github.com/PenguinTech/MarchProxy/proxy-ailb/internal/router/router.go:104.25,106.42 1 1
github.com/PenguinTech/MarchProxy/proxy-ailb/internal/router/router.go:106.42,108.4 1 0
github.com/PenguinTech/MarchProxy/proxy-ailb/internal/router/router.go:111.2,111.18 1 1
github.com/PenguinTech/MarchProxy/proxy-ailb/internal/router/router.go:115.93,116.25 1 1
github.com/PenguinTech/MarchProxy/proxy-ailb/internal/router/router.go:116.25,118.3 1 0
github.com/PenguinTech/MarchProxy/proxy-ailb/internal/router/router.go:119.2,119.25 1 1
github.com/PenguinTech/MarchProxy/proxy-ailb/internal/router/router.go:119.25,121.3 1 1
github.com/PenguinTech/MarchProxy/proxy-ailb/internal/router/router.go:123.2,123.18 1 1
github.com/PenguinTech/MarchProxy/proxy-ailb/internal/router/router.go:124.26,126.47 2 1
github.com/PenguinTech/MarchProxy/proxy-ailb/internal/router/router.go:128.32,129.36 1 1
github.com/PenguinTech/MarchProxy/proxy-ailb/internal/router/router.go:131.28,132.34 1 1
github.com/PenguinTech/MarchProxy/proxy-ailb/internal/router/router.go:134.24,135.36 1 1
github.com/PenguinTech/MarchProxy/proxy-ailb/internal/router/router.go:137.22,138.46 1 1
github.com/PenguinTech/MarchProxy/proxy-ailb/internal/router/router.go:140.29,145.31 3 1
github.com/PenguinTech/MarchProxy/proxy-ailb/internal/router/router.go:145.31,147.4 1 1
github.com/PenguinTech/MarchProxy/proxy-ailb/internal/router/router.go:148.3,148.30 1 1
github.com/PenguinTech/MarchProxy/proxy-ailb/internal/router/router.go:148.30,149.14 1 1
github.com/PenguinTech/MarchProxy/proxy-ailb/internal/router/router.go:149.14,151.5 1 1
github.com/PenguinTech/MarchProxy/proxy-ailb/internal/router/router.go:153.3,153.22 1 0
github.com/PenguinTech/MarchProxy/proxy-ailb/internal/router/router.go:155.10,156.22 1 0
github.com/PenguinTech/MarchProxy/proxy-ailb/internal/router/router.go:160.59,164.33 3 1
github.com/PenguinTech/MarchProxy/proxy-ailb/internal/router/router.go:164.33,171.39 6 1
github.com/PenguinTech/MarchProxy/proxy-ailb/internal/router/router.go:171.39,174.4 2 1
github.com/PenguinTech/MarchProxy/proxy-ailb/internal/router/router.go:176.2,176.13 1 1
github.com/PenguinTech/MarchProxy/proxy-ailb/internal/router/router.go:179.57,183.33 3 1
github.com/PenguinTech/MarchProxy/proxy-ailb/internal/router/router.go:183.33,189.24 5 1
github.com/PenguinTech/MarchProxy/proxy-ailb/internal/router/router.go:189.24,192.4 2 1
github.com/PenguinTech/MarchProxy/proxy-ailb/internal/router/router.go:194.2,194.13 1 1
github.com/PenguinTech/MarchProxy/proxy-ailb/internal/router/router.go:197.59,200.30 3 1
github.com/PenguinTech/MarchProxy/proxy-ailb/internal/router/router.go:200.30,202.3 1 1
github.com/PenguinTech/MarchProxy/proxy-ailb/internal/router/router.go:203.2,203.29 1 1
github.com/PenguinTech/MarchProxy/proxy-ailb/internal/router/router.go:203.29,204.13 1 1
github.com/PenguinTech/MarchProxy/proxy-ailb/internal/router/router.go:204.13,206.4 1 1
github.com/PenguinTech/MarchProxy/proxy-ailb/internal/router/router.go:208.2,208.21 1 0
github.com/PenguinTech/MarchProxy/proxy-ailb/internal/router/router.go:212.156,215.33 3 1
github.com/PenguinTech/MarchProxy/proxy-ailb/internal/router/router.go:215.33,216.22 1 1
github.com/PenguinTech/MarchProxy/proxy-ailb/internal/router/router.go:216.22,218.4 1 1
github.com/PenguinTech/MarchProxy/proxy-ailb/internal/router/router.go:221.2,222.29 2 1
github.com/PenguinTech/MarchProxy/proxy-ailb/internal/router/router.go:222.29,224.15 2 1
github.com/PenguinTech/MarchProxy/proxy-ailb/internal/router/router.go:224.15,225.12 1 0
github.com/PenguinTech/MarchProxy/proxy-ailb/internal/router/router.go:228.3,232.17 4 1
github.com/PenguinTech/MarchProxy/proxy-ailb/internal/router/router.go:232.17,236.12 4 1
github.com/PenguinTech/MarchProxy/proxy-ailb/internal/router/router.go:239.3,242.19 4 1
github.com/PenguinTech/MarchProxy/proxy-ailb/internal/router/router.go:245.2,245.85 1 1
github.com/PenguinTech/MarchProxy/proxy-ailb/internal/router/router.go:248.55,251.2 2 1
github.com/PenguinTech/MarchProxy/proxy-ailb/internal/router/router.go:253.68,264.29 9 1
github.com/PenguinTech/MarchProxy/proxy-ailb/internal/router/router.go:264.29,266.3 1 1
github.com/PenguinTech/MarchProxy/proxy-ailb/internal/router/router.go:266.8,268.3 1 1
github.com/PenguinTech/MarchProxy/proxy-ailb/internal/router/router.go:271.45,280.2 7 1
github.com/PenguinTech/MarchProxy/proxy-ailb/internal/router/router.go:283.52,285.42 2 1
github.com/PenguinTech/MarchProxy/proxy-ailb/internal/router/router.go:285.42,299.3 6 1
github.com/PenguinTech/MarchProxy/proxy-ailb/internal/router/router.go:300.2,300.15 1 1
github.com/PenguinTech/MarchProxy/proxy-ailb/internal/router/selector.go:17.74,19.18 2 1
github.com/PenguinTech/MarchProxy/proxy-ailb/internal/router/selector.go:19.18,21.3 1 1
github.com/PenguinTech/MarchProxy/proxy-ailb/internal/router/selector.go:26.2,27.14 2 1
github.com/PenguinTech/MarchProxy/proxy-ailb/internal/router/selector.go:27.14,30.3 1 1
github.com/PenguinTech/MarchProxy/proxy-ailb/internal/router/selector.go:32.2,35.17 3 1
github.com/PenguinTech/MarchProxy/proxy-ailb/internal/router/selector.go:35.17,37.3 1 1
github.com/PenguinTech/MarchProxy/proxy-ailb/internal/router/selector.go:39.2,39.30 1 1
github.com/PenguinTech/MarchProxy/proxy-ailb/internal/router/strategy.go:16.39,17.21 1 1
github.com/PenguinTech/MarchProxy/proxy-ailb/internal/router/strategy.go:19.58,20.21 1 1
github.com/PenguinTech/MarchProxy/proxy-ailb/internal/router/strategy.go:21.10,22.28 1 1
