mode: set
marchproxy-egress/internal/config/config.go:175.26,247.2 2 1
marchproxy-egress/internal/config/config.go:250.35,252.24 1 1
marchproxy-egress/internal/config/config.go:252.24,254.3 1 1
marchproxy-egress/internal/config/config.go:255.2,255.27 1 1
marchproxy-egress/internal/config/config.go:255.27,257.3 1 1
marchproxy-egress/internal/config/config.go:260.2,260.46 1 1
marchproxy-egress/internal/config/config.go:260.46,262.3 1 1
marchproxy-egress/internal/config/config.go:263.2,263.44 1 1
marchproxy-egress/internal/config/config.go:263.44,265.3 1 0
marchproxy-egress/internal/config/config.go:268.2,268.33 1 1
marchproxy-egress/internal/config/config.go:268.33,270.3 1 1
marchproxy-egress/internal/config/config.go:272.2,272.12 1 1
marchproxy-egress/internal/config/config.go:276.39,277.22 1 1
marchproxy-egress/internal/config/config.go:277.22,279.3 1 1
marchproxy-egress/internal/config/config.go:280.2,280.22 1 0
marchproxy-egress/internal/config/config.go:284.48,291.42 3 0
marchproxy-egress/internal/config/config.go:291.42,293.3 1 0
marchproxy-egress/internal/config/config.go:296.2,302.22 5 0
marchproxy-egress/internal/config/config.go:302.22,304.42 2 0
marchproxy-egress/internal/config/config.go:304.42,306.4 1 0
marchproxy-egress/internal/config/config.go:310.2,311.45 2 0
marchproxy-egress/internal/config/config.go:311.45,313.3 1 0
marchproxy-egress/internal/config/config.go:316.2,316.48 1 0
marchproxy-egress/internal/config/config.go:316.48,318.3 1 0
marchproxy-egress/internal/config/config.go:320.2,320.21 1 0
marchproxy-egress/internal/config/config.go:323.34,432.2 77 0
marchproxy-egress/internal/config/config.go:434.58,446.44 2 0
marchproxy-egress/internal/config/config.go:446.44,447.74 1 0
marchproxy-egress/internal/config/config.go:447.74,449.4 1 0
marchproxy-egress/internal/config/config.go:452.2,452.12 1 0
marchproxy-egress/internal/config/config.go:455.43,457.29 1 0
marchproxy-egress/internal/config/config.go:457.29,459.3 1 0
marchproxy-egress/internal/config/config.go:461.2,461.32 1 0
marchproxy-egress/internal/config/config.go:461.32,463.3 1 0
marchproxy-egress/internal/config/config.go:465.2,465.28 1 0
marchproxy-egress/internal/config/config.go:465.28,467.3 1 0
marchproxy-egress/internal/config/config.go:469.2,469.27 1 0
marchproxy-egress/internal/config/config.go:469.27,471.3 1 0
marchproxy-egress/internal/config/config.go:474.2,474.57 1 0
marchproxy-egress/internal/config/config.go:474.57,476.3 1 0
marchproxy-egress/internal/config/config.go:478.2,478.55 1 0
marchproxy-egress/internal/config/config.go:478.55,480.3 1 0
marchproxy-egress/internal/config/config.go:482.2,482.43 1 0
marchproxy-egress/internal/config/config.go:482.43,484.3 1 0
marchproxy-egress/internal/config/config.go:487.2,489.39 3 0
marchproxy-egress/internal/config/config.go:489.39,490.31 1 0
marchproxy-egress/internal/config/config.go:490.31,492.9 2 0
marchproxy-egress/internal/config/config.go:495.2,495.22 1 0
marchproxy-egress/internal/config/config.go:495.22,497.3 1 0
marchproxy-egress/internal/config/config.go:500.2,500.30 1 0
marchproxy-egress/internal/config/config.go:500.30,502.3 1 0
marchproxy-egress/internal/config/config.go:505.2,505.31 1 0
marchproxy-egress/internal/config/config.go:505.31,507.62 1 0
marchproxy-egress/internal/config/config.go:507.62,508.75 1 0
marchproxy-egress/internal/config/config.go:508.75,510.5 1 0
marchproxy-egress/internal/config/config.go:516.2,516.38 1 0
marchproxy-egress/internal/config/config.go:516.38,518.3 1 0
marchproxy-egress/internal/config/config.go:520.2,520.34 1 0
marchproxy-egress/internal/config/config.go:520.34,522.3 1 0
marchproxy-egress/internal/config/config.go:524.2,524.34 1 0
marchproxy-egress/internal/config/config.go:524.34,526.3 1 0
marchproxy-egress/internal/config/config.go:529.2,529.57 1 0
marchproxy-egress/internal/config/config.go:529.57,531.3 1 0
marchproxy-egress/internal/config/config.go:534.2,534.23 1 0
marchproxy-egress/internal/config/config.go:534.23,535.38 1 0
marchproxy-egress/internal/config/config.go:535.38,537.4 1 0
marchproxy-egress/internal/config/config.go:538.3,538.37 1 0
marchproxy-egress/internal/config/config.go:538.37,540.4 1 0
marchproxy-egress/internal/config/config.go:541.3,541.68 1 0
marchproxy-egress/internal/config/config.go:541.68,543.4 1 0
marchproxy-egress/internal/config/config.go:547.2,547.23 1 0
marchproxy-egress/internal/config/config.go:547.23,548.34 1 0
marchproxy-egress/internal/config/config.go:548.34,550.4 1 0
marchproxy-egress/internal/config/config.go:551.3,551.38 1 0
marchproxy-egress/internal/config/config.go:551.38,553.4 1 0
marchproxy-egress/internal/config/config.go:554.3,554.72 1 0
marchproxy-egress/internal/config/config.go:554.72,556.4 1 0
marchproxy-egress/internal/config/config.go:557.3,557.72 1 0
marchproxy-egress/internal/config/config.go:557.72,559.4 1 0
marchproxy-egress/internal/config/config.go:560.3,560.74 1 0
marchproxy-egress/internal/config/config.go:560.74,562.4 1 0
marchproxy-egress/internal/config/config.go:564.3,566.45 3 0
marchproxy-egress/internal/config/config.go:566.45,567.35 1 0
marchproxy-egress/internal/config/config.go:567.35,569.10 2 0
marchproxy-egress/internal/config/config.go:572.3,572.28 1 0
marchproxy-egress/internal/config/config.go:572.28,574.4 1 0
marchproxy-egress/internal/config/config.go:578.2,578.27 1 0
marchproxy-egress/internal/config/config.go:578.27,579.36 1 0
marchproxy-egress/internal/config/config.go:579.36,581.4 1 0
marchproxy-egress/internal/config/config.go:582.3,582.37 1 0
marchproxy-egress/internal/config/config.go:582.37,584.4 1 0
marchproxy-egress/internal/config/config.go:585.3,585.143 1 0
marchproxy-egress/internal/config/config.go:585.143,587.4 1 0
marchproxy-egress/internal/config/config.go:588.3,588.125 1 0
marchproxy-egress/internal/config/config.go:588.125,590.4 1 0
marchproxy-egress/internal/config/config.go:594.2,594.33 1 0
marchproxy-egress/internal/config/config.go:594.33,595.88 1 0
marchproxy-egress/internal/config/config.go:595.88,597.4 1 0
marchproxy-egress/internal/config/config.go:598.3,598.41 1 0
marchproxy-egress/internal/config/config.go:598.41,599.44 1 0
marchproxy-egress/internal/config/config.go:599.44,601.5 1 0
marchproxy-egress/internal/config/config.go:602.4,602.43 1 0
marchproxy-egress/internal/config/config.go:602.43,604.5 1 0
marchproxy-egress/internal/config/config.go:606.3,606.44 1 0
marchproxy-egress/internal/config/config.go:606.44,608.4 1 0
marchproxy-egress/internal/config/config.go:612.2,612.28 1 0
marchproxy-egress/internal/config/config.go:612.28,613.62 1 0
marchproxy-egress/internal/config/config.go:613.62,615.4 1 0
marchproxy-egress/internal/config/config.go:618.2,618.12 1 0
marchproxy-egress/internal/config/config.go:621.27,623.16 2 1
marchproxy-egress/internal/config/config.go:623.16,625.3 1 0
marchproxy-egress/internal/config/config.go:626.2,626.17 1 1
marchproxy-egress/internal/config/config.go:629.53,631.17 2 0
marchproxy-egress/internal/config/config.go:631.17,633.3 1 0
marchproxy-egress/internal/config/config.go:635.2,635.32 1 0
marchproxy-egress/internal/config/config.go:636.32,637.14 1 0
marchproxy-egress/internal/config/config.go:638.33,639.15 1 0
marchproxy-egress/internal/config/config.go:640.10,641.22 1 0
marchproxy-egress/internal/config/config.go:645.50,647.17 2 0
marchproxy-egress/internal/config/config.go:647.17,649.3 1 0
marchproxy-egress/internal/config/config.go:651.2,652.16 2 0
marchproxy-egress/internal/config/config.go:652.16,654.3 1 0
marchproxy-egress/internal/config/config.go:655.2,655.17 1 0
marchproxy-egress/internal/config/config.go:658.55,660.17 2 0
marchproxy-egress/internal/config/config.go:660.17,662.3 1 0
marchproxy-egress/internal/config/config.go:663.2,663.14 1 0
marchproxy-egress/internal/config/config.go:666.75,668.17 2 0
marchproxy-egress/internal/config/config.go:668.17,670.3 1 0
marchproxy-egress/internal/config/config.go:672.2,673.16 2 0
marchproxy-egress/internal/config/config.go:673.16,675.3 1 0
marchproxy-egress/internal/config/config.go:676.2,676.17 1 0
marchproxy-egress/internal/config/config.go:679.68,681.17 2 0
marchproxy-egress/internal/config/config.go:681.17,683.3 1 0
marchproxy-egress/internal/config/config.go:686.2,688.29 3 0
marchproxy-egress/internal/config/config.go:688.29,690.20 2 0
marchproxy-egress/internal/config/config.go:690.20,692.4 1 0
marchproxy-egress/internal/config/config.go:694.2,694.22 1 0
marchproxy-egress/internal/config/config.go:694.22,696.3 1 0
marchproxy-egress/internal/config/config.go:697.2,697.15 1 0
marchproxy-egress/internal/config/config.go:701.44,703.2 1 1
marchproxy-egress/internal/config/config.go:706.43,708.2 1 1
marchproxy-egress/internal/config/config.go:711.54,713.2 1 0
marchproxy-egress/internal/config/config.go:716.45,719.18 2 0
marchproxy-egress/internal/config/config.go:719.18,721.3 1 0
marchproxy-egress/internal/config/config.go:723.2,723.18 1 0
marchproxy-egress/internal/config/config.go:723.18,725.3 1 0
marchproxy-egress/internal/config/config.go:727.2,727.17 1 0
marchproxy-egress/internal/config/config.go:727.17,729.3 1 0
marchproxy-egress/internal/config/config.go:731.2,731.19 1 0
marchproxy-egress/internal/config/config.go:731.19,733.3 1 0
marchproxy-egress/internal/config/config.go:735.2,735.19 1 0
marchproxy-egress/internal/config/config.go:735.19,737.3 1 0
marchproxy-egress/internal/config/config.go:739.2,739.18 1 0
marchproxy-egress/internal/config/config.go:739.18,741.3 1 0
marchproxy-egress/internal/config/config.go:744.2,744.18 1 0
marchproxy-egress/internal/config/config.go:744.18,748.24 4 0
marchproxy-egress/internal/config/config.go:748.24,750.4 1 0
marchproxy-egress/internal/config/config.go:754.2,754.22 1 0
marchproxy-egress/internal/config/config.go:754.22,756.33 2 0
marchproxy-egress/internal/config/config.go:756.33,758.4 1 0
marchproxy-egress/internal/config/config.go:759.3,759.37 1 0
marchproxy-egress/internal/config/config.go:759.37,761.4 1 0
marchproxy-egress/internal/config/config.go:762.3,762.34 1 0
marchproxy-egress/internal/config/config.go:762.34,764.4 1 0
marchproxy-egress/internal/config/config.go:768.2,768.28 1 0
marchproxy-egress/internal/config/config.go:768.28,770.3 1 0
marchproxy-egress/internal/config/config.go:773.2,773.29 1 0
marchproxy-egress/internal/config/config.go:773.29,775.3 1 0
marchproxy-egress/internal/config/config.go:777.2,777.21 1 0
marchproxy-egress/internal/config/config.go:781.39,782.19 1 1
marchproxy-egress/internal/config/config.go:782.19,784.3 1 1
marchproxy-egress/internal/config/config.go:786.2,786.92 1 1
marchproxy-egress/internal/config/config.go:790.75,792.2 1 0
marchproxy-egress/internal/config/config.go:795.44,797.2 1 0
marchproxy-egress/internal/config/config.go:800.48,802.2 1 0
marchproxy-egress/internal/config/config.go:805.63,806.25 1 0
marchproxy-egress/internal/config/config.go:806.25,808.3 1 0
marchproxy-egress/internal/config/config.go:810.2,822.3 1 0
marchproxy-egress/internal/config/config.go:826.37,828.2 1 0
marchproxy-egress/internal/config/config.go:831.40,833.2 1 0
marchproxy-egress/internal/config/config.go:836.78,838.2 1 0
marchproxy-egress/internal/config/config.go:841.41,843.2 1 0
marchproxy-egress/internal/config/config.go:846.47,848.2 1 0
marchproxy-egress/internal/config/config.go:851.71,853.2 1 0
marchproxy-egress/internal/config/config.go:856.47,858.2 1 0
marchproxy-egress/internal/config/config.go:861.48,863.2 1 0
marchproxy-egress/internal/config/config.go:866.45,868.2 1 0
marchproxy-egress/internal/config/config.go:871.42,873.2 1 0
marchproxy-egress/internal/config/config.go:876.46,878.48 1 1
marchproxy-egress/internal/config/config.go:878.48,880.3 1 1
marchproxy-egress/internal/config/config.go:881.2,881.52 1 1
marchproxy-egress/internal/config/config.go:881.52,883.3 1 1
marchproxy-egress/internal/config/config.go:884.2,884.49 1 1
marchproxy-egress/internal/config/config.go:884.49,886.3 1 1
marchproxy-egress/internal/config/config.go:887.2,887.50 1 1
marchproxy-egress/internal/config/config.go:887.50,889.3 1 1
marchproxy-egress/internal/config/config.go:890.2,890.50 1 1
marchproxy-egress/internal/config/config.go:890.50,891.47 1 1
marchproxy-egress/internal/config/config.go:891.47,893.4 1 1
marchproxy-egress/internal/config/config.go:895.2,895.50 1 1
marchproxy-egress/internal/config/config.go:895.50,897.3 1 1
marchproxy-egress/internal/config/config.go:898.2,898.59 1 1
marchproxy-egress/internal/config/config.go:898.59,900.3 1 1
marchproxy-egress/internal/config/config.go:901.2,901.12 1 1
marchproxy-egress/internal/config/config.go:905.50,908.41 3 1
marchproxy-egress/internal/config/config.go:908.41,910.3 1 0
marchproxy-egress/internal/config/config.go:911.2,911.39 1 1
marchproxy-egress/internal/config/config.go:911.39,913.3 1 0
marchproxy-egress/internal/config/config.go:914.2,914.12 1 1
marchproxy-egress/internal/config/config.go:918.47,920.2 1 1
marchproxy-egress/internal/config/config.go:923.41,924.25 1 1
marchproxy-egress/internal/config/config.go:924.25,926.3 1 1
marchproxy-egress/internal/config/config.go:927.2,927.10 1 1
marchproxy-egress/internal/config/config.go:931.38,933.2 1 1
marchproxy-egress/internal/compression/engine.go:170.73,171.19 1 1
marchproxy-egress/internal/compression/engine.go:171.19,191.3 1 1
marchproxy-egress/internal/compression/engine.go:193.2,210.24 4 1
marchproxy-egress/internal/compression/engine.go:210.24,212.3 1 1
marchproxy-egress/internal/compression/engine.go:214.2,214.15 1 1
marchproxy-egress/internal/compression/engine.go:218.51,236.2 9 1
marchproxy-egress/internal/compression/engine.go:239.51,246.2 5 1
marchproxy-egress/internal/compression/engine.go:249.94,257.29 5 1
marchproxy-egress/internal/compression/engine.go:257.29,266.3 1 1
marchproxy-egress/internal/compression/engine.go:269.2,274.16 4 1
marchproxy-egress/internal/compression/engine.go:274.16,276.69 2 0
marchproxy-egress/internal/compression/engine.go:276.69,278.4 1 0
marchproxy-egress/internal/compression/engine.go:279.3,279.56 1 0
marchproxy-egress/internal/compression/engine.go:283.2,292.68 7 1
marchproxy-egress/internal/compression/engine.go:292.68,297.3 4 1
marchproxy-egress/internal/compression/engine.go:300.2,312.22 3 1
marchproxy-egress/internal/compression/engine.go:316.91,321.13 4 1
marchproxy-egress/internal/compression/engine.go:321.13,323.3 1 1
marchproxy-egress/internal/compression/engine.go:325.2,326.16 2 1
marchproxy-egress/internal/compression/engine.go:326.16,329.3 2 0
marchproxy-egress/internal/compression/engine.go:331.2,332.26 2 1
marchproxy-egress/internal/compression/engine.go:336.97,338.35 1 0
marchproxy-egress/internal/compression/engine.go:338.35,340.3 1 0
marchproxy-egress/internal/compression/engine.go:343.2,344.16 2 0
marchproxy-egress/internal/compression/engine.go:344.16,346.3 1 0
marchproxy-egress/internal/compression/engine.go:347.2,359.16 4 0
marchproxy-egress/internal/compression/engine.go:359.16,361.3 1 0
marchproxy-egress/internal/compression/engine.go:364.2,364.62 1 0
marchproxy-egress/internal/compression/engine.go:364.62,373.3 5 0
marchproxy-egress/internal/compression/engine.go:373.8,376.3 1 0
marchproxy-egress/internal/compression/engine.go:378.2,378.12 1 0
marchproxy-egress/internal/compression/engine.go:382.75,385.66 2 1
marchproxy-egress/internal/compression/engine.go:385.66,387.3 1 1
marchproxy-egress/internal/compression/engine.go:390.2,390.52 1 1
marchproxy-egress/internal/compression/engine.go:390.52,392.3 1 0
marchproxy-egress/internal/compression/engine.go:394.2,394.13 1 1
marchproxy-egress/internal/compression/engine.go:398.85,403.56 2 1
marchproxy-egress/internal/compression/engine.go:403.56,404.62 1 1
marchproxy-egress/internal/compression/engine.go:404.62,406.4 1 1
marchproxy-egress/internal/compression/engine.go:409.2,409.35 1 0
marchproxy-egress/internal/compression/engine.go:413.84,416.18 2 1
marchproxy-egress/internal/compression/engine.go:416.18,418.3 1 0
marchproxy-egress/internal/compression/engine.go:420.2,420.54 1 1
marchproxy-egress/internal/compression/engine.go:420.54,428.34 5 1
marchproxy-egress/internal/compression/engine.go:428.34,430.37 2 0
marchproxy-egress/internal/compression/engine.go:430.37,431.63 1 0
marchproxy-egress/internal/compression/engine.go:431.63,433.6 1 0
marchproxy-egress/internal/compression/engine.go:437.3,437.29 1 1
marchproxy-egress/internal/compression/engine.go:440.2,440.19 1 1
marchproxy-egress/internal/compression/engine.go:444.107,448.2 3 1
marchproxy-egress/internal/compression/engine.go:451.75,452.19 1 1
marchproxy-egress/internal/compression/engine.go:453.21,454.16 1 1
marchproxy-egress/internal/compression/engine.go:455.24,456.19 1 1
marchproxy-egress/internal/compression/engine.go:457.23,458.14 1 0
marchproxy-egress/internal/compression/engine.go:459.21,460.16 1 0
marchproxy-egress/internal/compression/engine.go:461.20,462.15 1 0
marchproxy-egress/internal/compression/engine.go:463.23,464.18 1 0
marchproxy-egress/internal/compression/engine.go:465.10,466.16 1 0
marchproxy-egress/internal/compression/engine.go:471.81,472.23 1 1
marchproxy-egress/internal/compression/engine.go:472.23,474.3 1 0
marchproxy-egress/internal/compression/engine.go:477.2,481.51 3 1
marchproxy-egress/internal/compression/engine.go:481.51,482.44 1 0
marchproxy-egress/internal/compression/engine.go:482.44,484.4 1 0
marchproxy-egress/internal/compression/engine.go:488.2,488.50 1 1
marchproxy-egress/internal/compression/engine.go:488.50,489.44 1 1
marchproxy-egress/internal/compression/engine.go:489.44,491.4 1 1
marchproxy-egress/internal/compression/engine.go:494.2,494.14 1 0
marchproxy-egress/internal/compression/engine.go:498.79,499.28 1 1
marchproxy-egress/internal/compression/engine.go:499.28,501.3 1 1
marchproxy-egress/internal/compression/engine.go:504.2,504.38 1 0
marchproxy-egress/internal/compression/engine.go:504.38,507.3 2 0
marchproxy-egress/internal/compression/engine.go:509.2,509.14 1 0
marchproxy-egress/internal/compression/engine.go:513.76,515.47 1 0
marchproxy-egress/internal/compression/engine.go:515.47,517.3 1 0
marchproxy-egress/internal/compression/engine.go:520.2,521.48 2 0
marchproxy-egress/internal/compression/engine.go:521.48,523.3 1 0
marchproxy-egress/internal/compression/engine.go:526.2,526.28 1 0
marchproxy-egress/internal/compression/engine.go:526.28,527.101 1 0
marchproxy-egress/internal/compression/engine.go:527.101,529.4 1 0
marchproxy-egress/internal/compression/engine.go:532.2,532.13 1 0
marchproxy-egress/internal/compression/engine.go:536.128,537.23 1 1
marchproxy-egress/internal/compression/engine.go:537.23,539.3 1 0
marchproxy-egress/internal/compression/engine.go:541.2,545.13 4 1
marchproxy-egress/internal/compression/engine.go:545.13,550.3 2 1
marchproxy-egress/internal/compression/engine.go:552.2,558.82 5 1
marchproxy-egress/internal/compression/engine.go:558.82,560.3 1 0
marchproxy-egress/internal/compression/engine.go:564.47,568.6 3 0
marchproxy-egress/internal/compression/engine.go:568.6,569.10 1 0
marchproxy-egress/internal/compression/engine.go:570.19,571.26 1 0
marchproxy-egress/internal/compression/engine.go:577.50,582.26 3 0
marchproxy-egress/internal/compression/engine.go:582.26,584.3 1 0
marchproxy-egress/internal/compression/engine.go:586.2,586.34 1 0
marchproxy-egress/internal/compression/engine.go:592.71,596.16 3 1
marchproxy-egress/internal/compression/engine.go:596.16,598.3 1 0
marchproxy-egress/internal/compression/engine.go:600.2,600.46 1 1
marchproxy-egress/internal/compression/engine.go:600.46,602.3 1 0
marchproxy-egress/internal/compression/engine.go:604.2,604.39 1 1
marchproxy-egress/internal/compression/engine.go:604.39,606.3 1 0
marchproxy-egress/internal/compression/engine.go:608.2,608.25 1 1
marchproxy-egress/internal/compression/engine.go:611.49,613.2 1 0
marchproxy-egress/internal/compression/engine.go:615.43,617.2 1 0
marchproxy-egress/internal/compression/engine.go:619.39,621.2 1 0
marchproxy-egress/internal/compression/engine.go:623.39,625.2 1 0
marchproxy-egress/internal/compression/engine.go:628.74,632.16 3 1
marchproxy-egress/internal/compression/engine.go:632.16,634.3 1 0
marchproxy-egress/internal/compression/engine.go:636.2,636.46 1 1
marchproxy-egress/internal/compression/engine.go:636.46,638.3 1 0
marchproxy-egress/internal/compression/engine.go:640.2,640.39 1 1
marchproxy-egress/internal/compression/engine.go:640.39,642.3 1 0
marchproxy-egress/internal/compression/engine.go:644.2,644.25 1 1
marchproxy-egress/internal/compression/engine.go:647.52,649.2 1 0
marchproxy-egress/internal/compression/engine.go:651.46,653.2 1 0
marchproxy-egress/internal/compression/engine.go:655.42,657.2 1 0
marchproxy-egress/internal/compression/engine.go:659.42,661.2 1 0
marchproxy-egress/internal/compression/engine.go:664.73,668.46 3 0
marchproxy-egress/internal/compression/engine.go:668.46,670.3 1 0
marchproxy-egress/internal/compression/engine.go:672.2,672.39 1 0
marchproxy-egress/internal/compression/engine.go:672.39,674.3 1 0
marchproxy-egress/internal/compression/engine.go:676.2,676.25 1 0
marchproxy-egress/internal/compression/engine.go:679.51,681.2 1 0
marchproxy-egress/internal/compression/engine.go:683.45,685.2 1 0
marchproxy-egress/internal/compression/engine.go:687.41,689.2 1 0
marchproxy-egress/internal/compression/engine.go:691.41,693.2 1 0
marchproxy-egress/internal/compression/engine.go:696.71,698.16 2 0
marchproxy-egress/internal/compression/engine.go:698.16,700.3 1 0
marchproxy-egress/internal/compression/engine.go:701.2,703.42 2 0
marchproxy-egress/internal/compression/engine.go:706.49,708.2 1 0
marchproxy-egress/internal/compression/engine.go:710.43,712.2 1 0
marchproxy-egress/internal/compression/engine.go:714.39,716.2 1 0
marchproxy-egress/internal/compression/engine.go:718.39,720.2 1 0
marchproxy-egress/internal/compression/engine.go:725.60,727.16 2 1
marchproxy-egress/internal/compression/engine.go:727.16,729.3 1 0
marchproxy-egress/internal/compression/engine.go:730.2,732.27 2 1
marchproxy-egress/internal/compression/engine.go:735.49,737.2 1 0
marchproxy-egress/internal/compression/engine.go:740.63,742.16 2 1
marchproxy-egress/internal/compression/engine.go:742.16,744.3 1 0
marchproxy-egress/internal/compression/engine.go:745.2,747.27 2 1
marchproxy-egress/internal/compression/engine.go:750.52,752.2 1 0
marchproxy-egress/internal/compression/engine.go:755.62,758.2 2 0
marchproxy-egress/internal/compression/engine.go:760.51,762.2 1 0
marchproxy-egress/internal/compression/engine.go:765.60,767.16 2 0
marchproxy-egress/internal/compression/engine.go:767.16,769.3 1 0
marchproxy-egress/internal/compression/engine.go:770.2,772.37 2 0
marchproxy-egress/internal/compression/engine.go:775.49,777.2 1 0
marchproxy-egress/internal/compression/engine.go:780.44,787.27 2 1
marchproxy-egress/internal/compression/engine.go:787.27,789.4 1 1
marchproxy-egress/internal/compression/engine.go:792.2,793.27 1 1
marchproxy-egress/internal/compression/engine.go:793.27,795.4 1 0
marchproxy-egress/internal/compression/engine.go:798.2,799.27 1 1
marchproxy-egress/internal/compression/engine.go:799.27,801.4 1 0
marchproxy-egress/internal/compression/engine.go:804.2,804.13 1 1
marchproxy-egress/internal/compression/engine.go:808.64,812.49 3 1
marchproxy-egress/internal/compression/engine.go:812.49,814.3 1 1
marchproxy-egress/internal/compression/engine.go:816.2,816.12 1 1
marchproxy-egress/internal/compression/engine.go:820.73,824.49 3 1
marchproxy-egress/internal/compression/engine.go:824.49,826.3 1 1
marchproxy-egress/internal/compression/engine.go:830.59,836.2 4 1
marchproxy-egress/internal/compression/engine.go:839.67,844.37 4 1
marchproxy-egress/internal/compression/engine.go:844.37,846.3 1 1
marchproxy-egress/internal/compression/engine.go:847.2,847.19 1 1
marchproxy-egress/internal/levers/enforcer.go:12.13,15.16 3 1
marchproxy-egress/internal/levers/enforcer.go:15.16,16.13 1 0
marchproxy-egress/internal/levers/enforcer.go:37.49,39.2 1 1
marchproxy-egress/internal/levers/enforcer.go:42.47,43.22 1 1
marchproxy-egress/internal/levers/enforcer.go:43.22,44.49 1 1
marchproxy-egress/internal/levers/enforcer.go:44.49,46.4 1 1
marchproxy-egress/internal/levers/enforcer.go:47.8,49.41 2 1
marchproxy-egress/internal/levers/enforcer.go:49.41,51.4 1 1
marchproxy-egress/internal/levers/enforcer.go:54.2,54.44 1 1
marchproxy-egress/internal/levers/enforcer.go:54.44,56.3 1 1
marchproxy-egress/internal/levers/enforcer.go:57.2,57.46 1 1
marchproxy-egress/internal/levers/enforcer.go:57.46,63.3 1 1
marchproxy-egress/internal/levers/enforcer.go:64.2,64.12 1 1
marchproxy-egress/internal/levers/enforcer.go:67.56,68.51 1 1
marchproxy-egress/internal/levers/enforcer.go:68.51,70.3 1 0
marchproxy-egress/internal/levers/enforcer.go:71.2,71.51 1 1
marchproxy-egress/internal/levers/enforcer.go:71.51,73.3 1 0
marchproxy-egress/internal/levers/enforcer.go:75.2,75.40 1 1
marchproxy-egress/internal/levers/enforcer.go:75.40,76.51 1 1
marchproxy-egress/internal/levers/enforcer.go:76.51,78.12 2 1
marchproxy-egress/internal/levers/enforcer.go:80.3,80.51 1 1
marchproxy-egress/internal/levers/enforcer.go:80.51,82.4 1 1
marchproxy-egress/internal/levers/enforcer.go:85.2,85.40 1 1
marchproxy-egress/internal/levers/enforcer.go:85.40,86.51 1 1
marchproxy-egress/internal/levers/enforcer.go:86.51,88.12 2 0
marchproxy-egress/internal/levers/enforcer.go:90.3,90.51 1 1
marchproxy-egress/internal/levers/enforcer.go:90.51,92.4 1 0
marchproxy-egress/internal/levers/enforcer.go:95.2,95.43 1 1
marchproxy-egress/internal/levers/enforcer.go:95.43,96.60 1 1
marchproxy-egress/internal/levers/enforcer.go:96.60,98.4 1 0
marchproxy-egress/internal/levers/enforcer.go:100.2,100.12 1 1
marchproxy-egress/internal/levers/server.go:17.13,20.16 3 1
marchproxy-egress/internal/levers/server.go:20.16,21.13 1 0
marchproxy-egress/internal/levers/server.go:57.71,59.2 1 1
marchproxy-egress/internal/levers/server.go:62.53,65.2 2 1
marchproxy-egress/internal/levers/server.go:67.70,68.33 1 1
marchproxy-egress/internal/levers/server.go:68.33,71.3 2 1
marchproxy-egress/internal/levers/server.go:73.2,74.63 2 1
marchproxy-egress/internal/levers/server.go:74.63,78.3 3 1
marchproxy-egress/internal/levers/server.go:80.2,80.48 1 1
marchproxy-egress/internal/levers/server.go:80.48,84.3 3 0
marchproxy-egress/internal/levers/server.go:87.2,87.53 1 1
marchproxy-egress/internal/levers/server.go:87.53,94.3 2 0
marchproxy-egress/internal/levers/server.go:96.2,110.30 5 1
marchproxy-egress/internal/levers/server.go:113.71,123.2 4 1
marchproxy-egress/internal/sync/fallback_handler.go:60.131,68.2 1 1
marchproxy-egress/internal/sync/fallback_handler.go:71.110,73.15 2 1
marchproxy-egress/internal/sync/fallback_handler.go:73.15,75.3 1 1
marchproxy-egress/internal/sync/fallback_handler.go:78.2,82.17 3 1
marchproxy-egress/internal/sync/fallback_handler.go:82.17,84.3 1 0
marchproxy-egress/internal/sync/fallback_handler.go:87.2,91.17 3 1
marchproxy-egress/internal/sync/fallback_handler.go:91.17,94.3 2 1
marchproxy-egress/internal/sync/fallback_handler.go:97.2,98.16 2 1
marchproxy-egress/internal/sync/fallback_handler.go:98.16,100.3 1 0
marchproxy-egress/internal/sync/fallback_handler.go:102.2,102.20 1 1
marchproxy-egress/internal/sync/fallback_handler.go:106.161,108.46 1 1
marchproxy-egress/internal/sync/fallback_handler.go:108.46,110.44 2 0
marchproxy-egress/internal/sync/fallback_handler.go:110.44,113.4 2 0
marchproxy-egress/internal/sync/fallback_handler.go:114.3,114.41 1 0
marchproxy-egress/internal/sync/fallback_handler.go:118.2,118.17 1 1
marchproxy-egress/internal/sync/fallback_handler.go:118.17,120.17 2 0
marchproxy-egress/internal/sync/fallback_handler.go:120.17,122.4 1 0
marchproxy-egress/internal/sync/fallback_handler.go:123.3,123.34 1 0
marchproxy-egress/internal/sync/fallback_handler.go:123.34,126.4 2 0
marchproxy-egress/internal/sync/fallback_handler.go:130.2,130.56 1 1
marchproxy-egress/internal/sync/fallback_handler.go:130.56,132.17 2 0
marchproxy-egress/internal/sync/fallback_handler.go:132.17,134.4 1 0
marchproxy-egress/internal/sync/fallback_handler.go:135.3,136.21 2 0
marchproxy-egress/internal/sync/fallback_handler.go:140.2,140.25 1 1
marchproxy-egress/internal/sync/fallback_handler.go:140.25,142.17 2 0
marchproxy-egress/internal/sync/fallback_handler.go:142.17,144.4 1 0
marchproxy-egress/internal/sync/fallback_handler.go:145.3,146.21 2 0
marchproxy-egress/internal/sync/fallback_handler.go:150.2,150.56 1 1
marchproxy-egress/internal/sync/fallback_handler.go:154.143,157.16 2 0
marchproxy-egress/internal/sync/fallback_handler.go:157.16,159.3 1 0
marchproxy-egress/internal/sync/fallback_handler.go:162.2,163.16 2 0
marchproxy-egress/internal/sync/fallback_handler.go:163.16,166.3 2 0
marchproxy-egress/internal/sync/fallback_handler.go:169.2,173.76 4 0
marchproxy-egress/internal/sync/fallback_handler.go:177.112,195.2 2 1
marchproxy-egress/internal/sync/fallback_handler.go:198.125,215.2 2 1
marchproxy-egress/internal/sync/fallback_handler.go:218.143,229.16 3 0
marchproxy-egress/internal/sync/fallback_handler.go:229.16,231.3 1 0
marchproxy-egress/internal/sync/fallback_handler.go:233.2,237.8 1 0
marchproxy-egress/internal/sync/fallback_handler.go:241.146,250.2 1 1
marchproxy-egress/internal/sync/fallback_handler.go:254.76,259.2 1 1
marchproxy-egress/internal/sync/fallback_handler.go:261.105,265.58 3 1
marchproxy-egress/internal/sync/fallback_handler.go:265.58,267.3 1 1
marchproxy-egress/internal/sync/fallback_handler.go:270.2,287.13 4 1
marchproxy-egress/internal/sync/fallback_handler.go:290.99,297.2 5 1
marchproxy-egress/internal/sync/fallback_handler.go:299.77,301.37 2 1
marchproxy-egress/internal/sync/fallback_handler.go:301.37,302.34 1 1
marchproxy-egress/internal/sync/fallback_handler.go:302.34,304.4 1 1
marchproxy-egress/internal/sync/fallback_handler.go:306.2,306.12 1 1
marchproxy-egress/internal/sync/fallback_handler.go:309.98,314.27 1 1
marchproxy-egress/internal/sync/fallback_handler.go:314.27,315.63 1 1
marchproxy-egress/internal/sync/fallback_handler.go:315.63,317.4 1 1
marchproxy-egress/internal/sync/fallback_handler.go:318.3,318.62 1 1
marchproxy-egress/internal/sync/fallback_handler.go:318.62,320.4 1 1
marchproxy-egress/internal/sync/fallback_handler.go:323.2,323.56 1 1
marchproxy-egress/internal/sync/fallback_handler.go:326.72,327.27 1 1
marchproxy-egress/internal/sync/fallback_handler.go:327.27,329.3 1 1
marchproxy-egress/internal/sync/fallback_handler.go:331.2,336.29 3 1
marchproxy-egress/internal/sync/fallback_handler.go:339.104,340.36 1 1
marchproxy-egress/internal/sync/fallback_handler.go:340.36,342.3 1 1
marchproxy-egress/internal/sync/fallback_handler.go:346.2,353.8 2 1
marchproxy-egress/internal/sync/fallback_handler.go:358.73,364.2 3 1
marchproxy-egress/internal/sync/fallback_handler.go:366.54,370.2 3 1
marchproxy-egress/internal/sync/fallback_handler.go:372.56,376.2 3 1
marchproxy-egress/internal/sync/fallback_handler.go:378.48,382.2 3 1
marchproxy-egress/internal/sync/fallback_handler.go:384.46,388.2 3 1
marchproxy-egress/internal/sync/fallback_handler.go:390.55,394.2 3 1
marchproxy-egress/internal/sync/fallback_handler.go:396.52,400.2 3 1
marchproxy-egress/internal/sync/fallback_handler.go:403.62,421.2 6 1
marchproxy-egress/internal/sync/rule_sync.go:68.92,77.2 1 1
marchproxy-egress/internal/sync/rule_sync.go:80.43,84.39 2 0
marchproxy-egress/internal/sync/rule_sync.go:84.39,86.3 1 0
marchproxy-egress/internal/sync/rule_sync.go:89.2,91.12 2 0
marchproxy-egress/internal/sync/rule_sync.go:95.36,98.2 2 1
marchproxy-egress/internal/sync/rule_sync.go:101.40,105.6 3 0
marchproxy-egress/internal/sync/rule_sync.go:105.6,106.10 1 0
marchproxy-egress/internal/sync/rule_sync.go:107.19,108.41 1 0
marchproxy-egress/internal/sync/rule_sync.go:108.41,110.5 1 0
marchproxy-egress/internal/sync/rule_sync.go:111.22,112.10 1 0
marchproxy-egress/internal/sync/rule_sync.go:118.47,128.16 2 0
marchproxy-egress/internal/sync/rule_sync.go:128.16,130.3 1 0
marchproxy-egress/internal/sync/rule_sync.go:133.2,133.41 1 0
marchproxy-egress/internal/sync/rule_sync.go:133.41,136.3 1 0
marchproxy-egress/internal/sync/rule_sync.go:138.2,148.42 6 0
marchproxy-egress/internal/sync/rule_sync.go:148.42,149.43 1 0
marchproxy-egress/internal/sync/rule_sync.go:149.43,150.47 1 0
marchproxy-egress/internal/sync/rule_sync.go:150.47,152.5 1 0
marchproxy-egress/internal/sync/rule_sync.go:157.2,157.44 1 0
marchproxy-egress/internal/sync/rule_sync.go:157.44,159.3 1 0
marchproxy-egress/internal/sync/rule_sync.go:162.2,168.12 4 0
marchproxy-egress/internal/sync/rule_sync.go:172.103,174.47 1 1
marchproxy-egress/internal/sync/rule_sync.go:174.47,175.26 1 1
marchproxy-egress/internal/sync/rule_sync.go:175.26,177.4 1 1
marchproxy-egress/internal/sync/rule_sync.go:179.2,179.45 1 1
marchproxy-egress/internal/sync/rule_sync.go:179.45,180.26 1 1
marchproxy-egress/internal/sync/rule_sync.go:180.26,182.4 1 1
marchproxy-egress/internal/sync/rule_sync.go:184.2,184.14 1 1
marchproxy-egress/internal/sync/rule_sync.go:188.100,194.20 3 1
marchproxy-egress/internal/sync/rule_sync.go:194.20,205.28 2 1
marchproxy-egress/internal/sync/rule_sync.go:205.28,208.4 1 0
marchproxy-egress/internal/sync/rule_sync.go:208.9,211.4 1 1
marchproxy-egress/internal/sync/rule_sync.go:213.3,216.74 2 1
marchproxy-egress/internal/sync/rule_sync.go:217.8,234.3 3 1
marchproxy-egress/internal/sync/rule_sync.go:238.101,242.63 1 1
marchproxy-egress/internal/sync/rule_sync.go:242.63,244.3 1 1
marchproxy-egress/internal/sync/rule_sync.go:247.2,247.24 1 1
marchproxy-egress/internal/sync/rule_sync.go:247.24,249.3 1 1
marchproxy-egress/internal/sync/rule_sync.go:252.2,252.42 1 1
marchproxy-egress/internal/sync/rule_sync.go:252.42,254.3 1 1
marchproxy-egress/internal/sync/rule_sync.go:257.2,257.37 1 1
marchproxy-egress/internal/sync/rule_sync.go:257.37,259.3 1 1
marchproxy-egress/internal/sync/rule_sync.go:262.2,262.35 1 1
marchproxy-egress/internal/sync/rule_sync.go:262.35,264.3 1 1
marchproxy-egress/internal/sync/rule_sync.go:267.2,267.42 1 1
marchproxy-egress/internal/sync/rule_sync.go:267.42,269.3 1 0
marchproxy-egress/internal/sync/rule_sync.go:277.2,277.13 1 1
marchproxy-egress/internal/sync/rule_sync.go:281.52,282.32 1 0
marchproxy-egress/internal/sync/rule_sync.go:282.32,285.3 2 0
marchproxy-egress/internal/sync/rule_sync.go:288.2,288.58 1 0
marchproxy-egress/internal/sync/rule_sync.go:288.58,290.3 1 0
marchproxy-egress/internal/sync/rule_sync.go:293.2,294.40 2 0
marchproxy-egress/internal/sync/rule_sync.go:294.40,303.71 2 0
marchproxy-egress/internal/sync/rule_sync.go:303.71,305.12 2 0
marchproxy-egress/internal/sync/rule_sync.go:308.3,308.11 1 0
marchproxy-egress/internal/sync/rule_sync.go:311.2,312.12 2 0
marchproxy-egress/internal/sync/rule_sync.go:317.73,319.34 1 1
marchproxy-egress/internal/sync/rule_sync.go:319.34,320.16 1 1
marchproxy-egress/internal/sync/rule_sync.go:321.14,322.23 1 1
marchproxy-egress/internal/sync/rule_sync.go:323.14,324.23 1 1
marchproxy-egress/internal/sync/rule_sync.go:325.15,326.24 1 1
marchproxy-egress/internal/sync/rule_sync.go:329.2,329.21 1 1
marchproxy-egress/internal/sync/rule_sync.go:332.69,333.34 1 1
marchproxy-egress/internal/sync/rule_sync.go:333.34,334.42 1 1
marchproxy-egress/internal/sync/rule_sync.go:334.42,336.4 1 1
marchproxy-egress/internal/sync/rule_sync.go:338.2,338.14 1 1
marchproxy-egress/internal/sync/rule_sync.go:341.80,345.2 1 1
marchproxy-egress/internal/sync/rule_sync.go:347.78,355.2 1 1
marchproxy-egress/internal/sync/rule_sync.go:357.102,365.2 1 1
marchproxy-egress/internal/sync/rule_sync.go:367.58,368.15 1 1
marchproxy-egress/internal/sync/rule_sync.go:368.15,370.3 1 1
marchproxy-egress/internal/sync/rule_sync.go:371.2,372.15 2 1
marchproxy-egress/internal/sync/rule_sync.go:372.15,374.3 1 1
marchproxy-egress/internal/sync/rule_sync.go:375.2,375.81 1 1
marchproxy-egress/internal/sync/rule_sync.go:379.73,384.37 4 1
marchproxy-egress/internal/sync/rule_sync.go:384.37,386.3 1 1
marchproxy-egress/internal/sync/rule_sync.go:387.2,387.14 1 1
marchproxy-egress/internal/sync/rule_sync.go:391.73,396.37 4 1
marchproxy-egress/internal/sync/rule_sync.go:396.37,398.3 1 1
marchproxy-egress/internal/sync/rule_sync.go:399.2,399.14 1 1
marchproxy-egress/internal/sync/rule_sync.go:403.67,415.2 3 1
marchproxy-egress/internal/routing/engine.go:281.61,282.19 1 1
marchproxy-egress/internal/routing/engine.go:282.19,295.3 1 1
marchproxy-egress/internal/routing/engine.go:297.2,310.24 2 1
marchproxy-egress/internal/routing/engine.go:310.24,312.3 1 1
marchproxy-egress/internal/routing/engine.go:314.2,314.15 1 1
marchproxy-egress/internal/routing/engine.go:318.55,322.43 3 1
marchproxy-egress/internal/routing/engine.go:322.43,324.3 1 0
marchproxy-egress/internal/routing/engine.go:327.2,327.48 1 1
marchproxy-egress/internal/routing/engine.go:327.48,329.3 1 1
marchproxy-egress/internal/routing/engine.go:332.2,340.26 5 1
marchproxy-egress/internal/routing/engine.go:340.26,341.46 1 1
marchproxy-egress/internal/routing/engine.go:341.46,342.54 1 1
marchproxy-egress/internal/routing/engine.go:342.54,344.5 1 1
marchproxy-egress/internal/routing/engine.go:349.2,349.44 1 1
marchproxy-egress/internal/routing/engine.go:349.44,351.3 1 0
marchproxy-egress/internal/routing/engine.go:353.2,354.12 2 1
marchproxy-egress/internal/routing/engine.go:358.60,362.34 3 1
marchproxy-egress/internal/routing/engine.go:362.34,363.26 1 0
marchproxy-egress/internal/routing/engine.go:363.26,368.28 2 0
marchproxy-egress/internal/routing/engine.go:368.28,369.48 1 0
marchproxy-egress/internal/routing/engine.go:369.48,370.56 1 0
marchproxy-egress/internal/routing/engine.go:370.56,372.7 1 0
marchproxy-egress/internal/routing/engine.go:376.4,377.14 2 0
marchproxy-egress/internal/routing/engine.go:381.2,381.51 1 1
marchproxy-egress/internal/routing/engine.go:385.94,399.26 5 1
marchproxy-egress/internal/routing/engine.go:399.26,400.61 1 1
marchproxy-egress/internal/routing/engine.go:400.61,401.87 1 1
marchproxy-egress/internal/routing/engine.go:401.87,405.5 3 1
marchproxy-egress/internal/routing/engine.go:410.2,410.34 1 1
marchproxy-egress/internal/routing/engine.go:410.34,411.21 1 1
marchproxy-egress/internal/routing/engine.go:411.21,412.12 1 0
marchproxy-egress/internal/routing/engine.go:415.3,415.37 1 1
marchproxy-egress/internal/routing/engine.go:415.37,417.41 1 0
marchproxy-egress/internal/routing/engine.go:417.41,418.52 1 0
marchproxy-egress/internal/routing/engine.go:418.52,420.14 2 0
marchproxy-egress/internal/routing/engine.go:425.4,425.31 1 0
marchproxy-egress/internal/routing/engine.go:425.31,427.23 2 0
marchproxy-egress/internal/routing/engine.go:427.23,438.6 7 0
marchproxy-egress/internal/routing/engine.go:443.2,444.56 2 1
marchproxy-egress/internal/routing/engine.go:448.96,449.45 1 1
marchproxy-egress/internal/routing/engine.go:449.45,450.33 1 1
marchproxy-egress/internal/routing/engine.go:450.33,453.4 2 1
marchproxy-egress/internal/routing/engine.go:455.2,455.13 1 1
marchproxy-egress/internal/routing/engine.go:459.120,460.20 1 1
marchproxy-egress/internal/routing/engine.go:460.20,462.3 1 0
marchproxy-egress/internal/routing/engine.go:465.2,465.37 1 1
marchproxy-egress/internal/routing/engine.go:465.37,467.3 1 0
marchproxy-egress/internal/routing/engine.go:470.2,470.39 1 1
marchproxy-egress/internal/routing/engine.go:470.39,471.50 1 0
marchproxy-egress/internal/routing/engine.go:471.50,473.4 1 0
marchproxy-egress/internal/routing/engine.go:477.2,477.29 1 1
marchproxy-egress/internal/routing/engine.go:477.29,479.21 2 1
marchproxy-egress/internal/routing/engine.go:479.21,483.4 3 1
marchproxy-egress/internal/routing/engine.go:486.2,486.48 1 0
marchproxy-egress/internal/routing/engine.go:490.60,491.20 1 1
marchproxy-egress/internal/routing/engine.go:491.20,493.3 1 1
marchproxy-egress/internal/routing/engine.go:495.2,495.22 1 1
marchproxy-egress/internal/routing/engine.go:495.22,497.3 1 1
marchproxy-egress/internal/routing/engine.go:499.2,499.32 1 1
marchproxy-egress/internal/routing/engine.go:499.32,501.3 1 1
marchproxy-egress/internal/routing/engine.go:504.2,504.37 1 1
marchproxy-egress/internal/routing/engine.go:504.37,505.30 1 0
marchproxy-egress/internal/routing/engine.go:505.30,507.4 1 0
marchproxy-egress/internal/routing/engine.go:510.2,510.12 1 1
marchproxy-egress/internal/routing/engine.go:514.43,518.6 3 0
marchproxy-egress/internal/routing/engine.go:518.6,519.10 1 0
marchproxy-egress/internal/routing/engine.go:520.19,521.26 1 0
marchproxy-egress/internal/routing/engine.go:527.46,534.23 5 0
marchproxy-egress/internal/routing/engine.go:534.23,537.3 2 0
marchproxy-egress/internal/routing/engine.go:539.2,539.34 1 0
marchproxy-egress/internal/routing/engine.go:545.77,547.23 2 1
marchproxy-egress/internal/routing/engine.go:547.23,549.3 1 1
marchproxy-egress/internal/routing/engine.go:551.2,551.17 1 1
marchproxy-egress/internal/routing/engine.go:552.17,554.24 2 1
marchproxy-egress/internal/routing/engine.go:554.24,556.4 1 1
marchproxy-egress/internal/routing/engine.go:557.3,557.25 1 1
marchproxy-egress/internal/routing/engine.go:559.18,561.24 2 1
marchproxy-egress/internal/routing/engine.go:561.24,563.4 1 1
marchproxy-egress/internal/routing/engine.go:564.3,564.42 1 1
marchproxy-egress/internal/routing/engine.go:566.17,567.55 1 1
marchproxy-egress/internal/routing/engine.go:569.20,571.24 2 1
marchproxy-egress/internal/routing/engine.go:571.24,573.4 1 0
marchproxy-egress/internal/routing/engine.go:574.3,575.17 2 1
marchproxy-egress/internal/routing/engine.go:578.2,578.14 1 0
marchproxy-egress/internal/routing/engine.go:581.42,583.2 1 0
marchproxy-egress/internal/routing/engine.go:586.79,589.17 2 1
marchproxy-egress/internal/routing/engine.go:590.19,591.38 1 1
marchproxy-egress/internal/routing/engine.go:591.38,592.25 1 1
marchproxy-egress/internal/routing/engine.go:592.25,594.5 1 1
marchproxy-egress/internal/routing/engine.go:596.3,596.15 1 1
marchproxy-egress/internal/routing/engine.go:598.19,599.22 1 0
marchproxy-egress/internal/routing/engine.go:599.22,600.39 1 0
marchproxy-egress/internal/routing/engine.go:600.39,601.36 1 0
marchproxy-egress/internal/routing/engine.go:601.36,603.6 1 0
marchproxy-egress/internal/routing/engine.go:606.3,606.15 1 0
marchproxy-egress/internal/routing/engine.go:608.21,609.31 1 1
marchproxy-egress/internal/routing/engine.go:611.20,612.32 1 0
marchproxy-egress/internal/routing/engine.go:614.22,615.38 1 1
marchproxy-egress/internal/routing/engine.go:615.38,616.41 1 1
marchproxy-egress/internal/routing/engine.go:616.41,618.5 1 1
marchproxy-egress/internal/routing/engine.go:620.3,620.15 1 1
marchproxy-egress/internal/routing/engine.go:623.2,623.14 1 0
marchproxy-egress/internal/routing/engine.go:626.44,628.2 1 0
marchproxy-egress/internal/routing/engine.go:631.78,634.17 2 1
marchproxy-egress/internal/routing/engine.go:635.18,636.37 1 1
marchproxy-egress/internal/routing/engine.go:636.37,637.25 1 1
marchproxy-egress/internal/routing/engine.go:637.25,639.5 1 1
marchproxy-egress/internal/routing/engine.go:641.3,641.15 1 1
marchproxy-egress/internal/routing/engine.go:643.18,644.22 1 0
marchproxy-egress/internal/routing/engine.go:644.22,645.38 1 0
marchproxy-egress/internal/routing/engine.go:645.38,646.36 1 0
marchproxy-egress/internal/routing/engine.go:646.36,648.6 1 0
marchproxy-egress/internal/routing/engine.go:651.3,651.15 1 0
marchproxy-egress/internal/routing/engine.go:653.20,654.30 1 1
marchproxy-egress/internal/routing/engine.go:656.19,657.31 1 0
marchproxy-egress/internal/routing/engine.go:660.2,660.14 1 0
marchproxy-egress/internal/routing/engine.go:663.43,665.2 1 0
marchproxy-egress/internal/routing/engine.go:668.79,669.36 1 1
marchproxy-egress/internal/routing/engine.go:669.36,670.27 1 1
marchproxy-egress/internal/routing/engine.go:670.27,672.4 1 1
marchproxy-egress/internal/routing/engine.go:674.2,674.14 1 1
marchproxy-egress/internal/routing/engine.go:677.44,679.2 1 1
marchproxy-egress/internal/routing/engine.go:682.77,685.17 2 1
marchproxy-egress/internal/routing/engine.go:686.17,687.40 1 1
marchproxy-egress/internal/routing/engine.go:687.40,688.27 1 1
marchproxy-egress/internal/routing/engine.go:688.27,690.5 1 1
marchproxy-egress/internal/routing/engine.go:692.3,692.15 1 1
marchproxy-egress/internal/routing/engine.go:694.20,695.36 1 0
marchproxy-egress/internal/routing/engine.go:695.36,697.15 2 0
marchproxy-egress/internal/routing/engine.go:697.15,699.5 1 0
marchproxy-egress/internal/routing/engine.go:701.3,701.15 1 0
marchproxy-egress/internal/routing/engine.go:703.17,704.55 1 0
marchproxy-egress/internal/routing/engine.go:707.2,707.14 1 0
marchproxy-egress/internal/routing/engine.go:710.42,712.2 1 0
marchproxy-egress/internal/routing/engine.go:715.77,717.24 2 1
marchproxy-egress/internal/routing/engine.go:717.24,719.3 1 0
marchproxy-egress/internal/routing/engine.go:722.2,722.22 1 1
marchproxy-egress/internal/routing/engine.go:722.22,724.31 2 0
marchproxy-egress/internal/routing/engine.go:724.31,725.28 1 0
marchproxy-egress/internal/routing/engine.go:725.28,727.10 2 0
marchproxy-egress/internal/routing/engine.go:730.3,730.18 1 0
marchproxy-egress/internal/routing/engine.go:730.18,732.4 1 0
marchproxy-egress/internal/routing/engine.go:736.2,736.52 1 1
marchproxy-egress/internal/routing/engine.go:736.52,741.32 4 1
marchproxy-egress/internal/routing/engine.go:741.32,743.4 1 1
marchproxy-egress/internal/routing/engine.go:743.9,746.4 1 1
marchproxy-egress/internal/routing/engine.go:749.2,749.13 1 1
marchproxy-egress/internal/routing/engine.go:752.42,754.2 1 0
marchproxy-egress/internal/routing/engine.go:759.80,760.21 1 1
marchproxy-egress/internal/routing/engine.go:760.21,765.3 4 1
marchproxy-egress/internal/routing/engine.go:766.2,766.12 1 1
marchproxy-egress/internal/routing/engine.go:769.42,771.2 1 0
marchproxy-egress/internal/routing/engine.go:774.82,779.2 3 1
marchproxy-egress/internal/routing/engine.go:781.44,783.2 1 0
marchproxy-egress/internal/routing/engine.go:786.79,787.22 1 1
marchproxy-egress/internal/routing/engine.go:788.17,789.36 1 1
marchproxy-egress/internal/routing/engine.go:790.17,791.36 1 1
marchproxy-egress/internal/routing/engine.go:792.20,793.26 1 1
marchproxy-egress/internal/routing/engine.go:794.21,796.36 2 1
marchproxy-egress/internal/routing/engine.go:798.2,798.12 1 1
marchproxy-egress/internal/routing/engine.go:801.41,803.2 1 0
marchproxy-egress/internal/routing/engine.go:806.84,810.2 3 0
marchproxy-egress/internal/routing/engine.go:812.46,814.2 1 0
marchproxy-egress/internal/routing/engine.go:819.132,820.24 1 1
marchproxy-egress/internal/routing/engine.go:820.24,822.3 1 1
marchproxy-egress/internal/routing/engine.go:824.2,830.24 5 1
marchproxy-egress/internal/routing/engine.go:833.48,835.2 1 0
marchproxy-egress/internal/routing/engine.go:839.56,841.20 1 1
marchproxy-egress/internal/routing/engine.go:841.20,843.3 1 0
marchproxy-egress/internal/routing/engine.go:846.2,851.16 5 1
marchproxy-egress/internal/routing/engine.go:851.16,853.3 1 0
marchproxy-egress/internal/routing/engine.go:855.2,855.37 1 1
marchproxy-egress/internal/routing/engine.go:861.30,867.2 1 1
marchproxy-egress/internal/routing/engine.go:870.52,877.35 5 1
marchproxy-egress/internal/routing/engine.go:877.35,878.20 1 1
marchproxy-egress/internal/routing/engine.go:878.20,879.12 1 0
marchproxy-egress/internal/routing/engine.go:883.3,883.73 1 1
marchproxy-egress/internal/routing/engine.go:883.73,885.28 2 1
marchproxy-egress/internal/routing/engine.go:885.28,892.5 1 1
marchproxy-egress/internal/routing/engine.go:893.4,893.24 1 1
marchproxy-egress/internal/routing/engine.go:894.9,895.52 1 1
marchproxy-egress/internal/routing/engine.go:895.52,900.5 1 1
marchproxy-egress/internal/routing/engine.go:901.4,901.33 1 1
marchproxy-egress/internal/routing/engine.go:905.2,905.42 1 1
marchproxy-egress/internal/routing/engine.go:909.47,916.35 5 1
marchproxy-egress/internal/routing/engine.go:916.35,917.20 1 1
marchproxy-egress/internal/routing/engine.go:917.20,918.12 1 0
marchproxy-egress/internal/routing/engine.go:921.3,921.54 1 1
marchproxy-egress/internal/routing/engine.go:921.54,923.4 1 1
marchproxy-egress/internal/routing/engine.go:923.9,923.34 1 1
marchproxy-egress/internal/routing/engine.go:923.34,925.4 1 1
marchproxy-egress/internal/routing/engine.go:925.9,927.4 1 1
marchproxy-egress/internal/routing/engine.go:930.2,930.26 1 1
marchproxy-egress/internal/routing/engine.go:930.26,933.3 1 1
marchproxy-egress/internal/routing/engine.go:935.2,935.12 1 1
marchproxy-egress/internal/routing/engine.go:939.55,946.35 5 1
marchproxy-egress/internal/routing/engine.go:946.35,947.20 1 1
marchproxy-egress/internal/routing/engine.go:947.20,948.12 1 0
marchproxy-egress/internal/routing/engine.go:951.3,951.73 1 1
marchproxy-egress/internal/routing/engine.go:951.73,952.28 1 0
marchproxy-egress/internal/routing/engine.go:952.28,954.5 1 0
marchproxy-egress/internal/routing/engine.go:954.10,956.5 1 0
marchproxy-egress/internal/routing/engine.go:957.9,958.55 1 1
marchproxy-egress/internal/routing/engine.go:958.55,960.5 1 1
marchproxy-egress/internal/routing/engine.go:960.10,962.5 1 0
marchproxy-egress/internal/routing/engine.go:967.2,967.32 1 1
marchproxy-egress/internal/routing/engine.go:967.32,968.23 1 1
marchproxy-egress/internal/routing/engine.go:968.23,970.9 2 1
marchproxy-egress/internal/routing/engine.go:976.51,982.2 4 1
marchproxy-egress/internal/routing/engine.go:985.47,990.34 4 1
marchproxy-egress/internal/routing/engine.go:990.34,993.3 2 0
marchproxy-egress/internal/routing/engine.go:994.2,994.15 1 1
marchproxy-egress/internal/middleware/pipeline.go:61.70,62.26 1 1
marchproxy-egress/internal/middleware/pipeline.go:62.26,64.3 1 1
marchproxy-egress/internal/middleware/pipeline.go:65.2,65.28 1 1
marchproxy-egress/internal/middleware/pipeline.go:69.63,70.26 1 1
marchproxy-egress/internal/middleware/pipeline.go:70.26,72.3 1 1
marchproxy-egress/internal/middleware/pipeline.go:73.2,73.27 1 1
marchproxy-egress/internal/middleware/pipeline.go:77.56,78.26 1 1
marchproxy-egress/internal/middleware/pipeline.go:78.26,80.3 1 1
marchproxy-egress/internal/middleware/pipeline.go:81.2,82.15 2 1
marchproxy-egress/internal/middleware/pipeline.go:86.48,88.2 1 1
marchproxy-egress/internal/middleware/pipeline.go:351.52,352.19 1 1
marchproxy-egress/internal/middleware/pipeline.go:352.19,365.3 1 1
marchproxy-egress/internal/middleware/pipeline.go:367.2,387.24 2 1
marchproxy-egress/internal/middleware/pipeline.go:387.24,389.3 1 1
marchproxy-egress/internal/middleware/pipeline.go:391.2,391.17 1 1
marchproxy-egress/internal/middleware/pipeline.go:395.63,399.51 3 0
marchproxy-egress/internal/middleware/pipeline.go:399.51,401.3 1 0
marchproxy-egress/internal/middleware/pipeline.go:404.2,404.41 1 0
marchproxy-egress/internal/middleware/pipeline.go:404.41,405.43 1 0
marchproxy-egress/internal/middleware/pipeline.go:405.43,407.4 1 0
marchproxy-egress/internal/middleware/pipeline.go:410.2,413.48 2 0
marchproxy-egress/internal/middleware/pipeline.go:413.48,415.3 1 0
marchproxy-egress/internal/middleware/pipeline.go:417.2,418.12 2 0
marchproxy-egress/internal/middleware/pipeline.go:422.56,426.43 3 1
marchproxy-egress/internal/middleware/pipeline.go:426.43,427.32 1 0
marchproxy-egress/internal/middleware/pipeline.go:427.32,431.4 3 0
marchproxy-egress/internal/middleware/pipeline.go:434.2,434.53 1 1
marchproxy-egress/internal/middleware/pipeline.go:438.82,442.29 3 0
marchproxy-egress/internal/middleware/pipeline.go:442.29,444.3 1 0
marchproxy-egress/internal/middleware/pipeline.go:446.2,446.51 1 0
marchproxy-egress/internal/middleware/pipeline.go:446.51,448.3 1 0
marchproxy-egress/internal/middleware/pipeline.go:451.2,451.50 1 0
marchproxy-egress/internal/middleware/pipeline.go:451.50,453.3 1 0
marchproxy-egress/internal/middleware/pipeline.go:455.2,457.12 3 0
marchproxy-egress/internal/middleware/pipeline.go:461.108,477.26 5 0
marchproxy-egress/internal/middleware/pipeline.go:477.26,478.49 1 0
marchproxy-egress/internal/middleware/pipeline.go:478.49,479.36 1 0
marchproxy-egress/internal/middleware/pipeline.go:479.36,482.5 2 0
marchproxy-egress/internal/middleware/pipeline.go:487.2,487.43 1 0
marchproxy-egress/internal/middleware/pipeline.go:487.43,488.28 1 0
marchproxy-egress/internal/middleware/pipeline.go:488.28,489.12 1 0
marchproxy-egress/internal/middleware/pipeline.go:492.3,492.24 1 0
marchproxy-egress/internal/middleware/pipeline.go:492.24,493.9 1 0
marchproxy-egress/internal/middleware/pipeline.go:496.3,498.61 2 0
marchproxy-egress/internal/middleware/pipeline.go:498.61,506.28 5 0
marchproxy-egress/internal/middleware/pipeline.go:506.28,507.47 1 0
marchproxy-egress/internal/middleware/pipeline.go:507.47,508.56 1 0
marchproxy-egress/internal/middleware/pipeline.go:508.56,510.7 1 0
marchproxy-egress/internal/middleware/pipeline.go:515.4,515.25 1 0
marchproxy-egress/internal/middleware/pipeline.go:515.25,518.5 2 0
marchproxy-egress/internal/middleware/pipeline.go:519.9,523.4 3 0
marchproxy-egress/internal/middleware/pipeline.go:527.2,527.28 1 0
marchproxy-egress/internal/middleware/pipeline.go:527.28,528.36 1 0
marchproxy-egress/internal/middleware/pipeline.go:528.36,531.56 2 0
marchproxy-egress/internal/middleware/pipeline.go:531.56,535.5 3 0
marchproxy-egress/internal/middleware/pipeline.go:535.10,538.5 2 0
marchproxy-egress/internal/middleware/pipeline.go:542.2,544.26 2 0
marchproxy-egress/internal/middleware/pipeline.go:544.26,548.27 2 0
marchproxy-egress/internal/middleware/pipeline.go:548.27,549.50 1 0
marchproxy-egress/internal/middleware/pipeline.go:549.50,551.5 1 0
marchproxy-egress/internal/middleware/pipeline.go:553.8,555.3 1 0
marchproxy-egress/internal/middleware/pipeline.go:557.2,557.17 1 0
marchproxy-egress/internal/middleware/pipeline.go:561.87,568.47 4 0
marchproxy-egress/internal/middleware/pipeline.go:568.47,571.28 2 0
marchproxy-egress/internal/middleware/pipeline.go:571.28,572.12 1 0
marchproxy-egress/internal/middleware/pipeline.go:575.3,577.63 2 0
marchproxy-egress/internal/middleware/pipeline.go:577.63,582.4 4 0
marchproxy-egress/internal/middleware/pipeline.go:582.9,585.4 2 0
marchproxy-egress/internal/middleware/pipeline.go:589.2,589.28 1 0
marchproxy-egress/internal/middleware/pipeline.go:589.28,590.36 1 0
marchproxy-egress/internal/middleware/pipeline.go:590.36,593.65 2 0
marchproxy-egress/internal/middleware/pipeline.go:593.65,597.5 3 0
marchproxy-egress/internal/middleware/pipeline.go:597.10,600.5 2 0
marchproxy-egress/internal/middleware/pipeline.go:605.2,605.26 1 0
marchproxy-egress/internal/middleware/pipeline.go:605.26,606.48 1 0
marchproxy-egress/internal/middleware/pipeline.go:606.48,607.36 1 0
marchproxy-egress/internal/middleware/pipeline.go:607.36,609.5 1 0
marchproxy-egress/internal/middleware/pipeline.go:613.2,613.12 1 0
marchproxy-egress/internal/middleware/pipeline.go:617.73,618.27 1 0
marchproxy-egress/internal/middleware/pipeline.go:618.27,620.3 1 0
marchproxy-egress/internal/middleware/pipeline.go:622.2,622.44 1 0
marchproxy-egress/internal/middleware/pipeline.go:622.44,623.53 1 0
marchproxy-egress/internal/middleware/pipeline.go:623.53,625.4 1 0
marchproxy-egress/internal/middleware/pipeline.go:630.49,634.2 3 1
marchproxy-egress/internal/middleware/pipeline.go:637.48,641.2 3 1
marchproxy-egress/internal/middleware/pipeline.go:644.53,648.2 3 1
marchproxy-egress/internal/middleware/pipeline.go:651.50,655.2 3 1
marchproxy-egress/internal/middleware/pipeline.go:658.37,662.6 3 1
marchproxy-egress/internal/middleware/pipeline.go:662.6,663.10 1 1
marchproxy-egress/internal/middleware/pipeline.go:664.19,665.25 1 0
marchproxy-egress/internal/middleware/pipeline.go:671.40,679.27 5 0
marchproxy-egress/internal/middleware/pipeline.go:679.27,681.55 2 0
marchproxy-egress/internal/middleware/pipeline.go:681.55,683.4 1 0
marchproxy-egress/internal/middleware/pipeline.go:684.3,684.43 1 0
marchproxy-egress/internal/middleware/pipeline.go:684.43,686.4 1 0
marchproxy-egress/internal/middleware/pipeline.go:689.2,689.33 1 0
marchproxy-egress/internal/middleware/pipeline.go:695.77,701.2 1 1
marchproxy-egress/internal/middleware/pipeline.go:703.44,705.2 1 1
marchproxy-egress/internal/middleware/pipeline.go:707.45,709.2 1 1
marchproxy-egress/internal/middleware/pipeline.go:711.94,712.17 1 0
marchproxy-egress/internal/middleware/pipeline.go:712.17,714.3 1 0
marchproxy-egress/internal/middleware/pipeline.go:717.2,719.12 3 0
marchproxy-egress/internal/middleware/pipeline.go:722.97,723.17 1 0
marchproxy-egress/internal/middleware/pipeline.go:723.17,725.3 1 0
marchproxy-egress/internal/middleware/pipeline.go:728.2,730.12 3 0
marchproxy-egress/internal/middleware/pipeline.go:733.45,735.2 1 1
marchproxy-egress/internal/middleware/pipeline.go:738.82,746.2 1 1
marchproxy-egress/internal/middleware/pipeline.go:748.51,750.2 1 1
marchproxy-egress/internal/middleware/pipeline.go:752.52,754.2 1 0
marchproxy-egress/internal/middleware/pipeline.go:756.101,757.17 1 0
marchproxy-egress/internal/middleware/pipeline.go:757.17,759.3 1 0
marchproxy-egress/internal/middleware/pipeline.go:762.2,763.17 2 0
marchproxy-egress/internal/middleware/pipeline.go:763.17,765.3 1 0
marchproxy-egress/internal/middleware/pipeline.go:768.2,769.16 2 0
marchproxy-egress/internal/middleware/pipeline.go:769.16,771.3 1 0
marchproxy-egress/internal/middleware/pipeline.go:773.2,773.19 1 0
marchproxy-egress/internal/middleware/pipeline.go:773.19,775.3 1 0
marchproxy-egress/internal/middleware/pipeline.go:778.2,782.12 4 0
marchproxy-egress/internal/middleware/pipeline.go:785.104,787.2 1 0
marchproxy-egress/internal/middleware/pipeline.go:789.52,791.2 1 1
marchproxy-egress/internal/middleware/pipeline.go:793.76,796.22 2 0
marchproxy-egress/internal/middleware/pipeline.go:796.22,799.63 2 0
marchproxy-egress/internal/middleware/pipeline.go:799.63,801.4 1 0
marchproxy-egress/internal/middleware/pipeline.go:805.2,805.58 1 0
marchproxy-egress/internal/middleware/pipeline.go:805.58,807.3 1 0
marchproxy-egress/internal/middleware/pipeline.go:809.2,809.11 1 0
marchproxy-egress/internal/middleware/pipeline.go:812.105,820.2 1 0
marchproxy-egress/internal/middleware/pipeline.go:823.46,829.2 4 1
marchproxy-egress/internal/middleware/pipeline.go:832.50,839.2 5 1
marchproxy-egress/internal/middleware/pipeline.go:842.51,847.38 4 1
marchproxy-egress/internal/middleware/pipeline.go:847.38,849.3 1 0
marchproxy-egress/internal/middleware/pipeline.go:850.2,850.16 1 1
marchproxy-egress/internal/middleware/pipeline.go:854.36,861.38 4 1
marchproxy-egress/internal/middleware/pipeline.go:861.38,862.42 1 0
marchproxy-egress/internal/middleware/pipeline.go:862.42,864.4 1 0
marchproxy-egress/internal/middleware/pipeline.go:867.2,867.21 1 1
marchproxy-egress/internal/middleware/pipeline.go:867.21,869.3 1 0
marchproxy-egress/internal/middleware/pipeline.go:871.2,872.12 2 1
marchproxy-egress/internal/health/checker.go:184.59,194.31 2 1
marchproxy-egress/internal/health/checker.go:194.31,196.3 1 1
marchproxy-egress/internal/health/checker.go:197.2,197.25 1 1
marchproxy-egress/internal/health/checker.go:197.25,199.3 1 1
marchproxy-egress/internal/health/checker.go:200.2,200.34 1 1
marchproxy-egress/internal/health/checker.go:200.34,202.3 1 1
marchproxy-egress/internal/health/checker.go:203.2,203.36 1 1
marchproxy-egress/internal/health/checker.go:203.36,205.3 1 1
marchproxy-egress/internal/health/checker.go:207.2,210.11 3 1
marchproxy-egress/internal/health/checker.go:213.52,231.2 10 1
marchproxy-egress/internal/health/checker.go:233.45,234.29 1 1
marchproxy-egress/internal/health/checker.go:234.29,236.3 1 1
marchproxy-egress/internal/health/checker.go:238.2,238.53 1 0
marchproxy-egress/internal/health/checker.go:238.53,239.22 1 0
marchproxy-egress/internal/health/checker.go:240.22,242.27 2 0
marchproxy-egress/internal/health/checker.go:243.21,245.27 2 0
marchproxy-egress/internal/health/checker.go:250.63,262.2 4 0
marchproxy-egress/internal/health/checker.go:264.66,271.2 4 0
marchproxy-egress/internal/health/checker.go:273.84,280.2 4 0
marchproxy-egress/internal/health/checker.go:282.74,287.39 4 1
marchproxy-egress/internal/health/checker.go:287.39,289.3 1 0
marchproxy-egress/internal/health/checker.go:290.2,290.15 1 1
marchproxy-egress/internal/health/checker.go:293.40,297.16 3 1
marchproxy-egress/internal/health/checker.go:297.16,299.3 1 1
marchproxy-egress/internal/health/checker.go:301.2,304.12 3 1
marchproxy-egress/internal/health/checker.go:307.39,311.17 3 1
marchproxy-egress/internal/health/checker.go:311.17,313.3 1 0
marchproxy-egress/internal/health/checker.go:315.2,318.12 3 1
marchproxy-egress/internal/health/checker.go:321.38,325.6 3 0
marchproxy-egress/internal/health/checker.go:325.6,326.10 1 0
marchproxy-egress/internal/health/checker.go:327.19,328.28 1 0
marchproxy-egress/internal/health/checker.go:329.22,330.10 1 0
marchproxy-egress/internal/health/checker.go:335.48,338.32 3 0
marchproxy-egress/internal/health/checker.go:338.32,340.3 1 0
marchproxy-egress/internal/health/checker.go:341.2,344.43 3 0
marchproxy-egress/internal/health/checker.go:344.43,346.40 2 0
marchproxy-egress/internal/health/checker.go:346.40,349.4 2 0
marchproxy-egress/internal/health/checker.go:352.2,352.11 1 0
marchproxy-egress/internal/health/checker.go:355.81,370.25 11 0
marchproxy-egress/internal/health/checker.go:370.25,376.3 5 0
marchproxy-egress/internal/health/checker.go:376.8,380.3 3 0
marchproxy-egress/internal/health/checker.go:382.2,385.28 3 0
marchproxy-egress/internal/health/checker.go:385.28,390.3 4 0
marchproxy-egress/internal/health/checker.go:392.2,392.28 1 0
marchproxy-egress/internal/health/checker.go:392.28,394.3 1 0
marchproxy-egress/internal/health/checker.go:396.2,397.26 2 0
marchproxy-egress/internal/health/checker.go:400.100,403.52 2 0
marchproxy-egress/internal/health/checker.go:403.52,404.25 1 0
marchproxy-egress/internal/health/checker.go:404.25,405.36 1 0
marchproxy-egress/internal/health/checker.go:405.36,406.24 1 0
marchproxy-egress/internal/health/checker.go:406.24,408.42 2 0
marchproxy-egress/internal/health/checker.go:408.42,410.7 1 0
marchproxy-egress/internal/health/checker.go:411.6,411.25 1 0
marchproxy-egress/internal/health/checker.go:414.9,414.78 1 0
marchproxy-egress/internal/health/checker.go:414.78,416.40 2 0
marchproxy-egress/internal/health/checker.go:416.40,418.5 1 0
marchproxy-egress/internal/health/checker.go:419.4,419.23 1 0
marchproxy-egress/internal/health/checker.go:423.2,423.23 1 0
marchproxy-egress/internal/health/checker.go:423.23,428.3 1 0
marchproxy-egress/internal/health/checker.go:430.2,430.19 1 0
marchproxy-egress/internal/health/checker.go:433.112,434.38 1 0
marchproxy-egress/internal/health/checker.go:434.38,435.72 1 0
marchproxy-egress/internal/health/checker.go:435.72,437.4 1 0
marchproxy-egress/internal/health/checker.go:438.3,438.24 1 0
marchproxy-egress/internal/health/checker.go:441.2,441.36 1 0
marchproxy-egress/internal/health/checker.go:441.36,442.71 1 0
marchproxy-egress/internal/health/checker.go:442.71,444.4 1 0
marchproxy-egress/internal/health/checker.go:445.3,445.46 1 0
marchproxy-egress/internal/health/checker.go:445.46,447.4 1 0
marchproxy-egress/internal/health/checker.go:450.2,450.29 1 0
marchproxy-egress/internal/health/checker.go:453.48,458.44 4 0
marchproxy-egress/internal/health/checker.go:458.44,459.31 1 0
marchproxy-egress/internal/health/checker.go:460.22,461.13 1 0
marchproxy-egress/internal/health/checker.go:462.24,463.15 1 0
marchproxy-egress/internal/health/checker.go:464.23,465.14 1 0
marchproxy-egress/internal/health/checker.go:469.2,473.27 5 0
marchproxy-egress/internal/health/checker.go:476.110,477.37 1 0
marchproxy-egress/internal/health/checker.go:477.37,479.3 1 0
marchproxy-egress/internal/health/checker.go:481.2,481.12 1 0
marchproxy-egress/internal/health/checker.go:481.12,493.3 4 0
marchproxy-egress/internal/health/checker.go:496.70,501.13 4 1
marchproxy-egress/internal/health/checker.go:501.13,507.3 1 1
marchproxy-egress/internal/health/checker.go:509.2,512.27 3 0
marchproxy-egress/internal/health/checker.go:515.58,530.46 6 1
marchproxy-egress/internal/health/checker.go:530.46,542.44 4 0
marchproxy-egress/internal/health/checker.go:542.44,544.4 1 0
marchproxy-egress/internal/health/checker.go:547.2,547.30 1 1
marchproxy-egress/internal/health/checker.go:547.30,550.3 2 0
marchproxy-egress/internal/health/checker.go:552.2,552.21 1 1
marchproxy-egress/internal/health/checker.go:552.21,554.3 1 1
marchproxy-egress/internal/health/checker.go:554.8,554.39 1 0
marchproxy-egress/internal/health/checker.go:554.39,556.3 1 0
marchproxy-egress/internal/health/checker.go:556.8,556.30 1 0
marchproxy-egress/internal/health/checker.go:556.30,558.3 1 0
marchproxy-egress/internal/health/checker.go:558.8,560.3 1 0
marchproxy-egress/internal/health/checker.go:562.2,562.21 1 1
marchproxy-egress/internal/health/checker.go:591.61,604.2 3 1
marchproxy-egress/internal/health/checker.go:606.78,618.2 1 1
marchproxy-egress/internal/health/checker.go:620.42,622.2 1 1
marchproxy-egress/internal/health/checker.go:624.43,626.2 1 1
marchproxy-egress/internal/health/checker.go:628.75,629.45 1 0
marchproxy-egress/internal/health/checker.go:629.45,631.3 1 0
marchproxy-egress/internal/health/checker.go:632.2,632.49 1 0
marchproxy-egress/internal/health/checker.go:632.49,634.3 1 0
marchproxy-egress/internal/health/checker.go:635.2,635.12 1 0
marchproxy-egress/internal/health/checker.go:638.94,643.16 3 0
marchproxy-egress/internal/health/checker.go:643.16,649.3 1 0
marchproxy-egress/internal/health/checker.go:651.2,651.37 1 0
marchproxy-egress/internal/health/checker.go:651.37,653.3 1 0
marchproxy-egress/internal/health/checker.go:655.2,659.16 4 0
marchproxy-egress/internal/health/checker.go:659.16,666.3 1 0
marchproxy-egress/internal/health/checker.go:667.2,669.38 2 0
marchproxy-egress/internal/health/checker.go:669.38,671.48 2 0
marchproxy-egress/internal/health/checker.go:671.48,672.31 1 0
marchproxy-egress/internal/health/checker.go:672.31,674.10 2 0
marchproxy-egress/internal/health/checker.go:677.3,677.19 1 0
marchproxy-egress/internal/health/checker.go:677.19,684.4 1 0
marchproxy-egress/internal/health/checker.go:687.2,687.83 1 0
marchproxy-egress/internal/health/checker.go:687.83,693.3 1 0
marchproxy-egress/internal/health/checker.go:695.2,699.3 1 0
marchproxy-egress/internal/health/checker.go:702.53,708.2 1 1
marchproxy-egress/internal/health/checker.go:710.41,712.2 1 1
marchproxy-egress/internal/health/checker.go:714.42,716.2 1 1
marchproxy-egress/internal/health/checker.go:718.74,720.2 1 0
marchproxy-egress/internal/health/checker.go:722.93,730.16 6 0
marchproxy-egress/internal/health/checker.go:730.16,737.3 1 0
marchproxy-egress/internal/health/checker.go:739.2,745.3 2 0
marchproxy-egress/internal/health/checker.go:748.61,753.2 1 1
marchproxy-egress/internal/health/checker.go:755.45,757.2 1 1
marchproxy-egress/internal/health/checker.go:759.46,761.2 1 1
marchproxy-egress/internal/health/checker.go:763.78,765.2 1 0
marchproxy-egress/internal/health/checker.go:767.97,772.2 1 0
marchproxy-egress/internal/health/checker.go:774.76,780.2 1 1
marchproxy-egress/internal/health/checker.go:782.44,784.2 1 1
marchproxy-egress/internal/health/checker.go:786.45,788.2 1 1
marchproxy-egress/internal/health/checker.go:790.77,792.2 1 0
marchproxy-egress/internal/health/checker.go:794.96,799.2 1 0
marchproxy-egress/internal/health/checker.go:801.78,808.2 1 1
marchproxy-egress/internal/health/checker.go:810.42,812.2 1 1
marchproxy-egress/internal/health/checker.go:814.43,816.2 1 1
marchproxy-egress/internal/health/checker.go:818.75,820.2 1 0
marchproxy-egress/internal/health/checker.go:822.94,827.2 1 0
marchproxy-egress/internal/health/checker.go:829.73,834.2 1 1
marchproxy-egress/internal/health/checker.go:836.41,838.2 1 1
marchproxy-egress/internal/health/checker.go:840.51,842.2 1 0
marchproxy-egress/internal/health/checker.go:844.69,850.2 1 0
marchproxy-egress/internal/health/checker.go:852.71,857.2 1 1
marchproxy-egress/internal/health/checker.go:859.40,861.2 1 1
marchproxy-egress/internal/health/checker.go:863.50,865.2 1 0
marchproxy-egress/internal/health/checker.go:867.68,873.2 1 0
marchproxy-egress/internal/health/checker.go:875.62,880.24 4 0
marchproxy-egress/internal/health/checker.go:880.24,882.3 1 0
marchproxy-egress/internal/health/checker.go:882.8,884.3 1 0
marchproxy-egress/internal/health/checker.go:887.47,891.2 3 0
marchproxy-egress/internal/health/checker.go:893.47,897.2 3 0
marchproxy-egress/internal/logging/adapter.go:17.60,19.16 2 1
marchproxy-egress/internal/logging/adapter.go:19.16,21.3 1 0
marchproxy-egress/internal/logging/adapter.go:22.2,22.44 1 1
marchproxy-egress/internal/logging/adapter.go:26.83,28.27 2 1
marchproxy-egress/internal/logging/adapter.go:28.27,29.26 1 1
marchproxy-egress/internal/logging/adapter.go:30.15,31.53 1 1
marchproxy-egress/internal/logging/adapter.go:32.12,33.50 1 1
marchproxy-egress/internal/logging/adapter.go:34.14,35.52 1 1
marchproxy-egress/internal/logging/adapter.go:36.16,37.54 1 1
marchproxy-egress/internal/logging/adapter.go:38.13,39.51 1 1
marchproxy-egress/internal/logging/adapter.go:40.11,41.50 1 0
marchproxy-egress/internal/logging/adapter.go:45.2,48.20 4 1
marchproxy-egress/internal/logging/adapter.go:52.62,54.2 1 1
marchproxy-egress/internal/logging/adapter.go:57.52,59.19 2 1
marchproxy-egress/internal/logging/adapter.go:59.19,61.3 1 1
marchproxy-egress/internal/logging/adapter.go:62.2,62.35 1 1
marchproxy-egress/internal/logging/adapter.go:66.68,68.2 1 1
marchproxy-egress/internal/logging/adapter.go:71.52,73.19 2 1
marchproxy-egress/internal/logging/adapter.go:73.19,75.3 1 1
marchproxy-egress/internal/logging/adapter.go:76.2,76.35 1 1
marchproxy-egress/internal/logging/adapter.go:80.68,82.2 1 1
marchproxy-egress/internal/logging/adapter.go:85.53,87.19 2 1
marchproxy-egress/internal/logging/adapter.go:87.19,89.3 1 1
marchproxy-egress/internal/logging/adapter.go:90.2,90.36 1 1
marchproxy-egress/internal/logging/adapter.go:94.69,96.2 1 1
marchproxy-egress/internal/logging/adapter.go:99.53,101.19 2 1
marchproxy-egress/internal/logging/adapter.go:101.19,103.3 1 1
marchproxy-egress/internal/logging/adapter.go:104.2,104.36 1 1
marchproxy-egress/internal/logging/adapter.go:108.69,110.2 1 1
marchproxy-egress/internal/logging/adapter.go:113.53,115.19 2 1
marchproxy-egress/internal/logging/adapter.go:115.19,117.3 1 1
marchproxy-egress/internal/logging/adapter.go:118.2,118.36 1 1
marchproxy-egress/internal/logging/adapter.go:122.69,124.2 1 1
marchproxy-egress/internal/logging/adapter.go:127.82,129.2 1 1
marchproxy-egress/internal/threat/access_control.go:76.100,77.19 1 1
marchproxy-egress/internal/threat/access_control.go:77.19,79.3 1 0
marchproxy-egress/internal/threat/access_control.go:81.2,88.3 1 1
marchproxy-egress/internal/threat/access_control.go:92.112,99.20 4 1
marchproxy-egress/internal/threat/access_control.go:100.16,101.34 1 1
marchproxy-egress/internal/threat/access_control.go:102.12,103.30 1 1
marchproxy-egress/internal/threat/access_control.go:104.13,105.31 1 0
marchproxy-egress/internal/threat/access_control.go:106.10,111.4 1 1
marchproxy-egress/internal/threat/access_control.go:115.2,115.17 1 1
marchproxy-egress/internal/threat/access_control.go:115.17,116.65 1 1
marchproxy-egress/internal/threat/access_control.go:116.65,123.4 1 1
marchproxy-egress/internal/threat/access_control.go:124.3,128.4 1 1
marchproxy-egress/internal/threat/access_control.go:132.2,132.66 1 1
marchproxy-egress/internal/threat/access_control.go:132.66,138.3 1 1
marchproxy-egress/internal/threat/access_control.go:141.2,141.60 1 1
marchproxy-egress/internal/threat/access_control.go:141.60,149.3 1 1
marchproxy-egress/internal/threat/access_control.go:152.2,152.37 1 1
marchproxy-egress/internal/threat/access_control.go:152.37,154.36 1 1
marchproxy-egress/internal/threat/access_control.go:154.36,156.49 2 1
marchproxy-egress/internal/threat/access_control.go:156.49,157.63 1 1
marchproxy-egress/internal/threat/access_control.go:157.63,159.11 2 1
marchproxy-egress/internal/threat/access_control.go:162.4,162.23 1 1
marchproxy-egress/internal/threat/access_control.go:162.23,169.5 1 1
marchproxy-egress/internal/threat/access_control.go:173.3,173.34 1 1
marchproxy-egress/internal/threat/access_control.go:173.34,175.47 2 1
marchproxy-egress/internal/threat/access_control.go:175.47,176.31 1 1
marchproxy-egress/internal/threat/access_control.go:176.31,178.11 2 1
marchproxy-egress/internal/threat/access_control.go:181.4,181.21 1 1
marchproxy-egress/internal/threat/access_control.go:181.21,188.5 1 1
marchproxy-egress/internal/threat/access_control.go:193.2,193.40 1 1
marchproxy-egress/internal/threat/access_control.go:193.40,200.3 1 1
marchproxy-egress/internal/threat/access_control.go:202.2,207.3 1 1
marchproxy-egress/internal/threat/access_control.go:211.77,213.43 1 1
marchproxy-egress/internal/threat/access_control.go:213.43,215.3 1 1
marchproxy-egress/internal/threat/access_control.go:219.2,219.12 1 1
marchproxy-egress/internal/threat/access_control.go:223.69,224.35 1 1
marchproxy-egress/internal/threat/access_control.go:224.35,226.3 1 1
marchproxy-egress/internal/threat/access_control.go:228.2,228.12 1 0
marchproxy-egress/internal/threat/access_control.go:232.71,235.37 1 0
marchproxy-egress/internal/threat/access_control.go:235.37,237.40 1 0
marchproxy-egress/internal/threat/access_control.go:237.40,239.4 1 0
marchproxy-egress/internal/threat/access_control.go:241.2,241.12 1 0
marchproxy-egress/internal/threat/access_control.go:245.67,249.19 3 1
marchproxy-egress/internal/threat/access_control.go:249.19,251.3 1 1
marchproxy-egress/internal/threat/access_control.go:253.2,253.25 1 1
marchproxy-egress/internal/threat/access_control.go:254.16,255.43 1 1
marchproxy-egress/internal/threat/access_control.go:256.12,257.39 1 1
marchproxy-egress/internal/threat/access_control.go:258.28,259.69 1 1
marchproxy-egress/internal/threat/access_control.go:260.10,261.64 1 1
marchproxy-egress/internal/threat/access_control.go:264.2,272.12 2 1
marchproxy-egress/internal/threat/access_control.go:276.56,281.43 3 1
marchproxy-egress/internal/threat/access_control.go:281.43,282.20 1 1
marchproxy-egress/internal/threat/access_control.go:282.20,286.4 3 1
marchproxy-egress/internal/threat/access_control.go:290.2,290.39 1 1
marchproxy-egress/internal/threat/access_control.go:290.39,291.20 1 0
marchproxy-egress/internal/threat/access_control.go:291.20,295.4 3 0
marchproxy-egress/internal/threat/access_control.go:299.2,299.37 1 1
marchproxy-egress/internal/threat/access_control.go:299.37,300.28 1 0
marchproxy-egress/internal/threat/access_control.go:300.28,304.4 3 0
marchproxy-egress/internal/threat/access_control.go:307.2,307.45 1 1
marchproxy-egress/internal/threat/access_control.go:311.36,320.2 6 1
marchproxy-egress/internal/threat/access_control.go:323.40,328.2 3 1
marchproxy-egress/internal/threat/access_control.go:331.60,337.37 4 1
marchproxy-egress/internal/threat/access_control.go:337.37,339.3 1 1
marchproxy-egress/internal/threat/access_control.go:340.2,340.33 1 1
marchproxy-egress/internal/threat/access_control.go:340.33,342.3 1 1
marchproxy-egress/internal/threat/access_control.go:343.2,343.37 1 1
marchproxy-egress/internal/threat/access_control.go:343.37,345.3 1 1
marchproxy-egress/internal/threat/access_control.go:347.2,347.14 1 1
marchproxy-egress/internal/threat/access_control.go:351.64,355.2 3 0
marchproxy-egress/internal/threat/access_control.go:358.56,362.2 3 1
marchproxy-egress/internal/threat/dns_resolver.go:54.88,55.19 1 1
marchproxy-egress/internal/threat/dns_resolver.go:55.19,57.3 1 0
marchproxy-egress/internal/threat/dns_resolver.go:60.2,60.24 1 1
marchproxy-egress/internal/threat/dns_resolver.go:60.24,62.3 1 1
marchproxy-egress/internal/threat/dns_resolver.go:63.2,63.26 1 1
marchproxy-egress/internal/threat/dns_resolver.go:63.26,65.3 1 1
marchproxy-egress/internal/threat/dns_resolver.go:66.2,66.26 1 1
marchproxy-egress/internal/threat/dns_resolver.go:66.26,68.3 1 1
marchproxy-egress/internal/threat/dns_resolver.go:69.2,69.28 1 1
marchproxy-egress/internal/threat/dns_resolver.go:69.28,71.3 1 1
marchproxy-egress/internal/threat/dns_resolver.go:74.2,75.27 2 1
marchproxy-egress/internal/threat/dns_resolver.go:75.27,78.79 1 1
marchproxy-egress/internal/threat/dns_resolver.go:78.79,82.5 2 1
marchproxy-egress/internal/threat/dns_resolver.go:84.8,86.3 1 0
marchproxy-egress/internal/threat/dns_resolver.go:88.2,96.3 1 1
marchproxy-egress/internal/threat/dns_resolver.go:100.85,106.49 4 1
marchproxy-egress/internal/threat/dns_resolver.go:106.49,111.21 4 0
marchproxy-egress/internal/threat/dns_resolver.go:111.21,113.4 1 0
marchproxy-egress/internal/threat/dns_resolver.go:114.3,114.24 1 0
marchproxy-egress/internal/threat/dns_resolver.go:118.2,123.16 5 1
marchproxy-egress/internal/threat/dns_resolver.go:123.16,125.65 1 0
marchproxy-egress/internal/threat/dns_resolver.go:125.65,133.4 5 0
marchproxy-egress/internal/threat/dns_resolver.go:135.3,139.74 4 0
marchproxy-egress/internal/threat/dns_resolver.go:143.2,145.17 2 1
marchproxy-egress/internal/threat/dns_resolver.go:149.66,154.33 3 1
marchproxy-egress/internal/threat/dns_resolver.go:154.33,156.3 1 0
marchproxy-egress/internal/threat/dns_resolver.go:158.2,170.35 2 1
marchproxy-egress/internal/threat/dns_resolver.go:174.52,179.33 3 0
marchproxy-egress/internal/threat/dns_resolver.go:179.33,181.3 1 0
marchproxy-egress/internal/threat/dns_resolver.go:183.2,194.29 2 0
marchproxy-egress/internal/threat/dns_resolver.go:198.37,202.37 3 0
marchproxy-egress/internal/threat/dns_resolver.go:202.37,203.62 1 0
marchproxy-egress/internal/threat/dns_resolver.go:203.62,206.4 2 0
marchproxy-egress/internal/threat/dns_resolver.go:209.2,209.24 1 0
marchproxy-egress/internal/threat/dns_resolver.go:209.24,212.3 2 0
marchproxy-egress/internal/threat/dns_resolver.go:216.31,222.2 4 0
marchproxy-egress/internal/threat/dns_resolver.go:225.35,229.2 3 0
marchproxy-egress/internal/threat/dns_resolver.go:232.51,244.2 3 0
marchproxy-egress/internal/threat/dns_resolver.go:247.42,254.37 5 0
marchproxy-egress/internal/threat/dns_resolver.go:254.37,255.33 1 0
marchproxy-egress/internal/threat/dns_resolver.go:255.33,258.4 2 0
marchproxy-egress/internal/threat/dns_resolver.go:261.2,261.17 1 0
marchproxy-egress/internal/threat/dns_resolver.go:261.17,263.3 1 0
marchproxy-egress/internal/threat/dns_resolver.go:265.2,265.16 1 0
marchproxy-egress/internal/threat/dns_resolver.go:269.76,274.49 4 0
marchproxy-egress/internal/threat/dns_resolver.go:274.49,276.3 1 0
marchproxy-egress/internal/threat/dns_resolver.go:278.2,278.20 1 0
marchproxy-egress/internal/threat/dns_resolver.go:282.68,283.12 1 0
marchproxy-egress/internal/threat/dns_resolver.go:283.12,285.3 1 0
marchproxy-egress/internal/threat/dns_resolver.go:289.76,290.33 1 0
marchproxy-egress/internal/threat/dns_resolver.go:290.33,291.21 1 0
marchproxy-egress/internal/threat/dns_resolver.go:291.21,293.4 1 0
marchproxy-egress/internal/threat/domain_blocker.go:27.91,28.19 1 1
marchproxy-egress/internal/threat/domain_blocker.go:28.19,30.3 1 0
marchproxy-egress/internal/threat/domain_blocker.go:32.2,37.3 1 1
marchproxy-egress/internal/threat/domain_blocker.go:41.61,47.18 4 1
marchproxy-egress/internal/threat/domain_blocker.go:47.18,52.3 1 1
marchproxy-egress/internal/threat/domain_blocker.go:55.2,55.54 1 1
marchproxy-egress/internal/threat/domain_blocker.go:55.54,57.3 1 1
marchproxy-egress/internal/threat/domain_blocker.go:60.2,60.44 1 1
marchproxy-egress/internal/threat/domain_blocker.go:60.44,62.67 1 1
marchproxy-egress/internal/threat/domain_blocker.go:62.67,67.4 1 1
marchproxy-egress/internal/threat/domain_blocker.go:69.3,75.4 1 1
marchproxy-egress/internal/threat/domain_blocker.go:79.2,79.23 1 1
marchproxy-egress/internal/threat/domain_blocker.go:79.23,80.60 1 1
marchproxy-egress/internal/threat/domain_blocker.go:80.60,82.4 1 1
marchproxy-egress/internal/threat/domain_blocker.go:85.2,88.3 1 1
marchproxy-egress/internal/threat/domain_blocker.go:92.69,98.34 2 1
marchproxy-egress/internal/threat/domain_blocker.go:98.34,102.57 3 1
[...]
marchproxy-egress/internal/killkrill/converter.go:78.49,80.30 2 0
marchproxy-egress/internal/killkrill/converter.go:80.30,82.6 1 0
marchproxy-egress/internal/killkrill/converter.go:83.5,92.7 2 0
marchproxy-egress/internal/killkrill/converter.go:96.4,97.29 2 0
marchproxy-egress/internal/killkrill/converter.go:97.29,99.5 1 0
marchproxy-egress/internal/killkrill/converter.go:100.4,111.29 3 0
marchproxy-egress/internal/killkrill/converter.go:111.29,113.5 1 0
marchproxy-egress/internal/killkrill/converter.go:114.4,121.6 1 0
marchproxy-egress/internal/killkrill/converter.go:123.31,127.51 2 0
marchproxy-egress/internal/killkrill/converter.go:127.51,129.30 2 0
marchproxy-egress/internal/killkrill/converter.go:129.30,131.6 1 0
marchproxy-egress/internal/killkrill/converter.go:132.5,141.7 2 0
marchproxy-egress/internal/killkrill/converter.go:145.4,146.29 2 0
marchproxy-egress/internal/killkrill/converter.go:146.29,148.5 1 0
marchproxy-egress/internal/killkrill/converter.go:149.4,160.29 3 0
marchproxy-egress/internal/killkrill/converter.go:160.29,162.5 1 0
marchproxy-egress/internal/killkrill/converter.go:163.4,170.6 1 0
marchproxy-egress/internal/killkrill/converter.go:174.2,174.16 1 0
marchproxy-egress/internal/killkrill/converter.go:178.115,187.2 1 1
marchproxy-egress/internal/killkrill/converter.go:190.86,194.16 3 0
marchproxy-egress/internal/killkrill/converter.go:194.16,196.3 1 0
marchproxy-egress/internal/killkrill/converter.go:198.2,198.36 1 0
marchproxy-egress/internal/killkrill/converter.go:198.36,201.3 2 0
marchproxy-egress/internal/killkrill/converter.go:203.2,203.24 1 0
marchproxy-egress/internal/killkrill/hook.go:10.36,14.2 1 1
marchproxy-egress/internal/killkrill/hook.go:18.46,19.49 1 1
marchproxy-egress/internal/killkrill/hook.go:19.49,21.3 1 1
marchproxy-egress/internal/killkrill/hook.go:24.2,29.12 3 1
marchproxy-egress/internal/tls/intercept.go:73.105,74.19 1 1
marchproxy-egress/internal/tls/intercept.go:74.19,76.3 1 0
marchproxy-egress/internal/tls/intercept.go:78.2,88.29 2 1
marchproxy-egress/internal/tls/intercept.go:88.29,89.38 1 1
marchproxy-egress/internal/tls/intercept.go:89.38,91.4 1 1
marchproxy-egress/internal/tls/intercept.go:93.2,93.25 1 1
marchproxy-egress/internal/tls/intercept.go:93.25,94.34 1 1
marchproxy-egress/internal/tls/intercept.go:94.34,96.4 1 1
marchproxy-egress/internal/tls/intercept.go:100.2,101.20 2 1
marchproxy-egress/internal/tls/intercept.go:101.20,103.3 1 1
marchproxy-egress/internal/tls/intercept.go:104.2,105.16 2 1
marchproxy-egress/internal/tls/intercept.go:105.16,107.3 1 0
marchproxy-egress/internal/tls/intercept.go:108.2,111.50 2 1
marchproxy-egress/internal/tls/intercept.go:111.50,112.65 1 1
marchproxy-egress/internal/tls/intercept.go:112.65,114.4 1 1
marchproxy-egress/internal/tls/intercept.go:115.3,115.57 1 1
marchproxy-egress/internal/tls/intercept.go:118.2,118.15 1 1
marchproxy-egress/internal/tls/intercept.go:122.67,125.16 2 1
marchproxy-egress/internal/tls/intercept.go:125.16,127.3 1 1
marchproxy-egress/internal/tls/intercept.go:129.2,130.22 2 1
marchproxy-egress/internal/tls/intercept.go:130.22,132.3 1 0
marchproxy-egress/internal/tls/intercept.go:134.2,135.16 2 1
marchproxy-egress/internal/tls/intercept.go:135.16,137.3 1 0
marchproxy-egress/internal/tls/intercept.go:140.2,141.16 2 1
marchproxy-egress/internal/tls/intercept.go:141.16,143.3 1 0
marchproxy-egress/internal/tls/intercept.go:145.2,146.21 2 1
marchproxy-egress/internal/tls/intercept.go:146.21,148.3 1 0
marchproxy-egress/internal/tls/intercept.go:151.2,152.16 2 1
marchproxy-egress/internal/tls/intercept.go:152.16,154.18 2 0
marchproxy-egress/internal/tls/intercept.go:154.18,156.4 1 0
marchproxy-egress/internal/tls/intercept.go:157.3,159.10 3 0
marchproxy-egress/internal/tls/intercept.go:159.10,161.4 1 0
marchproxy-egress/internal/tls/intercept.go:164.2,167.12 3 1
marchproxy-egress/internal/tls/intercept.go:171.73,175.16 3 1
marchproxy-egress/internal/tls/intercept.go:175.16,177.3 1 1
marchproxy-egress/internal/tls/intercept.go:180.2,180.47 1 1
marchproxy-egress/internal/tls/intercept.go:180.47,182.3 1 1
marchproxy-egress/internal/tls/intercept.go:185.2,185.14 1 1
marchproxy-egress/internal/tls/intercept.go:185.14,186.42 1 1
marchproxy-egress/internal/tls/intercept.go:186.42,188.4 1 1
marchproxy-egress/internal/tls/intercept.go:192.2,192.13 1 1
marchproxy-egress/internal/tls/intercept.go:196.82,201.45 3 1
marchproxy-egress/internal/tls/intercept.go:201.45,204.3 2 1
marchproxy-egress/internal/tls/intercept.go:206.2,209.44 2 1
marchproxy-egress/internal/tls/intercept.go:209.44,212.3 2 0
marchproxy-egress/internal/tls/intercept.go:215.2,215.33 1 1
marchproxy-egress/internal/tls/intercept.go:215.33,217.17 2 1
marchproxy-egress/internal/tls/intercept.go:217.17,219.4 1 0
marchproxy-egress/internal/tls/intercept.go:220.3,222.19 3 1
marchproxy-egress/internal/tls/intercept.go:225.2,225.65 1 1
marchproxy-egress/internal/tls/intercept.go:229.87,230.39 1 1
marchproxy-egress/internal/tls/intercept.go:230.39,232.3 1 0
marchproxy-egress/internal/tls/intercept.go:235.2,236.16 2 1
marchproxy-egress/internal/tls/intercept.go:236.16,238.3 1 0
marchproxy-egress/internal/tls/intercept.go:241.2,242.16 2 1
marchproxy-egress/internal/tls/intercept.go:242.16,244.3 1 0
marchproxy-egress/internal/tls/intercept.go:247.2,250.40 3 1
marchproxy-egress/internal/tls/intercept.go:250.40,252.3 1 1
marchproxy-egress/internal/tls/intercept.go:252.8,254.3 1 1
marchproxy-egress/internal/tls/intercept.go:257.2,274.16 3 1
marchproxy-egress/internal/tls/intercept.go:274.16,276.3 1 0
marchproxy-egress/internal/tls/intercept.go:278.2,286.18 3 1
marchproxy-egress/internal/tls/intercept.go:290.87,295.2 4 0
marchproxy-egress/internal/tls/intercept.go:298.90,300.16 2 0
marchproxy-egress/internal/tls/intercept.go:300.16,302.3 1 0
marchproxy-egress/internal/tls/intercept.go:304.2,305.12 2 0
marchproxy-egress/internal/tls/intercept.go:309.78,317.2 4 1
marchproxy-egress/internal/tls/intercept.go:320.70,328.2 4 1
marchproxy-egress/internal/tls/intercept.go:331.37,336.2 4 1
marchproxy-egress/internal/tls/intercept.go:339.38,344.2 4 1
marchproxy-egress/internal/tls/intercept.go:347.45,351.2 3 1
marchproxy-egress/internal/tls/intercept.go:354.52,356.2 1 1
marchproxy-egress/internal/tls/intercept.go:359.56,370.2 3 1
marchproxy-egress/internal/tls/intercept.go:373.62,378.35 4 1
marchproxy-egress/internal/tls/intercept.go:378.35,380.3 1 1
marchproxy-egress/internal/tls/intercept.go:381.2,381.15 1 1
marchproxy-egress/internal/tls/intercept.go:385.58,390.31 4 1
marchproxy-egress/internal/tls/intercept.go:390.31,392.3 1 1
marchproxy-egress/internal/tls/intercept.go:393.2,393.15 1 1
marchproxy-egress/internal/tls/intercept.go:397.41,400.2 2 1
marchproxy-egress/internal/tls/intercept.go:403.55,405.78 1 1
marchproxy-egress/internal/tls/intercept.go:405.78,407.4 1 0
marchproxy-egress/internal/tls/intercept.go:421.48,425.2 3 1
marchproxy-egress/internal/tls/intercept.go:428.48,432.2 3 1
marchproxy-egress/internal/tls/manager.go:137.59,144.40 2 0
marchproxy-egress/internal/tls/manager.go:144.40,146.3 1 0
marchproxy-egress/internal/tls/manager.go:148.2,148.16 1 0
marchproxy-egress/internal/tls/manager.go:151.42,152.57 1 0
marchproxy-egress/internal/tls/manager.go:152.57,154.17 2 0
marchproxy-egress/internal/tls/manager.go:154.17,156.4 1 0
marchproxy-egress/internal/tls/manager.go:157.3,157.37 1 0
marchproxy-egress/internal/tls/manager.go:160.2,160.55 1 0
marchproxy-egress/internal/tls/manager.go:160.55,162.17 2 0
marchproxy-egress/internal/tls/manager.go:162.17,164.4 1 0
marchproxy-egress/internal/tls/manager.go:165.3,167.45 2 0
marchproxy-egress/internal/tls/manager.go:167.45,169.4 1 0
marchproxy-egress/internal/tls/manager.go:172.2,172.28 1 0
marchproxy-egress/internal/tls/manager.go:172.28,174.3 1 0
marchproxy-egress/internal/tls/manager.go:176.2,176.58 1 0
marchproxy-egress/internal/tls/manager.go:176.58,178.3 1 0
marchproxy-egress/internal/tls/manager.go:180.2,180.26 1 0
marchproxy-egress/internal/tls/manager.go:180.26,182.3 1 0
marchproxy-egress/internal/tls/manager.go:184.2,184.36 1 0
marchproxy-egress/internal/tls/manager.go:184.36,186.3 1 0
marchproxy-egress/internal/tls/manager.go:188.2,188.40 1 0
marchproxy-egress/internal/tls/manager.go:188.40,191.3 2 0
marchproxy-egress/internal/tls/manager.go:193.2,193.26 1 0
marchproxy-egress/internal/tls/manager.go:193.26,200.53 2 0
marchproxy-egress/internal/tls/manager.go:200.53,202.4 1 0
marchproxy-egress/internal/tls/manager.go:205.2,205.12 1 0
marchproxy-egress/internal/tls/manager.go:208.50,221.31 2 0
marchproxy-egress/internal/tls/manager.go:221.31,223.3 1 0
marchproxy-egress/internal/tls/manager.go:225.2,225.31 1 0
marchproxy-egress/internal/tls/manager.go:225.31,227.3 1 0
marchproxy-egress/internal/tls/manager.go:229.2,229.38 1 0
marchproxy-egress/internal/tls/manager.go:229.38,238.3 1 0
marchproxy-egress/internal/tls/manager.go:240.2,240.26 1 0
marchproxy-egress/internal/tls/manager.go:240.26,242.29 2 0
marchproxy-egress/internal/tls/manager.go:242.29,244.4 1 0
marchproxy-egress/internal/tls/manager.go:245.3,245.34 1 0
marchproxy-egress/internal/tls/manager.go:248.2,248.23 1 0
marchproxy-egress/internal/tls/manager.go:248.23,250.3 1 0
marchproxy-egress/internal/tls/manager.go:257.2,257.15 1 0
marchproxy-egress/internal/tls/manager.go:260.92,264.22 3 0
marchproxy-egress/internal/tls/manager.go:264.22,266.3 1 0
marchproxy-egress/internal/tls/manager.go:268.2,272.12 4 0
marchproxy-egress/internal/tls/manager.go:272.12,273.39 1 0
marchproxy-egress/internal/tls/manager.go:273.39,275.18 2 0
marchproxy-egress/internal/tls/manager.go:275.18,277.5 1 0
marchproxy-egress/internal/tls/manager.go:279.3,279.19 1 0
marchproxy-egress/internal/tls/manager.go:282.2,282.51 1 0
marchproxy-egress/internal/tls/manager.go:282.51,284.17 2 0
marchproxy-egress/internal/tls/manager.go:284.17,290.4 5 0
marchproxy-egress/internal/tls/manager.go:293.2,297.12 4 0
marchproxy-egress/internal/tls/manager.go:297.12,299.3 1 0
marchproxy-egress/internal/tls/manager.go:301.2,302.52 2 0
marchproxy-egress/internal/tls/manager.go:305.104,309.39 3 0
marchproxy-egress/internal/tls/manager.go:309.39,310.47 1 0
marchproxy-egress/internal/tls/manager.go:310.47,312.4 1 0
marchproxy-egress/internal/tls/manager.go:315.2,315.58 1 0
marchproxy-egress/internal/tls/manager.go:318.108,319.24 1 0
marchproxy-egress/internal/tls/manager.go:319.24,322.3 2 0
marchproxy-egress/internal/tls/manager.go:324.2,327.16 3 0
marchproxy-egress/internal/tls/manager.go:327.16,330.3 2 0
marchproxy-egress/internal/tls/manager.go:332.2,332.26 1 0
marchproxy-egress/internal/tls/manager.go:332.26,333.45 1 0
marchproxy-egress/internal/tls/manager.go:333.45,336.4 2 0
marchproxy-egress/internal/tls/manager.go:339.2,339.51 1 0
marchproxy-egress/internal/tls/manager.go:339.51,342.3 2 0
marchproxy-egress/internal/tls/manager.go:344.2,345.12 2 0
marchproxy-egress/internal/tls/manager.go:348.75,349.47 1 0
marchproxy-egress/internal/tls/manager.go:349.47,351.3 1 0
marchproxy-egress/internal/tls/manager.go:353.2,354.16 2 0
marchproxy-egress/internal/tls/manager.go:354.16,356.3 1 0
marchproxy-egress/internal/tls/manager.go:358.2,359.48 2 0
marchproxy-egress/internal/tls/manager.go:359.48,360.29 1 0
marchproxy-egress/internal/tls/manager.go:360.29,362.9 2 0
marchproxy-egress/internal/tls/manager.go:366.2,366.52 1 0
marchproxy-egress/internal/tls/manager.go:369.86,370.51 1 0
marchproxy-egress/internal/tls/manager.go:370.51,373.17 3 0
marchproxy-egress/internal/tls/manager.go:373.17,375.4 1 0
marchproxy-egress/internal/tls/manager.go:377.3,384.22 6 0
marchproxy-egress/internal/tls/manager.go:387.2,387.62 1 0
marchproxy-egress/internal/tls/manager.go:390.111,391.47 1 0
marchproxy-egress/internal/tls/manager.go:391.47,393.3 1 0
marchproxy-egress/internal/tls/manager.go:395.2,396.16 2 0
marchproxy-egress/internal/tls/manager.go:396.16,398.3 1 0
marchproxy-egress/internal/tls/manager.go:400.2,400.48 1 0
marchproxy-egress/internal/tls/manager.go:400.48,401.53 1 0
marchproxy-egress/internal/tls/manager.go:401.53,403.4 1 0
marchproxy-egress/internal/tls/manager.go:406.2,406.14 1 0
marchproxy-egress/internal/tls/manager.go:409.64,412.25 2 0
marchproxy-egress/internal/tls/manager.go:412.25,413.80 1 0
marchproxy-egress/internal/tls/manager.go:413.80,415.28 2 0
marchproxy-egress/internal/tls/manager.go:415.28,417.5 1 0
marchproxy-egress/internal/tls/manager.go:418.4,418.77 1 0
marchproxy-egress/internal/tls/manager.go:422.2,422.12 1 0
marchproxy-egress/internal/tls/manager.go:425.71,428.32 2 0
marchproxy-egress/internal/tls/manager.go:428.32,430.3 1 0
marchproxy-egress/internal/tls/manager.go:432.2,432.30 1 0
marchproxy-egress/internal/tls/manager.go:432.30,434.3 1 0
marchproxy-egress/internal/tls/manager.go:436.2,436.54 1 0
marchproxy-egress/internal/tls/manager.go:436.54,438.3 1 0
marchproxy-egress/internal/tls/manager.go:440.2,440.12 1 0
marchproxy-egress/internal/tls/manager.go:443.95,445.16 2 0
marchproxy-egress/internal/tls/manager.go:445.16,447.3 1 0
marchproxy-egress/internal/tls/manager.go:449.2,466.29 2 0
marchproxy-egress/internal/tls/manager.go:466.29,467.41 1 0
marchproxy-egress/internal/tls/manager.go:467.41,469.4 1 0
marchproxy-egress/internal/tls/manager.go:469.9,471.4 1 0
marchproxy-egress/internal/tls/manager.go:474.2,475.16 2 0
marchproxy-egress/internal/tls/manager.go:475.16,477.3 1 0
marchproxy-egress/internal/tls/manager.go:479.2,484.18 2 0
marchproxy-egress/internal/tls/manager.go:487.49,495.2 3 0
marchproxy-egress/internal/tls/manager.go:497.55,502.13 4 0
marchproxy-egress/internal/tls/manager.go:502.13,504.3 1 0
marchproxy-egress/internal/tls/manager.go:506.2,506.43 1 0
marchproxy-egress/internal/tls/manager.go:506.43,508.3 1 0
marchproxy-egress/internal/tls/manager.go:510.2,510.17 1 0
marchproxy-egress/internal/tls/manager.go:513.65,517.2 3 0
marchproxy-egress/internal/tls/manager.go:519.37,523.21 3 0
marchproxy-egress/internal/tls/manager.go:523.21,525.3 1 0
marchproxy-egress/internal/tls/manager.go:528.32,533.45 4 0
marchproxy-egress/internal/tls/manager.go:533.45,534.37 1 0
marchproxy-egress/internal/tls/manager.go:534.37,536.4 1 0
marchproxy-egress/internal/tls/manager.go:540.68,546.2 1 0
marchproxy-egress/internal/tls/manager.go:548.63,553.13 4 0
marchproxy-egress/internal/tls/manager.go:553.13,555.3 1 0
marchproxy-egress/internal/tls/manager.go:557.2,557.44 1 0
marchproxy-egress/internal/tls/manager.go:557.44,559.3 1 0
marchproxy-egress/internal/tls/manager.go:561.2,564.32 3 0
marchproxy-egress/internal/tls/manager.go:567.73,571.36 3 0
marchproxy-egress/internal/tls/manager.go:571.36,573.3 1 0
marchproxy-egress/internal/tls/manager.go:575.2,580.3 1 0
marchproxy-egress/internal/tls/manager.go:583.39,587.40 3 0
marchproxy-egress/internal/tls/manager.go:587.40,588.65 1 0
marchproxy-egress/internal/tls/manager.go:588.65,591.4 2 0
marchproxy-egress/internal/tls/manager.go:594.2,594.21 1 0
marchproxy-egress/internal/tls/manager.go:594.21,596.3 1 0
marchproxy-egress/internal/tls/manager.go:599.93,606.2 1 0
marchproxy-egress/internal/tls/manager.go:608.39,612.16 3 0
marchproxy-egress/internal/tls/manager.go:612.16,614.3 1 0
marchproxy-egress/internal/tls/manager.go:616.2,617.13 2 0
marchproxy-egress/internal/tls/manager.go:620.38,624.17 3 0
marchproxy-egress/internal/tls/manager.go:624.17,626.3 1 0
marchproxy-egress/internal/tls/manager.go:628.2,629.20 2 0
marchproxy-egress/internal/tls/manager.go:632.37,636.6 3 0
marchproxy-egress/internal/tls/manager.go:636.6,637.10 1 0
marchproxy-egress/internal/tls/manager.go:638.19,639.35 1 0
marchproxy-egress/internal/tls/manager.go:640.22,641.10 1 0
marchproxy-egress/internal/tls/manager.go:646.60,649.44 3 0
marchproxy-egress/internal/tls/manager.go:649.44,651.3 1 0
marchproxy-egress/internal/tls/manager.go:652.2,654.39 2 0
marchproxy-egress/internal/tls/manager.go:654.39,655.47 1 0
marchproxy-egress/internal/tls/manager.go:655.47,657.4 1 0
marchproxy-egress/internal/tls/manager.go:661.77,668.2 1 0
marchproxy-egress/internal/tls/manager.go:670.43,672.2 1 0
marchproxy-egress/internal/tls/manager.go:674.88,676.2 1 0
marchproxy-egress/internal/tls/manager.go:678.90,680.2 1 0
marchproxy-egress/internal/tls/manager.go:682.41,686.2 3 0
marchproxy-egress/internal/tls/manager.go:688.46,692.2 3 0
marchproxy-egress/internal/tls/manager.go:694.50,698.2 3 0
marchproxy-egress/internal/tls/manager.go:700.47,704.2 3 0
marchproxy-egress/internal/tls/manager.go:706.49,710.2 3 0
marchproxy-egress/internal/tls/manager.go:712.43,716.2 3 0
marchproxy-egress/internal/tls/manager.go:718.44,722.2 3 0
marchproxy-egress/internal/tls/manager.go:724.49,728.2 3 0
marchproxy-egress/internal/tls/manager.go:730.44,734.2 3 0
marchproxy-egress/internal/tls/manager.go:736.44,740.2 3 0
marchproxy-egress/internal/tls/manager.go:742.43,746.2 3 0
marchproxy-egress/internal/tls/mtls.go:22.63,27.25 2 1
marchproxy-egress/internal/tls/mtls.go:27.25,29.17 2 0
marchproxy-egress/internal/tls/mtls.go:29.17,31.4 1 0
marchproxy-egress/internal/tls/mtls.go:32.3,32.32 1 0
marchproxy-egress/internal/tls/mtls.go:35.2,35.21 1 1
marchproxy-egress/internal/tls/mtls.go:39.62,44.16 3 0
marchproxy-egress/internal/tls/mtls.go:44.16,46.3 1 0
marchproxy-egress/internal/tls/mtls.go:48.2,63.35 2 0
marchproxy-egress/internal/tls/mtls.go:63.35,66.17 2 0
marchproxy-egress/internal/tls/mtls.go:66.17,68.4 1 0
marchproxy-egress/internal/tls/mtls.go:70.3,71.55 2 0
marchproxy-egress/internal/tls/mtls.go:71.55,73.4 1 0
marchproxy-egress/internal/tls/mtls.go:75.3,77.40 2 0
marchproxy-egress/internal/tls/mtls.go:77.40,79.4 1 0
marchproxy-egress/internal/tls/mtls.go:79.9,81.4 1 0
marchproxy-egress/internal/tls/mtls.go:84.2,84.23 1 0
marchproxy-egress/internal/tls/mtls.go:88.50,90.2 1 1
marchproxy-egress/internal/tls/mtls.go:93.70,94.31 1 0
marchproxy-egress/internal/tls/mtls.go:94.31,96.3 1 0
marchproxy-egress/internal/tls/mtls.go:98.2,98.71 1 0
marchproxy-egress/internal/tls/mtls.go:98.71,100.19 1 0
marchproxy-egress/internal/tls/mtls.go:100.19,103.4 2 0
marchproxy-egress/internal/tls/mtls.go:106.3,106.36 1 0
marchproxy-egress/internal/tls/mtls.go:106.36,107.40 1 0
marchproxy-egress/internal/tls/mtls.go:107.40,110.5 2 0
marchproxy-egress/internal/tls/mtls.go:113.4,114.115 2 0
marchproxy-egress/internal/tls/mtls.go:118.3,123.26 5 0
marchproxy-egress/internal/tls/mtls.go:128.64,129.31 1 0
marchproxy-egress/internal/tls/mtls.go:129.31,131.3 1 0
marchproxy-egress/internal/tls/mtls.go:134.2,135.75 2 0
marchproxy-egress/internal/tls/mtls.go:135.75,137.17 2 0
marchproxy-egress/internal/tls/mtls.go:137.17,139.4 1 0
marchproxy-egress/internal/tls/mtls.go:140.3,140.48 1 0
marchproxy-egress/internal/tls/mtls.go:144.2,156.37 2 0
marchproxy-egress/internal/tls/mtls.go:156.37,158.17 2 0
marchproxy-egress/internal/tls/mtls.go:158.17,160.4 1 0
marchproxy-egress/internal/tls/mtls.go:162.3,163.55 2 0
marchproxy-egress/internal/tls/mtls.go:163.55,165.4 1 0
marchproxy-egress/internal/tls/mtls.go:166.3,166.43 1 0
marchproxy-egress/internal/tls/mtls.go:169.2,173.8 1 0
marchproxy-egress/internal/tls/mtls.go:177.53,178.31 1 0
marchproxy-egress/internal/tls/mtls.go:178.31,180.3 1 0
marchproxy-egress/internal/tls/mtls.go:182.2,186.16 3 0
marchproxy-egress/internal/tls/mtls.go:186.16,188.3 1 0
marchproxy-egress/internal/tls/mtls.go:191.2,191.35 1 0
marchproxy-egress/internal/tls/mtls.go:191.35,193.17 2 0
marchproxy-egress/internal/tls/mtls.go:193.17,195.4 1 0
marchproxy-egress/internal/tls/mtls.go:197.3,198.55 2 0
marchproxy-egress/internal/tls/mtls.go:198.55,200.4 1 0
marchproxy-egress/internal/tls/mtls.go:203.2,204.12 2 0
marchproxy-egress/internal/tls/mtls.go:208.67,211.31 2 1
marchproxy-egress/internal/tls/mtls.go:211.31,214.3 2 1
marchproxy-egress/internal/tls/mtls.go:216.2,221.61 4 0
marchproxy-egress/internal/tls/mtls.go:221.61,223.38 2 0
marchproxy-egress/internal/tls/mtls.go:223.38,225.18 2 0
marchproxy-egress/internal/tls/mtls.go:225.18,233.5 1 0
marchproxy-egress/internal/tls/mtls.go:237.2,237.13 1 0
