TN:
SF:.eslintrc.cjs
FN:1,(empty-report)
FNF:1
FNH:0
FNDA:0,(empty-report)
DA:1,0
DA:2,0
DA:3,0
DA:4,0
DA:5,0
DA:6,0
DA:7,0
DA:8,0
DA:9,0
DA:10,0
DA:11,0
DA:12,0
DA:13,0
DA:14,0
DA:15,0
DA:16,0
DA:17,0
DA:18,0
DA:19,0
DA:20,0
LF:20
LH:0
BRDA:1,0,0,0
BRF:1
BRH:0
end_of_record
TN:
SF:src/App.tsx
FN:23,AppContent
FN:76,App
FNF:2
FNH:2
FNDA:7,AppContent
FNDA:7,App
DA:1,1
DA:2,1
DA:3,1
DA:4,1
DA:5,1
DA:6,1
DA:7,1
DA:8,1
DA:9,1
DA:10,1
DA:11,1
DA:12,1
DA:13,1
DA:14,1
DA:15,1
DA:16,1
DA:17,1
DA:18,1
DA:19,1
DA:20,1
DA:21,1
DA:22,1
DA:23,1
DA:24,7
DA:25,7
DA:26,7
DA:27,7
DA:28,7
DA:29,7
DA:30,7
DA:31,1
DA:32,1
DA:33,1
DA:34,1
DA:35,1
DA:36,1
DA:37,1
DA:38,1
DA:39,1
DA:40,1
DA:41,1
DA:42,1
DA:43,6
DA:44,6
DA:45,6
DA:46,6
DA:47,6
DA:48,6
DA:49,6
DA:50,6
DA:51,6
DA:52,6
DA:53,6
DA:54,6
DA:55,6
DA:56,6
DA:57,6
DA:58,6
DA:59,6
DA:60,6
DA:61,6
DA:62,6
DA:63,6
DA:64,6
DA:65,6
DA:66,6
DA:67,6
DA:68,6
DA:69,6
DA:70,6
DA:71,6
DA:72,6
DA:73,6
DA:74,6
DA:75,1
DA:76,1
DA:77,7
DA:78,7
DA:79,7
DA:80,7
DA:81,7
DA:82,7
DA:83,7
DA:84,7
DA:85,7
DA:86,7
DA:87,1
DA:88,1
LF:88
LH:88
BRDA:23,0,0,7
BRDA:30,1,0,1
BRDA:42,2,0,6
BRDA:26,3,0,7
BRDA:76,4,0,7
BRF:5
BRH:5
end_of_record
TN:
SF:src/__mocks__/react-libs.ts
FN:1,AppConsoleVersion
FN:2,LoginPageBuilder
FN:3,SidebarMenu
FN:4,FormModalBuilder
FNF:4
FNH:1
FNDA:0,AppConsoleVersion
FNDA:2,LoginPageBuilder
FNDA:0,SidebarMenu
FNDA:0,FormModalBuilder
DA:1,1
DA:2,1
DA:3,1
DA:4,1
LF:4
LH:4
BRDA:2,0,0,2
BRF:1
BRH:1
end_of_record
TN:
SF:src/components/Common/LicenseGate.tsx
FN:26,LicenseGate
FNF:1
FNH:1
FNDA:34,LicenseGate
DA:1,1
DA:2,1
DA:3,1
DA:4,1
DA:5,1
DA:6,1
DA:7,1
DA:8,1
DA:9,1
DA:10,1
DA:11,1
DA:12,1
DA:13,1
DA:14,1
DA:15,1
DA:16,1
DA:17,1
DA:18,1
DA:19,1
DA:20,1
DA:21,1
DA:22,1
DA:23,1
DA:24,1
DA:25,1
DA:26,1
DA:27,34
DA:28,34
DA:29,34
DA:30,34
DA:31,34
DA:32,34
DA:33,34
DA:34,34
DA:35,26
DA:36,26
DA:37,26
DA:38,26
DA:39,26
DA:40,26
DA:41,26
DA:42,26
DA:43,8
DA:44,8
DA:45,9
DA:46,3
DA:47,3
DA:48,5
DA:49,5
DA:50,5
DA:51,5
DA:52,5
DA:53,5
DA:54,5
DA:55,5
DA:56,5
DA:57,5
DA:58,5
DA:59,5
DA:60,5
DA:61,5
DA:62,5
DA:63,5
DA:64,5
DA:65,5
DA:66,5
DA:67,5
DA:68,5
DA:69,5
DA:70,5
DA:71,5
DA:72,5
DA:73,5
DA:74,5
DA:75,5
DA:76,5
DA:77,5
DA:78,5
DA:79,5
DA:80,5
DA:81,5
DA:82,5
DA:83,5
DA:84,5
DA:85,5
DA:86,5
DA:87,5
DA:88,5
DA:89,5
DA:90,5
DA:91,5
DA:92,5
DA:93,5
DA:94,5
DA:95,5
DA:96,5
DA:97,5
DA:98,5
DA:99,5
DA:100,5
DA:101,5
DA:102,5
DA:103,5
DA:104,5
DA:105,5
DA:106,5
DA:107,5
DA:108,5
DA:109,5
DA:110,5
DA:111,5
DA:112,5
DA:113,5
DA:114,5
DA:115,5
DA:116,5
DA:117,5
DA:118,5
DA:119,5
DA:120,5
DA:121,5
DA:122,5
DA:123,5
DA:124,5
DA:125,5
DA:126,5
DA:127,5
DA:128,5
DA:129,5
DA:130,5
DA:131,5
DA:132,5
DA:133,5
DA:134,5
DA:135,5
DA:136,5
DA:137,1
DA:138,1
LF:138
LH:138
BRDA:26,0,0,34
BRDA:34,1,0,26
BRDA:42,2,0,17
BRDA:42,3,0,9
BRDA:42,4,0,8
BRDA:45,5,0,3
BRDA:47,6,0,5
BRF:7
BRH:7
end_of_record
TN:
SF:src/components/Deployments/TrafficSlider.tsx
FN:31,TrafficSlider
FN:49,handleSliderChange
FN:57,handlePresetClick
FN:66,getBlueGradient
FN:170,onClick
FN:177,onClick
FN:184,onClick
FN:190,onClick
FN:197,onClick
FNF:9
FNH:2
FNDA:5,TrafficSlider
FNDA:0,handleSliderChange
FNDA:0,handlePresetClick
FNDA:5,getBlueGradient
FNDA:0,onClick
FNDA:0,onClick
FNDA:0,onClick
FNDA:0,onClick
FNDA:0,onClick
DA:1,1
DA:2,1
DA:3,1
DA:4,1
DA:5,1
DA:6,1
DA:7,1
DA:8,1
DA:9,1
DA:10,1
DA:11,1
DA:12,1
DA:13,1
DA:14,1
DA:15,1
DA:16,1
DA:17,1
DA:18,1
DA:19,1
DA:20,1
DA:21,1
DA:22,1
DA:23,1
DA:24,1
DA:25,1
DA:26,1
DA:27,1
DA:28,1
DA:29,1
DA:30,1
DA:31,1
DA:32,5
DA:33,5
DA:34,5
DA:35,5
DA:36,5
DA:37,5
DA:38,5
DA:39,5
DA:40,5
DA:41,5
DA:42,5
DA:43,5
DA:44,5
DA:45,5
DA:46,5
DA:47,5
DA:48,5
DA:49,5
DA:50,0
DA:51,0
DA:52,0
DA:53,0
DA:54,0
DA:55,0
DA:56,5
DA:57,5
DA:58,0
DA:59,0
DA:60,0
DA:61,0
DA:62,0
DA:63,5
DA:64,5
DA:65,5
DA:66,5
DA:67,5
DA:68,5
DA:69,5
DA:70,5
DA:71,5
DA:72,5
DA:73,5
DA:74,5
DA:75,5
DA:76,5
DA:77,5
DA:78,5
DA:79,5
DA:80,5
DA:81,5
DA:82,5
DA:83,5
DA:84,5
DA:85,5
DA:86,5
DA:87,5
DA:88,5
DA:89,5
DA:90,5
DA:91,5
DA:92,5
DA:93,5
DA:94,5
DA:95,5
DA:96,5
DA:97,5
DA:98,5
DA:99,5
DA:100,5
DA:101,5
DA:102,5
DA:103,5
DA:104,5
DA:105,5
DA:106,5
DA:107,5
DA:108,5
DA:109,5
DA:110,5
DA:111,5
DA:112,5
DA:113,5
DA:114,5
DA:115,5
DA:116,5
DA:117,5
DA:118,5
DA:119,5
DA:120,5
DA:121,5
DA:122,5
DA:123,5
DA:124,5
DA:125,5
DA:126,5
DA:127,5
DA:128,5
DA:129,5
DA:130,5
DA:131,5
DA:132,5
DA:133,5
DA:134,5
DA:135,5
DA:136,5
DA:137,5
DA:138,5
DA:139,5
DA:140,5
DA:141,5
DA:142,5
DA:143,5
DA:144,5
DA:145,5
DA:146,5
DA:147,5
DA:148,5
DA:149,5
DA:150,5
DA:151,5
DA:152,5
DA:153,5
DA:154,5
DA:155,5
DA:156,5
DA:157,5
DA:158,5
DA:159,5
DA:160,5
DA:161,5
DA:162,5
DA:163,5
DA:164,5
DA:165,5
DA:166,5
DA:167,5
DA:168,5
DA:169,5
DA:170,5
DA:171,5
DA:172,5
DA:173,5
DA:174,5
DA:175,5
DA:176,5
DA:177,5
DA:178,5
DA:179,5
DA:180,5
DA:181,5
DA:182,5
DA:183,5
DA:184,5
DA:185,5
DA:186,5
DA:187,5
DA:188,5
DA:189,5
DA:190,5
DA:191,5
DA:192,5
DA:193,5
DA:194,5
DA:195,5
DA:196,5
DA:197,5
DA:198,5
DA:199,5
DA:200,5
DA:201,5
DA:202,5
DA:203,5
DA:204,5
DA:205,5
DA:206,5
DA:207,1
DA:208,1
DA:209,1
DA:210,1
DA:211,1
DA:212,1
DA:213,1
DA:214,1
DA:215,1
DA:216,1
DA:217,1
DA:218,5
DA:219,5
DA:220,5
DA:221,5
DA:222,0
DA:223,0
DA:224,0
DA:225,0
DA:226,0
DA:227,5
DA:228,5
DA:229,5
DA:230,5
DA:231,1
DA:232,1
LF:232
LH:216
BRDA:31,0,0,5
BRDA:150,1,0,2
BRDA:150,2,0,3
BRDA:172,3,0,0
BRDA:179,4,0,0
BRDA:185,5,0,3
BRDA:185,6,0,2
BRDA:192,7,0,0
BRDA:199,8,0,0
BRDA:206,9,0,1
BRDA:206,10,0,1
BRDA:221,11,0,0
BRDA:221,12,0,0
BRDA:44,13,0,5
BRDA:66,14,0,5
BRF:15
BRH:9
end_of_record
TN:
SF:src/components/Deployments/index.ts
FN:1,(empty-report)
FNF:1
FNH:0
FNDA:0,(empty-report)
DA:1,0
DA:2,0
DA:3,0
DA:4,0
DA:5,0
LF:5
LH:0
BRDA:1,0,0,0
BRF:1
BRH:0
end_of_record
TN:
SF:src/components/Enterprise/CloudHealthMap.tsx
FN:48,CloudHealthMap
FNF:1
FNH:0
FNDA:0,CloudHealthMap
DA:1,1
DA:2,1
DA:3,1
DA:4,1
DA:5,1
DA:6,1
DA:7,1
DA:8,1
DA:9,1
DA:10,1
DA:11,1
DA:12,1
DA:13,1
DA:14,1
DA:15,1
DA:16,1
DA:17,1
DA:18,1
DA:19,1
DA:20,1
DA:21,1
DA:22,1
DA:23,1
DA:24,1
DA:25,1
DA:26,1
DA:27,1
DA:28,1
DA:29,1
DA:30,1
DA:31,1
DA:32,1
DA:33,1
DA:34,1
DA:35,1
DA:36,1
DA:37,1
DA:38,1
DA:39,1
DA:40,1
DA:41,1
DA:42,1
DA:43,1
DA:44,1
DA:45,1
DA:46,1
DA:47,1
DA:48,1
DA:49,0
DA:50,0
DA:51,0
DA:52,0
DA:53,0
DA:54,0
DA:55,0
DA:56,0
DA:57,0
DA:58,0
DA:59,0
DA:60,0
DA:61,0
DA:62,0
DA:63,0
DA:64,0
DA:65,0
DA:66,0
DA:67,0
DA:68,0
DA:69,0
DA:70,0
DA:71,0
DA:72,0
DA:73,0
DA:74,0
DA:75,0
DA:76,0
DA:77,0
DA:78,0
DA:79,0
DA:80,0
DA:81,0
DA:82,0
DA:83,0
DA:84,0
DA:85,0
DA:86,0
DA:87,0
DA:88,0
DA:89,0
DA:90,0
DA:91,0
DA:92,0
DA:93,0
DA:94,0
DA:95,0
DA:96,0
DA:97,0
DA:98,0
DA:99,0
DA:100,0
DA:101,0
DA:102,0
DA:103,0
DA:104,0
DA:105,0
DA:106,0
DA:107,0
DA:108,0
DA:109,0
DA:110,0
DA:111,0
DA:112,0
DA:113,0
DA:114,0
DA:115,0
DA:116,0
DA:117,0
DA:118,0
DA:119,0
DA:120,0
DA:121,0
DA:122,0
DA:123,0
DA:124,0
DA:125,0
DA:126,0
DA:127,0
DA:128,0
DA:129,0
DA:130,0
DA:131,0
DA:132,0
DA:133,0
DA:134,0
DA:135,0
DA:136,0
DA:137,0
DA:138,0
DA:139,0
DA:140,0
DA:141,0
DA:142,0
DA:143,0
DA:144,0
DA:145,0
DA:146,0
DA:147,0
DA:148,0
DA:149,0
DA:150,0
DA:151,0
DA:152,0
DA:153,0
DA:154,0
DA:155,0
DA:156,0
DA:157,0
DA:158,0
DA:159,0
DA:160,0
DA:161,0
DA:162,0
DA:163,0
DA:164,0
DA:165,0
DA:166,0
DA:167,0
DA:168,0
DA:169,0
DA:170,0
DA:171,0
DA:172,0
DA:173,0
DA:174,0
DA:175,0
DA:176,0
DA:177,0
DA:178,0
DA:179,0
DA:180,0
DA:181,0
DA:182,0
DA:183,0
DA:184,0
DA:185,0
DA:186,0
DA:187,0
DA:188,0
DA:189,0
DA:190,0
DA:191,0
DA:192,0
DA:193,0
DA:194,0
DA:195,0
DA:196,0
DA:197,0
DA:198,0
DA:199,0
DA:200,0
DA:201,0
DA:202,0
DA:203,0
DA:204,0
DA:205,0
DA:206,0
DA:207,0
DA:208,0
DA:209,0
DA:210,0
DA:211,0
DA:212,0
DA:213,0
DA:214,0
DA:215,0
DA:216,0
DA:217,0
DA:218,0
DA:219,0
DA:220,0
DA:221,0
DA:222,0
DA:223,0
DA:224,0
DA:225,0
DA:226,0
DA:227,0
DA:228,0
DA:229,0
DA:230,0
DA:231,0
DA:232,0
DA:233,0
DA:234,0
DA:235,0
DA:236,0
DA:237,0
DA:238,0
DA:239,0
DA:240,0
DA:241,0
DA:242,0
DA:243,0
DA:244,0
DA:245,0
DA:246,0
DA:247,0
DA:248,0
DA:249,0
DA:250,0
DA:251,0
DA:252,0
DA:253,0
DA:254,0
DA:255,0
DA:256,0
DA:257,0
DA:258,0
DA:259,0
DA:260,0
DA:261,0
DA:262,0
DA:263,0
DA:264,0
DA:265,0
DA:266,0
DA:267,0
DA:268,0
DA:269,0
DA:270,0
DA:271,0
DA:272,0
DA:273,0
DA:274,0
DA:275,0
DA:276,0
DA:277,0
DA:278,0
DA:279,0
DA:280,0
DA:281,0
DA:282,0
DA:283,0
DA:284,0
DA:285,0
DA:286,0
DA:287,0
DA:288,0
DA:289,0
DA:290,0
DA:291,0
DA:292,0
DA:293,0
DA:294,0
DA:295,0
DA:296,0
DA:297,0
DA:298,0
DA:299,0
DA:300,0
DA:301,0
DA:302,0
DA:303,0
DA:304,0
DA:305,0
DA:306,0
DA:307,0
DA:308,0
DA:309,0
DA:310,0
DA:311,0
DA:312,0
DA:313,0
DA:314,0
DA:315,0
DA:316,0
DA:317,0
DA:318,0
DA:319,1
DA:320,1
LF:320
LH:50
BRF:0
BRH:0
end_of_record
TN:
SF:src/components/Enterprise.disabled/AuditLogViewer.tsx
FN:1,(empty-report)
FNF:1
FNH:0
FNDA:0,(empty-report)
DA:1,0
DA:2,0
DA:3,0
DA:4,0
DA:5,0
DA:6,0
DA:7,0
DA:8,0
DA:9,0
DA:10,0
DA:11,0
DA:12,0
DA:13,0
DA:14,0
DA:15,0
DA:16,0
DA:17,0
DA:18,0
DA:19,0
DA:20,0
DA:21,0
DA:22,0
DA:23,0
DA:24,0
DA:25,0
DA:26,0
DA:27,0
DA:28,0
DA:29,0
DA:30,0
DA:31,0
DA:32,0
DA:33,0
DA:34,0
DA:35,0
DA:36,0
DA:37,0
DA:38,0
DA:39,0
DA:40,0
DA:41,0
DA:42,0
DA:43,0
DA:44,0
DA:45,0
DA:46,0
DA:47,0
DA:48,0
DA:49,0
DA:50,0
DA:51,0
DA:52,0
DA:53,0
DA:54,0
DA:55,0
DA:56,0
DA:57,0
DA:58,0
DA:59,0
DA:60,0
DA:61,0
DA:62,0
DA:63,0
DA:64,0
DA:65,0
DA:66,0
DA:67,0
DA:68,0
DA:69,0
DA:70,0
DA:71,0
DA:72,0
DA:73,0
DA:74,0
DA:75,0
DA:76,0
DA:77,0
DA:78,0
DA:79,0
DA:80,0
DA:81,0
DA:82,0
DA:83,0
DA:84,0
DA:85,0
DA:86,0
DA:87,0
DA:88,0
DA:89,0
DA:90,0
DA:91,0
DA:92,0
DA:93,0
DA:94,0
DA:95,0
DA:96,0
DA:97,0
DA:98,0
DA:99,0
DA:100,0
DA:101,0
DA:102,0
DA:103,0
DA:104,0
DA:105,0
DA:106,0
DA:107,0
DA:108,0
DA:109,0
DA:110,0
DA:111,0
DA:112,0
DA:113,0
DA:114,0
DA:115,0
DA:116,0
DA:117,0
DA:118,0
DA:119,0
DA:120,0
DA:121,0
DA:122,0
DA:123,0
DA:124,0
DA:125,0
DA:126,0
DA:127,0
DA:128,0
DA:129,0
DA:130,0
DA:131,0
DA:132,0
DA:133,0
DA:134,0
DA:135,0
DA:136,0
DA:137,0
DA:138,0
DA:139,0
DA:140,0
DA:141,0
DA:142,0
DA:143,0
DA:144,0
DA:145,0
DA:146,0
DA:147,0
DA:148,0
DA:149,0
DA:150,0
DA:151,0
DA:152,0
DA:153,0
DA:154,0
DA:155,0
DA:156,0
DA:157,0
DA:158,0
DA:159,0
DA:160,0
DA:161,0
DA:162,0
DA:163,0
DA:164,0
DA:165,0
DA:166,0
DA:167,0
DA:168,0
DA:169,0
DA:170,0
DA:171,0
DA:172,0
DA:173,0
DA:174,0
DA:175,0
DA:176,0
DA:177,0
DA:178,0
DA:179,0
DA:180,0
DA:181,0
DA:182,0
DA:183,0
DA:184,0
DA:185,0
DA:186,0
DA:187,0
DA:188,0
DA:189,0
DA:190,0
DA:191,0
DA:192,0
DA:193,0
DA:194,0
DA:195,0
DA:196,0
DA:197,0
DA:198,0
DA:199,0
DA:200,0
DA:201,0
DA:202,0
DA:203,0
DA:204,0
DA:205,0
DA:206,0
DA:207,0
DA:208,0
DA:209,0
DA:210,0
DA:211,0
DA:212,0
DA:213,0
DA:214,0
DA:215,0
DA:216,0
DA:217,0
DA:218,0
DA:219,0
DA:220,0
DA:221,0
DA:222,0
DA:223,0
DA:224,0
DA:225,0
DA:226,0
DA:227,0
DA:228,0
DA:229,0
DA:230,0
DA:231,0
DA:232,0
DA:233,0
DA:234,0
DA:235,0
DA:236,0
DA:237,0
DA:238,0
DA:239,0
DA:240,0
DA:241,0
DA:242,0
DA:243,0
DA:244,0
DA:245,0
DA:246,0
DA:247,0
DA:248,0
DA:249,0
DA:250,0
DA:251,0
DA:252,0
DA:253,0
DA:254,0
DA:255,0
DA:256,0
DA:257,0
DA:258,0
DA:259,0
DA:260,0
DA:261,0
DA:262,0
DA:263,0
DA:264,0
DA:265,0
DA:266,0
DA:267,0
DA:268,0
DA:269,0
DA:270,0
DA:271,0
DA:272,0
DA:273,0
DA:274,0
DA:275,0
DA:276,0
DA:277,0
DA:278,0
DA:279,0
DA:280,0
DA:281,0
DA:282,0
DA:283,0
DA:284,0
DA:285,0
DA:286,0
DA:287,0
DA:288,0
DA:289,0
DA:290,0
DA:291,0
DA:292,0
DA:293,0
DA:294,0
DA:295,0
DA:296,0
DA:297,0
DA:298,0
DA:299,0
DA:300,0
DA:301,0
DA:302,0
DA:303,0
DA:304,0
DA:305,0
DA:306,0
DA:307,0
DA:308,0
DA:309,0
DA:310,0
DA:311,0
DA:312,0
DA:313,0
DA:314,0
DA:315,0
DA:316,0
DA:317,0
DA:318,0
DA:319,0
DA:320,0
DA:321,0
DA:322,0
DA:323,0
DA:324,0
DA:325,0
DA:326,0
DA:327,0
DA:328,0
DA:329,0
DA:330,0
DA:331,0
DA:332,0
DA:333,0
DA:334,0
DA:335,0
DA:336,0
DA:337,0
DA:338,0
DA:339,0
DA:340,0
DA:341,0
DA:342,0
DA:343,0
DA:344,0
DA:345,0
DA:346,0
DA:347,0
DA:348,0
DA:349,0
DA:350,0
DA:351,0
DA:352,0
DA:353,0
DA:354,0
DA:355,0
DA:356,0
DA:357,0
DA:358,0
DA:359,0
DA:360,0
DA:361,0
DA:362,0
DA:363,0
DA:364,0
DA:365,0
DA:366,0
DA:367,0
DA:368,0
DA:369,0
DA:370,0
DA:371,0
DA:372,0
DA:373,0
DA:374,0
DA:375,0
DA:376,0
DA:377,0
DA:378,0
DA:379,0
DA:380,0
DA:381,0
DA:382,0
DA:383,0
DA:384,0
DA:385,0
DA:386,0
DA:387,0
DA:388,0
DA:389,0
DA:390,0
DA:391,0
DA:392,0
DA:393,0
LF:393
LH:0
BRDA:1,0,0,0
BRF:1
BRH:0
end_of_record
TN:
SF:src/components/Enterprise.disabled/ComplianceReports.tsx
FN:1,(empty-report)
FNF:1
FNH:0
FNDA:0,(empty-report)
DA:1,0
DA:2,0
DA:3,0
DA:4,0
DA:5,0
DA:6,0
DA:7,0
DA:8,0
DA:9,0
DA:10,0
DA:11,0
DA:12,0
DA:13,0
DA:14,0
DA:15,0
DA:16,0
DA:17,0
DA:18,0
DA:19,0
DA:20,0
DA:21,0
DA:22,0
DA:23,0
DA:24,0
DA:25,0
DA:26,0
DA:27,0
DA:28,0
DA:29,0
DA:30,0
DA:31,0
DA:32,0
DA:33,0
DA:34,0
DA:35,0
DA:36,0
DA:37,0
DA:38,0
DA:39,0
DA:40,0
DA:41,0
DA:42,0
DA:43,0
DA:44,0
DA:45,0
DA:46,0
DA:47,0
DA:48,0
DA:49,0
DA:50,0
DA:51,0
DA:52,0
DA:53,0
DA:54,0
DA:55,0
DA:56,0
DA:57,0
DA:58,0
DA:59,0
DA:60,0
DA:61,0
DA:62,0
DA:63,0
DA:64,0
DA:65,0
DA:66,0
DA:67,0
DA:68,0
DA:69,0
DA:70,0
DA:71,0
DA:72,0
DA:73,0
DA:74,0
DA:75,0
DA:76,0
DA:77,0
DA:78,0
DA:79,0
DA:80,0
DA:81,0
DA:82,0
DA:83,0
DA:84,0
DA:85,0
DA:86,0
DA:87,0
DA:88,0
DA:89,0
DA:90,0
DA:91,0
DA:92,0
DA:93,0
DA:94,0
DA:95,0
DA:96,0
DA:97,0
DA:98,0
DA:99,0
DA:100,0
DA:101,0
DA:102,0
DA:103,0
DA:104,0
DA:105,0
DA:106,0
DA:107,0
DA:108,0
DA:109,0
DA:110,0
DA:111,0
DA:112,0
DA:113,0
DA:114,0
DA:115,0
DA:116,0
DA:117,0
DA:118,0
DA:119,0
DA:120,0
DA:121,0
DA:122,0
DA:123,0
DA:124,0
DA:125,0
DA:126,0
DA:127,0
DA:128,0
DA:129,0
DA:130,0
DA:131,0
DA:132,0
DA:133,0
DA:134,0
DA:135,0
DA:136,0
DA:137,0
DA:138,0
DA:139,0
DA:140,0
DA:141,0
DA:142,0
DA:143,0
DA:144,0
DA:145,0
DA:146,0
DA:147,0
DA:148,0
DA:149,0
DA:150,0
DA:151,0
DA:152,0
DA:153,0
DA:154,0
DA:155,0
DA:156,0
DA:157,0
DA:158,0
DA:159,0
DA:160,0
DA:161,0
DA:162,0
DA:163,0
DA:164,0
DA:165,0
DA:166,0
DA:167,0
DA:168,0
DA:169,0
DA:170,0
DA:171,0
DA:172,0
DA:173,0
DA:174,0
DA:175,0
DA:176,0
DA:177,0
DA:178,0
DA:179,0
DA:180,0
DA:181,0
DA:182,0
DA:183,0
DA:184,0
DA:185,0
DA:186,0
DA:187,0
DA:188,0
DA:189,0
DA:190,0
DA:191,0
DA:192,0
DA:193,0
DA:194,0
DA:195,0
DA:196,0
DA:197,0
DA:198,0
DA:199,0
DA:200,0
DA:201,0
DA:202,0
DA:203,0
DA:204,0
DA:205,0
DA:206,0
DA:207,0
DA:208,0
DA:209,0
DA:210,0
DA:211,0
DA:212,0
DA:213,0
DA:214,0
DA:215,0
DA:216,0
DA:217,0
DA:218,0
DA:219,0
DA:220,0
DA:221,0
DA:222,0
DA:223,0
DA:224,0
DA:225,0
DA:226,0
DA:227,0
DA:228,0
DA:229,0
DA:230,0
DA:231,0
DA:232,0
DA:233,0
DA:234,0
DA:235,0
DA:236,0
DA:237,0
DA:238,0
DA:239,0
DA:240,0
DA:241,0
DA:242,0
DA:243,0
DA:244,0
DA:245,0
DA:246,0
DA:247,0
DA:248,0
DA:249,0
DA:250,0
DA:251,0
DA:252,0
DA:253,0
DA:254,0
DA:255,0
DA:256,0
DA:257,0
DA:258,0
DA:259,0
DA:260,0
DA:261,0
DA:262,0
DA:263,0
DA:264,0
DA:265,0
DA:266,0
DA:267,0
DA:268,0
DA:269,0
DA:270,0
DA:271,0
DA:272,0
DA:273,0
DA:274,0
DA:275,0
DA:276,0
DA:277,0
DA:278,0
DA:279,0
DA:280,0
DA:281,0
DA:282,0
DA:283,0
DA:284,0
DA:285,0
DA:286,0
DA:287,0
DA:288,0
DA:289,0
DA:290,0
DA:291,0
DA:292,0
DA:293,0
DA:294,0
DA:295,0
DA:296,0
DA:297,0
DA:298,0
DA:299,0
DA:300,0
DA:301,0
DA:302,0
DA:303,0
DA:304,0
DA:305,0
DA:306,0
DA:307,0
DA:308,0
DA:309,0
DA:310,0
DA:311,0
DA:312,0
DA:313,0
DA:314,0
DA:315,0
DA:316,0
DA:317,0
DA:318,0
DA:319,0
DA:320,0
DA:321,0
DA:322,0
DA:323,0
DA:324,0
DA:325,0
DA:326,0
DA:327,0
DA:328,0
DA:329,0
DA:330,0
DA:331,0
DA:332,0
DA:333,0
DA:334,0
DA:335,0
DA:336,0
DA:337,0
DA:338,0
DA:339,0
DA:340,0
DA:341,0
DA:342,0
DA:343,0
DA:344,0
DA:345,0
DA:346,0
DA:347,0
DA:348,0
DA:349,0
DA:350,0
DA:351,0
DA:352,0
DA:353,0
DA:354,0
DA:355,0
DA:356,0
DA:357,0
DA:358,0
DA:359,0
DA:360,0
DA:361,0
DA:362,0
DA:363,0
DA:364,0
DA:365,0
DA:366,0
DA:367,0
DA:368,0
DA:369,0
DA:370,0
DA:371,0
DA:372,0
DA:373,0
DA:374,0
DA:375,0
DA:376,0
DA:377,0
DA:378,0
DA:379,0
DA:380,0
DA:381,0
DA:382,0
DA:383,0
DA:384,0
DA:385,0
DA:386,0
DA:387,0
DA:388,0
DA:389,0
DA:390,0
DA:391,0
DA:392,0
DA:393,0
DA:394,0
DA:395,0
DA:396,0
DA:397,0
DA:398,0
DA:399,0
DA:400,0
DA:401,0
DA:402,0
DA:403,0
DA:404,0
DA:405,0
DA:406,0
DA:407,0
DA:408,0
DA:409,0
DA:410,0
DA:411,0
DA:412,0
DA:413,0
DA:414,0
DA:415,0
DA:416,0
DA:417,0
DA:418,0
DA:419,0
DA:420,0
LF:420
LH:0
BRDA:1,0,0,0
BRF:1
BRH:0
end_of_record
TN:
SF:src/components/Enterprise.disabled/PolicyEditor.tsx
FN:1,(empty-report)
FNF:1
FNH:0
FNDA:0,(empty-report)
DA:1,0
DA:2,0
DA:3,0
DA:4,0
DA:5,0
DA:6,0
DA:7,0
DA:8,0
DA:9,0
DA:10,0
DA:11,0
DA:12,0
DA:13,0
DA:14,0
DA:15,0
DA:16,0
DA:17,0
DA:18,0
DA:19,0
DA:20,0
DA:21,0
DA:22,0
DA:23,0
DA:24,0
DA:25,0
DA:26,0
DA:27,0
DA:28,0
DA:29,0
DA:30,0
DA:31,0
DA:32,0
DA:33,0
DA:34,0
DA:35,0
DA:36,0
DA:37,0
DA:38,0
DA:39,0
DA:40,0
DA:41,0
DA:42,0
DA:43,0
DA:44,0
DA:45,0
DA:46,0
DA:47,0
DA:48,0
DA:49,0
DA:50,0
DA:51,0
DA:52,0
DA:53,0
DA:54,0
DA:55,0
DA:56,0
DA:57,0
DA:58,0
DA:59,0
DA:60,0
DA:61,0
DA:62,0
DA:63,0
DA:64,0
DA:65,0
DA:66,0
DA:67,0
DA:68,0
DA:69,0
DA:70,0
DA:71,0
DA:72,0
DA:73,0
DA:74,0
DA:75,0
DA:76,0
DA:77,0
DA:78,0
DA:79,0
DA:80,0
DA:81,0
DA:82,0
DA:83,0
DA:84,0
DA:85,0
DA:86,0
DA:87,0
DA:88,0
DA:89,0
DA:90,0
DA:91,0
DA:92,0
DA:93,0
DA:94,0
DA:95,0
DA:96,0
DA:97,0
DA:98,0
DA:99,0
DA:100,0
DA:101,0
DA:102,0
DA:103,0
DA:104,0
DA:105,0
DA:106,0
DA:107,0
DA:108,0
DA:109,0
DA:110,0
DA:111,0
DA:112,0
DA:113,0
DA:114,0
DA:115,0
DA:116,0
DA:117,0
DA:118,0
DA:119,0
DA:120,0
DA:121,0
DA:122,0
DA:123,0
DA:124,0
DA:125,0
DA:126,0
DA:127,0
DA:128,0
DA:129,0
DA:130,0
DA:131,0
DA:132,0
DA:133,0
DA:134,0
DA:135,0
DA:136,0
DA:137,0
DA:138,0
DA:139,0
DA:140,0
DA:141,0
DA:142,0
DA:143,0
DA:144,0
DA:145,0
DA:146,0
DA:147,0
DA:148,0
DA:149,0
DA:150,0
DA:151,0
DA:152,0
DA:153,0
DA:154,0
DA:155,0
DA:156,0
DA:157,0
DA:158,0
DA:159,0
DA:160,0
DA:161,0
DA:162,0
DA:163,0
DA:164,0
DA:165,0
DA:166,0
DA:167,0
DA:168,0
DA:169,0
DA:170,0
DA:171,0
DA:172,0
DA:173,0
DA:174,0
DA:175,0
DA:176,0
DA:177,0
DA:178,0
DA:179,0
DA:180,0
DA:181,0
DA:182,0
DA:183,0
DA:184,0
DA:185,0
DA:186,0
DA:187,0
DA:188,0
DA:189,0
DA:190,0
DA:191,0
DA:192,0
DA:193,0
DA:194,0
DA:195,0
DA:196,0
DA:197,0
DA:198,0
DA:199,0
DA:200,0
DA:201,0
DA:202,0
DA:203,0
DA:204,0
DA:205,0
DA:206,0
DA:207,0
DA:208,0
DA:209,0
DA:210,0
DA:211,0
DA:212,0
DA:213,0
DA:214,0
DA:215,0
DA:216,0
DA:217,0
DA:218,0
DA:219,0
DA:220,0
DA:221,0
DA:222,0
DA:223,0
DA:224,0
DA:225,0
DA:226,0
DA:227,0
DA:228,0
DA:229,0
DA:230,0
DA:231,0
DA:232,0
DA:233,0
DA:234,0
DA:235,0
DA:236,0
DA:237,0
DA:238,0
DA:239,0
DA:240,0
DA:241,0
DA:242,0
DA:243,0
DA:244,0
DA:245,0
DA:246,0
DA:247,0
DA:248,0
DA:249,0
DA:250,0
DA:251,0
DA:252,0
DA:253,0
DA:254,0
DA:255,0
DA:256,0
DA:257,0
DA:258,0
DA:259,0
DA:260,0
DA:261,0
DA:262,0
DA:263,0
DA:264,0
DA:265,0
DA:266,0
DA:267,0
DA:268,0
DA:269,0
DA:270,0
DA:271,0
DA:272,0
DA:273,0
DA:274,0
DA:275,0
DA:276,0
DA:277,0
DA:278,0
DA:279,0
DA:280,0
DA:281,0
DA:282,0
DA:283,0
DA:284,0
DA:285,0
DA:286,0
DA:287,0
DA:288,0
DA:289,0
DA:290,0
DA:291,0
DA:292,0
DA:293,0
DA:294,0
DA:295,0
DA:296,0
DA:297,0
DA:298,0
DA:299,0
DA:300,0
DA:301,0
DA:302,0
DA:303,0
DA:304,0
DA:305,0
DA:306,0
DA:307,0
DA:308,0
DA:309,0
DA:310,0
DA:311,0
DA:312,0
DA:313,0
DA:314,0
DA:315,0
DA:316,0
DA:317,0
DA:318,0
DA:319,0
DA:320,0
DA:321,0
DA:322,0
DA:323,0
DA:324,0
DA:325,0
DA:326,0
DA:327,0
DA:328,0
DA:329,0
DA:330,0
DA:331,0
DA:332,0
DA:333,0
DA:334,0
DA:335,0
DA:336,0
DA:337,0
DA:338,0
DA:339,0
DA:340,0
DA:341,0
DA:342,0
DA:343,0
DA:344,0
DA:345,0
DA:346,0
DA:347,0
DA:348,0
DA:349,0
LF:349
LH:0
BRDA:1,0,0,0
BRF:1
BRH:0
end_of_record
TN:
SF:src/components/Enterprise.disabled/PolicyTester.tsx
FN:1,(empty-report)
FNF:1
FNH:0
FNDA:0,(empty-report)
DA:1,0
DA:2,0
DA:3,0
DA:4,0
DA:5,0
DA:6,0
DA:7,0
DA:8,0
DA:9,0
DA:10,0
DA:11,0
DA:12,0
DA:13,0
DA:14,0
DA:15,0
DA:16,0
DA:17,0
DA:18,0
DA:19,0
DA:20,0
DA:21,0
DA:22,0
DA:23,0
DA:24,0
DA:25,0
DA:26,0
DA:27,0
DA:28,0
DA:29,0
DA:30,0
DA:31,0
DA:32,0
DA:33,0
DA:34,0
DA:35,0
DA:36,0
DA:37,0
DA:38,0
DA:39,0
DA:40,0
DA:41,0
DA:42,0
DA:43,0
DA:44,0
DA:45,0
DA:46,0
DA:47,0
DA:48,0
DA:49,0
DA:50,0
DA:51,0
DA:52,0
DA:53,0
DA:54,0
DA:55,0
DA:56,0
DA:57,0
DA:58,0
DA:59,0
DA:60,0
DA:61,0
DA:62,0
DA:63,0
DA:64,0
DA:65,0
DA:66,0
DA:67,0
DA:68,0
DA:69,0
DA:70,0
DA:71,0
DA:72,0
DA:73,0
DA:74,0
DA:75,0
DA:76,0
DA:77,0
DA:78,0
DA:79,0
DA:80,0
DA:81,0
DA:82,0
DA:83,0
DA:84,0
DA:85,0
DA:86,0
DA:87,0
DA:88,0
DA:89,0
DA:90,0
DA:91,0
DA:92,0
DA:93,0
DA:94,0
DA:95,0
DA:96,0
DA:97,0
DA:98,0
DA:99,0
DA:100,0
DA:101,0
DA:102,0
DA:103,0
DA:104,0
DA:105,0
DA:106,0
DA:107,0
DA:108,0
DA:109,0
DA:110,0
DA:111,0
DA:112,0
DA:113,0
DA:114,0
DA:115,0
DA:116,0
DA:117,0
DA:118,0
DA:119,0
DA:120,0
DA:121,0
DA:122,0
DA:123,0
DA:124,0
DA:125,0
DA:126,0
DA:127,0
DA:128,0
DA:129,0
DA:130,0
DA:131,0
DA:132,0
DA:133,0
DA:134,0
DA:135,0
DA:136,0
DA:137,0
DA:138,0
DA:139,0
DA:140,0
DA:141,0
DA:142,0
DA:143,0
DA:144,0
DA:145,0
DA:146,0
DA:147,0
DA:148,0
DA:149,0
DA:150,0
DA:151,0
DA:152,0
DA:153,0
DA:154,0
DA:155,0
DA:156,0
DA:157,0
DA:158,0
DA:159,0
DA:160,0
DA:161,0
DA:162,0
DA:163,0
DA:164,0
DA:165,0
DA:166,0
DA:167,0
DA:168,0
DA:169,0
DA:170,0
DA:171,0
DA:172,0
DA:173,0
DA:174,0
DA:175,0
DA:176,0
DA:177,0
DA:178,0
DA:179,0
DA:180,0
DA:181,0
DA:182,0
DA:183,0
DA:184,0
DA:185,0
DA:186,0
DA:187,0
DA:188,0
DA:189,0
DA:190,0
DA:191,0
DA:192,0
DA:193,0
DA:194,0
DA:195,0
DA:196,0
DA:197,0
DA:198,0
DA:199,0
DA:200,0
DA:201,0
DA:202,0
DA:203,0
DA:204,0
DA:205,0
DA:206,0
DA:207,0
DA:208,0
DA:209,0
DA:210,0
DA:211,0
DA:212,0
DA:213,0
DA:214,0
DA:215,0
DA:216,0
DA:217,0
DA:218,0
DA:219,0
DA:220,0
DA:221,0
DA:222,0
DA:223,0
DA:224,0
DA:225,0
DA:226,0
DA:227,0
DA:228,0
DA:229,0
DA:230,0
DA:231,0
DA:232,0
DA:233,0
DA:234,0
DA:235,0
DA:236,0
DA:237,0
DA:238,0
DA:239,0
DA:240,0
DA:241,0
DA:242,0
DA:243,0
DA:244,0
DA:245,0
DA:246,0
DA:247,0
DA:248,0
DA:249,0
DA:250,0
DA:251,0
DA:252,0
DA:253,0
DA:254,0
DA:255,0
DA:256,0
DA:257,0
DA:258,0
DA:259,0
DA:260,0
DA:261,0
DA:262,0
DA:263,0
DA:264,0
DA:265,0
DA:266,0
DA:267,0
DA:268,0
DA:269,0
DA:270,0
DA:271,0
DA:272,0
DA:273,0
DA:274,0
DA:275,0
DA:276,0
DA:277,0
DA:278,0
DA:279,0
DA:280,0
DA:281,0
DA:282,0
DA:283,0
DA:284,0
DA:285,0
DA:286,0
DA:287,0
DA:288,0
DA:289,0
DA:290,0
DA:291,0
DA:292,0
DA:293,0
DA:294,0
DA:295,0
DA:296,0
DA:297,0
DA:298,0
DA:299,0
DA:300,0
DA:301,0
DA:302,0
DA:303,0
DA:304,0
DA:305,0
DA:306,0
DA:307,0
DA:308,0
DA:309,0
DA:310,0
DA:311,0
DA:312,0
DA:313,0
DA:314,0
DA:315,0
DA:316,0
DA:317,0
DA:318,0
DA:319,0
DA:320,0
DA:321,0
DA:322,0
DA:323,0
DA:324,0
DA:325,0
DA:326,0
DA:327,0
DA:328,0
DA:329,0
DA:330,0
DA:331,0
DA:332,0
DA:333,0
DA:334,0
DA:335,0
DA:336,0
DA:337,0
DA:338,0
DA:339,0
DA:340,0
DA:341,0
LF:341
LH:0
BRDA:1,0,0,0
BRF:1
BRH:0
end_of_record
TN:
SF:src/components/Layout/Header.tsx
FN:27,Header
FN:36,handleMenu
FN:40,handleClose
FN:44,handleLogout
FNF:4
FNH:1
FNDA:2,Header
FNDA:0,handleMenu
FNDA:0,handleClose
FNDA:0,handleLogout
DA:1,1
DA:2,1
DA:3,1
DA:4,1
DA:5,1
DA:6,1
DA:7,1
DA:8,1
DA:9,1
DA:10,1
DA:11,1
DA:12,1
DA:13,1
DA:14,1
DA:15,1
DA:16,1
DA:17,1
DA:18,1
DA:19,1
DA:20,1
DA:21,1
DA:22,1
DA:23,1
DA:24,1
DA:25,1
DA:26,1
DA:27,1
DA:28,2
DA:29,2
DA:30,2
DA:31,2
DA:32,2
DA:33,2
DA:34,2
DA:35,2
DA:36,2
DA:37,0
DA:38,0
DA:39,2
DA:40,2
DA:41,0
DA:42,0
DA:43,2
DA:44,2
DA:45,0
DA:46,0
DA:47,0
DA:48,0
DA:49,2
DA:50,2
DA:51,2
DA:52,2
DA:53,2
DA:54,2
DA:55,2
DA:56,2
DA:57,2
DA:58,2
DA:59,2
DA:60,1
DA:61,1
DA:62,1
DA:63,1
DA:64,1
DA:65,1
DA:66,1
DA:67,1
DA:68,1
DA:69,2
DA:70,2
DA:71,2
DA:72,2
DA:73,2
DA:74,2
DA:75,2
DA:76,2
DA:77,2
DA:78,2
DA:79,2
DA:80,2
DA:81,2
DA:82,2
DA:83,2
DA:84,2
DA:85,2
DA:86,2
DA:87,2
DA:88,2
DA:89,2
DA:90,2
DA:91,2
DA:92,2
DA:93,2
DA:94,2
DA:95,2
DA:96,2
DA:97,2
DA:98,2
DA:99,2
DA:100,2
DA:101,2
DA:102,2
DA:103,2
DA:104,2
DA:105,2
DA:106,2
DA:107,2
DA:108,2
DA:109,2
DA:110,2
DA:111,2
DA:112,2
DA:113,2
DA:114,2
DA:115,2
DA:116,2
DA:117,2
DA:118,2
DA:119,2
DA:120,2
DA:121,2
DA:122,1
DA:123,1
LF:123
LH:115
BRDA:27,0,0,2
BRDA:59,1,0,1
BRDA:75,2,0,0
BRDA:86,3,0,0
BRF:4
BRH:2
end_of_record
TN:
SF:src/components/Layout/MainLayout.tsx
FN:9,MainLayout
FN:14,handleDrawerToggle
FNF:2
FNH:1
FNDA:3,MainLayout
FNDA:0,handleDrawerToggle
DA:1,1
DA:2,1
DA:3,1
DA:4,1
DA:5,1
DA:6,1
DA:7,1
DA:8,1
DA:9,1
DA:10,3
DA:11,3
DA:12,3
DA:13,3
DA:14,3
DA:15,0
DA:16,0
DA:17,3
DA:18,3
DA:19,3
DA:20,3
DA:21,3
DA:22,3
DA:23,3
DA:24,3
DA:25,3
DA:26,3
DA:27,3
DA:28,3
DA:29,3
DA:30,3
DA:31,3
DA:32,3
DA:33,3
DA:34,3
DA:35,3
DA:36,3
DA:37,3
DA:38,3
DA:39,3
DA:40,3
DA:41,3
DA:42,3
DA:43,3
DA:44,3
DA:45,3
DA:46,3
DA:47,1
DA:48,1
LF:48
LH:46
BRDA:9,0,0,3
BRF:1
BRH:1
end_of_record
TN:
SF:src/components/Layout/ProtectedRoute.tsx
FN:9,ProtectedRoute
FNF:1
FNH:1
FNDA:4,ProtectedRoute
DA:1,1
DA:2,1
DA:3,1
DA:4,1
DA:5,1
DA:6,1
DA:7,1
DA:8,1
DA:9,1
DA:10,4
DA:11,4
DA:12,4
DA:13,2
DA:14,2
DA:15,2
DA:16,2
DA:17,2
DA:18,1
DA:19,1
LF:19
LH:19
BRDA:9,0,0,4
BRDA:12,1,0,2
BRF:2
BRH:2
end_of_record
TN:
SF:src/components/Layout/Sidebar.tsx
FN:57,Sidebar
FN:66,handleNavigation
FN:84,onClick
FN:91,onError
FN:103,onClick
FNF:5
FNH:1
FNDA:4,Sidebar
FNDA:0,handleNavigation
FNDA:0,onClick
FNDA:0,onError
FNDA:0,onClick
DA:1,1
DA:2,1
DA:3,1
DA:4,1
DA:5,1
DA:6,1
DA:7,1
DA:8,1
DA:9,1
DA:10,1
DA:11,1
DA:12,1
DA:13,1
DA:14,1
DA:15,1
DA:16,1
DA:17,1
DA:18,1
DA:19,1
DA:20,1
DA:21,1
DA:22,1
DA:23,1
DA:24,1
DA:25,1
DA:26,1
DA:27,1
DA:28,1
DA:29,1
DA:30,1
DA:31,1
DA:32,1
DA:33,1
DA:34,1
DA:35,1
DA:36,1
DA:37,1
DA:38,1
DA:39,1
DA:40,1
DA:41,1
DA:42,1
DA:43,1
DA:44,1
DA:45,1
DA:46,1
DA:47,1
DA:48,1
DA:49,1
DA:50,1
DA:51,1
DA:52,1
DA:53,1
DA:54,1
DA:55,1
DA:56,1
DA:57,1
DA:58,4
DA:59,4
DA:60,4
DA:61,4
DA:62,4
DA:63,4
DA:64,4
DA:65,4
DA:66,4
DA:67,0
DA:68,0
DA:69,0
DA:70,0
DA:71,0
DA:72,4
DA:73,4
DA:74,4
DA:75,4
DA:76,4
DA:77,4
DA:78,4
DA:79,4
DA:80,4
DA:81,4
DA:82,4
DA:83,4
DA:84,4
DA:85,4
DA:86,4
DA:87,4
DA:88,4
DA:89,4
DA:90,4
DA:91,4
DA:92,0
DA:93,0
DA:94,4
DA:95,4
DA:96,4
DA:97,4
DA:98,4
DA:99,4
DA:100,48
DA:101,48
DA:102,48
DA:103,48
DA:104,48
DA:105,48
DA:106,48
DA:107,48
DA:108,48
DA:109,48
DA:110,48
DA:111,48
DA:112,48
DA:113,48
DA:114,48
DA:115,48
DA:116,48
DA:117,4
DA:118,4
DA:119,4
DA:120,4
DA:121,4
DA:122,4
DA:123,4
DA:124,4
DA:125,4
DA:126,4
DA:127,4
DA:128,1
DA:129,1
DA:130,1
DA:131,1
DA:132,1
DA:133,1
DA:134,1
DA:135,1
DA:136,1
DA:137,1
DA:138,1
DA:139,1
DA:140,1
DA:141,1
DA:142,1
DA:143,1
DA:144,1
DA:145,3
DA:146,3
DA:147,3
DA:148,3
DA:149,3
DA:150,3
DA:151,3
DA:152,3
DA:153,3
DA:154,3
DA:155,3
DA:156,3
DA:157,3
DA:158,3
DA:159,4
DA:160,4
DA:161,4
DA:162,4
DA:163,1
DA:164,1
LF:164
LH:157
BRDA:57,0,0,4
BRDA:127,1,0,1
BRDA:144,2,0,3
BRDA:99,3,0,48
BRF:4
BRH:4
end_of_record
TN:
SF:src/components/Media/CodecBadge.tsx
FN:17,getCodecColor
FN:31,CodecBadge
FNF:2
FNH:2
FNDA:7,getCodecColor
FNDA:7,CodecBadge
DA:1,1
DA:2,1
DA:3,1
DA:4,1
DA:5,1
DA:6,1
DA:7,1
DA:8,1
DA:9,1
DA:10,1
DA:11,1
DA:12,1
DA:13,1
DA:14,1
DA:15,1
DA:16,1
DA:17,1
DA:18,7
DA:19,7
DA:20,0
DA:21,7
DA:22,7
DA:23,0
DA:24,7
DA:25,1
DA:26,7
DA:27,6
DA:28,7
DA:29,7
DA:30,1
DA:31,1
DA:32,7
DA:33,7
DA:34,7
DA:35,7
DA:36,7
DA:37,0
DA:38,0
DA:39,7
DA:40,7
DA:41,0
DA:42,7
DA:43,7
DA:44,7
DA:45,7
DA:46,1
DA:47,1
LF:47
LH:42
BRDA:17,0,0,7
BRDA:19,1,0,0
BRDA:21,2,0,0
BRDA:22,3,0,0
BRDA:24,4,0,1
BRDA:26,5,0,6
BRDA:31,6,0,7
BRDA:36,7,0,0
BRDA:40,8,0,0
BRF:9
BRH:4
end_of_record
TN:
SF:src/components/Media/ProtocolBadge.tsx
FN:16,getProtocolColor
FN:31,ProtocolBadge
FNF:2
FNH:2
FNDA:8,getProtocolColor
FNDA:8,ProtocolBadge
DA:1,1
DA:2,1
DA:3,1
DA:4,1
DA:5,1
DA:6,1
DA:7,1
DA:8,1
DA:9,1
DA:10,1
DA:11,1
DA:12,1
DA:13,1
DA:14,1
DA:15,1
DA:16,1
DA:17,8
DA:18,8
DA:19,2
DA:20,8
DA:21,1
DA:22,8
DA:23,8
DA:24,8
DA:25,1
DA:26,8
DA:27,4
DA:28,8
DA:29,8
DA:30,1
DA:31,1
DA:32,8
DA:33,8
DA:34,8
DA:35,8
DA:36,8
DA:37,8
DA:38,8
DA:39,8
DA:40,8
DA:41,1
DA:42,1
LF:42
LH:42
BRDA:16,0,0,8
BRDA:18,1,0,2
BRDA:20,2,0,1
BRDA:22,3,0,1
BRDA:23,4,0,1
BRDA:24,5,0,1
BRDA:26,6,0,4
BRDA:31,7,0,8
BRF:8
BRH:8
end_of_record
TN:
SF:src/components/Media/ResolutionSelector.tsx
FN:40,getDisabledReason
FN:65,ResolutionSelector
FN:85,handleChange
FNF:3
FNH:2
FNDA:40,getDisabledReason
FNDA:5,ResolutionSelector
FNDA:0,handleChange
DA:1,1
DA:2,1
DA:3,1
DA:4,1
DA:5,1
DA:6,1
DA:7,1
DA:8,1
DA:9,1
DA:10,1
DA:11,1
DA:12,1
DA:13,1
DA:14,1
DA:15,1
DA:16,1
DA:17,1
DA:18,1
DA:19,1
DA:20,1
DA:21,1
DA:22,1
DA:23,1
DA:24,1
DA:25,1
DA:26,1
DA:27,1
DA:28,1
DA:29,1
DA:30,1
DA:31,1
DA:32,1
DA:33,1
DA:34,1
DA:35,1
DA:36,1
DA:37,1
DA:38,1
DA:39,1
DA:40,1
DA:41,40
DA:42,40
DA:43,40
DA:44,40
DA:45,40
DA:46,40
DA:47,40
DA:48,15
DA:49,15
DA:50,40
DA:51,0
DA:52,0
DA:53,15
DA:54,15
DA:55,40
DA:56,0
DA:57,0
DA:58,40
DA:59,5
DA:60,5
DA:61,10
DA:62,10
DA:63,10
DA:64,1
DA:65,1
DA:66,5
DA:67,5
DA:68,5
DA:69,5
DA:70,5
DA:71,5
DA:72,5
DA:73,5
DA:74,5
DA:75,5
DA:76,5
DA:77,5
DA:78,5
DA:79,40
DA:80,40
DA:81,40
DA:82,40
DA:83,5
DA:84,5
DA:85,5
DA:86,0
DA:87,0
DA:88,5
DA:89,5
DA:90,5
DA:91,5
DA:92,5
DA:93,5
DA:94,40
DA:95,40
DA:96,40
DA:97,40
DA:98,40
DA:99,40
DA:100,40
DA:101,40
DA:102,40
DA:103,40
DA:104,40
DA:105,40
DA:106,40
DA:107,40
DA:108,40
DA:109,40
DA:110,40
DA:111,40
DA:112,15
DA:113,40
DA:114,40
DA:115,40
DA:116,40
DA:117,40
DA:118,5
DA:119,5
DA:120,5
DA:121,5
DA:122,5
DA:123,1
DA:124,1
LF:124
LH:118
BRDA:40,0,0,40
BRDA:47,1,0,25
BRDA:47,2,0,15
BRDA:50,3,0,0
BRDA:50,4,0,0
BRDA:52,5,0,15
BRDA:55,6,0,0
BRDA:57,7,0,15
BRDA:58,8,0,5
BRDA:60,9,0,10
BRDA:65,10,0,5
BRDA:78,11,0,40
BRDA:93,12,0,40
BRDA:96,13,0,25
BRDA:105,14,0,25
BRDA:105,15,0,15
BRDA:111,16,0,15
BRF:17
BRH:14
end_of_record
TN:
SF:src/components/Media/index.ts
FN:1,(empty-report)
FNF:1
FNH:0
FNDA:0,(empty-report)
DA:1,0
DA:2,0
DA:3,0
DA:4,0
DA:5,0
DA:6,0
DA:7,0
DA:8,0
DA:9,0
DA:10,0
DA:11,0
DA:12,0
DA:13,0
DA:14,0
DA:15,0
DA:16,0
DA:17,0
DA:18,0
DA:19,0
LF:19
LH:0
BRDA:1,0,0,0
BRF:1
BRH:0
end_of_record
TN:
SF:src/components/Modules/ModuleCard.tsx
FN:61,ModuleCard
FNF:1
FNH:0
FNDA:0,ModuleCard
DA:1,1
DA:2,1
DA:3,1
DA:4,1
DA:5,1
DA:6,1
DA:7,1
DA:8,1
DA:9,1
DA:10,1
DA:11,1
DA:12,1
DA:13,1
DA:14,1
DA:15,1
DA:16,1
DA:17,1
DA:18,1
DA:19,1
DA:20,1
DA:21,1
DA:22,1
DA:23,1
DA:24,1
DA:25,1
DA:26,1
DA:27,1
DA:28,1
DA:29,1
DA:30,1
DA:31,1
DA:32,1
DA:33,1
DA:34,1
DA:35,1
DA:36,1
DA:37,1
DA:38,1
DA:39,1
DA:40,1
DA:41,1
DA:42,1
DA:43,1
DA:44,1
DA:45,1
DA:46,1
DA:47,1
DA:48,1
DA:49,1
DA:50,1
DA:51,1
DA:52,1
DA:53,1
DA:54,1
DA:55,1
DA:56,1
DA:57,1
DA:58,1
DA:59,1
DA:60,1
DA:61,1
DA:62,0
DA:63,0
DA:64,0
DA:65,0
DA:66,0
DA:67,0
DA:68,0
DA:69,0
DA:70,0
DA:71,0
DA:72,0
DA:73,0
DA:74,0
DA:75,0
DA:76,0
DA:77,0
DA:78,0
DA:79,0
DA:80,0
DA:81,0
DA:82,0
DA:83,0
DA:84,0
DA:85,0
DA:86,0
DA:87,0
DA:88,0
DA:89,0
DA:90,0
DA:91,0
DA:92,0
DA:93,0
DA:94,0
DA:95,0
DA:96,0
DA:97,0
DA:98,0
DA:99,0
DA:100,0
DA:101,0
DA:102,0
DA:103,0
DA:104,0
DA:105,0
DA:106,0
DA:107,0
DA:108,0
DA:109,0
DA:110,0
DA:111,0
DA:112,0
DA:113,0
DA:114,0
DA:115,0
DA:116,0
DA:117,0
DA:118,0
DA:119,0
DA:120,0
DA:121,0
DA:122,0
DA:123,0
DA:124,0
DA:125,0
DA:126,0
DA:127,0
DA:128,0
DA:129,0
DA:130,0
DA:131,0
DA:132,0
DA:133,0
DA:134,0
DA:135,0
DA:136,0
DA:137,0
DA:138,0
DA:139,0
DA:140,0
DA:141,0
DA:142,0
DA:143,0
DA:144,0
DA:145,0
DA:146,0
DA:147,0
DA:148,0
DA:149,0
DA:150,0
DA:151,0
DA:152,0
DA:153,0
DA:154,0
DA:155,0
DA:156,0
DA:157,0
DA:158,0
DA:159,0
DA:160,0
DA:161,0
DA:162,0
DA:163,0
DA:164,0
DA:165,0
DA:166,0
DA:167,0
DA:168,0
DA:169,0
DA:170,0
DA:171,0
DA:172,0
DA:173,0
DA:174,0
DA:175,0
DA:176,0
DA:177,0
DA:178,0
DA:179,0
DA:180,0
DA:181,0
DA:182,0
DA:183,0
DA:184,0
DA:185,0
DA:186,0
DA:187,0
DA:188,0
DA:189,0
DA:190,0
DA:191,0
DA:192,0
DA:193,0
DA:194,0
DA:195,0
DA:196,0
DA:197,0
DA:198,0
DA:199,0
DA:200,0
DA:201,0
DA:202,0
DA:203,0
DA:204,0
DA:205,0
DA:206,0
DA:207,0
DA:208,0
DA:209,0
DA:210,0
DA:211,0
DA:212,0
DA:213,0
DA:214,0
DA:215,0
DA:216,0
DA:217,0
DA:218,0
DA:219,0
DA:220,0
DA:221,0
DA:222,0
DA:223,0
DA:224,0
DA:225,0
DA:226,0
DA:227,0
DA:228,0
DA:229,0
DA:230,0
DA:231,0
DA:232,0
DA:233,0
DA:234,0
DA:235,0
DA:236,0
DA:237,0
DA:238,0
DA:239,0
DA:240,0
DA:241,0
DA:242,0
DA:243,0
DA:244,0
DA:245,0
DA:246,0
DA:247,0
DA:248,0
DA:249,0
DA:250,0
DA:251,0
DA:252,0
DA:253,0
DA:254,0
DA:255,0
DA:256,0
DA:257,0
DA:258,0
DA:259,0
DA:260,0
DA:261,1
DA:262,1
LF:262
LH:63
BRF:0
BRH:0
end_of_record
TN:
SF:src/components/Modules/RouteEditor.tsx
FN:52,RouteEditor
FNF:1
FNH:0
FNDA:0,RouteEditor
DA:1,1
DA:2,1
DA:3,1
DA:4,1
DA:5,1
DA:6,1
DA:7,1
DA:8,1
DA:9,1
DA:10,1
DA:11,1
DA:12,1
DA:13,1
DA:14,1
DA:15,1
DA:16,1
DA:17,1
DA:18,1
DA:19,1
DA:20,1
DA:21,1
DA:22,1
DA:23,1
DA:24,1
DA:25,1
DA:26,1
DA:27,1
DA:28,1
DA:29,1
DA:30,1
DA:31,1
DA:32,1
DA:33,1
DA:34,1
DA:35,1
DA:36,1
DA:37,1
DA:38,1
DA:39,1
DA:40,1
DA:41,1
DA:42,1
DA:43,1
DA:44,1
DA:45,1
DA:46,1
DA:47,1
DA:48,1
DA:49,1
DA:50,1
DA:51,1
DA:52,1
DA:53,0
DA:54,0
DA:55,0
DA:56,0
DA:57,0
DA:58,0
DA:59,0
DA:60,0
DA:61,0
DA:62,0
DA:63,0
DA:64,0
DA:65,0
DA:66,0
DA:67,0
DA:68,0
DA:69,0
DA:70,0
DA:71,0
DA:72,0
DA:73,0
DA:74,0
DA:75,0
DA:76,0
DA:77,0
DA:78,0
DA:79,0
DA:80,0
DA:81,0
DA:82,0
DA:83,0
DA:84,0
DA:85,0
DA:86,0
DA:87,0
DA:88,0
DA:89,0
DA:90,0
DA:91,0
DA:92,0
DA:93,0
DA:94,0
DA:95,0
DA:96,0
DA:97,0
DA:98,0
DA:99,0
DA:100,0
DA:101,0
DA:102,0
DA:103,0
DA:104,0
DA:105,0
DA:106,0
DA:107,0
DA:108,0
DA:109,0
DA:110,0
DA:111,0
DA:112,0
DA:113,0
DA:114,0
DA:115,0
DA:116,0
DA:117,0
DA:118,0
DA:119,0
DA:120,0
DA:121,0
DA:122,0
DA:123,0
DA:124,0
DA:125,0
DA:126,0
DA:127,0
DA:128,0
DA:129,0
DA:130,0
DA:131,0
DA:132,0
DA:133,0
DA:134,0
DA:135,0
DA:136,0
DA:137,0
DA:138,0
DA:139,0
DA:140,0
DA:141,0
DA:142,0
DA:143,0
DA:144,0
DA:145,0
DA:146,0
DA:147,0
DA:148,0
DA:149,0
DA:150,0
DA:151,0
DA:152,0
DA:153,0
DA:154,0
DA:155,0
DA:156,0
DA:157,0
DA:158,0
DA:159,0
DA:160,0
DA:161,0
DA:162,0
DA:163,0
DA:164,0
DA:165,0
DA:166,0
DA:167,0
DA:168,0
DA:169,0
DA:170,0
DA:171,0
DA:172,0
DA:173,0
DA:174,0
DA:175,0
DA:176,0
DA:177,0
DA:178,0
DA:179,0
DA:180,0
DA:181,0
DA:182,0
DA:183,0
DA:184,0
DA:185,0
DA:186,0
DA:187,0
DA:188,0
DA:189,0
DA:190,0
DA:191,0
DA:192,0
DA:193,0
DA:194,0
DA:195,0
DA:196,0
DA:197,0
DA:198,0
DA:199,0
DA:200,0
DA:201,0
DA:202,0
DA:203,0
DA:204,0
DA:205,0
DA:206,0
DA:207,0
DA:208,0
DA:209,0
DA:210,0
DA:211,0
DA:212,0
DA:213,0
DA:214,0
DA:215,0
DA:216,0
DA:217,0
DA:218,0
DA:219,0
DA:220,0
DA:221,0
DA:222,0
DA:223,0
DA:224,0
DA:225,0
DA:226,0
DA:227,0
DA:228,0
DA:229,0
DA:230,0
DA:231,0
DA:232,0
DA:233,0
DA:234,0
DA:235,0
DA:236,0
DA:237,0
DA:238,0
DA:239,0
DA:240,0
DA:241,0
DA:242,0
DA:243,0
DA:244,0
DA:245,0
DA:246,0
DA:247,0
DA:248,0
DA:249,0
DA:250,0
DA:251,0
DA:252,0
DA:253,0
DA:254,0
DA:255,0
DA:256,0
DA:257,0
DA:258,0
DA:259,0
DA:260,0
DA:261,0
DA:262,0
DA:263,0
DA:264,0
DA:265,0
DA:266,0
DA:267,0
DA:268,0
DA:269,0
DA:270,0
DA:271,0
DA:272,0
DA:273,0
DA:274,0
DA:275,0
DA:276,0
DA:277,0
DA:278,0
DA:279,0
DA:280,0
DA:281,0
DA:282,0
DA:283,0
DA:284,0
DA:285,0
DA:286,0
DA:287,0
DA:288,0
DA:289,0
DA:290,0
DA:291,0
DA:292,0
DA:293,0
DA:294,0
DA:295,0
DA:296,1
DA:297,1
LF:297
LH:54
BRF:0
BRH:0
end_of_record
TN:
SF:src/components/Modules/index.ts
FN:1,(empty-report)
FNF:1
FNH:0
FNDA:0,(empty-report)
DA:1,0
DA:2,0
DA:3,0
DA:4,0
DA:5,0
DA:6,0
LF:6
LH:0
BRDA:1,0,0,0
BRF:1
BRH:0
end_of_record
TN:
SF:src/components/Observability/ServiceGraph.tsx
FN:47,ServiceNodeComponent
FN:101,ServiceGraph
FNF:2
FNH:0
FNDA:0,ServiceNodeComponent
FNDA:0,ServiceGraph
DA:1,1
DA:2,1
DA:3,1
DA:4,1
DA:5,1
DA:6,1
DA:7,1
DA:8,1
DA:9,1
DA:10,1
DA:11,1
DA:12,1
DA:13,1
DA:14,1
DA:15,1
DA:16,1
DA:17,1
DA:18,1
DA:19,1
DA:20,1
DA:21,1
DA:22,1
DA:23,1
DA:24,1
DA:25,1
DA:26,1
DA:27,1
DA:28,1
DA:29,1
DA:30,1
DA:31,1
DA:32,1
DA:33,1
DA:34,1
DA:35,1
DA:36,1
DA:37,1
DA:38,1
DA:39,1
DA:40,1
DA:41,1
DA:42,1
DA:43,1
DA:44,1
DA:45,1
DA:46,1
DA:47,1
DA:48,0
DA:49,0
DA:50,0
DA:51,0
DA:52,0
DA:53,0
DA:54,0
DA:55,0
DA:56,0
DA:57,0
DA:58,0
DA:59,0
DA:60,0
DA:61,0
DA:62,0
DA:63,0
DA:64,0
DA:65,0
DA:66,0
DA:67,0
DA:68,0
DA:69,0
DA:70,0
DA:71,0
DA:72,0
DA:73,0
DA:74,0
DA:75,0
DA:76,0
DA:77,0
DA:78,0
DA:79,0
DA:80,0
DA:81,0
DA:82,0
DA:83,0
DA:84,0
DA:85,0
DA:86,0
DA:87,0
DA:88,0
DA:89,0
DA:90,0
DA:91,0
DA:92,0
DA:93,0
DA:94,0
DA:95,0
DA:96,1
DA:97,1
DA:98,1
DA:99,1
DA:100,1
DA:101,1
DA:102,0
DA:103,0
DA:104,0
DA:105,0
DA:106,0
DA:107,0
DA:108,0
DA:109,0
DA:110,0
DA:111,0
DA:112,0
DA:113,0
DA:114,0
DA:115,0
DA:116,0
DA:117,0
DA:118,0
DA:119,0
DA:120,0
DA:121,0
DA:122,0
DA:123,0
DA:124,0
DA:125,0
DA:126,0
DA:127,0
DA:128,0
DA:129,0
DA:130,0
DA:131,0
DA:132,0
DA:133,0
DA:134,0
DA:135,0
DA:136,0
DA:137,0
DA:138,0
DA:139,0
DA:140,0
DA:141,0
DA:142,0
DA:143,0
DA:144,0
DA:145,0
DA:146,0
DA:147,0
DA:148,0
DA:149,0
DA:150,0
DA:151,0
DA:152,0
DA:153,0
DA:154,0
DA:155,0
DA:156,0
DA:157,0
DA:158,0
DA:159,0
DA:160,0
DA:161,0
DA:162,0
DA:163,0
DA:164,0
DA:165,0
DA:166,0
DA:167,0
DA:168,0
DA:169,0
DA:170,0
DA:171,0
DA:172,0
DA:173,0
DA:174,0
DA:175,0
DA:176,0
DA:177,0
DA:178,0
DA:179,0
DA:180,0
DA:181,0
DA:182,0
DA:183,0
DA:184,0
DA:185,0
DA:186,0
DA:187,0
DA:188,0
DA:189,0
DA:190,0
DA:191,0
DA:192,0
DA:193,0
DA:194,0
DA:195,0
DA:196,0
DA:197,0
DA:198,0
DA:199,0
DA:200,0
DA:201,0
DA:202,0
DA:203,0
DA:204,0
DA:205,0
DA:206,0
DA:207,0
DA:208,0
DA:209,0
DA:210,0
DA:211,0
DA:212,0
DA:213,0
DA:214,0
DA:215,0
DA:216,0
DA:217,0
DA:218,0
DA:219,0
DA:220,0
DA:221,0
DA:222,0
DA:223,0
DA:224,0
DA:225,0
DA:226,0
DA:227,0
DA:228,0
DA:229,0
DA:230,0
DA:231,0
DA:232,0
DA:233,0
DA:234,0
DA:235,0
DA:236,0
DA:237,0
DA:238,0
DA:239,0
DA:240,0
DA:241,0
DA:242,0
DA:243,0
DA:244,0
DA:245,0
DA:246,0
DA:247,0
DA:248,0
DA:249,0
DA:250,0
DA:251,0
DA:252,1
DA:253,1
LF:253
LH:55
BRF:0
BRH:0
end_of_record
TN:
SF:src/components/Observability/index.ts
FN:1,(empty-report)
FNF:1
FNH:0
FNDA:0,(empty-report)
DA:1,0
DA:2,0
DA:3,0
DA:4,0
DA:5,0
LF:5
LH:0
BRDA:1,0,0,0
BRF:1
BRH:0
end_of_record
TN:
SF:src/hooks/useLicense.ts
FN:40,useLicense
FN:118,useFeature
FNF:2
FNH:1
FNDA:74,useLicense
FNDA:0,useFeature
DA:1,1
DA:2,1
DA:3,1
DA:4,1
DA:5,1
DA:6,1
DA:7,1
DA:8,1
DA:9,1
DA:10,1
DA:11,1
DA:12,1
DA:13,1
DA:14,1
DA:15,1
DA:16,1
DA:17,1
DA:18,1
DA:19,1
DA:20,1
DA:21,1
DA:22,1
DA:23,1
DA:24,1
DA:25,1
DA:26,1
DA:27,1
DA:28,1
DA:29,1
DA:30,1
DA:31,1
DA:32,1
DA:33,1
DA:34,1
DA:35,1
DA:36,1
DA:37,1
DA:38,1
DA:39,1
DA:40,1
DA:41,74
DA:42,74
DA:43,74
DA:44,74
DA:45,74
DA:46,32
DA:47,32
DA:48,32
DA:49,32
DA:50,23
DA:51,27
DA:52,3
DA:53,3
DA:54,3
DA:55,3
DA:56,3
DA:57,3
DA:58,3
DA:59,3
DA:60,27
DA:61,26
DA:62,26
DA:63,74
DA:64,74
DA:65,74
DA:66,2
DA:67,2
DA:68,2
DA:69,2
DA:70,2
DA:71,2
DA:72,0
DA:73,2
DA:74,2
DA:75,2
DA:76,74
DA:77,74
DA:78,74
DA:79,31
DA:80,3
DA:81,74
DA:82,74
DA:83,74
DA:84,2
DA:85,2
DA:86,1
DA:87,1
DA:88,1
DA:89,1
DA:90,74
DA:91,74
DA:92,74
DA:93,41
DA:94,32
DA:95,32
DA:96,74
DA:97,74
DA:98,74
DA:99,74
DA:100,74
DA:101,74
DA:102,74
DA:103,74
DA:104,74
DA:105,74
DA:106,74
DA:107,74
DA:108,1
DA:109,1
DA:110,1
DA:111,1
DA:112,1
DA:113,1
DA:114,1
DA:115,1
DA:116,1
DA:117,1
DA:118,1
DA:119,0
DA:120,0
DA:121,0
DA:122,0
DA:123,0
DA:124,0
DA:125,0
DA:126,0
DA:127,0
DA:128,0
DA:129,0
DA:130,0
DA:131,0
DA:132,0
DA:133,0
DA:134,0
DA:135,0
DA:136,0
DA:137,0
DA:138,0
DA:139,0
DA:140,0
DA:141,0
DA:142,1
DA:143,1
LF:143
LH:119
BRDA:40,0,0,74
BRDA:102,1,0,16
BRDA:102,2,0,49
BRDA:45,3,0,32
BRDA:49,4,0,27
BRDA:49,5,0,23
BRDA:51,6,0,3
BRDA:52,7,0,0
BRDA:60,8,0,26
BRDA:65,9,0,2
BRDA:71,10,0,0
BRDA:78,11,0,31
BRDA:79,12,0,28
BRDA:79,13,0,3
BRDA:83,14,0,2
BRDA:85,15,0,1
BRDA:92,16,0,41
BRDA:93,17,0,32
BRF:18
BRH:16
end_of_record
TN:
SF:src/pages/Certificates.tsx
FN:49,TabPanel
FN:55,Certificates
FN:100,fetchCertificates
FN:113,handleDelete
FN:123,handleToggleAutoRenew
FN:132,handleRenew
FN:141,onUploadSubmit
FN:152,onInfisicalSubmit
FN:163,onVaultSubmit
FN:174,getExpiryColor
FN:189,renderCell
FN:202,renderCell
FN:221,renderCell
FN:234,getActions
FN:267,onClick
FN:275,onClose
FN:293,onClose
FN:296,onChange
FN:310,render
FN:324,render
FN:340,render
FN:356,render
FN:369,render
FN:378,onClick
FN:393,render
FN:407,render
FN:421,render
FN:434,render
FN:446,render
FN:454,onClick
FN:469,render
FN:483,render
FN:498,render
FN:512,render
FN:526,render
FN:534,onClick
FN:544,onClose
FN:550,onClick
FN:552,onClick
FNF:39
FNH:9
FNDA:3,TabPanel
FNDA:28,Certificates
FNDA:9,fetchCertificates
FNDA:0,handleDelete
FNDA:0,handleToggleAutoRenew
FNDA:0,handleRenew
FNDA:0,onUploadSubmit
FNDA:0,onInfisicalSubmit
FNDA:0,onVaultSubmit
FNDA:0,getExpiryColor
FNDA:0,renderCell
FNDA:0,renderCell
FNDA:0,renderCell
FNDA:0,getActions
FNDA:1,onClick
FNDA:0,onClose
FNDA:0,onClose
FNDA:0,onChange
FNDA:1,render
FNDA:1,render
FNDA:1,render
FNDA:1,render
FNDA:1,render
FNDA:0,onClick
FNDA:0,render
FNDA:0,render
FNDA:0,render
FNDA:0,render
FNDA:0,render
FNDA:0,onClick
FNDA:0,render
FNDA:0,render
FNDA:0,render
FNDA:0,render
FNDA:0,render
FNDA:0,onClick
FNDA:0,onClose
FNDA:0,onClick
FNDA:0,onClick
DA:1,1
DA:2,1
DA:3,1
DA:4,1
DA:5,1
DA:6,1
DA:7,1
DA:8,1
DA:9,1
DA:10,1
DA:11,1
DA:12,1
DA:13,1
DA:14,1
DA:15,1
DA:16,1
DA:17,1
DA:18,1
DA:19,1
DA:20,1
DA:21,1
DA:22,1
DA:23,1
DA:24,1
DA:25,1
DA:26,1
DA:27,1
DA:28,1
DA:29,1
DA:30,1
DA:31,1
DA:32,1
DA:33,1
DA:34,1
DA:35,1
DA:36,1
DA:37,1
DA:38,1
DA:39,1
DA:40,1
DA:41,1
DA:42,1
DA:43,1
DA:44,1
DA:45,1
DA:46,1
DA:47,1
DA:48,1
DA:49,1
DA:50,3
DA:51,3
DA:52,3
DA:53,1
DA:54,1
DA:55,1
DA:56,28
DA:57,28
DA:58,28
DA:59,28
DA:60,28
DA:61,28
DA:62,28
DA:63,28
DA:64,28
DA:65,28
DA:66,28
DA:67,28
DA:68,28
DA:69,28
DA:70,28
DA:71,28
DA:72,28
DA:73,28
DA:74,28
DA:75,28
DA:76,28
DA:77,28
DA:78,28
DA:79,28
DA:80,28
DA:81,28
DA:82,28
DA:83,28
DA:84,28
DA:85,28
DA:86,28
DA:87,28
DA:88,28
DA:89,28
DA:90,28
DA:91,28
DA:92,28
DA:93,28
DA:94,28
DA:95,28
DA:96,28
DA:97,9
DA:98,28
DA:99,28
DA:100,28
DA:101,9
DA:102,9
DA:103,9
DA:104,0
DA:105,0
DA:106,7
DA:107,7
DA:108,7
DA:109,7
DA:110,7
DA:111,9
DA:112,28
DA:113,28
DA:114,0
DA:115,0
DA:116,0
DA:117,0
DA:118,0
DA:119,0
DA:120,0
DA:121,0
DA:122,28
DA:123,28
DA:124,0
DA:125,0
DA:126,0
DA:127,0
DA:128,0
DA:129,0
DA:130,0
DA:131,28
DA:132,28
DA:133,0
DA:134,0
DA:135,0
DA:136,0
DA:137,0
DA:138,0
DA:139,0
DA:140,28
DA:141,28
DA:142,0
DA:143,0
DA:144,0
DA:145,0
DA:146,0
DA:147,0
DA:148,0
DA:149,0
DA:150,0
DA:151,28
DA:152,28
DA:153,0
DA:154,0
DA:155,0
DA:156,0
DA:157,0
DA:158,0
DA:159,0
DA:160,0
DA:161,0
DA:162,28
DA:163,28
DA:164,0
DA:165,0
DA:166,0
DA:167,0
DA:168,0
DA:169,0
DA:170,0
DA:171,0
DA:172,0
DA:173,28
DA:174,28
DA:175,0
DA:176,0
DA:177,0
DA:178,0
DA:179,0
DA:180,28
DA:181,28
DA:182,28
DA:183,28
DA:184,28
DA:185,28
DA:186,28
DA:187,28
DA:188,28
DA:189,28
DA:190,0
DA:191,0
DA:192,0
DA:193,0
DA:194,0
DA:195,0
DA:196,28
DA:197,28
DA:198,28
DA:199,28
DA:200,28
DA:201,28
DA:202,28
DA:203,0
DA:204,0
DA:205,0
DA:206,0
DA:207,0
DA:208,0
DA:209,0
DA:210,0
DA:211,0
DA:212,0
DA:213,0
DA:214,0
DA:215,0
DA:216,28
DA:217,28
DA:218,28
DA:219,28
DA:220,28
DA:221,28
DA:222,0
DA:223,0
DA:224,0
DA:225,0
DA:226,0
DA:227,28
DA:228,28
DA:229,28
DA:230,28
DA:231,28
DA:232,28
DA:233,28
DA:234,28
DA:235,0
DA:236,0
DA:237,0
DA:238,0
DA:239,0
DA:240,0
DA:241,0
DA:242,0
DA:243,0
DA:244,0
DA:245,0
DA:246,0
DA:247,28
DA:248,28
DA:249,28
DA:250,28
DA:251,28
DA:252,28
DA:253,28
DA:254,28
DA:255,28
DA:256,28
DA:257,28
DA:258,28
DA:259,28
DA:260,28
DA:261,28
DA:262,28
DA:263,28
DA:264,28
DA:265,28
DA:266,28
DA:267,28
DA:268,28
DA:269,28
DA:270,28
DA:271,28
DA:272,28
DA:273,28
DA:274,28
DA:275,8
DA:276,8
DA:277,8
DA:278,28
DA:279,28
DA:280,28
DA:281,28
DA:282,28
DA:283,28
DA:284,28
DA:285,28
DA:286,28
DA:287,28
DA:288,28
DA:289,28
DA:290,28
DA:291,28
DA:292,28
DA:293,28
DA:294,28
DA:295,28
DA:296,28
DA:297,28
DA:298,28
DA:299,28
DA:300,28
DA:301,28
DA:302,28
DA:303,28
DA:304,28
DA:305,28
DA:306,28
DA:307,28
DA:308,28
DA:309,28
DA:310,28
DA:311,1
DA:312,1
DA:313,1
DA:314,1
DA:315,1
DA:316,1
DA:317,1
DA:318,28
DA:319,28
DA:320,28
DA:321,28
DA:322,28
DA:323,28
DA:324,28
DA:325,1
DA:326,1
DA:327,1
DA:328,1
DA:329,1
DA:330,1
DA:331,1
DA:332,1
DA:333,1
DA:334,28
DA:335,28
DA:336,28
DA:337,28
DA:338,28
DA:339,28
DA:340,28
DA:341,1
DA:342,1
DA:343,1
DA:344,1
DA:345,1
DA:346,1
DA:347,1
DA:348,1
DA:349,1
DA:350,1
DA:351,28
DA:352,28
DA:353,28
DA:354,28
DA:355,28
DA:356,28
DA:357,1
DA:358,1
DA:359,1
DA:360,1
DA:361,1
DA:362,1
DA:363,1
DA:364,28
DA:365,28
DA:366,28
DA:367,28
DA:368,28
DA:369,28
DA:370,1
DA:371,1
DA:372,1
DA:373,1
DA:374,1
DA:375,28
DA:376,28
DA:377,28
DA:378,28
DA:379,28
DA:380,28
DA:381,28
DA:382,28
DA:383,28
DA:384,28
DA:385,28
DA:386,28
DA:387,28
DA:388,28
DA:389,28
DA:390,28
DA:391,28
DA:392,28
DA:393,28
DA:394,0
DA:395,0
DA:396,0
DA:397,0
DA:398,0
DA:399,0
DA:400,0
DA:401,28
DA:402,28
DA:403,28
DA:404,28
DA:405,28
DA:406,28
DA:407,28
DA:408,0
DA:409,0
DA:410,0
DA:411,0
DA:412,0
DA:413,0
DA:414,0
DA:415,28
DA:416,28
DA:417,28
DA:418,28
DA:419,28
DA:420,28
DA:421,28
DA:422,0
DA:423,0
DA:424,0
DA:425,0
DA:426,0
DA:427,0
DA:428,0
DA:429,28
DA:430,28
DA:431,28
DA:432,28
DA:433,28
DA:434,28
DA:435,0
DA:436,0
DA:437,0
DA:438,0
DA:439,0
DA:440,0
DA:441,28
DA:442,28
DA:443,28
DA:444,28
DA:445,28
DA:446,28
DA:447,0
DA:448,0
DA:449,0
DA:450,0
DA:451,28
DA:452,28
DA:453,28
DA:454,28
DA:455,28
DA:456,28
DA:457,28
DA:458,28
DA:459,28
DA:460,28
DA:461,28
DA:462,28
DA:463,28
DA:464,28
DA:465,28
DA:466,28
DA:467,28
DA:468,28
DA:469,28
DA:470,0
DA:471,0
DA:472,0
DA:473,0
DA:474,0
DA:475,0
DA:476,0
DA:477,28
DA:478,28
DA:479,28
DA:480,28
DA:481,28
DA:482,28
DA:483,28
DA:484,0
DA:485,0
DA:486,0
DA:487,0
DA:488,0
DA:489,0
DA:490,0
DA:491,0
DA:492,28
DA:493,28
DA:494,28
DA:495,28
DA:496,28
DA:497,28
DA:498,28
DA:499,0
DA:500,0
DA:501,0
DA:502,0
DA:503,0
DA:504,0
DA:505,0
DA:506,28
DA:507,28
DA:508,28
DA:509,28
DA:510,28
DA:511,28
DA:512,28
DA:513,0
DA:514,0
DA:515,0
DA:516,0
DA:517,0
DA:518,0
DA:519,0
DA:520,0
DA:521,28
DA:522,28
DA:523,28
DA:524,28
DA:525,28
DA:526,28
DA:527,0
DA:528,0
DA:529,0
DA:530,0
DA:531,28
DA:532,28
DA:533,28
DA:534,28
DA:535,28
DA:536,28
DA:537,28
DA:538,28
DA:539,28
DA:540,28
DA:541,28
DA:542,28
DA:543,28
DA:544,28
DA:545,28
DA:546,28
DA:547,28
DA:548,28
DA:549,28
DA:550,28
DA:551,28
DA:552,28
DA:553,28
DA:554,28
DA:555,28
DA:556,28
DA:557,28
DA:558,28
DA:559,28
DA:560,28
DA:561,28
DA:562,28
DA:563,1
DA:564,1
LF:564
LH:407
BRDA:49,0,0,3
BRDA:51,1,0,1
BRDA:55,2,0,28
BRDA:274,3,0,8
BRDA:96,4,0,9
BRDA:100,5,0,9
BRDA:103,6,0,7
BRDA:103,7,0,0
BRDA:107,8,0,0
BRDA:267,9,0,1
BRDA:310,10,0,1
BRDA:316,11,0,0
BRDA:324,12,0,1
BRDA:332,13,0,0
BRDA:340,14,0,1
BRDA:349,15,0,0
BRDA:356,16,0,1
BRDA:369,17,0,1
BRF:18
BRH:13
end_of_record
TN:
SF:src/pages/Clusters.tsx
FN:45,Clusters
FN:71,fetchClusters
FN:84,handleCreate
FN:99,handleEdit
FN:114,handleDelete
FN:124,handleRotateKey
FN:134,onSubmit
FN:156,renderCell
FN:168,renderCell
FN:174,renderCell
FN:187,getActions
FN:233,onClose
FN:239,onClose
FN:262,onClose
FN:271,render
FN:284,render
FN:297,render
FN:311,render
FN:325,render
FN:335,render
FN:345,render
FN:355,onClick
FN:364,onClose
FN:370,onClick
FN:372,onClick
FNF:25
FNH:10
FNDA:25,Clusters
FNDA:8,fetchClusters
FNDA:1,handleCreate
FNDA:0,handleEdit
FNDA:0,handleDelete
FNDA:0,handleRotateKey
FNDA:0,onSubmit
FNDA:0,renderCell
FNDA:0,renderCell
FNDA:0,renderCell
FNDA:0,getActions
FNDA:0,onClose
FNDA:0,onClose
FNDA:0,onClose
FNDA:1,render
FNDA:1,render
FNDA:1,render
FNDA:1,render
FNDA:1,render
FNDA:1,render
FNDA:1,render
FNDA:0,onClick
FNDA:0,onClose
FNDA:0,onClick
FNDA:0,onClick
DA:1,1
DA:2,1
DA:3,1
DA:4,1
DA:5,1
DA:6,1
DA:7,1
DA:8,1
DA:9,1
DA:10,1
DA:11,1
DA:12,1
DA:13,1
DA:14,1
DA:15,1
DA:16,1
DA:17,1
DA:18,1
DA:19,1
DA:20,1
DA:21,1
DA:22,1
DA:23,1
DA:24,1
DA:25,1
DA:26,1
DA:27,1
DA:28,1
DA:29,1
DA:30,1
DA:31,1
DA:32,1
DA:33,1
DA:34,1
DA:35,1
DA:36,1
DA:37,1
DA:38,1
DA:39,1
DA:40,1
DA:41,1
DA:42,1
DA:43,1
DA:44,1
DA:45,1
DA:46,25
DA:47,25
DA:48,25
DA:49,25
DA:50,25
DA:51,25
DA:52,25
DA:53,25
DA:54,25
DA:55,25
DA:56,25
DA:57,25
DA:58,25
DA:59,25
DA:60,25
DA:61,25
DA:62,25
DA:63,25
DA:64,25
DA:65,25
DA:66,25
DA:67,25
DA:68,8
DA:69,25
DA:70,25
DA:71,25
DA:72,8
DA:73,8
DA:74,8
DA:75,0
DA:76,0
DA:77,6
DA:78,6
DA:79,6
DA:80,6
DA:81,6
DA:82,8
DA:83,25
DA:84,25
DA:85,1
DA:86,1
DA:87,1
DA:88,1
DA:89,1
DA:90,1
DA:91,1
DA:92,1
DA:93,1
DA:94,1
DA:95,1
DA:96,1
DA:97,1
DA:98,25
DA:99,25
DA:100,0
DA:101,0
DA:102,0
DA:103,0
DA:104,0
DA:105,0
DA:106,0
DA:107,0
DA:108,0
DA:109,0
DA:110,0
DA:111,0
DA:112,0
DA:113,25
DA:114,25
DA:115,0
DA:116,0
DA:117,0
DA:118,0
DA:119,0
DA:120,0
DA:121,0
DA:122,0
DA:123,25
DA:124,25
DA:125,0
DA:126,0
DA:127,0
DA:128,0
DA:129,0
DA:130,0
DA:131,0
DA:132,0
DA:133,25
DA:134,25
DA:135,0
DA:136,0
DA:137,0
DA:138,0
DA:139,0
DA:140,0
DA:141,0
DA:142,0
DA:143,0
DA:144,0
DA:145,0
DA:146,0
DA:147,25
DA:148,25
DA:149,25
DA:150,25
DA:151,25
DA:152,25
DA:153,25
DA:154,25
DA:155,25
DA:156,25
DA:157,0
DA:158,0
DA:159,0
DA:160,0
DA:161,0
DA:162,25
DA:163,25
DA:164,25
DA:165,25
DA:166,25
DA:167,25
DA:168,25
DA:169,25
DA:170,25
DA:171,25
DA:172,25
DA:173,25
DA:174,25
DA:175,0
DA:176,0
DA:177,0
DA:178,0
DA:179,0
DA:180,25
DA:181,25
DA:182,25
DA:183,25
DA:184,25
DA:185,25
DA:186,25
DA:187,25
DA:188,0
DA:189,0
DA:190,0
DA:191,0
DA:192,0
DA:193,0
DA:194,0
DA:195,0
DA:196,0
DA:197,0
DA:198,0
DA:199,0
DA:200,0
DA:201,0
DA:202,0
DA:203,0
DA:204,0
DA:205,25
DA:206,25
DA:207,25
DA:208,25
DA:209,25
DA:210,25
DA:211,25
DA:212,25
DA:213,25
DA:214,25
DA:215,25
DA:216,25
DA:217,25
DA:218,25
DA:219,25
DA:220,25
DA:221,25
DA:222,25
DA:223,25
DA:224,25
DA:225,25
DA:226,25
DA:227,25
DA:228,25
DA:229,25
DA:230,25
DA:231,25
DA:232,25
DA:233,7
DA:234,7
DA:235,7
DA:236,25
DA:237,25
DA:238,25
DA:239,0
DA:240,0
DA:241,0
DA:242,0
DA:243,0
DA:244,0
DA:245,0
DA:246,0
DA:247,25
DA:248,25
DA:249,25
DA:250,25
DA:251,25
DA:252,25
DA:253,25
DA:254,25
DA:255,25
DA:256,25
DA:257,25
DA:258,25
DA:259,25
DA:260,25
DA:261,25
DA:262,25
DA:263,25
DA:264,25
DA:265,25
DA:266,25
DA:267,25
DA:268,25
DA:269,25
DA:270,25
DA:271,25
DA:272,1
DA:273,1
DA:274,1
DA:275,1
DA:276,1
DA:277,1
DA:278,1
DA:279,25
DA:280,25
DA:281,25
DA:282,25
DA:283,25
DA:284,25
DA:285,1
DA:286,1
DA:287,1
DA:288,1
DA:289,1
DA:290,1
DA:291,1
DA:292,25
DA:293,25
DA:294,25
DA:295,25
DA:296,25
DA:297,25
DA:298,1
DA:299,1
DA:300,1
DA:301,1
DA:302,1
DA:303,1
DA:304,1
DA:305,25
DA:306,25
DA:307,25
DA:308,25
DA:309,25
DA:310,25
DA:311,25
DA:312,1
DA:313,1
DA:314,1
DA:315,1
DA:316,1
DA:317,1
DA:318,1
DA:319,1
DA:320,25
DA:321,25
DA:322,25
DA:323,25
DA:324,25
DA:325,25
DA:326,1
DA:327,1
DA:328,1
DA:329,1
DA:330,25
DA:331,25
DA:332,25
DA:333,25
DA:334,25
DA:335,25
DA:336,1
DA:337,1
DA:338,1
DA:339,1
DA:340,25
DA:341,25
DA:342,25
DA:343,25
DA:344,25
DA:345,25
DA:346,1
DA:347,1
DA:348,1
DA:349,1
DA:350,25
DA:351,25
DA:352,25
DA:353,25
DA:354,25
DA:355,25
DA:356,25
DA:357,25
DA:358,25
DA:359,25
DA:360,25
DA:361,25
DA:362,25
DA:363,25
DA:364,25
DA:365,25
DA:366,25
DA:367,25
DA:368,25
DA:369,25
DA:370,25
DA:371,25
DA:372,25
DA:373,25
DA:374,25
DA:375,25
DA:376,25
DA:377,25
DA:378,25
DA:379,25
DA:380,25
DA:381,25
DA:382,25
DA:383,1
DA:384,1
LF:384
LH:306
BRDA:45,0,0,25
BRDA:232,1,0,7
BRDA:238,2,0,0
BRDA:263,3,0,0
BRDA:357,4,0,0
BRDA:67,5,0,8
BRDA:71,6,0,8
BRDA:74,7,0,6
BRDA:74,8,0,0
BRDA:78,9,0,0
BRDA:84,10,0,1
BRDA:271,11,0,1
BRDA:277,12,0,0
BRDA:284,13,0,1
BRDA:297,14,0,1
BRDA:311,15,0,1
BRDA:318,16,0,0
BRDA:325,17,0,1
BRDA:335,18,0,1
BRDA:345,19,0,1
BRF:20
BRH:13
end_of_record
TN:
SF:src/pages/Dashboard.tsx
FN:27,StatCard
FN:55,Dashboard
FN:64,fetchDashboardStats
FNF:3
FNH:2
FNDA:0,StatCard
FNDA:6,Dashboard
FNDA:6,fetchDashboardStats
DA:1,1
DA:2,1
DA:3,1
DA:4,1
DA:5,1
DA:6,1
DA:7,1
DA:8,1
DA:9,1
DA:10,1
DA:11,1
DA:12,1
DA:13,1
DA:14,1
DA:15,1
DA:16,1
DA:17,1
DA:18,1
DA:19,1
DA:20,1
DA:21,1
DA:22,1
DA:23,1
DA:24,1
DA:25,1
DA:26,1
DA:27,1
DA:28,0
DA:29,0
DA:30,0
DA:31,0
DA:32,0
DA:33,0
DA:34,0
DA:35,0
DA:36,0
DA:37,0
DA:38,0
DA:39,0
DA:40,0
DA:41,0
DA:42,0
DA:43,0
DA:44,0
DA:45,0
DA:46,0
DA:47,0
DA:48,0
DA:49,0
DA:50,0
DA:51,0
DA:52,0
DA:53,1
DA:54,1
DA:55,1
DA:56,6
DA:57,6
DA:58,6
DA:59,6
DA:60,6
DA:61,6
DA:62,6
DA:63,6
DA:64,6
DA:65,6
DA:66,6
DA:67,6
DA:68,6
DA:69,6
DA:70,0
DA:71,0
DA:72,4
DA:73,4
DA:74,4
DA:75,4
DA:76,4
DA:77,4
DA:78,4
DA:79,6
DA:80,6
DA:81,6
DA:82,6
DA:83,6
DA:84,6
DA:85,6
DA:86,6
DA:87,6
DA:88,6
DA:89,6
DA:90,6
DA:91,6
DA:92,6
DA:93,0
DA:94,0
DA:95,0
DA:96,0
DA:97,0
DA:98,0
DA:99,0
DA:100,0
DA:101,0
DA:102,0
DA:103,0
DA:104,0
DA:105,0
DA:106,0
DA:107,0
DA:108,0
DA:109,0
DA:110,0
DA:111,0
DA:112,0
DA:113,0
DA:114,0
DA:115,6
DA:116,6
DA:117,6
DA:118,6
DA:119,6
DA:120,6
DA:121,6
DA:122,6
DA:123,6
DA:124,6
DA:125,6
DA:126,6
DA:127,6
DA:128,6
DA:129,6
DA:130,6
DA:131,6
DA:132,6
DA:133,6
DA:134,6
DA:135,6
DA:136,6
DA:137,6
DA:138,6
DA:139,6
DA:140,6
DA:141,6
DA:142,6
DA:143,6
DA:144,6
DA:145,6
DA:146,6
DA:147,6
DA:148,6
DA:149,6
DA:150,6
DA:151,6
DA:152,6
DA:153,6
DA:154,6
DA:155,6
DA:156,6
DA:157,6
DA:158,6
DA:159,6
DA:160,6
DA:161,6
DA:162,6
DA:163,6
DA:164,6
DA:165,6
DA:166,6
DA:167,6
DA:168,6
DA:169,6
DA:170,6
DA:171,6
DA:172,6
DA:173,6
DA:174,6
DA:175,6
DA:176,6
DA:177,6
DA:178,6
DA:179,1
DA:180,1
LF:180
LH:131
BRDA:55,0,0,6
BRDA:92,1,0,0
BRDA:115,2,0,0
BRDA:123,3,0,0
BRDA:123,4,0,0
BRDA:131,5,0,0
BRDA:131,6,0,0
BRDA:139,7,0,0
BRDA:139,8,0,0
BRDA:158,9,0,0
BRDA:158,10,0,0
BRDA:167,11,0,0
BRDA:167,12,0,0
BRDA:167,13,0,0
BRDA:169,14,0,0
BRDA:169,15,0,0
BRDA:169,16,0,0
BRDA:60,17,0,6
BRDA:64,18,0,6
BRDA:69,19,0,4
BRDA:69,20,0,0
BRDA:74,21,0,0
BRF:22
BRH:4
end_of_record
TN:
SF:src/pages/Login.tsx
FN:6,Login
FN:16,handleLoginSuccess
FN:23,handleLoginError
FNF:3
FNH:1
FNDA:5,Login
FNDA:0,handleLoginSuccess
FNDA:0,handleLoginError
DA:1,1
DA:2,1
DA:3,1
DA:4,1
DA:5,1
DA:6,1
DA:7,5
DA:8,5
DA:9,5
DA:10,5
DA:11,5
DA:12,0
DA:13,0
DA:14,5
DA:15,5
DA:16,5
DA:17,0
DA:18,0
DA:19,0
DA:20,0
DA:21,0
DA:22,5
DA:23,5
DA:24,0
DA:25,0
DA:26,0
DA:27,5
DA:28,5
DA:29,5
DA:30,5
DA:31,5
DA:32,5
DA:33,5
DA:34,5
DA:35,5
DA:36,5
DA:37,5
DA:38,5
DA:39,5
DA:40,5
DA:41,5
DA:42,5
DA:43,5
DA:44,5
DA:45,5
DA:46,5
DA:47,5
DA:48,5
DA:49,5
DA:50,5
DA:51,5
DA:52,5
DA:53,5
DA:54,1
DA:55,1
LF:55
LH:45
BRDA:6,0,0,5
BRDA:10,1,0,5
BRDA:11,2,0,0
BRF:3
BRH:2
end_of_record
TN:
SF:src/pages/Proxies.tsx
FN:54,Proxies
FN:79,fetchClusters
FN:88,fetchProxies
FN:107,fetchAllMetrics
FN:129,handleDeregister
FN:139,handleViewDetails
FN:153,handleCloseDetails
FN:158,getClusterName
FN:163,formatBytes
FN:171,formatUptime
FN:181,getStatusIcon
FN:194,getStatusColor
FN:205,getHealthIndicator
FN:239,renderCell
FN:251,renderCell
FN:268,renderCell
FN:284,renderCell
FN:300,renderCell
FN:314,renderCell
FN:328,renderCell
FN:342,getActions
FN:376,onChange
FN:391,onChange
FN:411,onClose
FN:479,onClose
FN:488,onClick
FN:490,onClick
FNF:27
FNH:3
FNDA:17,Proxies
FNDA:8,fetchClusters
FNDA:9,fetchProxies
FNDA:0,fetchAllMetrics
FNDA:0,handleDeregister
FNDA:0,handleViewDetails
FNDA:0,handleCloseDetails
FNDA:0,getClusterName
FNDA:0,formatBytes
FNDA:0,formatUptime
FNDA:0,getStatusIcon
FNDA:0,getStatusColor
FNDA:0,getHealthIndicator
FNDA:0,renderCell
FNDA:0,renderCell
FNDA:0,renderCell
FNDA:0,renderCell
FNDA:0,renderCell
FNDA:0,renderCell
FNDA:0,renderCell
FNDA:0,getActions
FNDA:0,onChange
FNDA:0,onChange
FNDA:0,onClose
FNDA:0,onClose
FNDA:0,onClick
FNDA:0,onClick
DA:1,1
DA:2,1
DA:3,1
DA:4,1
DA:5,1
DA:6,1
DA:7,1
DA:8,1
DA:9,1
DA:10,1
DA:11,1
DA:12,1
DA:13,1
DA:14,1
DA:15,1
DA:16,1
DA:17,1
DA:18,1
DA:19,1
DA:20,1
DA:21,1
DA:22,1
DA:23,1
DA:24,1
DA:25,1
DA:26,1
DA:27,1
DA:28,1
DA:29,1
DA:30,1
DA:31,1
DA:32,1
DA:33,1
DA:34,1
DA:35,1
DA:36,1
DA:37,1
DA:38,1
DA:39,1
DA:40,1
DA:41,1
DA:42,1
DA:43,1
DA:44,1
DA:45,1
DA:46,1
DA:47,1
DA:48,1
DA:49,1
DA:50,1
DA:51,1
DA:52,1
DA:53,1
DA:54,1
DA:55,17
DA:56,17
DA:57,17
DA:58,17
DA:59,17
DA:60,17
DA:61,17
DA:62,17
DA:63,17
DA:64,17
DA:65,17
DA:66,17
DA:67,17
DA:68,8
DA:69,8
DA:70,8
DA:71,8
DA:72,8
DA:73,0
DA:74,0
DA:75,8
DA:76,8
DA:77,17
DA:78,17
DA:79,17
DA:80,8
DA:81,8
DA:82,0
DA:83,6
DA:84,6
DA:85,6
DA:86,8
DA:87,17
DA:88,17
DA:89,9
DA:90,9
DA:91,9
DA:92,9
DA:93,9
DA:94,9
DA:95,9
DA:96,0
DA:97,0
DA:98,0
DA:99,0
DA:100,7
DA:101,7
DA:102,7
DA:103,7
DA:104,7
DA:105,9
DA:106,17
DA:107,17
DA:108,0
DA:109,0
DA:110,0
DA:111,0
DA:112,0
DA:113,0
DA:114,0
DA:115,0
DA:116,0
DA:117,0
DA:118,0
DA:119,0
DA:120,0
DA:121,0
DA:122,0
DA:123,0
DA:124,0
DA:125,0
DA:126,0
DA:127,0
DA:128,17
DA:129,17
DA:130,0
DA:131,0
DA:132,0
DA:133,0
DA:134,0
DA:135,0
DA:136,0
DA:137,0
DA:138,17
DA:139,17
DA:140,0
DA:141,0
DA:142,0
DA:143,0
DA:144,0
DA:145,0
DA:146,0
DA:147,0
DA:148,0
DA:149,0
DA:150,0
DA:151,0
DA:152,17
DA:153,17
DA:154,0
DA:155,0
DA:156,0
DA:157,17
DA:158,17
DA:159,0
DA:160,0
DA:161,0
DA:162,17
DA:163,17
DA:164,0
DA:165,0
DA:166,0
DA:167,0
DA:168,0
DA:169,0
DA:170,17
DA:171,17
DA:172,0
DA:173,0
DA:174,0
DA:175,0
DA:176,0
DA:177,0
DA:178,0
DA:179,0
DA:180,17
DA:181,17
DA:182,0
DA:183,0
DA:184,0
DA:185,0
DA:186,0
DA:187,0
DA:188,0
DA:189,0
DA:190,0
DA:191,0
DA:192,0
DA:193,17
DA:194,17
DA:195,0
DA:196,0
DA:197,0
DA:198,0
DA:199,0
DA:200,0
DA:201,0
DA:202,0
DA:203,0
DA:204,17
DA:205,17
DA:206,0
DA:207,0
DA:208,0
DA:209,0
DA:210,0
DA:211,0
DA:212,0
DA:213,0
DA:214,0
DA:215,0
DA:216,0
DA:217,0
DA:218,0
DA:219,0
DA:220,0
DA:221,0
DA:222,0
DA:223,0
DA:224,0
DA:225,0
DA:226,17
DA:227,17
DA:228,17
DA:229,17
DA:230,17
DA:231,17
DA:232,17
DA:233,17
DA:234,17
DA:235,17
DA:236,17
DA:237,17
DA:238,17
DA:239,17
DA:240,0
DA:241,0
DA:242,0
DA:243,0
DA:244,0
DA:245,17
DA:246,17
DA:247,17
DA:248,17
DA:249,17
DA:250,17
DA:251,17
DA:252,0
DA:253,0
DA:254,0
DA:255,0
DA:256,0
DA:257,0
DA:258,0
DA:259,0
DA:260,0
DA:261,0
DA:262,0
DA:263,17
DA:264,17
DA:265,17
DA:266,17
DA:267,17
DA:268,17
DA:269,0
DA:270,0
DA:271,0
DA:272,0
DA:273,0
DA:274,0
DA:275,0
DA:276,0
DA:277,0
DA:278,0
DA:279,17
DA:280,17
DA:281,17
DA:282,17
DA:283,17
DA:284,17
DA:285,0
DA:286,0
DA:287,0
DA:288,0
DA:289,0
DA:290,0
DA:291,0
DA:292,0
DA:293,0
DA:294,0
DA:295,17
DA:296,17
DA:297,17
DA:298,17
DA:299,17
DA:300,17
DA:301,0
DA:302,0
DA:303,0
DA:304,0
DA:305,0
DA:306,0
DA:307,0
DA:308,0
DA:309,17
DA:310,17
DA:311,17
DA:312,17
DA:313,17
DA:314,17
DA:315,0
DA:316,0
DA:317,0
DA:318,0
DA:319,0
DA:320,0
DA:321,0
DA:322,0
DA:323,17
DA:324,17
DA:325,17
DA:326,17
DA:327,17
DA:328,17
DA:329,0
DA:330,0
DA:331,0
DA:332,0
DA:333,0
DA:334,0
DA:335,0
DA:336,17
DA:337,17
DA:338,17
DA:339,17
DA:340,17
DA:341,17
DA:342,17
DA:343,0
DA:344,0
DA:345,0
DA:346,0
DA:347,0
DA:348,0
DA:349,0
DA:350,0
DA:351,0
DA:352,0
DA:353,0
DA:354,17
DA:355,17
DA:356,17
DA:357,17
DA:358,17
DA:359,17
DA:360,17
DA:361,17
DA:362,17
DA:363,17
DA:364,17
DA:365,17
DA:366,17
DA:367,17
DA:368,17
DA:369,17
DA:370,17
DA:371,17
DA:372,17
DA:373,17
DA:374,17
DA:375,17
DA:376,17
DA:377,17
DA:378,17
DA:379,17
DA:380,17
DA:381,0
DA:382,0
DA:383,0
DA:384,17
DA:385,17
DA:386,17
DA:387,17
DA:388,17
DA:389,17
DA:390,17
DA:391,17
DA:392,17
DA:393,17
DA:394,17
DA:395,17
DA:396,17
DA:397,17
DA:398,17
DA:399,17
DA:400,17
DA:401,17
DA:402,17
DA:403,17
DA:404,17
DA:405,17
DA:406,17
DA:407,17
DA:408,17
DA:409,17
DA:410,17
DA:411,7
DA:412,7
DA:413,7
DA:414,17
DA:415,17
DA:416,17
DA:417,17
DA:418,17
DA:419,17
DA:420,17
DA:421,17
DA:422,17
DA:423,17
DA:424,17
DA:425,17
DA:426,17
DA:427,17
DA:428,17
DA:429,17
DA:430,17
DA:431,17
DA:432,17
DA:433,17
DA:434,17
DA:435,17
DA:436,17
DA:437,17
DA:438,17
DA:439,17
DA:440,17
DA:441,17
DA:442,17
DA:443,17
DA:444,17
DA:445,17
DA:446,17
DA:447,17
DA:448,17
DA:449,17
DA:450,17
DA:451,17
DA:452,17
DA:453,17
DA:454,17
DA:455,17
DA:456,17
DA:457,17
DA:458,17
DA:459,17
DA:460,17
DA:461,17
DA:462,17
DA:463,17
DA:464,17
DA:465,17
DA:466,17
DA:467,17
DA:468,17
DA:469,17
DA:470,17
DA:471,17
DA:472,17
DA:473,17
DA:474,17
DA:475,17
DA:476,17
DA:477,17
DA:478,17
DA:479,17
DA:480,17
DA:481,17
DA:482,17
DA:483,17
DA:484,17
DA:485,17
DA:486,17
DA:487,17
DA:488,17
DA:489,17
DA:490,17
DA:491,17
DA:492,17
DA:493,17
DA:494,17
DA:495,17
DA:496,17
DA:497,17
DA:498,17
DA:499,17
DA:500,17
DA:501,17
DA:502,17
DA:503,17
DA:504,17
DA:505,17
DA:506,17
DA:507,17
DA:508,17
DA:509,17
DA:510,17
DA:511,17
DA:512,17
DA:513,17
DA:514,17
DA:515,17
DA:516,17
DA:517,17
DA:518,17
DA:519,17
DA:520,17
DA:521,17
DA:522,17
DA:523,17
DA:524,0
DA:525,0
DA:526,0
DA:527,17
DA:528,17
DA:529,17
DA:530,17
DA:531,17
DA:532,17
DA:533,17
DA:534,17
DA:535,17
DA:536,17
DA:537,17
DA:538,17
DA:539,17
DA:540,17
DA:541,17
DA:542,17
DA:543,17
DA:544,17
DA:545,17
DA:546,17
DA:547,17
DA:548,17
DA:549,17
DA:550,17
DA:551,17
DA:552,17
DA:553,17
DA:554,17
DA:555,17
DA:556,17
DA:557,17
DA:558,17
DA:559,17
DA:560,17
DA:561,17
DA:562,17
DA:563,17
DA:564,17
DA:565,17
DA:566,17
DA:567,17
DA:568,17
DA:569,17
DA:570,0
DA:571,17
DA:572,17
DA:573,17
DA:574,17
DA:575,17
DA:576,17
DA:577,17
DA:578,17
DA:579,0
DA:580,0
DA:581,0
DA:582,17
DA:583,17
DA:584,17
DA:585,17
DA:586,17
DA:587,17
DA:588,17
DA:589,17
DA:590,17
DA:591,17
DA:592,17
DA:593,17
DA:594,0
DA:595,0
DA:596,0
DA:597,0
DA:598,0
DA:599,0
DA:600,0
DA:601,0
DA:602,0
DA:603,0
DA:604,0
DA:605,0
DA:606,0
DA:607,0
DA:608,0
DA:609,0
DA:610,0
DA:611,0
DA:612,0
DA:613,0
DA:614,0
DA:615,0
DA:616,0
DA:617,0
DA:618,0
DA:619,0
DA:620,0
DA:621,0
DA:622,0
DA:623,0
DA:624,0
DA:625,0
DA:626,0
DA:627,0
DA:628,0
DA:629,0
DA:630,0
DA:631,0
DA:632,0
DA:633,0
DA:634,0
DA:635,0
DA:636,0
DA:637,0
DA:638,0
DA:639,0
DA:640,0
DA:641,0
DA:642,0
DA:643,0
DA:644,0
DA:645,0
DA:646,0
DA:647,0
DA:648,0
DA:649,0
DA:650,0
DA:651,0
DA:652,0
DA:653,0
DA:654,0
DA:655,0
DA:656,0
DA:657,0
DA:658,0
DA:659,0
DA:660,0
DA:661,0
DA:662,0
DA:663,0
DA:664,0
DA:665,0
DA:666,0
DA:667,0
DA:668,0
DA:669,0
DA:670,0
DA:671,0
DA:672,0
DA:673,0
DA:674,0
DA:675,0
DA:676,0
DA:677,0
DA:678,0
DA:679,0
DA:680,0
DA:681,0
DA:682,0
DA:683,0
DA:684,0
DA:685,0
DA:686,0
DA:687,17
DA:688,17
DA:689,17
DA:690,17
DA:691,17
DA:692,17
DA:693,17
DA:694,17
DA:695,17
DA:696,17
DA:697,17
DA:698,1
DA:699,1
LF:699
LH:419
BRDA:54,0,0,17
BRDA:410,1,0,7
BRDA:511,2,0,0
BRDA:513,3,0,0
BRDA:523,4,0,0
BRDA:538,5,0,0
BRDA:544,6,0,0
BRDA:554,7,0,0
BRDA:555,8,0,0
BRDA:557,9,0,0
BRDA:564,10,0,0
BRDA:569,11,0,0
BRDA:569,12,0,0
BRDA:578,13,0,0
BRDA:578,14,0,0
BRDA:578,15,0,0
BRDA:593,16,0,0
BRDA:67,17,0,8
BRDA:76,18,0,8
BRDA:79,19,0,8
BRDA:81,20,0,6
BRDA:81,21,0,0
BRDA:84,22,0,0
BRDA:88,23,0,9
BRDA:95,24,0,7
BRDA:95,25,0,0
BRDA:101,26,0,0
BRF:27
BRH:8
end_of_record
TN:
SF:src/pages/Services.tsx
FN:65,Services
FN:104,fetchClusters
FN:113,fetchServices
FN:129,fetchServiceMappings
FN:146,handleCreate
FN:163,handleEdit
FN:180,handleDelete
FN:190,handleRegenerateToken
FN:199,handleCopyToken
FN:209,handleOpenMappings
FN:214,handleAddMapping
FN:224,handleRemoveMapping
FN:234,getClusterName
FN:239,validatePort
FN:266,onSubmit
FN:287,renderCell
FN:296,renderCell
FN:302,renderCell
FN:310,renderCell
FN:322,renderCell
FN:335,getActions
FN:376,onChange
FN:390,onChange
FN:419,onClose
FN:425,onClose
FN:431,onClose
FN:442,onClick
FN:463,onClose
FN:472,render
FN:490,render
FN:503,render
FN:517,render
FN:535,render
FN:549,render
FN:565,render
FN:579,render
FN:592,render
FN:602,onClick
FN:611,onClose
FN:617,onClick
FN:619,onClick
FN:629,onClose
FN:633,onClick
FN:724,onClick
FN:731,onClose
FN:738,onClick
FN:819,onClick
FNF:47
FNH:3
FNDA:18,Services
FNDA:6,fetchClusters
FNDA:6,fetchServices
FNDA:0,fetchServiceMappings
FNDA:0,handleCreate
FNDA:0,handleEdit
FNDA:0,handleDelete
FNDA:0,handleRegenerateToken
FNDA:0,handleCopyToken
FNDA:0,handleOpenMappings
FNDA:0,handleAddMapping
FNDA:0,handleRemoveMapping
FNDA:0,getClusterName
FNDA:0,validatePort
FNDA:0,onSubmit
FNDA:0,renderCell
FNDA:0,renderCell
FNDA:0,renderCell
FNDA:0,renderCell
FNDA:0,renderCell
FNDA:0,getActions
FNDA:0,onChange
FNDA:0,onChange
FNDA:0,onClose
FNDA:0,onClose
FNDA:0,onClose
FNDA:0,onClick
FNDA:0,onClose
FNDA:0,render
FNDA:0,render
FNDA:0,render
FNDA:0,render
FNDA:0,render
FNDA:0,render
FNDA:0,render
FNDA:0,render
FNDA:0,render
FNDA:0,onClick
FNDA:0,onClose
FNDA:0,onClick
FNDA:0,onClick
FNDA:0,onClose
FNDA:0,onClick
FNDA:0,onClick
FNDA:0,onClose
FNDA:0,onClick
FNDA:0,onClick
DA:1,1
DA:2,1
DA:3,1
DA:4,1
DA:5,1
DA:6,1
DA:7,1
DA:8,1
DA:9,1
DA:10,1
DA:11,1
DA:12,1
DA:13,1
DA:14,1
DA:15,1
DA:16,1
DA:17,1
DA:18,1
DA:19,1
DA:20,1
DA:21,1
DA:22,1
DA:23,1
DA:24,1
DA:25,1
DA:26,1
DA:27,1
DA:28,1
DA:29,1
DA:30,1
DA:31,1
DA:32,1
DA:33,1
DA:34,1
DA:35,1
DA:36,1
DA:37,1
DA:38,1
DA:39,1
DA:40,1
DA:41,1
DA:42,1
DA:43,1
DA:44,1
DA:45,1
DA:46,1
DA:47,1
DA:48,1
DA:49,1
DA:50,1
DA:51,1
DA:52,1
DA:53,1
DA:54,1
DA:55,1
DA:56,1
DA:57,1
DA:58,1
DA:59,1
DA:60,1
DA:61,1
DA:62,1
DA:63,1
DA:64,1
DA:65,1
DA:66,18
DA:67,18
DA:68,18
DA:69,18
DA:70,18
DA:71,18
DA:72,18
DA:73,18
DA:74,18
DA:75,18
DA:76,18
DA:77,18
DA:78,18
DA:79,18
DA:80,18
DA:81,18
DA:82,18
DA:83,18
DA:84,18
DA:85,18
DA:86,18
DA:87,18
DA:88,18
DA:89,18
DA:90,18
DA:91,18
DA:92,18
DA:93,18
DA:94,18
DA:95,18
DA:96,18
DA:97,18
DA:98,18
DA:99,18
DA:100,6
DA:101,6
DA:102,18
DA:103,18
DA:104,18
DA:105,6
DA:106,6
DA:107,0
DA:108,4
DA:109,4
DA:110,4
DA:111,6
DA:112,18
DA:113,18
DA:114,6
DA:115,6
DA:116,6
DA:117,6
DA:118,6
DA:119,6
DA:120,0
DA:121,0
DA:122,4
DA:123,4
DA:124,4
DA:125,4
DA:126,4
DA:127,6
DA:128,18
DA:129,18
DA:130,0
DA:131,0
DA:132,0
DA:133,0
DA:134,0
DA:135,0
DA:136,0
DA:137,0
DA:138,0
DA:139,0
DA:140,0
DA:141,0
DA:142,0
DA:143,0
DA:144,0
DA:145,18
DA:146,18
DA:147,0
DA:148,0
DA:149,0
DA:150,0
DA:151,0
DA:152,0
DA:153,0
DA:154,0
DA:155,0
DA:156,0
DA:157,0
DA:158,0
DA:159,0
DA:160,0
DA:161,0
DA:162,18
DA:163,18
DA:164,0
DA:165,0
DA:166,0
DA:167,0
DA:168,0
DA:169,0
DA:170,0
DA:171,0
DA:172,0
DA:173,0
DA:174,0
DA:175,0
DA:176,0
DA:177,0
DA:178,0
DA:179,18
DA:180,18
DA:181,0
DA:182,0
DA:183,0
DA:184,0
DA:185,0
DA:186,0
DA:187,0
DA:188,0
DA:189,18
DA:190,18
DA:191,0
DA:192,0
DA:193,0
DA:194,0
DA:195,0
DA:196,0
DA:197,0
DA:198,18
DA:199,18
DA:200,0
DA:201,0
DA:202,0
DA:203,0
DA:204,0
DA:205,0
DA:206,0
DA:207,0
DA:208,18
DA:209,18
DA:210,0
DA:211,0
DA:212,0
DA:213,18
DA:214,18
DA:215,0
DA:216,0
DA:217,0
DA:218,0
DA:219,0
DA:220,0
DA:221,0
DA:222,0
DA:223,18
DA:224,18
DA:225,0
DA:226,0
DA:227,0
DA:228,0
DA:229,0
DA:230,0
DA:231,0
DA:232,0
DA:233,18
DA:234,18
DA:235,0
DA:236,0
DA:237,0
DA:238,18
DA:239,18
DA:240,0
DA:241,0
DA:242,0
DA:243,0
DA:244,0
DA:245,0
DA:246,0
DA:247,0
DA:248,0
DA:249,0
DA:250,0
DA:251,0
DA:252,0
DA:253,0
DA:254,0
DA:255,0
DA:256,0
DA:257,0
DA:258,0
DA:259,0
DA:260,0
DA:261,0
DA:262,0
DA:263,0
DA:264,0
DA:265,18
DA:266,18
DA:267,0
DA:268,0
DA:269,0
DA:270,0
DA:271,0
DA:272,0
DA:273,0
DA:274,0
DA:275,0
DA:276,0
DA:277,0
DA:278,0
DA:279,18
DA:280,18
DA:281,18
DA:282,18
DA:283,18
DA:284,18
DA:285,18
DA:286,18
DA:287,18
DA:288,0
DA:289,18
DA:290,18
DA:291,18
DA:292,18
DA:293,18
DA:294,18
DA:295,18
DA:296,18
DA:297,18
DA:298,18
DA:299,18
DA:300,18
DA:301,18
DA:302,18
DA:303,0
DA:304,18
DA:305,18
DA:306,18
DA:307,18
DA:308,18
DA:309,18
DA:310,18
DA:311,0
DA:312,0
DA:313,0
DA:314,0
DA:315,0
DA:316,18
DA:317,18
DA:318,18
DA:319,18
DA:320,18
DA:321,18
DA:322,18
DA:323,0
DA:324,0
DA:325,0
DA:326,0
DA:327,0
DA:328,18
DA:329,18
DA:330,18
DA:331,18
DA:332,18
DA:333,18
DA:334,18
DA:335,18
DA:336,0
DA:337,0
DA:338,0
DA:339,0
DA:340,0
DA:341,0
DA:342,0
DA:343,0
DA:344,0
DA:345,0
DA:346,0
DA:347,0
DA:348,0
DA:349,0
DA:350,0
DA:351,0
DA:352,0
DA:353,0
DA:354,0
DA:355,0
DA:356,0
DA:357,0
DA:358,0
DA:359,0
DA:360,0
DA:361,0
DA:362,18
DA:363,18
DA:364,18
DA:365,18
DA:366,18
DA:367,18
DA:368,18
DA:369,18
DA:370,18
DA:371,18
DA:372,18
DA:373,18
DA:374,18
DA:375,18
DA:376,18
DA:377,18
DA:378,18
DA:379,18
DA:380,18
DA:381,18
DA:382,18
DA:383,18
DA:384,18
DA:385,18
DA:386,18
DA:387,18
DA:388,18
DA:389,18
DA:390,18
DA:391,18
DA:392,18
DA:393,18
DA:394,18
DA:395,0
DA:396,0
DA:397,0
DA:398,18
DA:399,18
DA:400,18
DA:401,18
DA:402,18
DA:403,18
DA:404,18
DA:405,18
DA:406,18
DA:407,18
DA:408,18
DA:409,18
DA:410,18
DA:411,18
DA:412,18
DA:413,18
DA:414,18
DA:415,18
DA:416,18
DA:417,18
DA:418,18
DA:419,4
DA:420,4
DA:421,4
DA:422,18
DA:423,18
DA:424,18
DA:425,0
DA:426,0
DA:427,0
DA:428,18
DA:429,18
DA:430,18
DA:431,0
DA:432,0
DA:433,0
DA:434,0
DA:435,0
DA:436,0
DA:437,0
DA:438,0
DA:439,0
DA:440,0
DA:441,0
DA:442,0
DA:443,0
DA:444,0
DA:445,0
DA:446,0
DA:447,0
DA:448,18
DA:449,18
DA:450,18
DA:451,18
DA:452,18
DA:453,18
DA:454,18
DA:455,18
DA:456,18
DA:457,18
DA:458,18
DA:459,18
DA:460,18
DA:461,18
DA:462,18
DA:463,18
DA:464,18
DA:465,18
DA:466,18
DA:467,18
DA:468,18
DA:469,18
DA:470,18
DA:471,18
DA:472,18
DA:473,0
DA:474,0
DA:475,0
DA:476,0
DA:477,0
DA:478,0
DA:479,0
DA:480,0
DA:481,0
DA:482,0
DA:483,0
DA:484,18
DA:485,18
DA:486,18
DA:487,18
DA:488,18
DA:489,18
DA:490,18
DA:491,0
DA:492,0
DA:493,0
DA:494,0
DA:495,0
DA:496,0
DA:497,0
DA:498,18
DA:499,18
DA:500,18
DA:501,18
DA:502,18
DA:503,18
DA:504,0
DA:505,0
DA:506,0
DA:507,0
DA:508,0
DA:509,0
DA:510,0
DA:511,18
DA:512,18
DA:513,18
DA:514,18
DA:515,18
DA:516,18
DA:517,18
DA:518,0
DA:519,0
DA:520,0
DA:521,0
DA:522,0
DA:523,0
DA:524,0
DA:525,0
DA:526,18
DA:527,18
DA:528,18
DA:529,18
DA:530,18
DA:531,18
DA:532,18
DA:533,18
DA:534,18
DA:535,18
DA:536,0
DA:537,0
DA:538,0
DA:539,0
DA:540,0
DA:541,0
DA:542,0
DA:543,0
DA:544,18
DA:545,18
DA:546,18
DA:547,18
DA:548,18
DA:549,18
DA:550,0
DA:551,0
DA:552,0
DA:553,0
DA:554,0
DA:555,0
DA:556,0
DA:557,0
DA:558,0
DA:559,0
DA:560,18
DA:561,18
DA:562,18
DA:563,18
DA:564,18
DA:565,18
DA:566,0
DA:567,0
DA:568,0
DA:569,0
DA:570,0
DA:571,0
DA:572,0
DA:573,18
DA:574,18
DA:575,18
DA:576,18
DA:577,18
DA:578,18
DA:579,18
DA:580,0
DA:581,0
DA:582,0
DA:583,0
DA:584,0
DA:585,0
DA:586,18
DA:587,18
DA:588,18
DA:589,18
DA:590,18
DA:591,18
DA:592,18
DA:593,0
DA:594,0
DA:595,0
DA:596,0
DA:597,18
DA:598,18
DA:599,18
DA:600,18
DA:601,18
DA:602,18
DA:603,18
DA:604,18
DA:605,18
DA:606,18
DA:607,18
DA:608,18
DA:609,18
DA:610,18
DA:611,18
DA:612,18
DA:613,18
DA:614,18
DA:615,18
DA:616,18
DA:617,18
DA:618,18
DA:619,18
DA:620,18
DA:621,18
DA:622,18
DA:623,18
DA:624,18
DA:625,18
DA:626,18
DA:627,18
DA:628,18
DA:629,18
DA:630,18
DA:631,18
DA:632,18
DA:633,18
DA:634,18
DA:635,18
DA:636,18
DA:637,18
DA:638,18
DA:639,18
DA:640,18
DA:641,0
DA:642,0
DA:643,0
DA:644,0
DA:645,0
DA:646,0
DA:647,0
DA:648,0
DA:649,0
DA:650,0
DA:651,0
DA:652,0
DA:653,0
DA:654,0
DA:655,0
DA:656,0
DA:657,0
DA:658,0
DA:659,0
DA:660,0
DA:661,0
DA:662,0
DA:663,0
DA:664,0
DA:665,0
DA:666,0
DA:667,0
DA:668,0
DA:669,0
DA:670,0
DA:671,0
DA:672,0
DA:673,0
DA:674,0
DA:675,0
DA:676,0
DA:677,0
DA:678,0
DA:679,0
DA:680,0
DA:681,0
DA:682,0
DA:683,0
DA:684,0
DA:685,0
DA:686,0
DA:687,0
DA:688,0
DA:689,0
DA:690,0
DA:691,0
DA:692,0
DA:693,0
DA:694,0
DA:695,0
DA:696,0
DA:697,0
DA:698,0
DA:699,0
DA:700,0
DA:701,0
DA:702,0
DA:703,0
DA:704,0
DA:705,0
DA:706,0
DA:707,0
DA:708,0
DA:709,0
DA:710,0
DA:711,0
DA:712,0
DA:713,0
DA:714,0
DA:715,0
DA:716,0
DA:717,0
DA:718,0
DA:719,0
DA:720,0
DA:721,18
DA:722,18
DA:723,18
DA:724,18
DA:725,18
DA:726,18
DA:727,18
DA:728,18
DA:729,18
DA:730,18
DA:731,18
DA:732,18
DA:733,18
DA:734,18
DA:735,18
DA:736,18
DA:737,18
DA:738,18
DA:739,18
DA:740,18
DA:741,18
DA:742,18
DA:743,18
DA:744,18
DA:745,18
DA:746,18
DA:747,18
DA:748,18
DA:749,18
DA:750,18
DA:751,18
DA:752,18
DA:753,18
DA:754,18
DA:755,18
DA:756,0
DA:757,0
DA:758,0
DA:759,0
DA:760,0
DA:761,0
DA:762,0
DA:763,0
DA:764,0
DA:765,0
DA:766,0
DA:767,0
DA:768,0
DA:769,0
DA:770,0
DA:771,0
DA:772,0
DA:773,0
DA:774,0
DA:775,0
DA:776,0
DA:777,0
DA:778,0
DA:779,0
DA:780,0
DA:781,18
DA:782,18
DA:783,18
DA:784,18
DA:785,18
DA:786,18
DA:787,18
DA:788,18
DA:789,18
DA:790,0
DA:791,0
DA:792,0
DA:793,0
DA:794,0
DA:795,0
DA:796,0
DA:797,0
DA:798,0
DA:799,0
DA:800,0
DA:801,0
DA:802,0
DA:803,0
DA:804,0
DA:805,0
DA:806,0
DA:807,0
DA:808,0
DA:809,0
DA:810,0
DA:811,0
DA:812,0
DA:813,0
DA:814,0
DA:815,0
DA:816,18
DA:817,18
DA:818,18
DA:819,18
DA:820,18
DA:821,18
DA:822,18
DA:823,18
DA:824,18
DA:825,1
DA:826,1
LF:826
LH:436
BRDA:65,0,0,18
BRDA:418,1,0,4
BRDA:424,2,0,0
BRDA:430,3,0,0
BRDA:464,4,0,0
BRDA:604,5,0,0
BRDA:640,6,0,0
BRDA:736,7,0,0
BRDA:755,8,0,0
BRDA:789,9,0,0
BRDA:99,10,0,6
BRDA:104,11,0,6
BRDA:106,12,0,4
BRDA:106,13,0,0
BRDA:109,14,0,0
BRDA:113,15,0,6
BRDA:119,16,0,4
BRDA:119,17,0,0
BRDA:123,18,0,0
BRF:19
BRH:7
end_of_record
TN:
SF:src/pages/Settings.tsx
FN:35,TabPanel
FN:58,Settings
FN:95,fetchUserSettings
FN:108,fetchLicense
FN:117,onProfileSubmit
FN:127,onPasswordSubmit
FN:146,handleEnable2FA
FN:157,handleDisable2FA
FN:168,onSystemSettingsSubmit
FN:186,onClose
FN:192,onClose
FN:198,onChange
FN:217,render
FN:238,render
FN:274,render
FN:292,render
FN:307,render
FN:338,onChange
FN:432,render
FN:444,render
FN:457,render
FNF:21
FNH:6
FNDA:40,TabPanel
FNDA:10,Settings
FNDA:5,fetchUserSettings
FNDA:5,fetchLicense
FNDA:0,onProfileSubmit
FNDA:0,onPasswordSubmit
FNDA:0,handleEnable2FA
FNDA:0,handleDisable2FA
FNDA:0,onSystemSettingsSubmit
FNDA:0,onClose
FNDA:0,onClose
FNDA:0,onChange
FNDA:10,render
FNDA:10,render
FNDA:0,render
FNDA:0,render
FNDA:0,render
FNDA:0,onChange
FNDA:0,render
FNDA:0,render
FNDA:0,render
DA:1,1
DA:2,1
DA:3,1
DA:4,1
DA:5,1
DA:6,1
DA:7,1
DA:8,1
DA:9,1
DA:10,1
DA:11,1
DA:12,1
DA:13,1
DA:14,1
DA:15,1
DA:16,1
DA:17,1
DA:18,1
DA:19,1
DA:20,1
DA:21,1
DA:22,1
DA:23,1
DA:24,1
DA:25,1
DA:26,1
DA:27,1
DA:28,1
DA:29,1
DA:30,1
DA:31,1
DA:32,1
DA:33,1
DA:34,1
DA:35,1
DA:36,40
DA:37,40
DA:38,40
DA:39,1
DA:40,1
DA:41,1
DA:42,1
DA:43,1
DA:44,1
DA:45,1
DA:46,1
DA:47,1
DA:48,1
DA:49,1
DA:50,1
DA:51,1
DA:52,1
DA:53,1
DA:54,1
DA:55,1
DA:56,1
DA:57,1
DA:58,1
DA:59,10
DA:60,10
DA:61,10
DA:62,10
DA:63,10
DA:64,10
DA:65,10
DA:66,10
DA:67,10
DA:68,10
DA:69,10
DA:70,10
DA:71,10
DA:72,10
DA:73,10
DA:74,10
DA:75,10
DA:76,10
DA:77,10
DA:78,10
DA:79,10
DA:80,10
DA:81,10
DA:82,10
DA:83,10
DA:84,10
DA:85,10
DA:86,10
DA:87,10
DA:88,10
DA:89,10
DA:90,10
DA:91,5
DA:92,5
DA:93,10
DA:94,10
DA:95,10
DA:96,5
DA:97,5
DA:98,0
DA:99,0
DA:100,0
DA:101,0
DA:102,0
DA:103,4
DA:104,3
DA:105,3
DA:106,5
DA:107,10
DA:108,10
DA:109,5
DA:110,5
DA:111,0
DA:112,4
DA:113,3
DA:114,3
DA:115,5
DA:116,10
DA:117,10
DA:118,0
DA:119,0
DA:120,0
DA:121,0
DA:122,0
DA:123,0
DA:124,0
DA:125,0
DA:126,10
DA:127,10
DA:128,0
DA:129,0
DA:130,0
DA:131,0
DA:132,0
DA:133,0
DA:134,0
DA:135,0
DA:136,0
DA:137,0
DA:138,0
DA:139,0
DA:140,0
DA:141,0
DA:142,0
DA:143,0
DA:144,0
DA:145,10
DA:146,10
DA:147,0
DA:148,0
DA:149,0
DA:150,0
DA:151,0
DA:152,0
DA:153,0
DA:154,0
DA:155,0
DA:156,10
DA:157,10
DA:158,0
DA:159,0
DA:160,0
DA:161,0
DA:162,0
DA:163,0
DA:164,0
DA:165,0
DA:166,0
DA:167,10
DA:168,10
DA:169,0
DA:170,0
DA:171,0
DA:172,0
DA:173,0
DA:174,0
DA:175,0
DA:176,0
DA:177,0
DA:178,10
DA:179,10
DA:180,10
DA:181,10
DA:182,10
DA:183,10
DA:184,10
DA:185,10
DA:186,0
DA:187,0
DA:188,0
DA:189,10
DA:190,10
DA:191,10
DA:192,0
DA:193,0
DA:194,0
DA:195,10
DA:196,10
DA:197,10
DA:198,10
DA:199,10
DA:200,10
DA:201,10
DA:202,10
DA:203,10
DA:204,0
DA:205,10
DA:206,10
DA:207,10
DA:208,10
DA:209,10
DA:210,10
DA:211,10
DA:212,10
DA:213,10
DA:214,10
DA:215,10
DA:216,10
DA:217,10
DA:218,10
DA:219,10
DA:220,10
DA:221,10
DA:222,10
DA:223,10
DA:224,10
DA:225,10
DA:226,10
DA:227,10
DA:228,10
DA:229,10
DA:230,10
DA:231,10
DA:232,10
DA:233,10
DA:234,10
DA:235,10
DA:236,10
DA:237,10
DA:238,10
DA:239,10
DA:240,10
DA:241,10
DA:242,10
DA:243,10
DA:244,10
DA:245,10
DA:246,10
DA:247,10
DA:248,10
DA:249,10
DA:250,10
DA:251,10
DA:252,10
DA:253,10
DA:254,10
DA:255,10
DA:256,10
DA:257,10
DA:258,10
DA:259,10
DA:260,10
DA:261,10
DA:262,10
DA:263,10
DA:264,10
DA:265,10
DA:266,10
DA:267,10
DA:268,10
DA:269,10
DA:270,10
DA:271,10
DA:272,10
DA:273,10
DA:274,10
DA:275,0
DA:276,0
DA:277,0
DA:278,0
DA:279,0
DA:280,0
DA:281,0
DA:282,0
DA:283,10
DA:284,10
DA:285,10
DA:286,10
DA:287,10
DA:288,10
DA:289,10
DA:290,10
DA:291,10
DA:292,10
DA:293,0
DA:294,0
DA:295,0
DA:296,0
DA:297,0
DA:298,0
DA:299,0
DA:300,0
DA:301,10
DA:302,10
DA:303,10
DA:304,10
DA:305,10
DA:306,10
DA:307,10
DA:308,0
DA:309,0
DA:310,0
DA:311,0
DA:312,0
DA:313,0
DA:314,0
DA:315,0
DA:316,10
DA:317,10
DA:318,10
DA:319,10
DA:320,10
DA:321,10
DA:322,10
DA:323,10
DA:324,10
DA:325,10
DA:326,10
DA:327,10
DA:328,10
DA:329,10
DA:330,10
DA:331,10
DA:332,10
DA:333,10
DA:334,10
DA:335,10
DA:336,10
DA:337,10
DA:338,10
DA:339,10
DA:340,10
DA:341,10
DA:342,10
DA:343,10
DA:344,0
DA:345,0
DA:346,0
DA:347,0
DA:348,0
DA:349,0
DA:350,0
DA:351,0
DA:352,0
DA:353,0
DA:354,0
DA:355,10
DA:356,10
DA:357,10
DA:358,10
DA:359,10
DA:360,10
DA:361,10
DA:362,10
DA:363,10
DA:364,10
DA:365,10
DA:366,0
DA:367,0
DA:368,0
DA:369,0
DA:370,0
DA:371,0
DA:372,0
DA:373,0
DA:374,0
DA:375,0
DA:376,0
DA:377,0
DA:378,0
DA:379,0
DA:380,0
DA:381,0
DA:382,0
DA:383,0
DA:384,0
DA:385,0
DA:386,0
DA:387,0
DA:388,0
DA:389,0
DA:390,0
DA:391,0
DA:392,0
DA:393,0
DA:394,0
DA:395,0
DA:396,0
DA:397,0
DA:398,0
DA:399,0
DA:400,0
DA:401,0
DA:402,0
DA:403,0
DA:404,0
DA:405,0
DA:406,0
DA:407,0
DA:408,0
DA:409,0
DA:410,0
DA:411,0
DA:412,10
DA:413,10
DA:414,10
DA:415,10
DA:416,10
DA:417,10
DA:418,10
DA:419,10
DA:420,10
DA:421,10
DA:422,0
DA:423,0
DA:424,0
DA:425,0
DA:426,0
DA:427,0
DA:428,0
DA:429,0
DA:430,0
DA:431,0
DA:432,0
DA:433,0
DA:434,0
DA:435,0
DA:436,0
DA:437,0
DA:438,0
DA:439,0
DA:440,0
DA:441,0
DA:442,0
DA:443,0
DA:444,0
DA:445,0
DA:446,0
DA:447,0
DA:448,0
DA:449,0
DA:450,0
DA:451,0
DA:452,0
DA:453,0
DA:454,0
DA:455,0
DA:456,0
DA:457,0
DA:458,0
DA:459,0
DA:460,0
DA:461,0
DA:462,0
DA:463,0
DA:464,0
DA:465,0
DA:466,0
DA:467,0
DA:468,0
DA:469,0
DA:470,0
DA:471,0
DA:472,0
DA:473,10
DA:474,10
DA:475,10
DA:476,10
DA:477,10
DA:478,10
DA:479,1
DA:480,1
LF:480
LH:283
BRDA:35,0,0,40
BRDA:37,1,0,10
BRDA:58,2,0,10
BRDA:69,3,0,0
BRDA:70,4,0,0
BRDA:185,5,0,0
BRDA:191,6,0,0
BRDA:203,7,0,0
BRDA:203,8,0,0
BRDA:254,9,0,0
BRDA:341,10,0,0
BRDA:343,11,0,0
BRDA:365,12,0,0
BRDA:421,13,0,0
BRDA:421,14,0,0
BRDA:65,15,0,10
BRDA:90,16,0,5
BRDA:95,17,0,5
BRDA:97,18,0,4
BRDA:97,19,0,0
BRDA:103,20,0,3
BRDA:104,21,0,0
BRDA:108,22,0,5
BRDA:110,23,0,4
BRDA:110,24,0,0
BRDA:112,25,0,3
BRDA:217,26,0,10
BRDA:224,27,0,0
BRDA:238,28,0,10
BRDA:245,29,0,0
BRF:30
BRH:13
end_of_record
TN:
SF:src/pages/Users.tsx
FN:46,Users
FN:73,fetchClusters
FN:82,fetchUsers
FN:95,handleCreate
FN:108,handleEdit
FN:121,handleDelete
FN:131,onSubmit
FN:158,formatDate
FN:162,getClusterNames
FN:176,renderCell
FN:193,renderCell
FN:207,renderCell
FN:222,renderCell
FN:228,renderCell
FN:235,getActions
FN:275,onClose
FN:293,onClose
FN:309,render
FN:330,render
FN:349,render
FN:365,render
FN:379,render
FN:387,renderValue
FN:420,onClick
FN:429,onClose
FN:437,onClick
FN:439,onClick
FNF:27
FNH:9
FNDA:26,Users
FNDA:8,fetchClusters
FNDA:8,fetchUsers
FNDA:1,handleCreate
FNDA:0,handleEdit
FNDA:0,handleDelete
FNDA:0,onSubmit
FNDA:0,formatDate
FNDA:0,getClusterNames
FNDA:0,renderCell
FNDA:0,renderCell
FNDA:0,renderCell
FNDA:0,renderCell
FNDA:0,renderCell
FNDA:0,getActions
FNDA:0,onClose
FNDA:0,onClose
FNDA:2,render
FNDA:2,render
FNDA:2,render
FNDA:2,render
FNDA:2,render
FNDA:0,renderValue
FNDA:0,onClick
FNDA:0,onClose
FNDA:0,onClick
FNDA:0,onClick
DA:1,1
DA:2,1
DA:3,1
DA:4,1
DA:5,1
DA:6,1
DA:7,1
DA:8,1
DA:9,1
DA:10,1
DA:11,1
DA:12,1
DA:13,1
DA:14,1
DA:15,1
DA:16,1
DA:17,1
DA:18,1
DA:19,1
DA:20,1
DA:21,1
DA:22,1
DA:23,1
DA:24,1
DA:25,1
DA:26,1
DA:27,1
DA:28,1
DA:29,1
DA:30,1
DA:31,1
DA:32,1
DA:33,1
DA:34,1
DA:35,1
DA:36,1
DA:37,1
DA:38,1
DA:39,1
DA:40,1
DA:41,1
DA:42,1
DA:43,1
DA:44,1
DA:45,1
DA:46,1
DA:47,26
DA:48,26
DA:49,26
DA:50,26
DA:51,26
DA:52,26
DA:53,26
DA:54,26
DA:55,26
DA:56,26
DA:57,26
DA:58,26
DA:59,26
DA:60,26
DA:61,26
DA:62,26
DA:63,26
DA:64,26
DA:65,26
DA:66,26
DA:67,26
DA:68,26
DA:69,8
DA:70,8
DA:71,26
DA:72,26
DA:73,26
DA:74,8
DA:75,8
DA:76,0
DA:77,7
DA:78,6
DA:79,6
DA:80,8
DA:81,26
DA:82,26
DA:83,8
DA:84,8
DA:85,8
DA:86,0
DA:87,0
DA:88,7
DA:89,7
DA:90,7
DA:91,7
DA:92,7
DA:93,8
DA:94,26
DA:95,26
DA:96,1
DA:97,1
DA:98,1
DA:99,1
DA:100,1
DA:101,1
DA:102,1
DA:103,1
DA:104,1
DA:105,1
DA:106,1
DA:107,26
DA:108,26
DA:109,0
DA:110,0
DA:111,0
DA:112,0
DA:113,0
DA:114,0
DA:115,0
DA:116,0
DA:117,0
DA:118,0
DA:119,0
DA:120,26
DA:121,26
DA:122,0
DA:123,0
DA:124,0
DA:125,0
DA:126,0
DA:127,0
DA:128,0
DA:129,0
DA:130,26
DA:131,26
DA:132,0
DA:133,0
DA:134,0
DA:135,0
DA:136,0
DA:137,0
DA:138,0
DA:139,0
DA:140,0
DA:141,0
DA:142,0
DA:143,0
DA:144,0
DA:145,0
DA:146,0
DA:147,0
DA:148,0
DA:149,0
DA:150,0
DA:151,0
DA:152,0
DA:153,0
DA:154,0
DA:155,0
DA:156,0
DA:157,26
DA:158,26
DA:159,0
DA:160,0
DA:161,26
DA:162,26
DA:163,0
DA:164,0
DA:165,0
DA:166,0
DA:167,0
DA:168,26
DA:169,26
DA:170,26
DA:171,26
DA:172,26
DA:173,26
DA:174,26
DA:175,26
DA:176,26
DA:177,0
DA:178,0
DA:179,0
DA:180,0
DA:181,26
DA:182,26
DA:183,26
DA:184,26
DA:185,26
DA:186,26
DA:187,26
DA:188,26
DA:189,26
DA:190,26
DA:191,26
DA:192,26
DA:193,26
DA:194,0
DA:195,0
DA:196,0
DA:197,0
DA:198,0
DA:199,0
DA:200,26
DA:201,26
DA:202,26
DA:203,26
DA:204,26
DA:205,26
DA:206,26
DA:207,26
DA:208,0
DA:209,0
DA:210,0
DA:211,0
DA:212,0
DA:213,0
DA:214,0
DA:215,0
DA:216,0
DA:217,26
DA:218,26
DA:219,26
DA:220,26
DA:221,26
DA:222,26
DA:223,26
DA:224,26
DA:225,26
DA:226,26
DA:227,26
DA:228,26
DA:229,26
DA:230,26
DA:231,26
DA:232,26
DA:233,26
DA:234,26
DA:235,26
DA:236,0
DA:237,0
DA:238,0
DA:239,0
DA:240,0
DA:241,0
DA:242,0
DA:243,0
DA:244,0
DA:245,0
DA:246,0
DA:247,26
DA:248,26
DA:249,26
DA:250,26
DA:251,26
DA:252,26
DA:253,26
DA:254,26
DA:255,26
DA:256,26
DA:257,26
DA:258,26
DA:259,26
DA:260,26
DA:261,26
DA:262,26
DA:263,26
DA:264,26
[...]
FNDA:0,rollbackDeployment
FNDA:0,finalizeDeployment
DA:1,1
DA:2,1
DA:3,1
DA:4,1
DA:5,1
DA:6,1
DA:7,1
DA:8,1
DA:9,1
DA:10,1
DA:11,1
DA:12,1
DA:13,1
DA:14,1
DA:15,1
DA:16,1
DA:17,1
DA:18,1
DA:19,1
DA:20,1
DA:21,1
DA:22,1
DA:23,1
DA:24,1
DA:25,3
DA:26,0
DA:27,0
DA:28,1
DA:29,1
DA:30,0
DA:31,0
DA:32,0
DA:33,1
DA:34,1
DA:35,0
DA:36,0
DA:37,0
DA:38,1
DA:39,1
DA:40,0
DA:41,0
DA:42,0
DA:43,1
DA:44,1
DA:45,0
DA:46,0
DA:47,0
DA:48,1
DA:49,1
DA:50,0
DA:51,0
DA:52,0
DA:53,1
DA:54,1
DA:55,1
DA:56,0
DA:57,0
DA:58,0
DA:59,1
DA:60,1
DA:61,0
DA:62,0
DA:63,0
DA:64,1
DA:65,1
DA:66,0
DA:67,0
DA:68,0
DA:69,0
DA:70,0
DA:71,0
DA:72,1
DA:73,1
DA:74,0
DA:75,0
DA:76,0
DA:77,0
DA:78,0
DA:79,0
DA:80,0
DA:81,1
DA:82,1
DA:83,0
DA:84,0
DA:85,1
DA:86,1
DA:87,1
DA:88,0
DA:89,0
DA:90,0
DA:91,0
DA:92,0
DA:93,1
DA:94,1
DA:95,0
DA:96,0
DA:97,0
DA:98,0
DA:99,0
DA:100,0
DA:101,1
DA:102,1
DA:103,0
DA:104,0
DA:105,0
DA:106,0
DA:107,0
DA:108,0
DA:109,1
DA:110,1
DA:111,0
DA:112,0
DA:113,0
DA:114,0
DA:115,0
DA:116,0
DA:117,0
DA:118,0
DA:119,0
DA:120,0
DA:121,1
DA:122,1
DA:123,0
DA:124,0
DA:125,0
DA:126,0
DA:127,0
DA:128,1
DA:129,1
DA:130,0
DA:131,0
DA:132,0
DA:133,0
DA:134,0
DA:135,0
DA:136,1
DA:137,1
DA:138,1
DA:139,0
DA:140,0
DA:141,0
DA:142,0
DA:143,0
DA:144,1
DA:145,1
DA:146,0
DA:147,0
DA:148,0
DA:149,0
DA:150,0
DA:151,1
DA:152,1
DA:153,0
DA:154,0
DA:155,0
DA:156,0
DA:157,0
DA:158,0
DA:159,1
DA:160,1
DA:161,0
DA:162,0
DA:163,0
DA:164,0
DA:165,0
DA:166,0
DA:167,0
DA:168,0
DA:169,0
DA:170,0
DA:171,0
DA:172,0
DA:173,0
DA:174,0
DA:175,1
DA:176,1
DA:177,0
DA:178,0
DA:179,0
DA:180,0
DA:181,0
DA:182,0
DA:183,0
DA:184,0
DA:185,1
DA:186,1
DA:187,0
DA:188,0
DA:189,0
DA:190,0
DA:191,0
DA:192,0
DA:193,0
DA:194,0
DA:195,0
DA:196,0
LF:196
LH:72
BRDA:24,0,0,3
BRDA:25,1,0,0
BRF:2
BRH:1
end_of_record
TN:
SF:src/services/observabilityApi.ts
FN:25,getTraces
FN:37,getTraceById
FN:47,getServiceGraph
FN:59,queryMetrics
FN:69,queryRangeMetrics
FN:82,getMetricNames
FN:90,getAlerts
FN:98,getAlertById
FN:106,createAlert
FN:116,updateAlert
FN:130,deleteAlert
FN:137,getActiveAlerts
FN:145,acknowledgeAlert
FN:157,silenceAlert
FN:171,getJaegerUrl
FN:179,getServices
FN:187,getOperations
FN:197,exportTraces
FN:210,exportMetrics
FNF:19
FNH:0
FNDA:0,getTraces
FNDA:0,getTraceById
FNDA:0,getServiceGraph
FNDA:0,queryMetrics
FNDA:0,queryRangeMetrics
FNDA:0,getMetricNames
FNDA:0,getAlerts
FNDA:0,getAlertById
FNDA:0,createAlert
FNDA:0,updateAlert
FNDA:0,deleteAlert
FNDA:0,getActiveAlerts
FNDA:0,acknowledgeAlert
FNDA:0,silenceAlert
FNDA:0,getJaegerUrl
FNDA:0,getServices
FNDA:0,getOperations
FNDA:0,exportTraces
FNDA:0,exportMetrics
DA:1,1
DA:2,1
DA:3,1
DA:4,1
DA:5,1
DA:6,1
DA:7,1
DA:8,1
DA:9,1
DA:10,1
DA:11,1
DA:12,1
DA:13,1
DA:14,1
DA:15,1
DA:16,1
DA:17,1
DA:18,1
DA:19,1
DA:20,1
DA:21,1
DA:22,1
DA:23,1
DA:24,1
DA:25,1
DA:26,0
DA:27,0
DA:28,0
DA:29,0
DA:30,0
DA:31,0
DA:32,0
DA:33,1
DA:34,1
DA:35,1
DA:36,1
DA:37,1
DA:38,0
DA:39,0
DA:40,0
DA:41,0
DA:42,0
DA:43,1
DA:44,1
DA:45,1
DA:46,1
DA:47,1
DA:48,0
DA:49,0
DA:50,0
DA:51,0
DA:52,0
DA:53,0
DA:54,0
DA:55,1
DA:56,1
DA:57,1
DA:58,1
DA:59,1
DA:60,0
DA:61,0
DA:62,0
DA:63,0
DA:64,0
DA:65,1
DA:66,1
DA:67,1
DA:68,1
DA:69,1
DA:70,0
DA:71,0
DA:72,0
DA:73,0
DA:74,0
DA:75,0
DA:76,0
DA:77,0
DA:78,1
DA:79,1
DA:80,1
DA:81,1
DA:82,1
DA:83,0
DA:84,0
DA:85,0
DA:86,1
DA:87,1
DA:88,1
DA:89,1
DA:90,1
DA:91,0
DA:92,0
DA:93,0
DA:94,1
DA:95,1
DA:96,1
DA:97,1
DA:98,1
DA:99,0
DA:100,0
DA:101,0
DA:102,1
DA:103,1
DA:104,1
DA:105,1
DA:106,1
DA:107,0
DA:108,0
DA:109,0
DA:110,0
DA:111,0
DA:112,1
DA:113,1
DA:114,1
DA:115,1
DA:116,1
DA:117,0
DA:118,0
DA:119,0
DA:120,0
DA:121,0
DA:122,0
DA:123,0
DA:124,0
DA:125,0
DA:126,1
DA:127,1
DA:128,1
DA:129,1
DA:130,1
DA:131,0
DA:132,0
DA:133,1
DA:134,1
DA:135,1
DA:136,1
DA:137,1
DA:138,0
DA:139,0
DA:140,0
DA:141,1
DA:142,1
DA:143,1
DA:144,1
DA:145,1
DA:146,0
DA:147,0
DA:148,0
DA:149,0
DA:150,0
DA:151,0
DA:152,0
DA:153,1
DA:154,1
DA:155,1
DA:156,1
DA:157,1
DA:158,0
DA:159,0
DA:160,0
DA:161,0
DA:162,0
DA:163,0
DA:164,0
DA:165,0
DA:166,0
DA:167,1
DA:168,1
DA:169,1
DA:170,1
DA:171,1
DA:172,0
DA:173,0
DA:174,0
DA:175,1
DA:176,1
DA:177,1
DA:178,1
DA:179,1
DA:180,0
DA:181,0
DA:182,0
DA:183,1
DA:184,1
DA:185,1
DA:186,1
DA:187,1
DA:188,0
DA:189,0
DA:190,0
DA:191,0
DA:192,0
DA:193,1
DA:194,1
DA:195,1
DA:196,1
DA:197,1
DA:198,0
DA:199,0
DA:200,0
DA:201,0
DA:202,0
DA:203,0
DA:204,0
DA:205,0
DA:206,1
DA:207,1
DA:208,1
DA:209,1
DA:210,1
DA:211,0
DA:212,0
DA:213,0
DA:214,0
DA:215,0
DA:216,0
DA:217,0
DA:218,0
DA:219,0
LF:219
LH:115
BRF:0
BRH:0
end_of_record
TN:
SF:src/services/proxyApi.ts
FN:39,list
FN:49,get
FN:57,deregister
FN:64,getMetrics
FN:72,getStats
FN:80,getClusterStats
FN:90,checkHeartbeat
FNF:7
FNH:1
FNDA:2,list
FNDA:0,get
FNDA:0,deregister
FNDA:0,getMetrics
FNDA:0,getStats
FNDA:0,getClusterStats
FNDA:0,checkHeartbeat
DA:1,1
DA:2,1
DA:3,1
DA:4,1
DA:5,1
DA:6,1
DA:7,1
DA:8,1
DA:9,1
DA:10,1
DA:11,1
DA:12,1
DA:13,1
DA:14,1
DA:15,1
DA:16,1
DA:17,1
DA:18,1
DA:19,1
DA:20,1
DA:21,1
DA:22,1
DA:23,1
DA:24,1
DA:25,1
DA:26,1
DA:27,1
DA:28,1
DA:29,1
DA:30,1
DA:31,1
DA:32,1
DA:33,1
DA:34,1
DA:35,1
DA:36,1
DA:37,1
DA:38,1
DA:39,1
DA:40,2
DA:41,2
DA:42,2
DA:43,0
DA:44,2
DA:45,1
DA:46,1
DA:47,1
DA:48,1
DA:49,1
DA:50,0
DA:51,0
DA:52,0
DA:53,1
DA:54,1
DA:55,1
DA:56,1
DA:57,1
DA:58,0
DA:59,0
DA:60,1
DA:61,1
DA:62,1
DA:63,1
DA:64,1
DA:65,0
DA:66,0
DA:67,0
DA:68,1
DA:69,1
DA:70,1
DA:71,1
DA:72,1
DA:73,0
DA:74,0
DA:75,0
DA:76,1
DA:77,1
DA:78,1
DA:79,1
DA:80,1
DA:81,0
DA:82,0
DA:83,0
DA:84,0
DA:85,0
DA:86,1
DA:87,1
DA:88,1
DA:89,1
DA:90,1
DA:91,0
DA:92,0
DA:93,0
DA:94,1
LF:94
LH:74
BRDA:39,0,0,2
BRDA:42,1,0,0
BRF:2
BRH:1
end_of_record
TN:
SF:src/services/securityApi.ts
FN:178,getPolicies
FN:188,getPolicy
FN:193,savePolicy
FN:211,deletePolicy
FN:215,getPolicyVersions
FN:224,testPolicy
FN:234,getPolicyTemplates
FN:239,validatePolicy
FN:250,getAuditLogs
FN:259,exportAuditLogs
FN:270,verifyAuditLogIntegrity
FN:283,getComplianceStatus
FN:292,runComplianceCheck
FN:301,uploadComplianceEvidence
FN:318,generateComplianceReport
FN:330,getCertificates
FN:340,getCertificate
FN:347,uploadCertificate
FN:357,deleteCertificate
FN:361,revokeCertificate
FN:370,validateCertificate
FN:379,getCRL
FN:385,updateCertificateRotation
FN:396,getExpiringCertificates
FNF:24
FNH:0
FNDA:0,getPolicies
FNDA:0,getPolicy
FNDA:0,savePolicy
FNDA:0,deletePolicy
FNDA:0,getPolicyVersions
FNDA:0,testPolicy
FNDA:0,getPolicyTemplates
FNDA:0,validatePolicy
FNDA:0,getAuditLogs
FNDA:0,exportAuditLogs
FNDA:0,verifyAuditLogIntegrity
FNDA:0,getComplianceStatus
FNDA:0,runComplianceCheck
FNDA:0,uploadComplianceEvidence
FNDA:0,generateComplianceReport
FNDA:0,getCertificates
FNDA:0,getCertificate
FNDA:0,uploadCertificate
FNDA:0,deleteCertificate
FNDA:0,revokeCertificate
FNDA:0,validateCertificate
FNDA:0,getCRL
FNDA:0,updateCertificateRotation
FNDA:0,getExpiringCertificates
DA:1,1
DA:2,1
DA:3,1
DA:4,1
DA:5,1
DA:6,1
DA:7,1
DA:8,1
DA:9,1
DA:10,1
DA:11,1
DA:12,1
DA:13,1
DA:14,1
DA:15,1
DA:16,1
DA:17,1
DA:18,1
DA:19,1
DA:20,1
DA:21,1
DA:22,1
DA:23,1
DA:24,1
DA:25,1
DA:26,1
DA:27,1
DA:28,1
DA:29,1
DA:30,1
DA:31,1
DA:32,1
DA:33,1
DA:34,1
DA:35,1
DA:36,1
DA:37,1
DA:38,1
DA:39,1
DA:40,1
DA:41,1
DA:42,1
DA:43,1
DA:44,1
DA:45,1
DA:46,1
DA:47,1
DA:48,1
DA:49,1
DA:50,1
DA:51,1
DA:52,1
DA:53,1
DA:54,1
DA:55,1
DA:56,1
DA:57,1
DA:58,1
DA:59,1
DA:60,1
DA:61,1
DA:62,1
DA:63,1
DA:64,1
DA:65,1
DA:66,1
DA:67,1
DA:68,1
DA:69,1
DA:70,1
DA:71,1
DA:72,1
DA:73,1
DA:74,1
DA:75,1
DA:76,1
DA:77,1
DA:78,1
DA:79,1
DA:80,1
DA:81,1
DA:82,1
DA:83,1
DA:84,1
DA:85,1
DA:86,1
DA:87,1
DA:88,1
DA:89,1
DA:90,1
DA:91,1
DA:92,1
DA:93,1
DA:94,1
DA:95,1
DA:96,1
DA:97,1
DA:98,1
DA:99,1
DA:100,1
DA:101,1
DA:102,1
DA:103,1
DA:104,1
DA:105,1
DA:106,1
DA:107,1
DA:108,1
DA:109,1
DA:110,1
DA:111,1
DA:112,1
DA:113,1
DA:114,1
DA:115,1
DA:116,1
DA:117,1
DA:118,1
DA:119,1
DA:120,1
DA:121,1
DA:122,1
DA:123,1
DA:124,1
DA:125,1
DA:126,1
DA:127,1
DA:128,1
DA:129,1
DA:130,1
DA:131,1
DA:132,1
DA:133,1
DA:134,1
DA:135,1
DA:136,1
DA:137,1
DA:138,1
DA:139,1
DA:140,1
DA:141,1
DA:142,1
DA:143,1
DA:144,1
DA:145,1
DA:146,1
DA:147,1
DA:148,1
DA:149,1
DA:150,1
DA:151,1
DA:152,1
DA:153,1
DA:154,1
DA:155,1
DA:156,1
DA:157,1
DA:158,1
DA:159,1
DA:160,1
DA:161,1
DA:162,1
DA:163,1
DA:164,1
DA:165,1
DA:166,1
DA:167,1
DA:168,1
DA:169,1
DA:170,1
DA:171,1
DA:172,1
DA:173,1
DA:174,1
DA:175,1
DA:176,1
DA:177,1
DA:178,1
DA:179,0
DA:180,0
DA:181,0
DA:182,0
DA:183,0
DA:184,0
DA:185,0
DA:186,0
DA:187,1
DA:188,1
DA:189,0
DA:190,0
DA:191,0
DA:192,1
DA:193,1
DA:194,0
DA:195,0
DA:196,0
DA:197,0
DA:198,0
DA:199,0
DA:200,0
DA:201,0
DA:202,0
DA:203,0
DA:204,0
DA:205,0
DA:206,0
DA:207,0
DA:208,0
DA:209,0
DA:210,1
DA:211,1
DA:212,0
DA:213,0
DA:214,1
DA:215,1
DA:216,0
DA:217,0
DA:218,0
DA:219,0
DA:220,0
DA:221,0
DA:222,0
DA:223,1
DA:224,1
DA:225,0
DA:226,0
DA:227,0
DA:228,0
DA:229,0
DA:230,0
DA:231,0
DA:232,0
DA:233,1
DA:234,1
DA:235,0
DA:236,0
DA:237,0
DA:238,1
DA:239,1
DA:240,0
DA:241,0
DA:242,0
DA:243,0
DA:244,0
DA:245,0
DA:246,0
DA:247,0
DA:248,1
DA:249,1
DA:250,1
DA:251,0
DA:252,0
DA:253,0
DA:254,0
DA:255,0
DA:256,0
DA:257,0
DA:258,1
DA:259,1
DA:260,0
DA:261,0
DA:262,0
DA:263,0
DA:264,0
DA:265,0
DA:266,0
DA:267,0
DA:268,0
DA:269,1
DA:270,1
DA:271,0
DA:272,0
DA:273,0
DA:274,0
DA:275,0
DA:276,0
DA:277,0
DA:278,0
DA:279,0
DA:280,0
DA:281,1
DA:282,1
DA:283,1
DA:284,0
DA:285,0
DA:286,0
DA:287,0
DA:288,0
DA:289,0
DA:290,0
DA:291,1
DA:292,1
DA:293,0
DA:294,0
DA:295,0
DA:296,0
DA:297,0
DA:298,0
DA:299,0
DA:300,1
DA:301,1
DA:302,0
DA:303,0
DA:304,0
DA:305,0
DA:306,0
DA:307,0
DA:308,0
DA:309,0
DA:310,0
DA:311,0
DA:312,0
DA:313,0
DA:314,0
DA:315,0
DA:316,0
DA:317,1
DA:318,1
DA:319,0
DA:320,0
DA:321,0
DA:322,0
DA:323,0
DA:324,0
DA:325,0
DA:326,0
DA:327,0
DA:328,1
DA:329,1
DA:330,1
DA:331,0
DA:332,0
DA:333,0
DA:334,0
DA:335,0
DA:336,0
DA:337,0
DA:338,0
DA:339,1
DA:340,1
DA:341,0
DA:342,0
DA:343,0
DA:344,0
DA:345,0
DA:346,1
DA:347,1
DA:348,0
DA:349,0
DA:350,0
DA:351,0
DA:352,0
DA:353,0
DA:354,0
DA:355,0
DA:356,1
DA:357,1
DA:358,0
DA:359,0
DA:360,1
DA:361,1
DA:362,0
DA:363,0
DA:364,0
DA:365,0
DA:366,0
DA:367,0
DA:368,0
DA:369,1
DA:370,1
DA:371,0
DA:372,0
DA:373,0
DA:374,0
DA:375,0
DA:376,0
DA:377,0
DA:378,1
DA:379,1
DA:380,0
DA:381,0
DA:382,0
DA:383,0
DA:384,1
DA:385,1
DA:386,0
DA:387,0
DA:388,0
DA:389,0
DA:390,0
DA:391,0
DA:392,0
DA:393,0
DA:394,0
DA:395,1
DA:396,1
DA:397,0
DA:398,0
DA:399,0
DA:400,0
DA:401,0
DA:402,0
DA:403,0
DA:404,0
DA:405,0
DA:406,0
LF:406
LH:227
BRF:0
BRH:0
end_of_record
TN:
SF:src/services/serviceApi.ts
FN:47,list
FN:57,get
FN:65,create
FN:73,update
FN:81,delete
FN:88,regenerateToken
FN:98,getToken
FN:106,getMappings
FN:114,addMapping
FN:123,removeMapping
FNF:10
FNH:1
FNDA:2,list
FNDA:0,get
FNDA:0,create
FNDA:0,update
FNDA:0,delete
FNDA:0,regenerateToken
FNDA:0,getToken
FNDA:0,getMappings
FNDA:0,addMapping
FNDA:0,removeMapping
DA:1,1
DA:2,1
DA:3,1
DA:4,1
DA:5,1
DA:6,1
DA:7,1
DA:8,1
DA:9,1
DA:10,1
DA:11,1
DA:12,1
DA:13,1
DA:14,1
DA:15,1
DA:16,1
DA:17,1
DA:18,1
DA:19,1
DA:20,1
DA:21,1
DA:22,1
DA:23,1
DA:24,1
DA:25,1
DA:26,1
DA:27,1
DA:28,1
DA:29,1
DA:30,1
DA:31,1
DA:32,1
DA:33,1
DA:34,1
DA:35,1
DA:36,1
DA:37,1
DA:38,1
DA:39,1
DA:40,1
DA:41,1
DA:42,1
DA:43,1
DA:44,1
DA:45,1
DA:46,1
DA:47,1
DA:48,2
DA:49,2
DA:50,2
DA:51,0
DA:52,2
DA:53,1
DA:54,1
DA:55,1
DA:56,1
DA:57,1
DA:58,0
DA:59,0
DA:60,0
DA:61,1
DA:62,1
DA:63,1
DA:64,1
DA:65,1
DA:66,0
DA:67,0
DA:68,0
DA:69,1
DA:70,1
DA:71,1
DA:72,1
DA:73,1
DA:74,0
DA:75,0
DA:76,0
DA:77,1
DA:78,1
DA:79,1
DA:80,1
DA:81,1
DA:82,0
DA:83,0
DA:84,1
DA:85,1
DA:86,1
DA:87,1
DA:88,1
DA:89,0
DA:90,0
DA:91,0
DA:92,0
DA:93,0
DA:94,1
DA:95,1
DA:96,1
DA:97,1
DA:98,1
DA:99,0
DA:100,0
DA:101,0
DA:102,1
DA:103,1
DA:104,1
DA:105,1
DA:106,1
DA:107,0
DA:108,0
DA:109,0
DA:110,1
DA:111,1
DA:112,1
DA:113,1
DA:114,1
DA:115,0
DA:116,0
DA:117,0
DA:118,0
DA:119,1
DA:120,1
DA:121,1
DA:122,1
DA:123,1
DA:124,0
DA:125,0
DA:126,1
LF:126
LH:97
BRDA:47,0,0,2
BRDA:50,1,0,0
BRF:2
BRH:1
end_of_record
TN:
SF:src/services/services.ts
FN:72,getServices
FN:91,getService
FN:114,createService
FN:137,updateService
FN:157,deleteService
FN:175,list
FN:182,get
FN:189,create
FN:196,update
FN:206,delete
FNF:10
FNH:0
FNDA:0,getServices
FNDA:0,getService
FNDA:0,createService
FNDA:0,updateService
FNDA:0,deleteService
FNDA:0,list
FNDA:0,get
FNDA:0,create
FNDA:0,update
FNDA:0,delete
DA:1,1
DA:2,1
DA:3,1
DA:4,1
DA:5,1
DA:6,1
DA:7,1
DA:8,1
DA:9,1
DA:10,1
DA:11,1
DA:12,1
DA:13,1
DA:14,1
DA:15,1
DA:16,1
DA:17,1
DA:18,1
DA:19,1
DA:20,1
DA:21,1
DA:22,1
DA:23,1
DA:24,1
DA:25,1
DA:26,1
DA:27,1
DA:28,1
DA:29,1
DA:30,1
DA:31,1
DA:32,1
DA:33,1
DA:34,1
DA:35,1
DA:36,1
DA:37,1
DA:38,1
DA:39,1
DA:40,1
DA:41,1
DA:42,1
DA:43,1
DA:44,1
DA:45,1
DA:46,1
DA:47,1
DA:48,1
DA:49,1
DA:50,1
DA:51,1
DA:52,1
DA:53,1
DA:54,1
DA:55,1
DA:56,1
DA:57,1
DA:58,1
DA:59,1
DA:60,1
DA:61,1
DA:62,1
DA:63,1
DA:64,1
DA:65,1
DA:66,1
DA:67,1
DA:68,1
DA:69,1
DA:70,1
DA:71,1
DA:72,1
DA:73,0
DA:74,0
DA:75,0
DA:76,0
DA:77,0
DA:78,0
DA:79,0
DA:80,0
DA:81,1
DA:82,1
DA:83,1
DA:84,1
DA:85,1
DA:86,1
DA:87,1
DA:88,1
DA:89,1
DA:90,1
DA:91,1
DA:92,0
DA:93,0
DA:94,0
DA:95,1
DA:96,1
DA:97,1
DA:98,1
DA:99,1
DA:100,1
DA:101,1
DA:102,1
DA:103,1
DA:104,1
DA:105,1
DA:106,1
DA:107,1
DA:108,1
DA:109,1
DA:110,1
DA:111,1
DA:112,1
DA:113,1
DA:114,1
DA:115,0
DA:116,0
DA:117,0
DA:118,0
DA:119,0
DA:120,0
DA:121,0
DA:122,0
DA:123,1
DA:124,1
DA:125,1
DA:126,1
DA:127,1
DA:128,1
DA:129,1
DA:130,1
DA:131,1
DA:132,1
DA:133,1
DA:134,1
DA:135,1
DA:136,1
DA:137,1
DA:138,0
DA:139,0
DA:140,0
DA:141,0
DA:142,0
DA:143,0
DA:144,0
DA:145,0
DA:146,0
DA:147,1
DA:148,1
DA:149,1
DA:150,1
DA:151,1
DA:152,1
DA:153,1
DA:154,1
DA:155,1
DA:156,1
DA:157,1
DA:158,0
DA:159,0
DA:160,1
DA:161,1
DA:162,1
DA:163,1
DA:164,1
DA:165,1
DA:166,1
DA:167,1
DA:168,1
DA:169,1
DA:170,1
DA:171,1
DA:172,1
DA:173,1
DA:174,1
DA:175,1
DA:176,0
DA:177,0
DA:178,1
DA:179,1
DA:180,1
DA:181,1
DA:182,1
DA:183,0
DA:184,0
DA:185,1
DA:186,1
DA:187,1
DA:188,1
DA:189,1
DA:190,0
DA:191,0
DA:192,1
DA:193,1
DA:194,1
DA:195,1
DA:196,1
DA:197,0
DA:198,0
DA:199,0
DA:200,0
DA:201,0
DA:202,1
DA:203,1
DA:204,1
DA:205,1
DA:206,1
DA:207,0
DA:208,0
DA:209,1
DA:210,1
DA:211,1
DA:212,1
DA:213,1
DA:214,1
DA:215,1
DA:216,1
DA:217,1
DA:218,1
LF:218
LH:175
BRF:0
BRH:0
end_of_record
TN:
SF:src/services/users.ts
FN:38,list
FN:48,get
FN:56,create
FN:64,update
FN:72,delete
FNF:5
FNH:1
FNDA:1,list
FNDA:0,get
FNDA:0,create
FNDA:0,update
FNDA:0,delete
DA:1,1
DA:2,1
DA:3,1
DA:4,1
DA:5,1
DA:6,1
DA:7,1
DA:8,1
DA:9,1
DA:10,1
DA:11,1
DA:12,1
DA:13,1
DA:14,1
DA:15,1
DA:16,1
DA:17,1
DA:18,1
DA:19,1
DA:20,1
DA:21,1
DA:22,1
DA:23,1
DA:24,1
DA:25,1
DA:26,1
DA:27,1
DA:28,1
DA:29,1
DA:30,1
DA:31,1
DA:32,1
DA:33,1
DA:34,1
DA:35,1
DA:36,1
DA:37,1
DA:38,1
DA:39,1
DA:40,1
DA:41,1
DA:42,0
DA:43,1
DA:44,1
DA:45,1
DA:46,1
DA:47,1
DA:48,1
DA:49,0
DA:50,0
DA:51,0
DA:52,1
DA:53,1
DA:54,1
DA:55,1
DA:56,1
DA:57,0
DA:58,0
DA:59,0
DA:60,1
DA:61,1
DA:62,1
DA:63,1
DA:64,1
DA:65,0
DA:66,0
DA:67,0
DA:68,1
DA:69,1
DA:70,1
DA:71,1
DA:72,1
DA:73,0
DA:74,0
DA:75,1
LF:75
LH:63
BRDA:38,0,0,1
BRDA:41,1,0,0
BRF:2
BRH:1
end_of_record
TN:
SF:src/store/authStore.ts
FN:32,login
FN:78,logout
FN:93,loadUser
FN:121,clearError
FNF:4
FNH:4
FNDA:9,login
FNDA:4,logout
FNDA:4,loadUser
FNDA:1,clearError
DA:1,1
DA:2,1
DA:3,1
DA:4,1
DA:5,1
DA:6,1
DA:7,1
DA:8,1
DA:9,1
DA:10,1
DA:11,1
DA:12,1
DA:13,1
DA:14,1
DA:15,1
DA:16,1
DA:17,1
DA:18,1
DA:19,1
DA:20,1
DA:21,1
DA:22,1
DA:23,1
DA:24,1
DA:25,1
DA:26,5
DA:27,5
DA:28,5
DA:29,5
DA:30,5
DA:31,5
DA:32,5
DA:33,9
DA:34,9
DA:35,9
DA:36,6
DA:37,6
DA:38,9
DA:39,1
DA:40,1
DA:41,1
DA:42,1
DA:43,1
DA:44,1
DA:45,5
DA:46,5
DA:47,5
DA:48,5
DA:49,5
DA:50,5
DA:51,9
DA:52,9
DA:53,9
DA:54,9
DA:55,9
DA:56,9
DA:57,9
DA:58,9
DA:59,9
DA:60,9
DA:61,9
DA:62,9
DA:63,9
DA:64,9
DA:65,3
DA:66,3
DA:67,3
DA:68,3
DA:69,3
DA:70,3
DA:71,3
DA:72,3
DA:73,3
DA:74,3
DA:75,3
DA:76,9
DA:77,5
DA:78,5
DA:79,4
DA:80,4
DA:81,4
DA:82,4
DA:83,4
DA:84,4
DA:85,4
DA:86,4
DA:87,4
DA:88,4
DA:89,4
DA:90,4
DA:91,4
DA:92,5
DA:93,5
DA:94,4
DA:95,4
DA:96,2
DA:97,2
DA:98,2
DA:99,2
DA:100,2
DA:101,2
DA:102,2
DA:103,1
DA:104,1
DA:105,1
DA:106,1
DA:107,1
DA:108,1
DA:109,1
DA:110,1
DA:111,1
DA:112,1
DA:113,1
DA:114,1
DA:115,1
DA:116,1
DA:117,1
DA:118,1
DA:119,4
DA:120,5
DA:121,5
DA:122,1
DA:123,1
DA:124,1
LF:124
LH:124
BRDA:25,0,0,5
BRDA:32,1,0,9
BRDA:35,2,0,6
BRDA:38,3,0,1
BRDA:44,4,0,5
BRDA:51,5,0,2
BRDA:51,6,0,3
BRDA:59,7,0,0
BRDA:64,8,0,3
BRDA:66,9,0,1
BRDA:66,10,0,2
BRDA:78,11,0,4
BRDA:81,12,0,3
BRDA:93,13,0,4
BRDA:95,14,0,2
BRDA:102,15,0,1
BRDA:121,16,0,1
BRF:17
BRH:16
end_of_record
TN:
SF:src/store/licenseStore.ts
FN:40,loadLicense
FN:64,refreshLicense
FN:87,isFeatureAvailable
FN:114,clearError
FN:121,resetStore
FN:134,initializeLicenseStore
FN:145,setupLicenseRefreshInterval
FNF:7
FNH:7
FNDA:8,loadLicense
FNDA:2,refreshLicense
FNDA:3,isFeatureAvailable
FNDA:1,clearError
FNDA:12,resetStore
FNDA:1,initializeLicenseStore
FNDA:1,setupLicenseRefreshInterval
DA:1,1
DA:2,1
DA:3,1
DA:4,1
DA:5,1
DA:6,1
DA:7,1
DA:8,1
DA:9,1
DA:10,1
DA:11,1
DA:12,1
DA:13,1
DA:14,1
DA:15,1
DA:16,1
DA:17,1
DA:18,1
DA:19,1
DA:20,1
DA:21,1
DA:22,1
DA:23,1
DA:24,1
DA:25,1
DA:26,1
DA:27,1
DA:28,1
DA:29,1
DA:30,1
DA:31,1
DA:32,1
DA:33,1
DA:34,1
DA:35,1
DA:36,1
DA:37,1
DA:38,1
DA:39,1
DA:40,1
DA:41,8
DA:42,8
DA:43,8
DA:44,6
DA:45,6
DA:46,6
DA:47,6
DA:48,6
DA:49,6
DA:50,8
DA:51,2
DA:52,2
DA:53,2
DA:54,2
DA:55,2
DA:56,2
DA:57,2
DA:58,2
DA:59,8
DA:60,1
DA:61,1
DA:62,1
DA:63,1
DA:64,1
DA:65,2
DA:66,2
DA:67,2
DA:68,1
DA:69,1
DA:70,1
DA:71,1
DA:72,1
DA:73,1
DA:74,1
DA:75,1
DA:76,1
DA:77,1
DA:78,1
DA:79,1
DA:80,1
DA:81,1
DA:82,2
DA:83,1
DA:84,1
DA:85,1
DA:86,1
DA:87,1
DA:88,3
DA:89,3
DA:90,3
DA:91,3
DA:92,1
DA:93,1
DA:94,3
DA:95,3
DA:96,3
DA:97,3
DA:98,3
DA:99,3
DA:100,0
DA:101,0
DA:102,0
DA:103,0
DA:104,0
DA:105,0
DA:106,0
DA:107,0
DA:108,0
DA:109,3
DA:110,1
DA:111,1
DA:112,1
DA:113,1
DA:114,1
DA:115,1
DA:116,1
DA:117,1
DA:118,1
DA:119,1
DA:120,1
DA:121,1
DA:122,12
DA:123,12
DA:124,12
DA:125,12
DA:126,12
DA:127,12
DA:128,12
DA:129,1
DA:130,1
DA:131,1
DA:132,1
DA:133,1
DA:134,1
DA:135,1
DA:136,1
DA:137,1
DA:138,0
DA:139,0
DA:140,1
DA:141,1
DA:142,1
DA:143,1
DA:144,1
DA:145,1
DA:146,1
DA:147,0
DA:148,0
DA:149,0
DA:150,1
DA:151,1
LF:151
LH:137
BRDA:31,0,0,1
BRDA:40,1,0,8
BRDA:43,2,0,6
BRDA:50,3,0,2
BRDA:51,4,0,0
BRDA:64,5,0,2
BRDA:67,6,0,1
BRDA:75,7,0,0
BRDA:87,8,0,3
BRDA:91,9,0,1
BRDA:99,10,0,0
BRDA:114,11,0,1
BRDA:121,12,0,12
BRDA:134,13,0,1
BRDA:137,14,0,0
BRDA:145,15,0,1
BRF:16
BRH:12
end_of_record
TN:
SF:src/utils/theme.ts
FNF:0
FNH:0
DA:1,1
DA:2,1
DA:3,1
DA:4,1
DA:5,1
DA:6,1
DA:7,1
DA:8,1
DA:9,1
DA:10,1
DA:11,1
DA:12,1
DA:13,1
DA:14,1
DA:15,1
DA:16,1
DA:17,1
DA:18,1
DA:19,1
DA:20,1
DA:21,1
DA:22,1
DA:23,1
DA:24,1
DA:25,1
DA:26,1
DA:27,1
DA:28,1
DA:29,1
DA:30,1
DA:31,1
DA:32,1
DA:33,1
DA:34,1
DA:35,1
DA:36,1
DA:37,1
DA:38,1
DA:39,1
DA:40,1
DA:41,1
DA:42,1
DA:43,1
DA:44,1
DA:45,1
DA:46,1
DA:47,1
DA:48,1
DA:49,1
DA:50,1
DA:51,1
DA:52,1
DA:53,1
DA:54,1
DA:55,1
DA:56,1
DA:57,1
DA:58,1
DA:59,1
DA:60,1
DA:61,1
DA:62,1
DA:63,1
DA:64,1
DA:65,1
DA:66,1
DA:67,1
DA:68,1
DA:69,1
DA:70,1
DA:71,1
DA:72,1
DA:73,1
DA:74,1
DA:75,1
DA:76,1
DA:77,1
DA:78,1
DA:79,1
DA:80,1
DA:81,1
DA:82,1
DA:83,1
DA:84,1
DA:85,1
DA:86,1
DA:87,1
DA:88,1
DA:89,1
DA:90,1
DA:91,1
DA:92,1
DA:93,1
DA:94,1
DA:95,1
DA:96,1
DA:97,1
DA:98,1
DA:99,1
DA:100,1
DA:101,1
DA:102,1
DA:103,1
DA:104,1
DA:105,1
DA:106,1
DA:107,1
DA:108,1
DA:109,1
DA:110,1
DA:111,1
DA:112,1
DA:113,1
DA:114,1
DA:115,1
DA:116,1
DA:117,1
DA:118,1
DA:119,1
DA:120,1
DA:121,1
DA:122,1
DA:123,1
DA:124,1
DA:125,1
DA:126,1
DA:127,1
DA:128,1
DA:129,1
DA:130,1
DA:131,1
DA:132,1
DA:133,1
DA:134,1
DA:135,1
DA:136,1
DA:137,1
DA:138,1
DA:139,1
DA:140,1
DA:141,1
DA:142,1
DA:143,1
DA:144,1
DA:145,1
DA:146,1
DA:147,1
DA:148,1
DA:149,1
DA:150,1
DA:151,1
DA:152,1
DA:153,1
DA:154,1
DA:155,1
DA:156,1
DA:157,1
DA:158,1
DA:159,1
DA:160,1
DA:161,1
DA:162,1
DA:163,1
DA:164,1
DA:165,1
DA:166,1
DA:167,1
DA:168,1
DA:169,1
DA:170,1
DA:171,1
DA:172,1
DA:173,1
DA:174,1
DA:175,1
DA:176,1
DA:177,1
DA:178,1
DA:179,1
DA:180,1
DA:181,1
DA:182,1
DA:183,1
DA:184,1
DA:185,1
DA:186,1
DA:187,1
DA:188,1
DA:189,1
DA:190,1
LF:190
LH:190
BRF:0
BRH:0
end_of_record
