mode: set
marchproxy-ingress/internal/health/checker.go:231.59,242.31 2 1
marchproxy-ingress/internal/health/checker.go:242.31,244.3 1 1
marchproxy-ingress/internal/health/checker.go:245.2,245.25 1 1
marchproxy-ingress/internal/health/checker.go:245.25,247.3 1 1
marchproxy-ingress/internal/health/checker.go:248.2,248.34 1 1
marchproxy-ingress/internal/health/checker.go:248.34,250.3 1 1
marchproxy-ingress/internal/health/checker.go:251.2,251.36 1 1
marchproxy-ingress/internal/health/checker.go:251.36,253.3 1 1
marchproxy-ingress/internal/health/checker.go:255.2,258.11 3 1
marchproxy-ingress/internal/health/checker.go:261.52,274.32 7 1
marchproxy-ingress/internal/health/checker.go:274.32,280.3 2 0
marchproxy-ingress/internal/health/checker.go:283.45,284.29 1 1
marchproxy-ingress/internal/health/checker.go:284.29,286.3 1 1
marchproxy-ingress/internal/health/checker.go:288.2,288.53 1 1
marchproxy-ingress/internal/health/checker.go:288.53,289.22 1 1
marchproxy-ingress/internal/health/checker.go:290.22,292.27 2 1
marchproxy-ingress/internal/health/checker.go:293.21,295.27 2 0
marchproxy-ingress/internal/health/checker.go:296.22,297.34 1 0
marchproxy-ingress/internal/health/checker.go:297.34,300.5 2 0
marchproxy-ingress/internal/health/checker.go:305.55,316.2 4 1
marchproxy-ingress/internal/health/checker.go:318.58,324.2 4 1
marchproxy-ingress/internal/health/checker.go:326.61,338.41 4 1
marchproxy-ingress/internal/health/checker.go:338.41,340.3 1 0
marchproxy-ingress/internal/health/checker.go:343.76,349.2 4 1
marchproxy-ingress/internal/health/checker.go:351.84,356.2 3 1
marchproxy-ingress/internal/health/checker.go:358.74,363.39 4 1
marchproxy-ingress/internal/health/checker.go:363.39,365.3 1 1
marchproxy-ingress/internal/health/checker.go:366.2,366.15 1 1
marchproxy-ingress/internal/health/checker.go:369.82,374.37 4 1
marchproxy-ingress/internal/health/checker.go:374.37,376.3 1 1
marchproxy-ingress/internal/health/checker.go:377.2,377.15 1 1
marchproxy-ingress/internal/health/checker.go:380.40,384.16 3 0
marchproxy-ingress/internal/health/checker.go:384.16,386.3 1 0
marchproxy-ingress/internal/health/checker.go:388.2,391.12 3 0
marchproxy-ingress/internal/health/checker.go:394.39,398.17 3 0
marchproxy-ingress/internal/health/checker.go:398.17,400.3 1 0
marchproxy-ingress/internal/health/checker.go:402.2,405.12 3 0
marchproxy-ingress/internal/health/checker.go:408.38,412.6 3 0
marchproxy-ingress/internal/health/checker.go:412.6,413.10 1 0
marchproxy-ingress/internal/health/checker.go:414.19,415.28 1 0
marchproxy-ingress/internal/health/checker.go:416.22,417.10 1 0
marchproxy-ingress/internal/health/checker.go:422.48,428.32 4 0
marchproxy-ingress/internal/health/checker.go:428.32,430.3 1 0
marchproxy-ingress/internal/health/checker.go:431.2,433.43 2 0
marchproxy-ingress/internal/health/checker.go:433.43,435.40 2 0
marchproxy-ingress/internal/health/checker.go:435.40,438.4 2 0
marchproxy-ingress/internal/health/checker.go:441.2,444.30 2 0
marchproxy-ingress/internal/health/checker.go:447.81,462.25 11 0
marchproxy-ingress/internal/health/checker.go:462.25,468.3 5 0
marchproxy-ingress/internal/health/checker.go:468.8,472.3 3 0
marchproxy-ingress/internal/health/checker.go:474.2,477.28 3 0
marchproxy-ingress/internal/health/checker.go:477.28,482.3 4 0
marchproxy-ingress/internal/health/checker.go:484.2,484.28 1 0
marchproxy-ingress/internal/health/checker.go:484.28,486.3 1 0
marchproxy-ingress/internal/health/checker.go:488.2,489.26 2 0
marchproxy-ingress/internal/health/checker.go:492.92,495.52 2 0
marchproxy-ingress/internal/health/checker.go:495.52,496.25 1 0
marchproxy-ingress/internal/health/checker.go:496.25,497.36 1 0
marchproxy-ingress/internal/health/checker.go:497.36,498.24 1 0
marchproxy-ingress/internal/health/checker.go:498.24,500.42 2 0
marchproxy-ingress/internal/health/checker.go:500.42,502.7 1 0
marchproxy-ingress/internal/health/checker.go:503.6,503.25 1 0
marchproxy-ingress/internal/health/checker.go:506.9,506.78 1 0
marchproxy-ingress/internal/health/checker.go:506.78,508.40 2 0
marchproxy-ingress/internal/health/checker.go:508.40,510.5 1 0
marchproxy-ingress/internal/health/checker.go:511.4,511.23 1 0
marchproxy-ingress/internal/health/checker.go:515.2,515.23 1 0
marchproxy-ingress/internal/health/checker.go:515.23,520.3 1 0
marchproxy-ingress/internal/health/checker.go:522.2,522.19 1 0
marchproxy-ingress/internal/health/checker.go:525.112,526.38 1 1
marchproxy-ingress/internal/health/checker.go:526.38,527.72 1 1
marchproxy-ingress/internal/health/checker.go:527.72,529.4 1 1
marchproxy-ingress/internal/health/checker.go:530.3,530.24 1 1
marchproxy-ingress/internal/health/checker.go:533.2,533.36 1 1
marchproxy-ingress/internal/health/checker.go:533.36,534.71 1 1
marchproxy-ingress/internal/health/checker.go:534.71,536.4 1 1
marchproxy-ingress/internal/health/checker.go:537.3,537.46 1 1
marchproxy-ingress/internal/health/checker.go:537.46,539.4 1 1
marchproxy-ingress/internal/health/checker.go:542.2,542.29 1 0
marchproxy-ingress/internal/health/checker.go:545.48,550.44 4 0
marchproxy-ingress/internal/health/checker.go:550.44,551.31 1 0
marchproxy-ingress/internal/health/checker.go:552.22,553.13 1 0
marchproxy-ingress/internal/health/checker.go:554.24,555.15 1 0
marchproxy-ingress/internal/health/checker.go:556.23,557.14 1 0
marchproxy-ingress/internal/health/checker.go:561.2,565.27 5 0
marchproxy-ingress/internal/health/checker.go:568.52,572.48 3 0
marchproxy-ingress/internal/health/checker.go:572.48,576.54 3 0
marchproxy-ingress/internal/health/checker.go:576.54,578.57 2 0
marchproxy-ingress/internal/health/checker.go:578.57,579.33 1 0
marchproxy-ingress/internal/health/checker.go:580.24,581.20 1 0
marchproxy-ingress/internal/health/checker.go:582.26,583.22 1 0
marchproxy-ingress/internal/health/checker.go:588.3,592.24 4 0
marchproxy-ingress/internal/health/checker.go:592.24,594.4 1 0
marchproxy-ingress/internal/health/checker.go:594.9,594.33 1 0
marchproxy-ingress/internal/health/checker.go:594.33,596.4 1 0
marchproxy-ingress/internal/health/checker.go:596.9,598.4 1 0
marchproxy-ingress/internal/health/checker.go:600.3,600.16 1 0
marchproxy-ingress/internal/health/checker.go:603.2,603.24 1 0
marchproxy-ingress/internal/health/checker.go:606.46,610.40 3 0
marchproxy-ingress/internal/health/checker.go:610.40,611.29 1 0
marchproxy-ingress/internal/health/checker.go:612.22,613.13 1 0
marchproxy-ingress/internal/health/checker.go:614.24,615.15 1 0
marchproxy-ingress/internal/health/checker.go:619.2,622.27 4 0
marchproxy-ingress/internal/health/checker.go:625.110,626.37 1 0
marchproxy-ingress/internal/health/checker.go:626.37,628.3 1 0
marchproxy-ingress/internal/health/checker.go:630.2,630.12 1 0
marchproxy-ingress/internal/health/checker.go:630.12,640.17 3 0
marchproxy-ingress/internal/health/checker.go:640.17,642.4 1 0
marchproxy-ingress/internal/health/checker.go:643.3,644.17 2 0
marchproxy-ingress/internal/health/checker.go:644.17,646.4 1 0
marchproxy-ingress/internal/health/checker.go:647.3,647.20 1 0
marchproxy-ingress/internal/health/checker.go:651.58,667.46 6 1
marchproxy-ingress/internal/health/checker.go:667.46,681.44 4 1
marchproxy-ingress/internal/health/checker.go:681.44,683.4 1 0
marchproxy-ingress/internal/health/checker.go:686.2,686.42 1 1
marchproxy-ingress/internal/health/checker.go:686.42,701.3 2 0
marchproxy-ingress/internal/health/checker.go:703.2,703.30 1 1
marchproxy-ingress/internal/health/checker.go:703.30,706.3 2 0
marchproxy-ingress/internal/health/checker.go:708.2,708.24 1 1
marchproxy-ingress/internal/health/checker.go:708.24,710.3 1 0
marchproxy-ingress/internal/health/checker.go:710.8,710.45 1 1
marchproxy-ingress/internal/health/checker.go:710.45,712.3 1 0
marchproxy-ingress/internal/health/checker.go:712.8,712.33 1 1
marchproxy-ingress/internal/health/checker.go:712.33,714.3 1 1
marchproxy-ingress/internal/health/checker.go:714.8,716.3 1 0
marchproxy-ingress/internal/health/checker.go:718.2,718.21 1 1
marchproxy-ingress/internal/health/checker.go:721.70,726.13 4 0
marchproxy-ingress/internal/health/checker.go:726.13,732.3 1 0
marchproxy-ingress/internal/health/checker.go:734.2,737.27 3 0
marchproxy-ingress/internal/health/checker.go:740.61,757.2 3 1
marchproxy-ingress/internal/health/checker.go:806.78,818.2 1 1
marchproxy-ingress/internal/health/checker.go:820.42,820.60 1 1
marchproxy-ingress/internal/health/checker.go:821.43,821.64 1 1
marchproxy-ingress/internal/health/checker.go:822.75,822.89 1 1
marchproxy-ingress/internal/health/checker.go:824.88,826.9 2 0
marchproxy-ingress/internal/health/checker.go:826.9,831.3 1 0
marchproxy-ingress/internal/health/checker.go:833.2,836.16 3 0
marchproxy-ingress/internal/health/checker.go:836.16,841.3 1 0
marchproxy-ingress/internal/health/checker.go:843.2,847.16 4 0
marchproxy-ingress/internal/health/checker.go:847.16,853.3 1 0
marchproxy-ingress/internal/health/checker.go:854.2,856.38 2 0
marchproxy-ingress/internal/health/checker.go:856.38,858.48 2 0
marchproxy-ingress/internal/health/checker.go:858.48,859.31 1 0
marchproxy-ingress/internal/health/checker.go:859.31,861.10 2 0
marchproxy-ingress/internal/health/checker.go:864.3,864.19 1 0
marchproxy-ingress/internal/health/checker.go:864.19,870.4 1 0
marchproxy-ingress/internal/health/checker.go:873.2,877.3 1 0
marchproxy-ingress/internal/health/checker.go:880.106,882.16 2 0
marchproxy-ingress/internal/health/checker.go:882.16,887.3 1 0
marchproxy-ingress/internal/health/checker.go:889.2,908.3 2 0
marchproxy-ingress/internal/health/checker.go:911.42,911.60 1 0
marchproxy-ingress/internal/health/checker.go:912.43,912.64 1 0
marchproxy-ingress/internal/health/checker.go:913.75,913.89 1 0
marchproxy-ingress/internal/health/checker.go:915.88,917.9 2 0
marchproxy-ingress/internal/health/checker.go:917.9,922.3 1 0
marchproxy-ingress/internal/health/checker.go:924.2,927.16 3 0
marchproxy-ingress/internal/health/checker.go:927.16,932.3 1 0
marchproxy-ingress/internal/health/checker.go:934.2,938.16 4 0
marchproxy-ingress/internal/health/checker.go:938.16,944.3 1 0
marchproxy-ingress/internal/health/checker.go:945.2,951.3 2 0
marchproxy-ingress/internal/health/checker.go:954.53,960.2 1 1
marchproxy-ingress/internal/health/checker.go:962.41,962.59 1 1
marchproxy-ingress/internal/health/checker.go:963.42,963.63 1 1
marchproxy-ingress/internal/health/checker.go:964.74,964.88 1 1
marchproxy-ingress/internal/health/checker.go:966.87,968.9 2 0
marchproxy-ingress/internal/health/checker.go:968.9,973.3 1 0
marchproxy-ingress/internal/health/checker.go:975.2,982.16 6 0
marchproxy-ingress/internal/health/checker.go:982.16,988.3 1 0
marchproxy-ingress/internal/health/checker.go:990.2,996.3 2 0
marchproxy-ingress/internal/health/checker.go:999.49,1005.2 1 1
marchproxy-ingress/internal/health/checker.go:1007.39,1007.57 1 1
marchproxy-ingress/internal/health/checker.go:1008.40,1008.61 1 1
marchproxy-ingress/internal/health/checker.go:1009.72,1009.86 1 1
marchproxy-ingress/internal/health/checker.go:1011.85,1013.9 2 0
marchproxy-ingress/internal/health/checker.go:1013.9,1018.3 1 0
marchproxy-ingress/internal/health/checker.go:1020.2,1020.31 1 0
marchproxy-ingress/internal/health/checker.go:1020.31,1025.3 1 0
marchproxy-ingress/internal/health/checker.go:1027.2,1034.16 4 0
marchproxy-ingress/internal/health/checker.go:1034.16,1039.3 1 0
marchproxy-ingress/internal/health/checker.go:1040.2,1043.37 3 0
marchproxy-ingress/internal/health/checker.go:1043.37,1046.38 2 0
marchproxy-ingress/internal/health/checker.go:1046.38,1055.4 1 0
marchproxy-ingress/internal/health/checker.go:1057.3,1057.50 1 0
marchproxy-ingress/internal/health/checker.go:1057.50,1066.4 1 0
marchproxy-ingress/internal/health/checker.go:1068.3,1075.4 1 0
marchproxy-ingress/internal/health/checker.go:1078.2,1081.3 1 0
marchproxy-ingress/internal/health/checker.go:1085.73,1087.2 1 1
marchproxy-ingress/internal/health/checker.go:1089.41,1089.59 1 1
marchproxy-ingress/internal/health/checker.go:1090.51,1090.71 1 0
marchproxy-ingress/internal/health/checker.go:1091.69,1093.2 1 1
marchproxy-ingress/internal/health/checker.go:1095.71,1097.2 1 1
marchproxy-ingress/internal/health/checker.go:1099.40,1099.58 1 1
marchproxy-ingress/internal/health/checker.go:1100.50,1100.70 1 0
marchproxy-ingress/internal/health/checker.go:1101.68,1103.2 1 1
marchproxy-ingress/internal/health/checker.go:1105.58,1107.2 1 0
marchproxy-ingress/internal/health/checker.go:1110.62,1115.24 4 1
marchproxy-ingress/internal/health/checker.go:1115.24,1117.3 1 1
marchproxy-ingress/internal/health/checker.go:1117.8,1119.3 1 0
marchproxy-ingress/internal/health/checker.go:1122.47,1126.2 3 1
marchproxy-ingress/internal/health/checker.go:1128.47,1132.2 3 1
marchproxy-ingress/internal/health/checker.go:1135.48,1139.2 3 0
marchproxy-ingress/internal/health/checker.go:1142.49,1146.2 3 0
