mode: set
marchproxy-ingress/internal/metrics/prometheus.go:133.68,136.28 2 1
marchproxy-ingress/internal/metrics/prometheus.go:136.28,138.3 1 1
marchproxy-ingress/internal/metrics/prometheus.go:140.2,140.39 1 1
marchproxy-ingress/internal/metrics/prometheus.go:140.39,142.3 1 1
marchproxy-ingress/internal/metrics/prometheus.go:144.2,152.11 4 1
marchproxy-ingress/internal/metrics/prometheus.go:155.70,512.2 35 1
marchproxy-ingress/internal/metrics/prometheus.go:514.48,552.2 1 1
marchproxy-ingress/internal/metrics/prometheus.go:555.86,557.2 1 1
marchproxy-ingress/internal/metrics/prometheus.go:559.91,561.2 1 1
marchproxy-ingress/internal/metrics/prometheus.go:563.103,565.2 1 1
marchproxy-ingress/internal/metrics/prometheus.go:567.99,569.2 1 1
marchproxy-ingress/internal/metrics/prometheus.go:572.82,574.2 1 1
marchproxy-ingress/internal/metrics/prometheus.go:576.90,578.2 1 1
marchproxy-ingress/internal/metrics/prometheus.go:580.109,582.2 1 1
marchproxy-ingress/internal/metrics/prometheus.go:585.93,587.2 1 1
marchproxy-ingress/internal/metrics/prometheus.go:589.113,591.2 1 1
marchproxy-ingress/internal/metrics/prometheus.go:593.88,595.2 1 1
marchproxy-ingress/internal/metrics/prometheus.go:597.101,599.2 1 1
marchproxy-ingress/internal/metrics/prometheus.go:601.62,603.2 1 1
marchproxy-ingress/internal/metrics/prometheus.go:605.76,607.2 1 1
marchproxy-ingress/internal/metrics/prometheus.go:609.93,611.2 1 1
marchproxy-ingress/internal/metrics/prometheus.go:613.77,615.2 1 1
marchproxy-ingress/internal/metrics/prometheus.go:617.89,619.13 2 1
marchproxy-ingress/internal/metrics/prometheus.go:619.13,621.3 1 1
marchproxy-ingress/internal/metrics/prometheus.go:622.2,622.66 1 1
marchproxy-ingress/internal/metrics/prometheus.go:625.71,627.2 1 1
marchproxy-ingress/internal/metrics/prometheus.go:629.55,631.2 1 1
marchproxy-ingress/internal/metrics/prometheus.go:633.58,635.2 1 1
marchproxy-ingress/internal/metrics/prometheus.go:637.59,639.2 1 1
marchproxy-ingress/internal/metrics/prometheus.go:641.54,643.2 1 1
marchproxy-ingress/internal/metrics/prometheus.go:645.91,651.2 4 1
marchproxy-ingress/internal/metrics/prometheus.go:653.65,655.2 1 1
marchproxy-ingress/internal/metrics/prometheus.go:657.66,665.28 2 1
marchproxy-ingress/internal/metrics/prometheus.go:665.28,667.3 1 1
marchproxy-ingress/internal/metrics/prometheus.go:669.2,669.33 1 1
marchproxy-ingress/internal/metrics/prometheus.go:669.33,671.3 1 1
marchproxy-ingress/internal/metrics/prometheus.go:673.2,674.11 2 1
marchproxy-ingress/internal/metrics/prometheus.go:677.52,683.2 4 1
marchproxy-ingress/internal/metrics/prometheus.go:685.47,686.39 1 1
marchproxy-ingress/internal/metrics/prometheus.go:686.39,688.3 1 0
marchproxy-ingress/internal/metrics/prometheus.go:690.2,691.12 2 1
marchproxy-ingress/internal/metrics/prometheus.go:691.12,692.22 1 1
marchproxy-ingress/internal/metrics/prometheus.go:692.22,694.4 1 0
marchproxy-ingress/internal/metrics/prometheus.go:698.46,699.17 1 1
marchproxy-ingress/internal/metrics/prometheus.go:699.17,701.3 1 0
marchproxy-ingress/internal/metrics/prometheus.go:703.2,703.42 1 1
marchproxy-ingress/internal/metrics/prometheus.go:703.42,704.26 1 1
marchproxy-ingress/internal/metrics/prometheus.go:704.26,706.4 1 1
marchproxy-ingress/internal/metrics/prometheus.go:710.60,715.73 4 0
marchproxy-ingress/internal/metrics/prometheus.go:715.73,718.3 2 0
marchproxy-ingress/internal/metrics/prometheus.go:720.2,725.35 2 0
marchproxy-ingress/internal/metrics/prometheus.go:728.67,729.22 1 1
marchproxy-ingress/internal/metrics/prometheus.go:729.22,731.3 1 0
marchproxy-ingress/internal/metrics/prometheus.go:732.2,732.12 1 1
marchproxy-ingress/internal/metrics/prometheus.go:735.64,737.2 1 1
marchproxy-ingress/internal/metrics/prometheus.go:739.70,741.2 1 1
marchproxy-ingress/internal/metrics/prometheus.go:743.44,745.2 1 1
marchproxy-ingress/internal/metrics/prometheus.go:747.42,749.2 1 1
marchproxy-ingress/internal/metrics/prometheus.go:751.43,753.2 1 1
marchproxy-ingress/internal/metrics/prometheus.go:755.72,761.2 1 1
marchproxy-ingress/internal/metrics/prometheus.go:763.45,768.36 4 1
marchproxy-ingress/internal/metrics/prometheus.go:768.36,770.3 1 0
marchproxy-ingress/internal/metrics/prometheus.go:772.2,773.12 2 1
marchproxy-ingress/internal/metrics/prometheus.go:776.43,778.2 1 1
marchproxy-ingress/internal/metrics/prometheus.go:780.44,782.2 1 1
marchproxy-ingress/internal/metrics/prometheus.go:784.91,788.2 3 1
marchproxy-ingress/internal/metrics/prometheus.go:790.85,794.2 3 1
marchproxy-ingress/internal/metrics/prometheus.go:796.43,805.2 1 1
marchproxy-ingress/internal/metrics/prometheus.go:812.74,817.2 1 1
marchproxy-ingress/internal/metrics/prometheus.go:819.154,820.17 1 1
marchproxy-ingress/internal/metrics/prometheus.go:820.17,822.3 1 1
marchproxy-ingress/internal/metrics/prometheus.go:824.2,827.78 4 1
marchproxy-ingress/internal/metrics/prometheus.go:830.39,832.2 1 1
marchproxy-ingress/internal/metrics/prometheus.go:834.40,836.2 1 1
