mode: set
marchproxy-ingress/internal/config/config.go:91.36,106.45 11 1
marchproxy-ingress/internal/config/config.go:106.45,107.55 1 1
marchproxy-ingress/internal/config/config.go:107.55,109.4 1 1
marchproxy-ingress/internal/config/config.go:109.9,111.4 1 0
marchproxy-ingress/internal/config/config.go:114.2,115.49 2 1
marchproxy-ingress/internal/config/config.go:115.49,117.3 1 0
marchproxy-ingress/internal/config/config.go:119.2,119.48 1 1
marchproxy-ingress/internal/config/config.go:119.48,121.3 1 1
marchproxy-ingress/internal/config/config.go:123.2,123.21 1 1
marchproxy-ingress/internal/config/config.go:126.20,176.2 42 1
marchproxy-ingress/internal/config/config.go:178.43,179.45 1 1
marchproxy-ingress/internal/config/config.go:179.45,181.3 1 1
marchproxy-ingress/internal/config/config.go:183.2,183.51 1 1
marchproxy-ingress/internal/config/config.go:183.51,185.3 1 1
marchproxy-ingress/internal/config/config.go:187.2,187.59 1 1
marchproxy-ingress/internal/config/config.go:187.59,189.3 1 1
marchproxy-ingress/internal/config/config.go:191.2,191.57 1 1
marchproxy-ingress/internal/config/config.go:191.57,193.3 1 1
marchproxy-ingress/internal/config/config.go:196.2,199.52 2 1
marchproxy-ingress/internal/config/config.go:199.52,201.3 1 1
marchproxy-ingress/internal/config/config.go:203.2,203.65 1 1
marchproxy-ingress/internal/config/config.go:203.65,205.3 1 1
marchproxy-ingress/internal/config/config.go:207.2,207.23 1 1
marchproxy-ingress/internal/config/config.go:207.23,208.38 1 1
marchproxy-ingress/internal/config/config.go:208.38,210.4 1 0
marchproxy-ingress/internal/config/config.go:211.3,211.37 1 1
marchproxy-ingress/internal/config/config.go:211.37,213.4 1 0
marchproxy-ingress/internal/config/config.go:214.3,214.68 1 1
marchproxy-ingress/internal/config/config.go:214.68,216.4 1 0
marchproxy-ingress/internal/config/config.go:219.2,225.54 2 1
marchproxy-ingress/internal/config/config.go:225.54,227.3 1 1
marchproxy-ingress/internal/config/config.go:229.2,229.33 1 1
marchproxy-ingress/internal/config/config.go:229.33,231.3 1 1
marchproxy-ingress/internal/config/config.go:233.2,233.12 1 1
marchproxy-ingress/internal/config/config.go:236.54,237.19 1 1
marchproxy-ingress/internal/config/config.go:237.19,239.3 1 1
marchproxy-ingress/internal/config/config.go:241.2,242.16 2 1
marchproxy-ingress/internal/config/config.go:242.16,244.3 1 1
marchproxy-ingress/internal/config/config.go:246.2,258.57 2 0
marchproxy-ingress/internal/config/config.go:258.57,260.17 2 0
marchproxy-ingress/internal/config/config.go:260.17,262.4 1 0
marchproxy-ingress/internal/config/config.go:263.3,264.56 2 0
marchproxy-ingress/internal/config/config.go:267.2,267.23 1 0
marchproxy-ingress/internal/config/config.go:270.52,272.2 1 1
marchproxy-ingress/internal/config/config.go:274.46,275.42 1 0
marchproxy-ingress/internal/config/config.go:275.42,277.3 1 0
marchproxy-ingress/internal/config/config.go:278.2,278.21 1 0
marchproxy-ingress/internal/config/config.go:281.53,282.42 1 0
marchproxy-ingress/internal/config/config.go:282.42,283.58 1 0
marchproxy-ingress/internal/config/config.go:283.58,285.4 1 0
marchproxy-ingress/internal/config/config.go:287.2,287.21 1 0
marchproxy-ingress/internal/config/config.go:290.59,292.16 2 0
marchproxy-ingress/internal/config/config.go:292.16,294.3 1 0
marchproxy-ingress/internal/config/config.go:296.2,297.44 2 0
marchproxy-ingress/internal/config/config.go:297.44,299.3 1 0
marchproxy-ingress/internal/config/config.go:301.2,301.24 1 0
